INFO: [v++ 60-1548] Creating build summary session with primary output /scratch/tsussman/bubble_sort_component/bubbleSort/bubbleSort.hlscompile_summary, at Fri Mar 27 13:37:18 2026
INFO: [v++ 82-31] Launching vitis_hls: vitis_hls -nolog -run csynth -work_dir /scratch/tsussman/bubble_sort_component/bubbleSort -config /scratch/tsussman/bubble_sort_component/bubble_sort_hls_config.cfg -cmdlineconfig /scratch/tsussman/bubble_sort_component/bubbleSort/hls/config.cmdline
INFO: [HLS 200-10] For user 'tsussman' on host 'login04.hep.wisc.edu' (Linux_x86_64 version 6.1.166-1.el9.elrepo.x86_64) on Fri Mar 27 13:37:27 CDT 2026
INFO: [HLS 200-10] On os "AlmaLinux release 9.7 (Moss Jungle Cat)"
INFO: [HLS 200-10] In directory '/scratch/tsussman/bubble_sort_component'
INFO: [HLS 200-2005] Using work_dir /scratch/tsussman/bubble_sort_component/bubbleSort 
INFO: [HLS 200-1505] Using default flow_target 'vivado'
Resolution: For help on HLS 200-1505 see docs.xilinx.com/access/sources/dita/topic?Doc_Version=2024.1%20English&url=ug1448-hls-guidance&resourceid=200-1505.html
INFO: [HLS 200-1465] Applying ini 'syn.file=/scratch/tsussman/homework2/bubble_sort.cpp' from /scratch/tsussman/bubble_sort_component/bubble_sort_hls_config.cfg(8)
INFO: [HLS 200-10] Adding design file '/scratch/tsussman/homework2/bubble_sort.cpp' to the project
INFO: [HLS 200-1465] Applying ini 'tb.file=/scratch/tsussman/homework2/bubble_sort.cpp' from /scratch/tsussman/bubble_sort_component/bubble_sort_hls_config.cfg(9)
INFO: [HLS 200-10] Adding test bench file '/scratch/tsussman/homework2/bubble_sort.cpp' to the project
INFO: [HLS 200-1465] Applying ini 'syn.top=bubbleSort' from /scratch/tsussman/bubble_sort_component/bubble_sort_hls_config.cfg(7)
INFO: [HLS 200-1465] Applying ini 'flow_target=vivado' from /scratch/tsussman/bubble_sort_component/bubble_sort_hls_config.cfg(4)
INFO: [HLS 200-1505] Using flow_target 'vivado'
Resolution: For help on HLS 200-1505 see docs.xilinx.com/access/sources/dita/topic?Doc_Version=2024.1%20English&url=ug1448-hls-guidance&resourceid=200-1505.html
INFO: [HLS 200-1465] Applying ini 'part=xcvu13p-fsga2577-2-e' from /scratch/tsussman/bubble_sort_component/bubble_sort_hls_config.cfg(1)
INFO: [HLS 200-1611] Setting target device to 'xcvu13p-fsga2577-2-e'
INFO: [HLS 200-1465] Applying ini 'clock=25ns' from /scratch/tsussman/bubble_sort_component/bubble_sort_hls_config.cfg(10)
INFO: [SYN 201-201] Setting up clock 'default' with a period of 25ns.
INFO: [HLS 200-1465] Applying ini 'package.output.format=ip_catalog' from /scratch/tsussman/bubble_sort_component/bubble_sort_hls_config.cfg(5)
INFO: [HLS 200-111] Finished File checks and directory preparation: CPU user time: 6.8 seconds. CPU system time: 2.55 seconds. Elapsed time: 9.11 seconds; current allocated memory: 287.406 MB.
INFO: [HLS 200-10] Analyzing design file '../homework2/bubble_sort.cpp' ... 
INFO: [HLS 200-111] Finished Source Code Analysis and Preprocessing: CPU user time: 3.34 seconds. CPU system time: 1.15 seconds. Elapsed time: 4.54 seconds; current allocated memory: 289.059 MB.
INFO: [HLS 200-777] Using interface defaults for 'Vivado' flow target.
INFO: [HLS 200-1995] There were 46 instructions in the design after the 'Compile/Link' phase of compilation. See the Design Size Report for more details: /scratch/tsussman/bubble_sort_component/bubbleSort/hls/syn/report/csynth_design_size.rpt
INFO: [HLS 200-1995] There were 45 instructions in the design after the 'Unroll/Inline (step 1)' phase of compilation. See the Design Size Report for more details: /scratch/tsussman/bubble_sort_component/bubbleSort/hls/syn/report/csynth_design_size.rpt
INFO: [HLS 200-1995] There were 34 instructions in the design after the 'Unroll/Inline (step 2)' phase of compilation. See the Design Size Report for more details: /scratch/tsussman/bubble_sort_component/bubbleSort/hls/syn/report/csynth_design_size.rpt
INFO: [HLS 200-1995] There were 31 instructions in the design after the 'Unroll/Inline (step 3)' phase of compilation. See the Design Size Report for more details: /scratch/tsussman/bubble_sort_component/bubbleSort/hls/syn/report/csynth_design_size.rpt
INFO: [HLS 200-1995] There were 29 instructions in the design after the 'Unroll/Inline (step 4)' phase of compilation. See the Design Size Report for more details: /scratch/tsussman/bubble_sort_component/bubbleSort/hls/syn/report/csynth_design_size.rpt
INFO: [HLS 200-1995] There were 25 instructions in the design after the 'Array/Struct (step 1)' phase of compilation. See the Design Size Report for more details: /scratch/tsussman/bubble_sort_component/bubbleSort/hls/syn/report/csynth_design_size.rpt
INFO: [HLS 200-1995] There were 25 instructions in the design after the 'Array/Struct (step 2)' phase of compilation. See the Design Size Report for more details: /scratch/tsussman/bubble_sort_component/bubbleSort/hls/syn/report/csynth_design_size.rpt
INFO: [HLS 200-1995] There were 25 instructions in the design after the 'Array/Struct (step 3)' phase of compilation. See the Design Size Report for more details: /scratch/tsussman/bubble_sort_component/bubbleSort/hls/syn/report/csynth_design_size.rpt
INFO: [HLS 200-1995] There were 25 instructions in the design after the 'Array/Struct (step 4)' phase of compilation. See the Design Size Report for more details: /scratch/tsussman/bubble_sort_component/bubbleSort/hls/syn/report/csynth_design_size.rpt
INFO: [HLS 200-1995] There were 25 instructions in the design after the 'Array/Struct (step 5)' phase of compilation. See the Design Size Report for more details: /scratch/tsussman/bubble_sort_component/bubbleSort/hls/syn/report/csynth_design_size.rpt
INFO: [HLS 200-1995] There were 25 instructions in the design after the 'Performance (step 1)' phase of compilation. See the Design Size Report for more details: /scratch/tsussman/bubble_sort_component/bubbleSort/hls/syn/report/csynth_design_size.rpt
INFO: [HLS 200-1995] There were 25 instructions in the design after the 'Performance (step 2)' phase of compilation. See the Design Size Report for more details: /scratch/tsussman/bubble_sort_component/bubbleSort/hls/syn/report/csynth_design_size.rpt
INFO: [HLS 200-1995] There were 25 instructions in the design after the 'Performance (step 3)' phase of compilation. See the Design Size Report for more details: /scratch/tsussman/bubble_sort_component/bubbleSort/hls/syn/report/csynth_design_size.rpt
INFO: [HLS 200-1995] There were 25 instructions in the design after the 'Performance (step 4)' phase of compilation. See the Design Size Report for more details: /scratch/tsussman/bubble_sort_component/bubbleSort/hls/syn/report/csynth_design_size.rpt
INFO: [HLS 200-1995] There were 27 instructions in the design after the 'HW Transforms (step 1)' phase of compilation. See the Design Size Report for more details: /scratch/tsussman/bubble_sort_component/bubbleSort/hls/syn/report/csynth_design_size.rpt
INFO: [HLS 200-1995] There were 36 instructions in the design after the 'HW Transforms (step 2)' phase of compilation. See the Design Size Report for more details: /scratch/tsussman/bubble_sort_component/bubbleSort/hls/syn/report/csynth_design_size.rpt
INFO: [HLS 214-178] Inlining function 'swap(int*, int, int)' into 'bubbleSort(int*)' (../homework2/bubble_sort.cpp:12:0)
INFO: [HLS 214-437] Automatically disabling loop flattening for loop 'VITIS_LOOP_13_1'. (../homework2/bubble_sort.cpp:13:22)
INFO: [HLS 200-111] Finished Compiling Optimization and Transform: CPU user time: 3.66 seconds. CPU system time: 0.88 seconds. Elapsed time: 8.88 seconds; current allocated memory: 290.750 MB.
INFO: [HLS 200-111] Finished Checking Pragmas: CPU user time: 0 seconds. CPU system time: 0 seconds. Elapsed time: 0 seconds; current allocated memory: 290.750 MB.
INFO: [HLS 200-10] Starting code transformations ...
INFO: [HLS 200-111] Finished Standard Transforms: CPU user time: 0.02 seconds. CPU system time: 0 seconds. Elapsed time: 0.02 seconds; current allocated memory: 291.082 MB.
INFO: [HLS 200-10] Checking synthesizability ...
INFO: [HLS 200-111] Finished Checking Synthesizability: CPU user time: 0.03 seconds. CPU system time: 0 seconds. Elapsed time: 0.03 seconds; current allocated memory: 292.000 MB.
INFO: [HLS 200-111] Finished Loop, function and other optimizations: CPU user time: 0.06 seconds. CPU system time: 0.02 seconds. Elapsed time: 0.08 seconds; current allocated memory: 314.828 MB.
INFO: [HLS 200-111] Finished Architecture Synthesis: CPU user time: 0.07 seconds. CPU system time: 0 seconds. Elapsed time: 0.07 seconds; current allocated memory: 315.828 MB.
INFO: [HLS 200-10] Starting hardware synthesis ...
INFO: [HLS 200-10] Synthesizing 'bubbleSort' ...
INFO: [HLS 200-10] ----------------------------------------------------------------
INFO: [HLS 200-42] -- Implementing module 'bubbleSort_Pipeline_VITIS_LOOP_16_2' 
INFO: [HLS 200-10] ----------------------------------------------------------------
INFO: [SCHED 204-11] Starting scheduling ...
INFO: [SCHED 204-61] Pipelining loop 'VITIS_LOOP_16_2'.
INFO: [HLS 200-1470] Pipelining result : Target II = 2, Final II = 2, Depth = 2, loop 'VITIS_LOOP_16_2'
INFO: [SCHED 204-11] Finished scheduling.
INFO: [HLS 200-111] Finished Scheduling: CPU user time: 0.07 seconds. CPU system time: 0.06 seconds. Elapsed time: 0.17 seconds; current allocated memory: 316.617 MB.
INFO: [BIND 205-100] Starting micro-architecture generation ...
INFO: [BIND 205-101] Performing variable lifetime analysis.
INFO: [BIND 205-101] Exploring resource sharing.
INFO: [BIND 205-101] Binding ...
INFO: [BIND 205-100] Finished micro-architecture generation.
INFO: [HLS 200-111] Finished Binding: CPU user time: 0.03 seconds. CPU system time: 0.01 seconds. Elapsed time: 0.04 seconds; current allocated memory: 316.617 MB.
INFO: [HLS 200-10] ----------------------------------------------------------------
INFO: [HLS 200-42] -- Implementing module 'bubbleSort' 
INFO: [HLS 200-10] ----------------------------------------------------------------
INFO: [SCHED 204-11] Starting scheduling ...
INFO: [SCHED 204-11] Finished scheduling.
INFO: [HLS 200-111] Finished Scheduling: CPU user time: 0.04 seconds. CPU system time: 0 seconds. Elapsed time: 0.03 seconds; current allocated memory: 316.617 MB.
INFO: [BIND 205-100] Starting micro-architecture generation ...
INFO: [BIND 205-101] Performing variable lifetime analysis.
INFO: [BIND 205-101] Exploring resource sharing.
INFO: [BIND 205-101] Binding ...
INFO: [BIND 205-100] Finished micro-architecture generation.
INFO: [HLS 200-111] Finished Binding: CPU user time: 0.02 seconds. CPU system time: 0 seconds. Elapsed time: 0.03 seconds; current allocated memory: 316.617 MB.
INFO: [HLS 200-10] ----------------------------------------------------------------
INFO: [HLS 200-10] -- Generating RTL for module 'bubbleSort_Pipeline_VITIS_LOOP_16_2' 
INFO: [HLS 200-10] ----------------------------------------------------------------
INFO: [RTGEN 206-100] Finished creating RTL model for 'bubbleSort_Pipeline_VITIS_LOOP_16_2'.
INFO: [HLS 200-111] Finished Creating RTL model: CPU user time: 0.03 seconds. CPU system time: 0.01 seconds. Elapsed time: 0.04 seconds; current allocated memory: 316.617 MB.
INFO: [HLS 200-10] ----------------------------------------------------------------
INFO: [HLS 200-10] -- Generating RTL for module 'bubbleSort' 
INFO: [HLS 200-10] ----------------------------------------------------------------
INFO: [RTGEN 206-500] Setting interface mode on port 'bubbleSort/arr' to 'ap_memory'.
INFO: [RTGEN 206-500] Setting interface mode on function 'bubbleSort' to 'ap_ctrl_hs'.
INFO: [RTGEN 206-100] Finished creating RTL model for 'bubbleSort'.
INFO: [HLS 200-111] Finished Creating RTL model: CPU user time: 0.07 seconds. CPU system time: 0.01 seconds. Elapsed time: 0.08 seconds; current allocated memory: 316.617 MB.
INFO: [HLS 200-111] Finished Generating all RTL models: CPU user time: 0.28 seconds. CPU system time: 0.02 seconds. Elapsed time: 0.31 seconds; current allocated memory: 318.426 MB.
INFO: [HLS 200-111] Finished Updating report files: CPU user time: 0.48 seconds. CPU system time: 0.04 seconds. Elapsed time: 0.52 seconds; current allocated memory: 320.168 MB.
INFO: [VHDL 208-304] Generating VHDL RTL for bubbleSort.
INFO: [VLOG 209-307] Generating Verilog RTL for bubbleSort.
INFO: [HLS 200-790] **** Loop Constraint Status: All loop constraints were satisfied.
INFO: [HLS 200-789] **** Estimated Fmax: 438.98 MHz
INFO: [HLS 200-112] Total CPU user time: 15.03 seconds. Total CPU system time: 4.75 seconds. Total elapsed time: 24.02 seconds; peak allocated memory: 320.168 MB.
INFO: [v++ 60-791] Total elapsed time: 0h 0m 29s
