Fri Mar 27 12:47:24 2026: Running xcd server. This server was built by gradle.
Fri Mar 27 12:47:24 2026: Server was asked to start on port: '25781'
Fri Mar 27 12:47:24 2026: Server is using token UUID: 'b4b0cf29-a3a4-4171-a82d-14fb1eff76bf'
Fri Mar 27 12:47:24 2026: SESSION_MGR: creating session with session uuid: '6d04a3e9-ade5-4ab9-8d63-1f78fcd2ec76' and name 'default'
Fri Mar 27 12:47:24 2026: Attempting to start server on port '25781'
Fri Mar 27 12:47:24 2026: XCD main fifo: created main fifo '/tmp/xcdmainb4b0cf29-a3a4-4171-a82d-14fb1eff76bf', fd read = 13
Fri Mar 27 12:47:24 2026: Running Dispatch Server
Fri Mar 27 12:47:24 2026: Version 2.2.0
Fri Mar 27 12:47:25 2026: Dispatch Server: Accepted socket connection from client
Fri Mar 27 12:47:25 2026: Starting Socket connection
Fri Mar 27 12:47:25 2026: EXCHANGE_TOKEN received, server token: b4b0cf29-a3a4-4171-a82d-14fb1eff76bf, passed token: b4b0cf29-a3a4-4171-a82d-14fb1eff76bf
Fri Mar 27 12:47:25 2026: DISPATCH_HANDLER: Adding handler from function makeHandler in library libxv_system_diagram
Fri Mar 27 12:47:25 2026: SESSION_MGR: creating session with session uuid: '73690f14-ba2a-46f1-9657-482bf2d088f2' and name 'vitis-run_compile_bubbleSort'
Fri Mar 27 12:47:25 2026: KERNEL_SVC: creating session with uuid: '73690f14-ba2a-46f1-9657-482bf2d088f2' and name 'vitis-run_compile_bubbleSort'
Fri Mar 27 12:47:25 2026: GUIDANCE_SMGR: creating guidance session with uuid: '73690f14-ba2a-46f1-9657-482bf2d088f2' and name 'vitis-run_compile_bubbleSort'
Fri Mar 27 12:47:25 2026: SYSTEM_DIAGRAM: creating session with uuid: '73690f14-ba2a-46f1-9657-482bf2d088f2' and name 'vitis-run_compile_bubbleSort'
Fri Mar 27 12:47:36 2026: Dispatch Server: Accepted socket connection from client
Fri Mar 27 12:47:36 2026: Starting Socket connection
Fri Mar 27 12:47:38 2026: SESSION_MGR: closing session for UUID '73690f14-ba2a-46f1-9657-482bf2d088f2' with name 'vitis-run_compile_bubbleSort'
Fri Mar 27 12:47:38 2026: KERNEL_SVC: closing session for UUID '73690f14-ba2a-46f1-9657-482bf2d088f2' with name 'vitis-run_compile_bubbleSort'
Fri Mar 27 12:47:38 2026: GUIDANCE_SMGR: closing session for UUID '73690f14-ba2a-46f1-9657-482bf2d088f2' with name 'vitis-run_compile_bubbleSort'
Fri Mar 27 12:47:38 2026: SYSTEM_DIAGRAM: closing session for UUID '73690f14-ba2a-46f1-9657-482bf2d088f2' with name 'vitis-run_compile_bubbleSort'
Fri Mar 27 12:47:38 2026: STOP_SERVER received, server token: b4b0cf29-a3a4-4171-a82d-14fb1eff76bf, passed token: b4b0cf29-a3a4-4171-a82d-14fb1eff76bf
Fri Mar 27 12:47:38 2026: Socket received request to stop server.
Fri Mar 27 12:47:39 2026: Dispatch Server: do_await_stop
Fri Mar 27 12:47:39 2026: Dispatch Server: stopping mainFifo_
Fri Mar 27 12:47:39 2026: XCD main fifo: Stopping
Fri Mar 27 12:47:39 2026: XCD main fifo: do_read error code: Operation canceled
Fri Mar 27 12:47:39 2026: XCD main fifo: bytes_transferred: 0
Fri Mar 27 12:47:39 2026: SERVER: destructor for server bound to port 25781
Fri Mar 27 12:47:39 2026: XCD main fifo: Good unlink of /tmp/xcdmainb4b0cf29-a3a4-4171-a82d-14fb1eff76bf
Fri Mar 27 12:47:39 2026: Server exiting with status 0.
Fri Mar 27 12:47:39 2026: Closing log file.
