Mon Mar 16 15:20:55 2026: Running xcd server. This server was built by gradle.
Mon Mar 16 15:20:55 2026: Server was asked to start on port: '2669'
Mon Mar 16 15:20:55 2026: Server is using token UUID: 'a1a4cace-2175-11f1-a0ba-002590e2f65e'
Mon Mar 16 15:20:55 2026: SESSION_MGR: creating session with session uuid: '6d04a3e9-ade5-4ab9-8d63-1f78fcd2ec76' and name 'default'
Mon Mar 16 15:20:55 2026: Attempting to start server on port '2669'
Mon Mar 16 15:20:55 2026: XCD main fifo: created main fifo '/tmp/xcdmaina1a4cace-2175-11f1-a0ba-002590e2f65e', fd read = 11
Mon Mar 16 15:20:55 2026: Running Dispatch Server
Mon Mar 16 15:20:55 2026: Version 2.2.0
Mon Mar 16 15:20:56 2026: Dispatch Server: Accepted socket connection from client
Mon Mar 16 15:20:56 2026: Starting Socket connection
Mon Mar 16 15:20:56 2026: EXCHANGE_TOKEN received, server token: a1a4cace-2175-11f1-a0ba-002590e2f65e, passed token: a1a4cace-2175-11f1-a0ba-002590e2f65e
Mon Mar 16 15:20:56 2026: SESSION_MGR: creating session with session uuid: '2d5683b7-31f6-457c-a477-756ef9260c03' and name 'Code Analyzer'
Mon Mar 16 15:20:56 2026: KERNEL_SVC: creating session with uuid: '2d5683b7-31f6-457c-a477-756ef9260c03' and name 'Code Analyzer'
Mon Mar 16 15:20:56 2026: GUIDANCE_SMGR: creating guidance session with uuid: '2d5683b7-31f6-457c-a477-756ef9260c03' and name 'Code Analyzer'
Mon Mar 16 15:21:33 2026: SESSION_MGR: closing session for UUID '2d5683b7-31f6-457c-a477-756ef9260c03' with name ''
Mon Mar 16 15:21:33 2026: KERNEL_SVC: closing session for UUID '2d5683b7-31f6-457c-a477-756ef9260c03' with name ''
Mon Mar 16 15:21:33 2026: GUIDANCE_SMGR: closing session for UUID '2d5683b7-31f6-457c-a477-756ef9260c03' with name ''
Mon Mar 16 15:21:33 2026: STOP_SERVER received, server token: a1a4cace-2175-11f1-a0ba-002590e2f65e, passed token: a1a4cace-2175-11f1-a0ba-002590e2f65e
Mon Mar 16 15:21:33 2026: Socket received request to stop server.
Mon Mar 16 15:21:33 2026: Dispatch Server: do_await_stop
Mon Mar 16 15:21:33 2026: Dispatch Server: stopping mainFifo_
Mon Mar 16 15:21:33 2026: XCD main fifo: Stopping
Mon Mar 16 15:21:33 2026: XCD main fifo: do_read error code: Operation canceled
Mon Mar 16 15:21:33 2026: XCD main fifo: bytes_transferred: 0
Mon Mar 16 15:21:33 2026: SERVER: destructor for server bound to port 2669
Mon Mar 16 15:21:33 2026: XCD main fifo: Good unlink of /tmp/xcdmaina1a4cace-2175-11f1-a0ba-002590e2f65e
Mon Mar 16 15:21:33 2026: Server exiting with status 0.
Mon Mar 16 15:21:33 2026: Closing log file.
