

================================================================
== Vitis HLS Report for 'matrix_add'
================================================================
* Date:           Tue Mar 17 11:03:18 2026

* Version:        2024.1 (Build 5069499 on May 21 2024)
* Project:        matrix_add
* Solution:       hls (Vivado IP Flow Target)
* Product family: virtexuplus
* Target device:  xcvu9p-flga2104-2-i


================================================================
== Performance Estimates
================================================================
+ Timing: 
    * Summary: 
    +--------+----------+----------+------------+
    |  Clock |  Target  | Estimated| Uncertainty|
    +--------+----------+----------+------------+
    |ap_clk  |  10.00 ns|  2.769 ns|     2.70 ns|
    +--------+----------+----------+------------+

+ Latency: 
    * Summary: 
    +---------+---------+----------+----------+-----+-----+-----------------------------------------------+
    |  Latency (cycles) |  Latency (absolute) |  Interval |                    Pipeline                   |
    |   min   |   max   |    min   |    max   | min | max |                      Type                     |
    +---------+---------+----------+----------+-----+-----+-----------------------------------------------+
    |      102|      102|  1.020 us|  1.020 us|  100|  100|  loop auto-rewind stp(delay=0 clock cycles(s))|
    +---------+---------+----------+----------+-----+-----+-----------------------------------------------+

    + Detail: 
        * Instance: 
        N/A

        * Loop: 
        +---------------------------------+---------+---------+----------+-----------+-----------+------+----------+
        |                                 |  Latency (cycles) | Iteration|  Initiation Interval  | Trip |          |
        |            Loop Name            |   min   |   max   |  Latency |  achieved |   target  | Count| Pipelined|
        +---------------------------------+---------+---------+----------+-----------+-----------+------+----------+
        |- VITIS_LOOP_6_1_VITIS_LOOP_7_2  |      100|      100|         2|          1|          1|   100|       yes|
        +---------------------------------+---------+---------+----------+-----------+-----------+------+----------+



================================================================
== Utilization Estimates
================================================================
* Summary: 
+---------------------+---------+------+---------+---------+-----+
|         Name        | BRAM_18K|  DSP |    FF   |   LUT   | URAM|
+---------------------+---------+------+---------+---------+-----+
|DSP                  |        -|     -|        -|        -|    -|
|Expression           |        -|     -|        0|      149|    -|
|FIFO                 |        -|     -|        -|        -|    -|
|Instance             |        -|     -|        -|        -|    -|
|Memory               |        -|     -|        -|        -|    -|
|Multiplexer          |        -|     -|        0|       81|    -|
|Register             |        -|     -|       28|        -|    -|
+---------------------+---------+------+---------+---------+-----+
|Total                |        0|     0|       28|      230|    0|
+---------------------+---------+------+---------+---------+-----+
|Available SLR        |     1440|  2280|   788160|   394080|  320|
+---------------------+---------+------+---------+---------+-----+
|Utilization SLR (%)  |        0|     0|       ~0|       ~0|    0|
+---------------------+---------+------+---------+---------+-----+
|Available            |     4320|  6840|  2364480|  1182240|  960|
+---------------------+---------+------+---------+---------+-----+
|Utilization (%)      |        0|     0|       ~0|       ~0|    0|
+---------------------+---------+------+---------+---------+-----+

+ Detail: 
    * Instance: 
    N/A

    * DSP: 
    N/A

    * Memory: 
    N/A

    * FIFO: 
    N/A

    * Expression: 
    +----------------------+----------+----+---+----+------------+------------+
    |     Variable Name    | Operation| DSP| FF| LUT| Bitwidth P0| Bitwidth P1|
    +----------------------+----------+----+---+----+------------+------------+
    |add_ln6_1_fu_211_p2   |         +|   0|  0|  14|           7|           1|
    |add_ln6_fu_141_p2     |         +|   0|  0|  12|           4|           1|
    |add_ln7_1_fu_183_p2   |         +|   0|  0|  16|           7|           7|
    |add_ln8_1_fu_193_p2   |         +|   0|  0|  16|           7|           7|
    |add_ln8_fu_244_p2     |         +|   0|  0|  39|          32|          32|
    |j_fu_205_p2           |         +|   0|  0|  12|           4|           1|
    |ap_condition_224      |       and|   0|  0|   2|           1|           1|
    |ap_condition_77       |       and|   0|  0|   2|           1|           1|
    |icmp_ln6_fu_223_p2    |      icmp|   0|  0|  14|           7|           6|
    |icmp_ln7_fu_217_p2    |      icmp|   0|  0|  12|           4|           4|
    |i_fu_155_p3           |    select|   0|  0|   4|           1|           4|
    |select_ln6_fu_147_p3  |    select|   0|  0|   4|           1|           1|
    |ap_enable_pp0         |       xor|   0|  0|   2|           1|           2|
    +----------------------+----------+----+---+----+------------+------------+
    |Total                 |          |   0|  0| 149|          77|          68|
    +----------------------+----------+----+---+----+------------+------------+

    * Multiplexer: 
    +---------------------------------------+----+-----------+-----+-----------+
    |                  Name                 | LUT| Input Size| Bits| Total Bits|
    +---------------------------------------+----+-----------+-----+-----------+
    |ap_done_int                            |   9|          2|    1|          2|
    |ap_loop_exit_ready_pp0_iter1_reg       |   9|          2|    1|          2|
    |ap_phi_mux_icmp_ln74_phi_fu_110_p4     |   9|          2|    1|          2|
    |ap_sig_allocacmp_i2_load               |   9|          2|    4|          8|
    |ap_sig_allocacmp_indvar_flatten1_load  |   9|          2|    7|         14|
    |ap_sig_allocacmp_j3_load               |   9|          2|    4|          8|
    |i2_fu_60                               |   9|          2|    4|          8|
    |indvar_flatten1_fu_56                  |   9|          2|    7|         14|
    |j3_fu_64                               |   9|          2|    4|          8|
    +---------------------------------------+----+-----------+-----+-----------+
    |Total                                  |  81|         18|   33|         66|
    +---------------------------------------+----+-----------+-----+-----------+

    * Register: 
    +----------------------------------+---+----+-----+-----------+
    |               Name               | FF| LUT| Bits| Const Bits|
    +----------------------------------+---+----+-----+-----------+
    |ap_CS_fsm                         |  1|   0|    1|          0|
    |ap_done_reg                       |  1|   0|    1|          0|
    |ap_enable_reg_pp0_iter1           |  1|   0|    1|          0|
    |ap_loop_exit_ready_pp0_iter1_reg  |  1|   0|    1|          0|
    |i2_fu_60                          |  4|   0|    4|          0|
    |icmp_ln6_reg_292                  |  1|   0|    1|          0|
    |icmp_ln7_reg_287                  |  1|   0|    1|          0|
    |indvar_flatten1_fu_56             |  7|   0|    7|          0|
    |j3_fu_64                          |  4|   0|    4|          0|
    |zext_ln8_1_reg_272                |  7|   0|   64|         57|
    +----------------------------------+---+----+-----+-----------+
    |Total                             | 28|   0|   85|         57|
    +----------------------------------+---+----+-----+-----------+



================================================================
== Interface
================================================================
* Summary: 
+------------+-----+-----+------------+--------------+--------------+
|  RTL Ports | Dir | Bits|  Protocol  | Source Object|    C Type    |
+------------+-----+-----+------------+--------------+--------------+
|ap_clk      |   in|    1|  ap_ctrl_hs|    matrix_add|  return value|
|ap_rst      |   in|    1|  ap_ctrl_hs|    matrix_add|  return value|
|ap_start    |   in|    1|  ap_ctrl_hs|    matrix_add|  return value|
|ap_done     |  out|    1|  ap_ctrl_hs|    matrix_add|  return value|
|ap_idle     |  out|    1|  ap_ctrl_hs|    matrix_add|  return value|
|ap_ready    |  out|    1|  ap_ctrl_hs|    matrix_add|  return value|
|A_address0  |  out|    7|   ap_memory|             A|         array|
|A_ce0       |  out|    1|   ap_memory|             A|         array|
|A_q0        |   in|   32|   ap_memory|             A|         array|
|B_address0  |  out|    7|   ap_memory|             B|         array|
|B_ce0       |  out|    1|   ap_memory|             B|         array|
|B_q0        |   in|   32|   ap_memory|             B|         array|
|C_address0  |  out|    7|   ap_memory|             C|         array|
|C_ce0       |  out|    1|   ap_memory|             C|         array|
|C_we0       |  out|    1|   ap_memory|             C|         array|
|C_d0        |  out|   32|   ap_memory|             C|         array|
+------------+-----+-----+------------+--------------+--------------+

