INFO-FLOW: Workspace /scratch/tsussman/lec6ex1/compute/hls opened at Tue Mar 17 13:40:27 CDT 2026
Execute     send_msg_by_id INFO @200-1505@%s%s default  vivado 
INFO: [HLS 200-1505] Using default flow_target 'vivado'
Execute   apply_ini /scratch/tsussman/lec6ex1/lec6ex1_config.cfg 
Execute     send_msg_by_id INFO @200-1465@%s 'syn.file=/scratch/tsussman/homework2/lec6ex1.cpp' from /scratch/tsussman/lec6ex1/lec6ex1_config.cfg(8) 
INFO: [HLS 200-1465] Applying ini 'syn.file=/scratch/tsussman/homework2/lec6ex1.cpp' from /scratch/tsussman/lec6ex1/lec6ex1_config.cfg(8)
Execute     add_files /scratch/tsussman/homework2/lec6ex1.cpp 
INFO: [HLS 200-10] Adding design file '/scratch/tsussman/homework2/lec6ex1.cpp' to the project
Execute     send_msg_by_id INFO @200-1465@%s 'tb.file=/scratch/tsussman/homework2/lec6ex1.cpp' from /scratch/tsussman/lec6ex1/lec6ex1_config.cfg(9) 
INFO: [HLS 200-1465] Applying ini 'tb.file=/scratch/tsussman/homework2/lec6ex1.cpp' from /scratch/tsussman/lec6ex1/lec6ex1_config.cfg(9)
Execute     add_files -tb /scratch/tsussman/homework2/lec6ex1.cpp 
INFO: [HLS 200-10] Adding test bench file '/scratch/tsussman/homework2/lec6ex1.cpp' to the project
Execute     send_msg_by_id INFO @200-1465@%s 'syn.top=compute' from /scratch/tsussman/lec6ex1/lec6ex1_config.cfg(7) 
INFO: [HLS 200-1465] Applying ini 'syn.top=compute' from /scratch/tsussman/lec6ex1/lec6ex1_config.cfg(7)
Execute     set_top compute 
Execute     send_msg_by_id INFO @200-1465@%s 'flow_target=vivado' from /scratch/tsussman/lec6ex1/lec6ex1_config.cfg(4) 
INFO: [HLS 200-1465] Applying ini 'flow_target=vivado' from /scratch/tsussman/lec6ex1/lec6ex1_config.cfg(4)
Execute     send_msg_by_id INFO @200-1505@%s%s  vivado 
INFO: [HLS 200-1505] Using flow_target 'vivado'
Execute     send_msg_by_id INFO @200-1465@%s 'part=xcvu9p-flga2104-2-i' from /scratch/tsussman/lec6ex1/lec6ex1_config.cfg(1) 
INFO: [HLS 200-1465] Applying ini 'part=xcvu9p-flga2104-2-i' from /scratch/tsussman/lec6ex1/lec6ex1_config.cfg(1)
Execute     set_part xcvu9p-flga2104-2-i 
Execute       create_platform xcvu9p-flga2104-2-i -board  
DBG:HLSDevice: Trying to load device library: /afs/hep.wisc.edu/cms/sw/Xilinx/Vitis_HLS/2024.1/lib/lnx64.o/libxv_hlsvwrap.so
DBG:HLSDevice: first parts/arch.xml in RDI_DATADIR: /afs/hep.wisc.edu/cms/sw/Xilinx/Vivado/2024.1/data/parts/arch.xml
DBG:HLSDevice: init success
INFO: [HLS 200-1611] Setting target device to 'xcvu9p-flga2104-2-i'
Command       create_platform done; 2.29 sec.
Execute       source /afs/hep.wisc.edu/cms/sw/Xilinx/Vitis_HLS/2024.1/common/technology/xilinx/common/xilinx.gen 
Execute         source /afs/hep.wisc.edu/cms/sw/Xilinx/Vitis_HLS/2024.1/common/technology/xilinx/interface/plb46.gen 
Execute         source /afs/hep.wisc.edu/cms/sw/Xilinx/Vitis_HLS/2024.1/common/technology/xilinx/interface/axi4.gen 
Execute         source /afs/hep.wisc.edu/cms/sw/Xilinx/Vitis_HLS/2024.1/common/technology/xilinx/interface/nativeAXI4.gen 
Execute           source /afs/hep.wisc.edu/cms/sw/Xilinx/Vitis_HLS/2024.1/common/technology/xilinx/interface/saxilite.gen 
Execute         source /afs/hep.wisc.edu/cms/sw/Xilinx/Vitis_HLS/2024.1/common/technology/xilinx/scripts/xilinxcoregen.gen 
Execute         source /afs/hep.wisc.edu/cms/sw/Xilinx/Vitis_HLS/2024.1/common/technology/xilinx/interface/XilEDKCoreGen.gen 
Execute         source /afs/hep.wisc.edu/cms/sw/Xilinx/Vitis_HLS/2024.1/common/technology/xilinx/ip/dds_compiler.gen 
Execute         source /afs/hep.wisc.edu/cms/sw/Xilinx/Vitis_HLS/2024.1/common/technology/xilinx/ip/util.gen 
Execute         source /afs/hep.wisc.edu/cms/sw/Xilinx/Vitis_HLS/2024.1/common/technology/xilinx/ip/xfft.gen 
Command         ap_source done; 0.14 sec.
Execute         source /afs/hep.wisc.edu/cms/sw/Xilinx/Vitis_HLS/2024.1/common/technology/xilinx/ip/xfir.gen 
Execute         source /afs/hep.wisc.edu/cms/sw/Xilinx/Vitis_HLS/2024.1/common/technology/xilinx/DSP48/dsp48.gen 
Command       ap_source done; 0.18 sec.
Execute       ap_part_info -name xcvu9p-flga2104-2-i -data info 
Execute       config_compile -quiet -complex-mul-dsp=0 
Command     set_part done; 2.52 sec.
Execute     send_msg_by_id INFO @200-1465@%s 'package.output.format=ip_catalog' from /scratch/tsussman/lec6ex1/lec6ex1_config.cfg(5) 
INFO: [HLS 200-1465] Applying ini 'package.output.format=ip_catalog' from /scratch/tsussman/lec6ex1/lec6ex1_config.cfg(5)
Execute     config_export -format=ip_catalog 
Command   apply_ini done; 2.54 sec.
Execute   apply_ini /scratch/tsussman/lec6ex1/compute/hls/config.cmdline 
Execute   csim_design 
Execute     AP::app_get_file_relativeroot [AP::app_get_root] {}
Execute     AP::app_get_file_relativeroot [AP::app_get_root] {}
Execute     AP::app_get_file_relativeroot [AP::app_get_root] {}
INFO-FLOW: Running SLX 'csim' proc: ::SLX::run_csim
INFO: [SIM 211-2] *************** CSIM start ***************
INFO: [SIM 211-4] CSIM will launch CLANG as the compiler.
Execute     send_msg_by_id INFO @200-2036@%s debug 
INFO: [HLS 200-2036] Building debug C Simulation binaries
Execute     source /afs/hep.wisc.edu/cms/sw/Xilinx/Vitis_HLS/2024.1/tps/tcl/tcllib1.11.1/yaml/huddle.tcl 
Execute     source /afs/hep.wisc.edu/cms/sw/Xilinx/Vitis_HLS/2024.1/tps/tcl/tcllib1.11.1/yaml/json2huddle.tcl 
Execute     ap_part_info -name xcvu9p-flga2104-2-i -data info 
INFO-FLOW: AESL_CSIM::c_sim errorInfo:

    while executing
"::AESL_CSIM::c_sim "$argn" "
ERROR: [SIM 211-100] 'csim_design' failed: compilation error(s).
INFO: [SIM 211-3] *************** CSIM finish ***************
INFO-FLOW: AESL_CSIM::csim_cmd_wrap errorInfo:
4
    while executing
"::AESL_CSIM::csim_cmd_wrap $args"
INFO-FLOW: Caught error in csim_design: 4
    while executing
"ap_internal_csim_design "
Command   csim_design done; error code: 2; 6.16 sec.
Execute   close_project 
Execute     close_solution 
Execute       cleanup_all 
Execute       cleanup_all 
INFO-FLOW: Workspace /scratch/tsussman/lec6ex1/compute/hls opened at Tue Mar 17 13:46:33 CDT 2026
Execute     send_msg_by_id INFO @200-1505@%s%s default  vivado 
INFO: [HLS 200-1505] Using default flow_target 'vivado'
Execute   apply_ini /scratch/tsussman/lec6ex1/lec6ex1_config.cfg 
Execute     send_msg_by_id INFO @200-1465@%s 'syn.file=/scratch/tsussman/homework2/lec6ex1.cpp' from /scratch/tsussman/lec6ex1/lec6ex1_config.cfg(8) 
INFO: [HLS 200-1465] Applying ini 'syn.file=/scratch/tsussman/homework2/lec6ex1.cpp' from /scratch/tsussman/lec6ex1/lec6ex1_config.cfg(8)
Execute     add_files /scratch/tsussman/homework2/lec6ex1.cpp 
INFO: [HLS 200-10] Adding design file '/scratch/tsussman/homework2/lec6ex1.cpp' to the project
Execute     send_msg_by_id INFO @200-1465@%s 'tb.file=/scratch/tsussman/homework2/lec6ex1.cpp' from /scratch/tsussman/lec6ex1/lec6ex1_config.cfg(9) 
INFO: [HLS 200-1465] Applying ini 'tb.file=/scratch/tsussman/homework2/lec6ex1.cpp' from /scratch/tsussman/lec6ex1/lec6ex1_config.cfg(9)
Execute     add_files -tb /scratch/tsussman/homework2/lec6ex1.cpp 
INFO: [HLS 200-10] Adding test bench file '/scratch/tsussman/homework2/lec6ex1.cpp' to the project
Execute     send_msg_by_id INFO @200-1465@%s 'syn.top=compute' from /scratch/tsussman/lec6ex1/lec6ex1_config.cfg(7) 
INFO: [HLS 200-1465] Applying ini 'syn.top=compute' from /scratch/tsussman/lec6ex1/lec6ex1_config.cfg(7)
Execute     set_top compute 
Execute     send_msg_by_id INFO @200-1465@%s 'flow_target=vivado' from /scratch/tsussman/lec6ex1/lec6ex1_config.cfg(4) 
INFO: [HLS 200-1465] Applying ini 'flow_target=vivado' from /scratch/tsussman/lec6ex1/lec6ex1_config.cfg(4)
Execute     send_msg_by_id INFO @200-1505@%s%s  vivado 
INFO: [HLS 200-1505] Using flow_target 'vivado'
Execute     send_msg_by_id INFO @200-1465@%s 'part=xcvu9p-flga2104-2-i' from /scratch/tsussman/lec6ex1/lec6ex1_config.cfg(1) 
INFO: [HLS 200-1465] Applying ini 'part=xcvu9p-flga2104-2-i' from /scratch/tsussman/lec6ex1/lec6ex1_config.cfg(1)
Execute     set_part xcvu9p-flga2104-2-i 
Execute       create_platform xcvu9p-flga2104-2-i -board  
DBG:HLSDevice: Trying to load device library: /afs/hep.wisc.edu/cms/sw/Xilinx/Vitis_HLS/2024.1/lib/lnx64.o/libxv_hlsvwrap.so
DBG:HLSDevice: first parts/arch.xml in RDI_DATADIR: /afs/hep.wisc.edu/cms/sw/Xilinx/Vivado/2024.1/data/parts/arch.xml
DBG:HLSDevice: init success
INFO: [HLS 200-1611] Setting target device to 'xcvu9p-flga2104-2-i'
Command       create_platform done; 2.11 sec.
Execute       source /afs/hep.wisc.edu/cms/sw/Xilinx/Vitis_HLS/2024.1/common/technology/xilinx/common/xilinx.gen 
Execute         source /afs/hep.wisc.edu/cms/sw/Xilinx/Vitis_HLS/2024.1/common/technology/xilinx/interface/plb46.gen 
Execute         source /afs/hep.wisc.edu/cms/sw/Xilinx/Vitis_HLS/2024.1/common/technology/xilinx/interface/axi4.gen 
Execute         source /afs/hep.wisc.edu/cms/sw/Xilinx/Vitis_HLS/2024.1/common/technology/xilinx/interface/nativeAXI4.gen 
Execute           source /afs/hep.wisc.edu/cms/sw/Xilinx/Vitis_HLS/2024.1/common/technology/xilinx/interface/saxilite.gen 
Execute         source /afs/hep.wisc.edu/cms/sw/Xilinx/Vitis_HLS/2024.1/common/technology/xilinx/scripts/xilinxcoregen.gen 
Execute         source /afs/hep.wisc.edu/cms/sw/Xilinx/Vitis_HLS/2024.1/common/technology/xilinx/interface/XilEDKCoreGen.gen 
Execute         source /afs/hep.wisc.edu/cms/sw/Xilinx/Vitis_HLS/2024.1/common/technology/xilinx/ip/dds_compiler.gen 
Execute         source /afs/hep.wisc.edu/cms/sw/Xilinx/Vitis_HLS/2024.1/common/technology/xilinx/ip/util.gen 
Execute         source /afs/hep.wisc.edu/cms/sw/Xilinx/Vitis_HLS/2024.1/common/technology/xilinx/ip/xfft.gen 
Command         ap_source done; 0.14 sec.
Execute         source /afs/hep.wisc.edu/cms/sw/Xilinx/Vitis_HLS/2024.1/common/technology/xilinx/ip/xfir.gen 
Execute         source /afs/hep.wisc.edu/cms/sw/Xilinx/Vitis_HLS/2024.1/common/technology/xilinx/DSP48/dsp48.gen 
Command       ap_source done; 0.18 sec.
Execute       ap_part_info -name xcvu9p-flga2104-2-i -data info 
Execute       config_compile -quiet -complex-mul-dsp=0 
Command     set_part done; 2.35 sec.
Execute     send_msg_by_id INFO @200-1465@%s 'package.output.format=ip_catalog' from /scratch/tsussman/lec6ex1/lec6ex1_config.cfg(5) 
INFO: [HLS 200-1465] Applying ini 'package.output.format=ip_catalog' from /scratch/tsussman/lec6ex1/lec6ex1_config.cfg(5)
Execute     config_export -format=ip_catalog 
Command   apply_ini done; 2.38 sec.
Execute   apply_ini /scratch/tsussman/lec6ex1/compute/hls/config.cmdline 
Execute   csim_design 
Execute     AP::app_get_file_relativeroot [AP::app_get_root] {}
Execute     AP::app_get_file_relativeroot [AP::app_get_root] {}
Execute     AP::app_get_file_relativeroot [AP::app_get_root] {}
INFO-FLOW: Running SLX 'csim' proc: ::SLX::run_csim
INFO: [SIM 211-2] *************** CSIM start ***************
INFO: [SIM 211-4] CSIM will launch CLANG as the compiler.
Execute     source csim/.lst_opt.tcl 
Execute     send_msg_by_id INFO @200-2036@%s debug 
INFO: [HLS 200-2036] Building debug C Simulation binaries
Execute     source /afs/hep.wisc.edu/cms/sw/Xilinx/Vitis_HLS/2024.1/tps/tcl/tcllib1.11.1/yaml/huddle.tcl 
Execute     source /afs/hep.wisc.edu/cms/sw/Xilinx/Vitis_HLS/2024.1/tps/tcl/tcllib1.11.1/yaml/json2huddle.tcl 
Execute     ap_part_info -name xcvu9p-flga2104-2-i -data info 
INFO-FLOW: AESL_CSIM::c_sim errorInfo:

    while executing
"::AESL_CSIM::c_sim "$argn" "
ERROR: [SIM 211-100] 'csim_design' failed: compilation error(s).
INFO: [SIM 211-3] *************** CSIM finish ***************
INFO-FLOW: AESL_CSIM::csim_cmd_wrap errorInfo:
4
    while executing
"::AESL_CSIM::csim_cmd_wrap $args"
INFO-FLOW: Caught error in csim_design: 4
    while executing
"ap_internal_csim_design "
Command   csim_design done; error code: 2; 4.72 sec.
Execute   close_project 
Execute     close_solution 
Execute       cleanup_all 
Execute       cleanup_all 
INFO-FLOW: Workspace /scratch/tsussman/lec6ex1/compute/hls opened at Tue Mar 17 13:56:51 CDT 2026
Execute     send_msg_by_id INFO @200-1505@%s%s default  vivado 
INFO: [HLS 200-1505] Using default flow_target 'vivado'
Execute   apply_ini /scratch/tsussman/lec6ex1/lec6ex1_config.cfg 
Execute     send_msg_by_id INFO @200-1465@%s 'syn.file=/scratch/tsussman/homework2/lec6ex1.cpp' from /scratch/tsussman/lec6ex1/lec6ex1_config.cfg(8) 
INFO: [HLS 200-1465] Applying ini 'syn.file=/scratch/tsussman/homework2/lec6ex1.cpp' from /scratch/tsussman/lec6ex1/lec6ex1_config.cfg(8)
Execute     add_files /scratch/tsussman/homework2/lec6ex1.cpp 
INFO: [HLS 200-10] Adding design file '/scratch/tsussman/homework2/lec6ex1.cpp' to the project
Execute     send_msg_by_id INFO @200-1465@%s 'tb.file=/scratch/tsussman/homework2/lec6ex1.cpp' from /scratch/tsussman/lec6ex1/lec6ex1_config.cfg(9) 
INFO: [HLS 200-1465] Applying ini 'tb.file=/scratch/tsussman/homework2/lec6ex1.cpp' from /scratch/tsussman/lec6ex1/lec6ex1_config.cfg(9)
Execute     add_files -tb /scratch/tsussman/homework2/lec6ex1.cpp 
INFO: [HLS 200-10] Adding test bench file '/scratch/tsussman/homework2/lec6ex1.cpp' to the project
Execute     send_msg_by_id INFO @200-1465@%s 'syn.top=compute' from /scratch/tsussman/lec6ex1/lec6ex1_config.cfg(7) 
INFO: [HLS 200-1465] Applying ini 'syn.top=compute' from /scratch/tsussman/lec6ex1/lec6ex1_config.cfg(7)
Execute     set_top compute 
Execute     send_msg_by_id INFO @200-1465@%s 'flow_target=vivado' from /scratch/tsussman/lec6ex1/lec6ex1_config.cfg(4) 
INFO: [HLS 200-1465] Applying ini 'flow_target=vivado' from /scratch/tsussman/lec6ex1/lec6ex1_config.cfg(4)
Execute     send_msg_by_id INFO @200-1505@%s%s  vivado 
INFO: [HLS 200-1505] Using flow_target 'vivado'
Execute     send_msg_by_id INFO @200-1465@%s 'part=xcvu9p-flga2104-2-i' from /scratch/tsussman/lec6ex1/lec6ex1_config.cfg(1) 
INFO: [HLS 200-1465] Applying ini 'part=xcvu9p-flga2104-2-i' from /scratch/tsussman/lec6ex1/lec6ex1_config.cfg(1)
Execute     set_part xcvu9p-flga2104-2-i 
Execute       create_platform xcvu9p-flga2104-2-i -board  
DBG:HLSDevice: Trying to load device library: /afs/hep.wisc.edu/cms/sw/Xilinx/Vitis_HLS/2024.1/lib/lnx64.o/libxv_hlsvwrap.so
DBG:HLSDevice: first parts/arch.xml in RDI_DATADIR: /afs/hep.wisc.edu/cms/sw/Xilinx/Vivado/2024.1/data/parts/arch.xml
DBG:HLSDevice: init success
INFO: [HLS 200-1611] Setting target device to 'xcvu9p-flga2104-2-i'
Command       create_platform done; 2.18 sec.
Execute       source /afs/hep.wisc.edu/cms/sw/Xilinx/Vitis_HLS/2024.1/common/technology/xilinx/common/xilinx.gen 
Execute         source /afs/hep.wisc.edu/cms/sw/Xilinx/Vitis_HLS/2024.1/common/technology/xilinx/interface/plb46.gen 
Execute         source /afs/hep.wisc.edu/cms/sw/Xilinx/Vitis_HLS/2024.1/common/technology/xilinx/interface/axi4.gen 
Execute         source /afs/hep.wisc.edu/cms/sw/Xilinx/Vitis_HLS/2024.1/common/technology/xilinx/interface/nativeAXI4.gen 
Execute           source /afs/hep.wisc.edu/cms/sw/Xilinx/Vitis_HLS/2024.1/common/technology/xilinx/interface/saxilite.gen 
Execute         source /afs/hep.wisc.edu/cms/sw/Xilinx/Vitis_HLS/2024.1/common/technology/xilinx/scripts/xilinxcoregen.gen 
Execute         source /afs/hep.wisc.edu/cms/sw/Xilinx/Vitis_HLS/2024.1/common/technology/xilinx/interface/XilEDKCoreGen.gen 
Execute         source /afs/hep.wisc.edu/cms/sw/Xilinx/Vitis_HLS/2024.1/common/technology/xilinx/ip/dds_compiler.gen 
Execute         source /afs/hep.wisc.edu/cms/sw/Xilinx/Vitis_HLS/2024.1/common/technology/xilinx/ip/util.gen 
Execute         source /afs/hep.wisc.edu/cms/sw/Xilinx/Vitis_HLS/2024.1/common/technology/xilinx/ip/xfft.gen 
Command         ap_source done; 0.13 sec.
Execute         source /afs/hep.wisc.edu/cms/sw/Xilinx/Vitis_HLS/2024.1/common/technology/xilinx/ip/xfir.gen 
Execute         source /afs/hep.wisc.edu/cms/sw/Xilinx/Vitis_HLS/2024.1/common/technology/xilinx/DSP48/dsp48.gen 
Command       ap_source done; 0.17 sec.
Execute       ap_part_info -name xcvu9p-flga2104-2-i -data info 
Execute       config_compile -quiet -complex-mul-dsp=0 
Command     set_part done; 2.39 sec.
Execute     send_msg_by_id INFO @200-1465@%s 'package.output.format=ip_catalog' from /scratch/tsussman/lec6ex1/lec6ex1_config.cfg(5) 
INFO: [HLS 200-1465] Applying ini 'package.output.format=ip_catalog' from /scratch/tsussman/lec6ex1/lec6ex1_config.cfg(5)
Execute     config_export -format=ip_catalog 
Command   apply_ini done; 2.41 sec.
Execute   apply_ini /scratch/tsussman/lec6ex1/compute/hls/config.cmdline 
Execute   csim_design 
Execute     AP::app_get_file_relativeroot [AP::app_get_root] {}
Execute     AP::app_get_file_relativeroot [AP::app_get_root] {}
Execute     AP::app_get_file_relativeroot [AP::app_get_root] {}
INFO-FLOW: Running SLX 'csim' proc: ::SLX::run_csim
INFO: [SIM 211-2] *************** CSIM start ***************
INFO: [SIM 211-4] CSIM will launch CLANG as the compiler.
Execute     source csim/.lst_opt.tcl 
Execute     send_msg_by_id INFO @200-2036@%s debug 
INFO: [HLS 200-2036] Building debug C Simulation binaries
Execute     source /afs/hep.wisc.edu/cms/sw/Xilinx/Vitis_HLS/2024.1/tps/tcl/tcllib1.11.1/yaml/huddle.tcl 
Execute     source /afs/hep.wisc.edu/cms/sw/Xilinx/Vitis_HLS/2024.1/tps/tcl/tcllib1.11.1/yaml/json2huddle.tcl 
Execute     ap_part_info -name xcvu9p-flga2104-2-i -data info 
INFO-FLOW: AESL_CSIM::c_sim errorInfo:

    while executing
"::AESL_CSIM::c_sim "$argn" "
ERROR: [SIM 211-100] 'csim_design' failed: compilation error(s).
INFO: [SIM 211-3] *************** CSIM finish ***************
INFO-FLOW: AESL_CSIM::csim_cmd_wrap errorInfo:
4
    while executing
"::AESL_CSIM::csim_cmd_wrap $args"
INFO-FLOW: Caught error in csim_design: 4
    while executing
"ap_internal_csim_design "
Command   csim_design done; error code: 2; 4.77 sec.
Execute   close_project 
Execute     close_solution 
Execute       cleanup_all 
Execute       cleanup_all 
INFO-FLOW: Workspace /scratch/tsussman/lec6ex1/compute/hls opened at Tue Mar 17 14:03:08 CDT 2026
Execute     send_msg_by_id INFO @200-1505@%s%s default  vivado 
INFO: [HLS 200-1505] Using default flow_target 'vivado'
Execute   apply_ini /scratch/tsussman/lec6ex1/lec6ex1_config.cfg 
Execute     send_msg_by_id INFO @200-1465@%s 'syn.file=/scratch/tsussman/homework2/lec6ex1.cpp' from /scratch/tsussman/lec6ex1/lec6ex1_config.cfg(8) 
INFO: [HLS 200-1465] Applying ini 'syn.file=/scratch/tsussman/homework2/lec6ex1.cpp' from /scratch/tsussman/lec6ex1/lec6ex1_config.cfg(8)
Execute     add_files /scratch/tsussman/homework2/lec6ex1.cpp 
INFO: [HLS 200-10] Adding design file '/scratch/tsussman/homework2/lec6ex1.cpp' to the project
Execute     send_msg_by_id INFO @200-1465@%s 'tb.file=/scratch/tsussman/homework2/lec6ex1.cpp' from /scratch/tsussman/lec6ex1/lec6ex1_config.cfg(9) 
INFO: [HLS 200-1465] Applying ini 'tb.file=/scratch/tsussman/homework2/lec6ex1.cpp' from /scratch/tsussman/lec6ex1/lec6ex1_config.cfg(9)
Execute     add_files -tb /scratch/tsussman/homework2/lec6ex1.cpp 
INFO: [HLS 200-10] Adding test bench file '/scratch/tsussman/homework2/lec6ex1.cpp' to the project
Execute     send_msg_by_id INFO @200-1465@%s 'syn.top=compute' from /scratch/tsussman/lec6ex1/lec6ex1_config.cfg(7) 
INFO: [HLS 200-1465] Applying ini 'syn.top=compute' from /scratch/tsussman/lec6ex1/lec6ex1_config.cfg(7)
Execute     set_top compute 
Execute     send_msg_by_id INFO @200-1465@%s 'flow_target=vivado' from /scratch/tsussman/lec6ex1/lec6ex1_config.cfg(4) 
INFO: [HLS 200-1465] Applying ini 'flow_target=vivado' from /scratch/tsussman/lec6ex1/lec6ex1_config.cfg(4)
Execute     send_msg_by_id INFO @200-1505@%s%s  vivado 
INFO: [HLS 200-1505] Using flow_target 'vivado'
Execute     send_msg_by_id INFO @200-1465@%s 'part=xcvu9p-flga2104-2-i' from /scratch/tsussman/lec6ex1/lec6ex1_config.cfg(1) 
INFO: [HLS 200-1465] Applying ini 'part=xcvu9p-flga2104-2-i' from /scratch/tsussman/lec6ex1/lec6ex1_config.cfg(1)
Execute     set_part xcvu9p-flga2104-2-i 
Execute       create_platform xcvu9p-flga2104-2-i -board  
DBG:HLSDevice: Trying to load device library: /afs/hep.wisc.edu/cms/sw/Xilinx/Vitis_HLS/2024.1/lib/lnx64.o/libxv_hlsvwrap.so
DBG:HLSDevice: first parts/arch.xml in RDI_DATADIR: /afs/hep.wisc.edu/cms/sw/Xilinx/Vivado/2024.1/data/parts/arch.xml
DBG:HLSDevice: init success
INFO: [HLS 200-1611] Setting target device to 'xcvu9p-flga2104-2-i'
Command       create_platform done; 2.13 sec.
Execute       source /afs/hep.wisc.edu/cms/sw/Xilinx/Vitis_HLS/2024.1/common/technology/xilinx/common/xilinx.gen 
Execute         source /afs/hep.wisc.edu/cms/sw/Xilinx/Vitis_HLS/2024.1/common/technology/xilinx/interface/plb46.gen 
Execute         source /afs/hep.wisc.edu/cms/sw/Xilinx/Vitis_HLS/2024.1/common/technology/xilinx/interface/axi4.gen 
Execute         source /afs/hep.wisc.edu/cms/sw/Xilinx/Vitis_HLS/2024.1/common/technology/xilinx/interface/nativeAXI4.gen 
Execute           source /afs/hep.wisc.edu/cms/sw/Xilinx/Vitis_HLS/2024.1/common/technology/xilinx/interface/saxilite.gen 
Execute         source /afs/hep.wisc.edu/cms/sw/Xilinx/Vitis_HLS/2024.1/common/technology/xilinx/scripts/xilinxcoregen.gen 
Execute         source /afs/hep.wisc.edu/cms/sw/Xilinx/Vitis_HLS/2024.1/common/technology/xilinx/interface/XilEDKCoreGen.gen 
Execute         source /afs/hep.wisc.edu/cms/sw/Xilinx/Vitis_HLS/2024.1/common/technology/xilinx/ip/dds_compiler.gen 
Execute         source /afs/hep.wisc.edu/cms/sw/Xilinx/Vitis_HLS/2024.1/common/technology/xilinx/ip/util.gen 
Execute         source /afs/hep.wisc.edu/cms/sw/Xilinx/Vitis_HLS/2024.1/common/technology/xilinx/ip/xfft.gen 
Command         ap_source done; 0.13 sec.
Execute         source /afs/hep.wisc.edu/cms/sw/Xilinx/Vitis_HLS/2024.1/common/technology/xilinx/ip/xfir.gen 
Execute         source /afs/hep.wisc.edu/cms/sw/Xilinx/Vitis_HLS/2024.1/common/technology/xilinx/DSP48/dsp48.gen 
Command       ap_source done; 0.18 sec.
Execute       ap_part_info -name xcvu9p-flga2104-2-i -data info 
Execute       config_compile -quiet -complex-mul-dsp=0 
Command     set_part done; 2.36 sec.
Execute     send_msg_by_id INFO @200-1465@%s 'package.output.format=ip_catalog' from /scratch/tsussman/lec6ex1/lec6ex1_config.cfg(5) 
INFO: [HLS 200-1465] Applying ini 'package.output.format=ip_catalog' from /scratch/tsussman/lec6ex1/lec6ex1_config.cfg(5)
Execute     config_export -format=ip_catalog 
Command   apply_ini done; 2.39 sec.
Execute   apply_ini /scratch/tsussman/lec6ex1/compute/hls/config.cmdline 
Execute   csim_design 
Execute     AP::app_get_file_relativeroot [AP::app_get_root] {}
Execute     AP::app_get_file_relativeroot [AP::app_get_root] {}
Execute     AP::app_get_file_relativeroot [AP::app_get_root] {}
INFO-FLOW: Running SLX 'csim' proc: ::SLX::run_csim
INFO: [SIM 211-2] *************** CSIM start ***************
INFO: [SIM 211-4] CSIM will launch CLANG as the compiler.
Execute     source csim/.lst_opt.tcl 
Execute     send_msg_by_id INFO @200-2036@%s debug 
INFO: [HLS 200-2036] Building debug C Simulation binaries
Execute     source /afs/hep.wisc.edu/cms/sw/Xilinx/Vitis_HLS/2024.1/tps/tcl/tcllib1.11.1/yaml/huddle.tcl 
Execute     source /afs/hep.wisc.edu/cms/sw/Xilinx/Vitis_HLS/2024.1/tps/tcl/tcllib1.11.1/yaml/json2huddle.tcl 
Execute     ap_part_info -name xcvu9p-flga2104-2-i -data info 
INFO-FLOW: AESL_CSIM::c_sim errorInfo:

    while executing
"::AESL_CSIM::c_sim "$argn" "
ERROR: [SIM 211-100] 'csim_design' failed: compilation error(s).
INFO: [SIM 211-3] *************** CSIM finish ***************
INFO-FLOW: AESL_CSIM::csim_cmd_wrap errorInfo:
4
    while executing
"::AESL_CSIM::csim_cmd_wrap $args"
INFO-FLOW: Caught error in csim_design: 4
    while executing
"ap_internal_csim_design "
Command   csim_design done; error code: 2; 4.86 sec.
Execute   close_project 
Execute     close_solution 
Execute       cleanup_all 
Execute       cleanup_all 
INFO-FLOW: Workspace /scratch/tsussman/lec6ex1/compute/hls opened at Tue Mar 17 14:08:34 CDT 2026
Execute     send_msg_by_id INFO @200-1505@%s%s default  vivado 
INFO: [HLS 200-1505] Using default flow_target 'vivado'
Execute   apply_ini /scratch/tsussman/lec6ex1/lec6ex1_config.cfg 
Execute     send_msg_by_id INFO @200-1465@%s 'syn.file=/scratch/tsussman/homework2/lec6ex1.cpp' from /scratch/tsussman/lec6ex1/lec6ex1_config.cfg(8) 
INFO: [HLS 200-1465] Applying ini 'syn.file=/scratch/tsussman/homework2/lec6ex1.cpp' from /scratch/tsussman/lec6ex1/lec6ex1_config.cfg(8)
Execute     add_files /scratch/tsussman/homework2/lec6ex1.cpp 
INFO: [HLS 200-10] Adding design file '/scratch/tsussman/homework2/lec6ex1.cpp' to the project
Execute     send_msg_by_id INFO @200-1465@%s 'tb.file=/scratch/tsussman/homework2/lec6ex1.cpp' from /scratch/tsussman/lec6ex1/lec6ex1_config.cfg(9) 
INFO: [HLS 200-1465] Applying ini 'tb.file=/scratch/tsussman/homework2/lec6ex1.cpp' from /scratch/tsussman/lec6ex1/lec6ex1_config.cfg(9)
Execute     add_files -tb /scratch/tsussman/homework2/lec6ex1.cpp 
INFO: [HLS 200-10] Adding test bench file '/scratch/tsussman/homework2/lec6ex1.cpp' to the project
Execute     send_msg_by_id INFO @200-1465@%s 'syn.top=compute' from /scratch/tsussman/lec6ex1/lec6ex1_config.cfg(7) 
INFO: [HLS 200-1465] Applying ini 'syn.top=compute' from /scratch/tsussman/lec6ex1/lec6ex1_config.cfg(7)
Execute     set_top compute 
Execute     send_msg_by_id INFO @200-1465@%s 'flow_target=vivado' from /scratch/tsussman/lec6ex1/lec6ex1_config.cfg(4) 
INFO: [HLS 200-1465] Applying ini 'flow_target=vivado' from /scratch/tsussman/lec6ex1/lec6ex1_config.cfg(4)
Execute     send_msg_by_id INFO @200-1505@%s%s  vivado 
INFO: [HLS 200-1505] Using flow_target 'vivado'
Execute     send_msg_by_id INFO @200-1465@%s 'part=xcvu9p-flga2104-2-i' from /scratch/tsussman/lec6ex1/lec6ex1_config.cfg(1) 
INFO: [HLS 200-1465] Applying ini 'part=xcvu9p-flga2104-2-i' from /scratch/tsussman/lec6ex1/lec6ex1_config.cfg(1)
Execute     set_part xcvu9p-flga2104-2-i 
Execute       create_platform xcvu9p-flga2104-2-i -board  
DBG:HLSDevice: Trying to load device library: /afs/hep.wisc.edu/cms/sw/Xilinx/Vitis_HLS/2024.1/lib/lnx64.o/libxv_hlsvwrap.so
DBG:HLSDevice: first parts/arch.xml in RDI_DATADIR: /afs/hep.wisc.edu/cms/sw/Xilinx/Vivado/2024.1/data/parts/arch.xml
DBG:HLSDevice: init success
INFO: [HLS 200-1611] Setting target device to 'xcvu9p-flga2104-2-i'
Command       create_platform done; 2.21 sec.
Execute       source /afs/hep.wisc.edu/cms/sw/Xilinx/Vitis_HLS/2024.1/common/technology/xilinx/common/xilinx.gen 
Execute         source /afs/hep.wisc.edu/cms/sw/Xilinx/Vitis_HLS/2024.1/common/technology/xilinx/interface/plb46.gen 
Execute         source /afs/hep.wisc.edu/cms/sw/Xilinx/Vitis_HLS/2024.1/common/technology/xilinx/interface/axi4.gen 
Execute         source /afs/hep.wisc.edu/cms/sw/Xilinx/Vitis_HLS/2024.1/common/technology/xilinx/interface/nativeAXI4.gen 
Execute           source /afs/hep.wisc.edu/cms/sw/Xilinx/Vitis_HLS/2024.1/common/technology/xilinx/interface/saxilite.gen 
Execute         source /afs/hep.wisc.edu/cms/sw/Xilinx/Vitis_HLS/2024.1/common/technology/xilinx/scripts/xilinxcoregen.gen 
Execute         source /afs/hep.wisc.edu/cms/sw/Xilinx/Vitis_HLS/2024.1/common/technology/xilinx/interface/XilEDKCoreGen.gen 
Execute         source /afs/hep.wisc.edu/cms/sw/Xilinx/Vitis_HLS/2024.1/common/technology/xilinx/ip/dds_compiler.gen 
Execute         source /afs/hep.wisc.edu/cms/sw/Xilinx/Vitis_HLS/2024.1/common/technology/xilinx/ip/util.gen 
Execute         source /afs/hep.wisc.edu/cms/sw/Xilinx/Vitis_HLS/2024.1/common/technology/xilinx/ip/xfft.gen 
Command         ap_source done; 0.14 sec.
Execute         source /afs/hep.wisc.edu/cms/sw/Xilinx/Vitis_HLS/2024.1/common/technology/xilinx/ip/xfir.gen 
Execute         source /afs/hep.wisc.edu/cms/sw/Xilinx/Vitis_HLS/2024.1/common/technology/xilinx/DSP48/dsp48.gen 
Command       ap_source done; 0.18 sec.
Execute       ap_part_info -name xcvu9p-flga2104-2-i -data info 
Execute       config_compile -quiet -complex-mul-dsp=0 
Command     set_part done; 2.47 sec.
Execute     send_msg_by_id INFO @200-1465@%s 'package.output.format=ip_catalog' from /scratch/tsussman/lec6ex1/lec6ex1_config.cfg(5) 
INFO: [HLS 200-1465] Applying ini 'package.output.format=ip_catalog' from /scratch/tsussman/lec6ex1/lec6ex1_config.cfg(5)
Execute     config_export -format=ip_catalog 
Command   apply_ini done; 2.49 sec.
Execute   apply_ini /scratch/tsussman/lec6ex1/compute/hls/config.cmdline 
Execute   csim_design 
Execute     AP::app_get_file_relativeroot [AP::app_get_root] {}
Execute     AP::app_get_file_relativeroot [AP::app_get_root] {}
Execute     AP::app_get_file_relativeroot [AP::app_get_root] {}
INFO-FLOW: Running SLX 'csim' proc: ::SLX::run_csim
INFO: [SIM 211-2] *************** CSIM start ***************
INFO: [SIM 211-4] CSIM will launch CLANG as the compiler.
Execute     source csim/.lst_opt.tcl 
Execute     send_msg_by_id INFO @200-2036@%s debug 
INFO: [HLS 200-2036] Building debug C Simulation binaries
Execute     source /afs/hep.wisc.edu/cms/sw/Xilinx/Vitis_HLS/2024.1/tps/tcl/tcllib1.11.1/yaml/huddle.tcl 
Execute     source /afs/hep.wisc.edu/cms/sw/Xilinx/Vitis_HLS/2024.1/tps/tcl/tcllib1.11.1/yaml/json2huddle.tcl 
Execute     ap_part_info -name xcvu9p-flga2104-2-i -data info 
INFO-FLOW: AESL_CSIM::c_sim errorInfo:

    while executing
"::AESL_CSIM::c_sim "$argn" "
ERROR: [SIM 211-100] 'csim_design' failed: compilation error(s).
INFO: [SIM 211-3] *************** CSIM finish ***************
INFO-FLOW: AESL_CSIM::csim_cmd_wrap errorInfo:
4
    while executing
"::AESL_CSIM::csim_cmd_wrap $args"
INFO-FLOW: Caught error in csim_design: 4
    while executing
"ap_internal_csim_design "
Command   csim_design done; error code: 2; 4.73 sec.
Execute   close_project 
Execute     close_solution 
Execute       cleanup_all 
Execute       cleanup_all 
INFO-FLOW: Workspace /scratch/tsussman/lec6ex1/compute/hls opened at Tue Mar 17 14:09:29 CDT 2026
Execute     send_msg_by_id INFO @200-1505@%s%s default  vivado 
INFO: [HLS 200-1505] Using default flow_target 'vivado'
Execute   apply_ini /scratch/tsussman/lec6ex1/lec6ex1_config.cfg 
Execute     send_msg_by_id INFO @200-1465@%s 'syn.file=/scratch/tsussman/homework2/lec6ex1.cpp' from /scratch/tsussman/lec6ex1/lec6ex1_config.cfg(8) 
INFO: [HLS 200-1465] Applying ini 'syn.file=/scratch/tsussman/homework2/lec6ex1.cpp' from /scratch/tsussman/lec6ex1/lec6ex1_config.cfg(8)
Execute     add_files /scratch/tsussman/homework2/lec6ex1.cpp 
INFO: [HLS 200-10] Adding design file '/scratch/tsussman/homework2/lec6ex1.cpp' to the project
Execute     send_msg_by_id INFO @200-1465@%s 'tb.file=/scratch/tsussman/homework2/lec6ex1.cpp' from /scratch/tsussman/lec6ex1/lec6ex1_config.cfg(9) 
INFO: [HLS 200-1465] Applying ini 'tb.file=/scratch/tsussman/homework2/lec6ex1.cpp' from /scratch/tsussman/lec6ex1/lec6ex1_config.cfg(9)
Execute     add_files -tb /scratch/tsussman/homework2/lec6ex1.cpp 
INFO: [HLS 200-10] Adding test bench file '/scratch/tsussman/homework2/lec6ex1.cpp' to the project
Execute     send_msg_by_id INFO @200-1465@%s 'syn.top=compute' from /scratch/tsussman/lec6ex1/lec6ex1_config.cfg(7) 
INFO: [HLS 200-1465] Applying ini 'syn.top=compute' from /scratch/tsussman/lec6ex1/lec6ex1_config.cfg(7)
Execute     set_top compute 
Execute     send_msg_by_id INFO @200-1465@%s 'flow_target=vivado' from /scratch/tsussman/lec6ex1/lec6ex1_config.cfg(4) 
INFO: [HLS 200-1465] Applying ini 'flow_target=vivado' from /scratch/tsussman/lec6ex1/lec6ex1_config.cfg(4)
Execute     send_msg_by_id INFO @200-1505@%s%s  vivado 
INFO: [HLS 200-1505] Using flow_target 'vivado'
Execute     send_msg_by_id INFO @200-1465@%s 'part=xcvu9p-flga2104-2-i' from /scratch/tsussman/lec6ex1/lec6ex1_config.cfg(1) 
INFO: [HLS 200-1465] Applying ini 'part=xcvu9p-flga2104-2-i' from /scratch/tsussman/lec6ex1/lec6ex1_config.cfg(1)
Execute     set_part xcvu9p-flga2104-2-i 
Execute       create_platform xcvu9p-flga2104-2-i -board  
DBG:HLSDevice: Trying to load device library: /afs/hep.wisc.edu/cms/sw/Xilinx/Vitis_HLS/2024.1/lib/lnx64.o/libxv_hlsvwrap.so
DBG:HLSDevice: first parts/arch.xml in RDI_DATADIR: /afs/hep.wisc.edu/cms/sw/Xilinx/Vivado/2024.1/data/parts/arch.xml
DBG:HLSDevice: init success
INFO: [HLS 200-1611] Setting target device to 'xcvu9p-flga2104-2-i'
Command       create_platform done; 2.08 sec.
Execute       source /afs/hep.wisc.edu/cms/sw/Xilinx/Vitis_HLS/2024.1/common/technology/xilinx/common/xilinx.gen 
Execute         source /afs/hep.wisc.edu/cms/sw/Xilinx/Vitis_HLS/2024.1/common/technology/xilinx/interface/plb46.gen 
Execute         source /afs/hep.wisc.edu/cms/sw/Xilinx/Vitis_HLS/2024.1/common/technology/xilinx/interface/axi4.gen 
Execute         source /afs/hep.wisc.edu/cms/sw/Xilinx/Vitis_HLS/2024.1/common/technology/xilinx/interface/nativeAXI4.gen 
Execute           source /afs/hep.wisc.edu/cms/sw/Xilinx/Vitis_HLS/2024.1/common/technology/xilinx/interface/saxilite.gen 
Execute         source /afs/hep.wisc.edu/cms/sw/Xilinx/Vitis_HLS/2024.1/common/technology/xilinx/scripts/xilinxcoregen.gen 
Execute         source /afs/hep.wisc.edu/cms/sw/Xilinx/Vitis_HLS/2024.1/common/technology/xilinx/interface/XilEDKCoreGen.gen 
Execute         source /afs/hep.wisc.edu/cms/sw/Xilinx/Vitis_HLS/2024.1/common/technology/xilinx/ip/dds_compiler.gen 
Execute         source /afs/hep.wisc.edu/cms/sw/Xilinx/Vitis_HLS/2024.1/common/technology/xilinx/ip/util.gen 
Execute         source /afs/hep.wisc.edu/cms/sw/Xilinx/Vitis_HLS/2024.1/common/technology/xilinx/ip/xfft.gen 
Command         ap_source done; 0.13 sec.
Execute         source /afs/hep.wisc.edu/cms/sw/Xilinx/Vitis_HLS/2024.1/common/technology/xilinx/ip/xfir.gen 
Execute         source /afs/hep.wisc.edu/cms/sw/Xilinx/Vitis_HLS/2024.1/common/technology/xilinx/DSP48/dsp48.gen 
Command       ap_source done; 0.17 sec.
Execute       ap_part_info -name xcvu9p-flga2104-2-i -data info 
Execute       config_compile -quiet -complex-mul-dsp=0 
Command     set_part done; 2.34 sec.
Execute     send_msg_by_id INFO @200-1465@%s 'package.output.format=ip_catalog' from /scratch/tsussman/lec6ex1/lec6ex1_config.cfg(5) 
INFO: [HLS 200-1465] Applying ini 'package.output.format=ip_catalog' from /scratch/tsussman/lec6ex1/lec6ex1_config.cfg(5)
Execute     config_export -format=ip_catalog 
Command   apply_ini done; 2.38 sec.
Execute   apply_ini /scratch/tsussman/lec6ex1/compute/hls/config.cmdline 
Execute   csim_design 
Execute     AP::app_get_file_relativeroot [AP::app_get_root] {}
Execute     AP::app_get_file_relativeroot [AP::app_get_root] {}
Execute     AP::app_get_file_relativeroot [AP::app_get_root] {}
INFO-FLOW: Running SLX 'csim' proc: ::SLX::run_csim
INFO: [SIM 211-2] *************** CSIM start ***************
INFO: [SIM 211-4] CSIM will launch CLANG as the compiler.
Execute     source csim/.lst_opt.tcl 
Execute     send_msg_by_id INFO @200-2036@%s debug 
INFO: [HLS 200-2036] Building debug C Simulation binaries
Execute     source /afs/hep.wisc.edu/cms/sw/Xilinx/Vitis_HLS/2024.1/tps/tcl/tcllib1.11.1/yaml/huddle.tcl 
Execute     source /afs/hep.wisc.edu/cms/sw/Xilinx/Vitis_HLS/2024.1/tps/tcl/tcllib1.11.1/yaml/json2huddle.tcl 
Execute     ap_part_info -name xcvu9p-flga2104-2-i -data info 
INFO-FLOW: AESL_CSIM::c_sim errorInfo:

    while executing
"::AESL_CSIM::c_sim "$argn" "
ERROR: [SIM 211-100] 'csim_design' failed: compilation error(s).
INFO: [SIM 211-3] *************** CSIM finish ***************
INFO-FLOW: AESL_CSIM::csim_cmd_wrap errorInfo:
4
    while executing
"::AESL_CSIM::csim_cmd_wrap $args"
INFO-FLOW: Caught error in csim_design: 4
    while executing
"ap_internal_csim_design "
Command   csim_design done; error code: 2; 4.61 sec.
Execute   close_project 
Execute     close_solution 
Execute       cleanup_all 
Execute       cleanup_all 
INFO-FLOW: Workspace /scratch/tsussman/lec6ex1/compute/hls opened at Tue Mar 17 14:12:44 CDT 2026
Execute     send_msg_by_id INFO @200-1505@%s%s default  vivado 
INFO: [HLS 200-1505] Using default flow_target 'vivado'
Execute   apply_ini /scratch/tsussman/lec6ex1/lec6ex1_config.cfg 
Execute     send_msg_by_id INFO @200-1465@%s 'syn.file=/scratch/tsussman/homework2/lec6ex1.cpp' from /scratch/tsussman/lec6ex1/lec6ex1_config.cfg(8) 
INFO: [HLS 200-1465] Applying ini 'syn.file=/scratch/tsussman/homework2/lec6ex1.cpp' from /scratch/tsussman/lec6ex1/lec6ex1_config.cfg(8)
Execute     add_files /scratch/tsussman/homework2/lec6ex1.cpp 
INFO: [HLS 200-10] Adding design file '/scratch/tsussman/homework2/lec6ex1.cpp' to the project
Execute     send_msg_by_id INFO @200-1465@%s 'tb.file=/scratch/tsussman/homework2/lec6ex1.cpp' from /scratch/tsussman/lec6ex1/lec6ex1_config.cfg(9) 
INFO: [HLS 200-1465] Applying ini 'tb.file=/scratch/tsussman/homework2/lec6ex1.cpp' from /scratch/tsussman/lec6ex1/lec6ex1_config.cfg(9)
Execute     add_files -tb /scratch/tsussman/homework2/lec6ex1.cpp 
INFO: [HLS 200-10] Adding test bench file '/scratch/tsussman/homework2/lec6ex1.cpp' to the project
Execute     send_msg_by_id INFO @200-1465@%s 'syn.top=compute' from /scratch/tsussman/lec6ex1/lec6ex1_config.cfg(7) 
INFO: [HLS 200-1465] Applying ini 'syn.top=compute' from /scratch/tsussman/lec6ex1/lec6ex1_config.cfg(7)
Execute     set_top compute 
Execute     send_msg_by_id INFO @200-1465@%s 'flow_target=vivado' from /scratch/tsussman/lec6ex1/lec6ex1_config.cfg(4) 
INFO: [HLS 200-1465] Applying ini 'flow_target=vivado' from /scratch/tsussman/lec6ex1/lec6ex1_config.cfg(4)
Execute     send_msg_by_id INFO @200-1505@%s%s  vivado 
INFO: [HLS 200-1505] Using flow_target 'vivado'
Execute     send_msg_by_id INFO @200-1465@%s 'part=xcvu9p-flga2104-2-i' from /scratch/tsussman/lec6ex1/lec6ex1_config.cfg(1) 
INFO: [HLS 200-1465] Applying ini 'part=xcvu9p-flga2104-2-i' from /scratch/tsussman/lec6ex1/lec6ex1_config.cfg(1)
Execute     set_part xcvu9p-flga2104-2-i 
Execute       create_platform xcvu9p-flga2104-2-i -board  
DBG:HLSDevice: Trying to load device library: /afs/hep.wisc.edu/cms/sw/Xilinx/Vitis_HLS/2024.1/lib/lnx64.o/libxv_hlsvwrap.so
DBG:HLSDevice: first parts/arch.xml in RDI_DATADIR: /afs/hep.wisc.edu/cms/sw/Xilinx/Vivado/2024.1/data/parts/arch.xml
DBG:HLSDevice: init success
INFO: [HLS 200-1611] Setting target device to 'xcvu9p-flga2104-2-i'
Command       create_platform done; 2.15 sec.
Execute       source /afs/hep.wisc.edu/cms/sw/Xilinx/Vitis_HLS/2024.1/common/technology/xilinx/common/xilinx.gen 
Execute         source /afs/hep.wisc.edu/cms/sw/Xilinx/Vitis_HLS/2024.1/common/technology/xilinx/interface/plb46.gen 
Execute         source /afs/hep.wisc.edu/cms/sw/Xilinx/Vitis_HLS/2024.1/common/technology/xilinx/interface/axi4.gen 
Execute         source /afs/hep.wisc.edu/cms/sw/Xilinx/Vitis_HLS/2024.1/common/technology/xilinx/interface/nativeAXI4.gen 
Execute           source /afs/hep.wisc.edu/cms/sw/Xilinx/Vitis_HLS/2024.1/common/technology/xilinx/interface/saxilite.gen 
Execute         source /afs/hep.wisc.edu/cms/sw/Xilinx/Vitis_HLS/2024.1/common/technology/xilinx/scripts/xilinxcoregen.gen 
Execute         source /afs/hep.wisc.edu/cms/sw/Xilinx/Vitis_HLS/2024.1/common/technology/xilinx/interface/XilEDKCoreGen.gen 
Execute         source /afs/hep.wisc.edu/cms/sw/Xilinx/Vitis_HLS/2024.1/common/technology/xilinx/ip/dds_compiler.gen 
Execute         source /afs/hep.wisc.edu/cms/sw/Xilinx/Vitis_HLS/2024.1/common/technology/xilinx/ip/util.gen 
Execute         source /afs/hep.wisc.edu/cms/sw/Xilinx/Vitis_HLS/2024.1/common/technology/xilinx/ip/xfft.gen 
Command         ap_source done; 0.13 sec.
Execute         source /afs/hep.wisc.edu/cms/sw/Xilinx/Vitis_HLS/2024.1/common/technology/xilinx/ip/xfir.gen 
Execute         source /afs/hep.wisc.edu/cms/sw/Xilinx/Vitis_HLS/2024.1/common/technology/xilinx/DSP48/dsp48.gen 
Command       ap_source done; 0.17 sec.
Execute       ap_part_info -name xcvu9p-flga2104-2-i -data info 
Execute       config_compile -quiet -complex-mul-dsp=0 
Command     set_part done; 2.37 sec.
Execute     send_msg_by_id INFO @200-1465@%s 'package.output.format=ip_catalog' from /scratch/tsussman/lec6ex1/lec6ex1_config.cfg(5) 
INFO: [HLS 200-1465] Applying ini 'package.output.format=ip_catalog' from /scratch/tsussman/lec6ex1/lec6ex1_config.cfg(5)
Execute     config_export -format=ip_catalog 
Command   apply_ini done; 2.4 sec.
Execute   apply_ini /scratch/tsussman/lec6ex1/compute/hls/config.cmdline 
Execute   csim_design 
Execute     AP::app_get_file_relativeroot [AP::app_get_root] {}
Execute     AP::app_get_file_relativeroot [AP::app_get_root] {}
Execute     AP::app_get_file_relativeroot [AP::app_get_root] {}
INFO-FLOW: Running SLX 'csim' proc: ::SLX::run_csim
INFO: [SIM 211-2] *************** CSIM start ***************
INFO: [SIM 211-4] CSIM will launch CLANG as the compiler.
Execute     source csim/.lst_opt.tcl 
Execute     send_msg_by_id INFO @200-2036@%s debug 
INFO: [HLS 200-2036] Building debug C Simulation binaries
Execute     source /afs/hep.wisc.edu/cms/sw/Xilinx/Vitis_HLS/2024.1/tps/tcl/tcllib1.11.1/yaml/huddle.tcl 
Execute     source /afs/hep.wisc.edu/cms/sw/Xilinx/Vitis_HLS/2024.1/tps/tcl/tcllib1.11.1/yaml/json2huddle.tcl 
Execute     ap_part_info -name xcvu9p-flga2104-2-i -data info 
INFO-FLOW: AESL_CSIM::c_sim errorInfo:

    while executing
"::AESL_CSIM::c_sim "$argn" "
ERROR: [SIM 211-100] 'csim_design' failed: compilation error(s).
INFO: [SIM 211-3] *************** CSIM finish ***************
INFO-FLOW: AESL_CSIM::csim_cmd_wrap errorInfo:
4
    while executing
"::AESL_CSIM::csim_cmd_wrap $args"
INFO-FLOW: Caught error in csim_design: 4
    while executing
"ap_internal_csim_design "
Command   csim_design done; error code: 2; 4.87 sec.
Execute   close_project 
Execute     close_solution 
Execute       cleanup_all 
Execute       cleanup_all 
INFO-FLOW: Workspace /scratch/tsussman/lec6ex1/compute/hls opened at Tue Mar 17 14:14:18 CDT 2026
Execute     send_msg_by_id INFO @200-1505@%s%s default  vivado 
INFO: [HLS 200-1505] Using default flow_target 'vivado'
Execute   apply_ini /scratch/tsussman/lec6ex1/lec6ex1_config.cfg 
Execute     send_msg_by_id INFO @200-1465@%s 'syn.file=/scratch/tsussman/homework2/lec6ex1.cpp' from /scratch/tsussman/lec6ex1/lec6ex1_config.cfg(8) 
INFO: [HLS 200-1465] Applying ini 'syn.file=/scratch/tsussman/homework2/lec6ex1.cpp' from /scratch/tsussman/lec6ex1/lec6ex1_config.cfg(8)
Execute     add_files /scratch/tsussman/homework2/lec6ex1.cpp 
INFO: [HLS 200-10] Adding design file '/scratch/tsussman/homework2/lec6ex1.cpp' to the project
Execute     send_msg_by_id INFO @200-1465@%s 'tb.file=/scratch/tsussman/homework2/lec6ex1.cpp' from /scratch/tsussman/lec6ex1/lec6ex1_config.cfg(9) 
INFO: [HLS 200-1465] Applying ini 'tb.file=/scratch/tsussman/homework2/lec6ex1.cpp' from /scratch/tsussman/lec6ex1/lec6ex1_config.cfg(9)
Execute     add_files -tb /scratch/tsussman/homework2/lec6ex1.cpp 
INFO: [HLS 200-10] Adding test bench file '/scratch/tsussman/homework2/lec6ex1.cpp' to the project
Execute     send_msg_by_id INFO @200-1465@%s 'syn.top=compute' from /scratch/tsussman/lec6ex1/lec6ex1_config.cfg(7) 
INFO: [HLS 200-1465] Applying ini 'syn.top=compute' from /scratch/tsussman/lec6ex1/lec6ex1_config.cfg(7)
Execute     set_top compute 
Execute     send_msg_by_id INFO @200-1465@%s 'flow_target=vivado' from /scratch/tsussman/lec6ex1/lec6ex1_config.cfg(4) 
INFO: [HLS 200-1465] Applying ini 'flow_target=vivado' from /scratch/tsussman/lec6ex1/lec6ex1_config.cfg(4)
Execute     send_msg_by_id INFO @200-1505@%s%s  vivado 
INFO: [HLS 200-1505] Using flow_target 'vivado'
Execute     send_msg_by_id INFO @200-1465@%s 'part=xcvu9p-flga2104-2-i' from /scratch/tsussman/lec6ex1/lec6ex1_config.cfg(1) 
INFO: [HLS 200-1465] Applying ini 'part=xcvu9p-flga2104-2-i' from /scratch/tsussman/lec6ex1/lec6ex1_config.cfg(1)
Execute     set_part xcvu9p-flga2104-2-i 
Execute       create_platform xcvu9p-flga2104-2-i -board  
DBG:HLSDevice: Trying to load device library: /afs/hep.wisc.edu/cms/sw/Xilinx/Vitis_HLS/2024.1/lib/lnx64.o/libxv_hlsvwrap.so
DBG:HLSDevice: first parts/arch.xml in RDI_DATADIR: /afs/hep.wisc.edu/cms/sw/Xilinx/Vivado/2024.1/data/parts/arch.xml
DBG:HLSDevice: init success
INFO: [HLS 200-1611] Setting target device to 'xcvu9p-flga2104-2-i'
Command       create_platform done; 2.16 sec.
Execute       source /afs/hep.wisc.edu/cms/sw/Xilinx/Vitis_HLS/2024.1/common/technology/xilinx/common/xilinx.gen 
Execute         source /afs/hep.wisc.edu/cms/sw/Xilinx/Vitis_HLS/2024.1/common/technology/xilinx/interface/plb46.gen 
Execute         source /afs/hep.wisc.edu/cms/sw/Xilinx/Vitis_HLS/2024.1/common/technology/xilinx/interface/axi4.gen 
Execute         source /afs/hep.wisc.edu/cms/sw/Xilinx/Vitis_HLS/2024.1/common/technology/xilinx/interface/nativeAXI4.gen 
Execute           source /afs/hep.wisc.edu/cms/sw/Xilinx/Vitis_HLS/2024.1/common/technology/xilinx/interface/saxilite.gen 
Execute         source /afs/hep.wisc.edu/cms/sw/Xilinx/Vitis_HLS/2024.1/common/technology/xilinx/scripts/xilinxcoregen.gen 
Execute         source /afs/hep.wisc.edu/cms/sw/Xilinx/Vitis_HLS/2024.1/common/technology/xilinx/interface/XilEDKCoreGen.gen 
Execute         source /afs/hep.wisc.edu/cms/sw/Xilinx/Vitis_HLS/2024.1/common/technology/xilinx/ip/dds_compiler.gen 
Execute         source /afs/hep.wisc.edu/cms/sw/Xilinx/Vitis_HLS/2024.1/common/technology/xilinx/ip/util.gen 
Execute         source /afs/hep.wisc.edu/cms/sw/Xilinx/Vitis_HLS/2024.1/common/technology/xilinx/ip/xfft.gen 
Command         ap_source done; 0.13 sec.
Execute         source /afs/hep.wisc.edu/cms/sw/Xilinx/Vitis_HLS/2024.1/common/technology/xilinx/ip/xfir.gen 
Execute         source /afs/hep.wisc.edu/cms/sw/Xilinx/Vitis_HLS/2024.1/common/technology/xilinx/DSP48/dsp48.gen 
Command       ap_source done; 0.16 sec.
Execute       ap_part_info -name xcvu9p-flga2104-2-i -data info 
Execute       config_compile -quiet -complex-mul-dsp=0 
Command     set_part done; 2.39 sec.
Execute     send_msg_by_id INFO @200-1465@%s 'package.output.format=ip_catalog' from /scratch/tsussman/lec6ex1/lec6ex1_config.cfg(5) 
INFO: [HLS 200-1465] Applying ini 'package.output.format=ip_catalog' from /scratch/tsussman/lec6ex1/lec6ex1_config.cfg(5)
Execute     config_export -format=ip_catalog 
Command   apply_ini done; 2.42 sec.
Execute   apply_ini /scratch/tsussman/lec6ex1/compute/hls/config.cmdline 
Execute   csim_design 
Execute     AP::app_get_file_relativeroot [AP::app_get_root] {}
Execute     AP::app_get_file_relativeroot [AP::app_get_root] {}
Execute     AP::app_get_file_relativeroot [AP::app_get_root] {}
INFO-FLOW: Running SLX 'csim' proc: ::SLX::run_csim
INFO: [SIM 211-2] *************** CSIM start ***************
INFO: [SIM 211-4] CSIM will launch CLANG as the compiler.
Execute     source csim/.lst_opt.tcl 
Execute     send_msg_by_id INFO @200-2036@%s debug 
INFO: [HLS 200-2036] Building debug C Simulation binaries
Execute     source /afs/hep.wisc.edu/cms/sw/Xilinx/Vitis_HLS/2024.1/tps/tcl/tcllib1.11.1/yaml/huddle.tcl 
Execute     source /afs/hep.wisc.edu/cms/sw/Xilinx/Vitis_HLS/2024.1/tps/tcl/tcllib1.11.1/yaml/json2huddle.tcl 
Execute     ap_part_info -name xcvu9p-flga2104-2-i -data info 
INFO-FLOW: AESL_CSIM::c_sim errorInfo:

    while executing
"::AESL_CSIM::c_sim "$argn" "
ERROR: [SIM 211-100] 'csim_design' failed: compilation error(s).
INFO: [SIM 211-3] *************** CSIM finish ***************
INFO-FLOW: AESL_CSIM::csim_cmd_wrap errorInfo:
4
    while executing
"::AESL_CSIM::csim_cmd_wrap $args"
INFO-FLOW: Caught error in csim_design: 4
    while executing
"ap_internal_csim_design "
Command   csim_design done; error code: 2; 4.79 sec.
Execute   close_project 
Execute     close_solution 
Execute       cleanup_all 
Execute       cleanup_all 
INFO-FLOW: Workspace /scratch/tsussman/lec6ex1/compute/hls opened at Tue Mar 17 14:15:41 CDT 2026
Execute     send_msg_by_id INFO @200-1505@%s%s default  vivado 
INFO: [HLS 200-1505] Using default flow_target 'vivado'
Execute   apply_ini /scratch/tsussman/lec6ex1/lec6ex1_config.cfg 
Execute     send_msg_by_id INFO @200-1465@%s 'syn.file=/scratch/tsussman/homework2/lec6ex1.cpp' from /scratch/tsussman/lec6ex1/lec6ex1_config.cfg(8) 
INFO: [HLS 200-1465] Applying ini 'syn.file=/scratch/tsussman/homework2/lec6ex1.cpp' from /scratch/tsussman/lec6ex1/lec6ex1_config.cfg(8)
Execute     add_files /scratch/tsussman/homework2/lec6ex1.cpp 
INFO: [HLS 200-10] Adding design file '/scratch/tsussman/homework2/lec6ex1.cpp' to the project
Execute     send_msg_by_id INFO @200-1465@%s 'tb.file=/scratch/tsussman/homework2/lec6ex1.cpp' from /scratch/tsussman/lec6ex1/lec6ex1_config.cfg(9) 
INFO: [HLS 200-1465] Applying ini 'tb.file=/scratch/tsussman/homework2/lec6ex1.cpp' from /scratch/tsussman/lec6ex1/lec6ex1_config.cfg(9)
Execute     add_files -tb /scratch/tsussman/homework2/lec6ex1.cpp 
INFO: [HLS 200-10] Adding test bench file '/scratch/tsussman/homework2/lec6ex1.cpp' to the project
Execute     send_msg_by_id INFO @200-1465@%s 'syn.top=compute' from /scratch/tsussman/lec6ex1/lec6ex1_config.cfg(7) 
INFO: [HLS 200-1465] Applying ini 'syn.top=compute' from /scratch/tsussman/lec6ex1/lec6ex1_config.cfg(7)
Execute     set_top compute 
Execute     send_msg_by_id INFO @200-1465@%s 'flow_target=vivado' from /scratch/tsussman/lec6ex1/lec6ex1_config.cfg(4) 
INFO: [HLS 200-1465] Applying ini 'flow_target=vivado' from /scratch/tsussman/lec6ex1/lec6ex1_config.cfg(4)
Execute     send_msg_by_id INFO @200-1505@%s%s  vivado 
INFO: [HLS 200-1505] Using flow_target 'vivado'
Execute     send_msg_by_id INFO @200-1465@%s 'part=xcvu9p-flga2104-2-i' from /scratch/tsussman/lec6ex1/lec6ex1_config.cfg(1) 
INFO: [HLS 200-1465] Applying ini 'part=xcvu9p-flga2104-2-i' from /scratch/tsussman/lec6ex1/lec6ex1_config.cfg(1)
Execute     set_part xcvu9p-flga2104-2-i 
Execute       create_platform xcvu9p-flga2104-2-i -board  
DBG:HLSDevice: Trying to load device library: /afs/hep.wisc.edu/cms/sw/Xilinx/Vitis_HLS/2024.1/lib/lnx64.o/libxv_hlsvwrap.so
DBG:HLSDevice: first parts/arch.xml in RDI_DATADIR: /afs/hep.wisc.edu/cms/sw/Xilinx/Vivado/2024.1/data/parts/arch.xml
DBG:HLSDevice: init success
INFO: [HLS 200-1611] Setting target device to 'xcvu9p-flga2104-2-i'
Command       create_platform done; 2.21 sec.
Execute       source /afs/hep.wisc.edu/cms/sw/Xilinx/Vitis_HLS/2024.1/common/technology/xilinx/common/xilinx.gen 
Execute         source /afs/hep.wisc.edu/cms/sw/Xilinx/Vitis_HLS/2024.1/common/technology/xilinx/interface/plb46.gen 
Execute         source /afs/hep.wisc.edu/cms/sw/Xilinx/Vitis_HLS/2024.1/common/technology/xilinx/interface/axi4.gen 
Execute         source /afs/hep.wisc.edu/cms/sw/Xilinx/Vitis_HLS/2024.1/common/technology/xilinx/interface/nativeAXI4.gen 
Execute           source /afs/hep.wisc.edu/cms/sw/Xilinx/Vitis_HLS/2024.1/common/technology/xilinx/interface/saxilite.gen 
Execute         source /afs/hep.wisc.edu/cms/sw/Xilinx/Vitis_HLS/2024.1/common/technology/xilinx/scripts/xilinxcoregen.gen 
Execute         source /afs/hep.wisc.edu/cms/sw/Xilinx/Vitis_HLS/2024.1/common/technology/xilinx/interface/XilEDKCoreGen.gen 
Execute         source /afs/hep.wisc.edu/cms/sw/Xilinx/Vitis_HLS/2024.1/common/technology/xilinx/ip/dds_compiler.gen 
Execute         source /afs/hep.wisc.edu/cms/sw/Xilinx/Vitis_HLS/2024.1/common/technology/xilinx/ip/util.gen 
Execute         source /afs/hep.wisc.edu/cms/sw/Xilinx/Vitis_HLS/2024.1/common/technology/xilinx/ip/xfft.gen 
Command         ap_source done; 0.14 sec.
Execute         source /afs/hep.wisc.edu/cms/sw/Xilinx/Vitis_HLS/2024.1/common/technology/xilinx/ip/xfir.gen 
Execute         source /afs/hep.wisc.edu/cms/sw/Xilinx/Vitis_HLS/2024.1/common/technology/xilinx/DSP48/dsp48.gen 
Command       ap_source done; 0.17 sec.
Execute       ap_part_info -name xcvu9p-flga2104-2-i -data info 
Execute       config_compile -quiet -complex-mul-dsp=0 
Command     set_part done; 2.43 sec.
Execute     send_msg_by_id INFO @200-1465@%s 'package.output.format=ip_catalog' from /scratch/tsussman/lec6ex1/lec6ex1_config.cfg(5) 
INFO: [HLS 200-1465] Applying ini 'package.output.format=ip_catalog' from /scratch/tsussman/lec6ex1/lec6ex1_config.cfg(5)
Execute     config_export -format=ip_catalog 
Command   apply_ini done; 2.46 sec.
Execute   apply_ini /scratch/tsussman/lec6ex1/compute/hls/config.cmdline 
Execute   csim_design 
Execute     AP::app_get_file_relativeroot [AP::app_get_root] {}
Execute     AP::app_get_file_relativeroot [AP::app_get_root] {}
Execute     AP::app_get_file_relativeroot [AP::app_get_root] {}
INFO-FLOW: Running SLX 'csim' proc: ::SLX::run_csim
INFO: [SIM 211-2] *************** CSIM start ***************
INFO: [SIM 211-4] CSIM will launch CLANG as the compiler.
Execute     source csim/.lst_opt.tcl 
Execute     send_msg_by_id INFO @200-2036@%s debug 
INFO: [HLS 200-2036] Building debug C Simulation binaries
Execute     source /afs/hep.wisc.edu/cms/sw/Xilinx/Vitis_HLS/2024.1/tps/tcl/tcllib1.11.1/yaml/huddle.tcl 
Execute     source /afs/hep.wisc.edu/cms/sw/Xilinx/Vitis_HLS/2024.1/tps/tcl/tcllib1.11.1/yaml/json2huddle.tcl 
Execute     ap_part_info -name xcvu9p-flga2104-2-i -data info 
INFO-FLOW: AESL_CSIM::c_sim errorInfo:

    while executing
"::AESL_CSIM::c_sim "$argn" "
ERROR: [SIM 211-100] 'csim_design' failed: compilation error(s).
INFO: [SIM 211-3] *************** CSIM finish ***************
INFO-FLOW: AESL_CSIM::csim_cmd_wrap errorInfo:
4
    while executing
"::AESL_CSIM::csim_cmd_wrap $args"
INFO-FLOW: Caught error in csim_design: 4
    while executing
"ap_internal_csim_design "
Command   csim_design done; error code: 2; 4.62 sec.
Execute   close_project 
Execute     close_solution 
Execute       cleanup_all 
Execute       cleanup_all 
INFO-FLOW: Workspace /scratch/tsussman/lec6ex1/compute/hls opened at Tue Mar 17 14:16:53 CDT 2026
Execute     send_msg_by_id INFO @200-1505@%s%s default  vivado 
INFO: [HLS 200-1505] Using default flow_target 'vivado'
Execute   apply_ini /scratch/tsussman/lec6ex1/lec6ex1_config.cfg 
Execute     send_msg_by_id INFO @200-1465@%s 'syn.file=/scratch/tsussman/homework2/lec6ex1.cpp' from /scratch/tsussman/lec6ex1/lec6ex1_config.cfg(8) 
INFO: [HLS 200-1465] Applying ini 'syn.file=/scratch/tsussman/homework2/lec6ex1.cpp' from /scratch/tsussman/lec6ex1/lec6ex1_config.cfg(8)
Execute     add_files /scratch/tsussman/homework2/lec6ex1.cpp 
INFO: [HLS 200-10] Adding design file '/scratch/tsussman/homework2/lec6ex1.cpp' to the project
Execute     send_msg_by_id INFO @200-1465@%s 'tb.file=/scratch/tsussman/homework2/lec6ex1.cpp' from /scratch/tsussman/lec6ex1/lec6ex1_config.cfg(9) 
INFO: [HLS 200-1465] Applying ini 'tb.file=/scratch/tsussman/homework2/lec6ex1.cpp' from /scratch/tsussman/lec6ex1/lec6ex1_config.cfg(9)
Execute     add_files -tb /scratch/tsussman/homework2/lec6ex1.cpp 
INFO: [HLS 200-10] Adding test bench file '/scratch/tsussman/homework2/lec6ex1.cpp' to the project
Execute     send_msg_by_id INFO @200-1465@%s 'syn.top=compute' from /scratch/tsussman/lec6ex1/lec6ex1_config.cfg(7) 
INFO: [HLS 200-1465] Applying ini 'syn.top=compute' from /scratch/tsussman/lec6ex1/lec6ex1_config.cfg(7)
Execute     set_top compute 
Execute     send_msg_by_id INFO @200-1465@%s 'flow_target=vivado' from /scratch/tsussman/lec6ex1/lec6ex1_config.cfg(4) 
INFO: [HLS 200-1465] Applying ini 'flow_target=vivado' from /scratch/tsussman/lec6ex1/lec6ex1_config.cfg(4)
Execute     send_msg_by_id INFO @200-1505@%s%s  vivado 
INFO: [HLS 200-1505] Using flow_target 'vivado'
Execute     send_msg_by_id INFO @200-1465@%s 'part=xcvu9p-flga2104-2-i' from /scratch/tsussman/lec6ex1/lec6ex1_config.cfg(1) 
INFO: [HLS 200-1465] Applying ini 'part=xcvu9p-flga2104-2-i' from /scratch/tsussman/lec6ex1/lec6ex1_config.cfg(1)
Execute     set_part xcvu9p-flga2104-2-i 
Execute       create_platform xcvu9p-flga2104-2-i -board  
DBG:HLSDevice: Trying to load device library: /afs/hep.wisc.edu/cms/sw/Xilinx/Vitis_HLS/2024.1/lib/lnx64.o/libxv_hlsvwrap.so
DBG:HLSDevice: first parts/arch.xml in RDI_DATADIR: /afs/hep.wisc.edu/cms/sw/Xilinx/Vivado/2024.1/data/parts/arch.xml
DBG:HLSDevice: init success
INFO: [HLS 200-1611] Setting target device to 'xcvu9p-flga2104-2-i'
Command       create_platform done; 2.2 sec.
Execute       source /afs/hep.wisc.edu/cms/sw/Xilinx/Vitis_HLS/2024.1/common/technology/xilinx/common/xilinx.gen 
Execute         source /afs/hep.wisc.edu/cms/sw/Xilinx/Vitis_HLS/2024.1/common/technology/xilinx/interface/plb46.gen 
Execute         source /afs/hep.wisc.edu/cms/sw/Xilinx/Vitis_HLS/2024.1/common/technology/xilinx/interface/axi4.gen 
Execute         source /afs/hep.wisc.edu/cms/sw/Xilinx/Vitis_HLS/2024.1/common/technology/xilinx/interface/nativeAXI4.gen 
Execute           source /afs/hep.wisc.edu/cms/sw/Xilinx/Vitis_HLS/2024.1/common/technology/xilinx/interface/saxilite.gen 
Execute         source /afs/hep.wisc.edu/cms/sw/Xilinx/Vitis_HLS/2024.1/common/technology/xilinx/scripts/xilinxcoregen.gen 
Execute         source /afs/hep.wisc.edu/cms/sw/Xilinx/Vitis_HLS/2024.1/common/technology/xilinx/interface/XilEDKCoreGen.gen 
Execute         source /afs/hep.wisc.edu/cms/sw/Xilinx/Vitis_HLS/2024.1/common/technology/xilinx/ip/dds_compiler.gen 
Execute         source /afs/hep.wisc.edu/cms/sw/Xilinx/Vitis_HLS/2024.1/common/technology/xilinx/ip/util.gen 
Execute         source /afs/hep.wisc.edu/cms/sw/Xilinx/Vitis_HLS/2024.1/common/technology/xilinx/ip/xfft.gen 
Command         ap_source done; 0.14 sec.
Execute         source /afs/hep.wisc.edu/cms/sw/Xilinx/Vitis_HLS/2024.1/common/technology/xilinx/ip/xfir.gen 
Execute         source /afs/hep.wisc.edu/cms/sw/Xilinx/Vitis_HLS/2024.1/common/technology/xilinx/DSP48/dsp48.gen 
Command       ap_source done; 0.17 sec.
Execute       ap_part_info -name xcvu9p-flga2104-2-i -data info 
Execute       config_compile -quiet -complex-mul-dsp=0 
Command     set_part done; 2.48 sec.
Execute     send_msg_by_id INFO @200-1465@%s 'package.output.format=ip_catalog' from /scratch/tsussman/lec6ex1/lec6ex1_config.cfg(5) 
INFO: [HLS 200-1465] Applying ini 'package.output.format=ip_catalog' from /scratch/tsussman/lec6ex1/lec6ex1_config.cfg(5)
Execute     config_export -format=ip_catalog 
Command   apply_ini done; 2.5 sec.
Execute   apply_ini /scratch/tsussman/lec6ex1/compute/hls/config.cmdline 
Execute   csim_design 
Execute     AP::app_get_file_relativeroot [AP::app_get_root] {}
Execute     AP::app_get_file_relativeroot [AP::app_get_root] {}
Execute     AP::app_get_file_relativeroot [AP::app_get_root] {}
INFO-FLOW: Running SLX 'csim' proc: ::SLX::run_csim
INFO: [SIM 211-2] *************** CSIM start ***************
INFO: [SIM 211-4] CSIM will launch CLANG as the compiler.
Execute     source csim/.lst_opt.tcl 
Execute     send_msg_by_id INFO @200-2036@%s debug 
INFO: [HLS 200-2036] Building debug C Simulation binaries
Execute     source /afs/hep.wisc.edu/cms/sw/Xilinx/Vitis_HLS/2024.1/tps/tcl/tcllib1.11.1/yaml/huddle.tcl 
Execute     source /afs/hep.wisc.edu/cms/sw/Xilinx/Vitis_HLS/2024.1/tps/tcl/tcllib1.11.1/yaml/json2huddle.tcl 
Execute     ap_part_info -name xcvu9p-flga2104-2-i -data info 
INFO-FLOW: AESL_CSIM::c_sim errorInfo:

    while executing
"::AESL_CSIM::c_sim "$argn" "
ERROR: [SIM 211-100] 'csim_design' failed: compilation error(s).
INFO: [SIM 211-3] *************** CSIM finish ***************
INFO-FLOW: AESL_CSIM::csim_cmd_wrap errorInfo:
4
    while executing
"::AESL_CSIM::csim_cmd_wrap $args"
INFO-FLOW: Caught error in csim_design: 4
    while executing
"ap_internal_csim_design "
Command   csim_design done; error code: 2; 4.78 sec.
Execute   close_project 
Execute     close_solution 
Execute       cleanup_all 
Execute       cleanup_all 
