INFO-FLOW: Workspace /scratch/tsussman/matrix_mult/matrix_mult/hls opened at Tue Mar 17 11:13:15 CDT 2026
Execute     send_msg_by_id INFO @200-1505@%s%s default  vivado 
INFO: [HLS 200-1505] Using default flow_target 'vivado'
Execute   apply_ini /scratch/tsussman/matrix_mult/matrix_mult_config.cfg 
Execute     send_msg_by_id INFO @200-1465@%s 'syn.file=/scratch/tsussman/matrix_mult.cpp' from /scratch/tsussman/matrix_mult/matrix_mult_config.cfg(8) 
INFO: [HLS 200-1465] Applying ini 'syn.file=/scratch/tsussman/matrix_mult.cpp' from /scratch/tsussman/matrix_mult/matrix_mult_config.cfg(8)
Execute     add_files /scratch/tsussman/matrix_mult.cpp 
INFO: [HLS 200-10] Adding design file '/scratch/tsussman/matrix_mult.cpp' to the project
Execute     send_msg_by_id INFO @200-1465@%s 'tb.file=/scratch/tsussman/matrix_mult_tb.cpp' from /scratch/tsussman/matrix_mult/matrix_mult_config.cfg(9) 
INFO: [HLS 200-1465] Applying ini 'tb.file=/scratch/tsussman/matrix_mult_tb.cpp' from /scratch/tsussman/matrix_mult/matrix_mult_config.cfg(9)
Execute     add_files -tb /scratch/tsussman/matrix_mult_tb.cpp 
INFO: [HLS 200-10] Adding test bench file '/scratch/tsussman/matrix_mult_tb.cpp' to the project
Execute     send_msg_by_id INFO @200-1465@%s 'syn.top=matrix_mult' from /scratch/tsussman/matrix_mult/matrix_mult_config.cfg(7) 
INFO: [HLS 200-1465] Applying ini 'syn.top=matrix_mult' from /scratch/tsussman/matrix_mult/matrix_mult_config.cfg(7)
Execute     set_top matrix_mult 
Execute     send_msg_by_id INFO @200-1465@%s 'flow_target=vivado' from /scratch/tsussman/matrix_mult/matrix_mult_config.cfg(4) 
INFO: [HLS 200-1465] Applying ini 'flow_target=vivado' from /scratch/tsussman/matrix_mult/matrix_mult_config.cfg(4)
Execute     send_msg_by_id INFO @200-1505@%s%s  vivado 
INFO: [HLS 200-1505] Using flow_target 'vivado'
Execute     send_msg_by_id INFO @200-1465@%s 'part=xcvu9p-flga2104-2-i' from /scratch/tsussman/matrix_mult/matrix_mult_config.cfg(1) 
INFO: [HLS 200-1465] Applying ini 'part=xcvu9p-flga2104-2-i' from /scratch/tsussman/matrix_mult/matrix_mult_config.cfg(1)
Execute     set_part xcvu9p-flga2104-2-i 
Execute       create_platform xcvu9p-flga2104-2-i -board  
DBG:HLSDevice: Trying to load device library: /afs/hep.wisc.edu/cms/sw/Xilinx/Vitis_HLS/2024.1/lib/lnx64.o/libxv_hlsvwrap.so
DBG:HLSDevice: first parts/arch.xml in RDI_DATADIR: /afs/hep.wisc.edu/cms/sw/Xilinx/Vivado/2024.1/data/parts/arch.xml
DBG:HLSDevice: init success
INFO: [HLS 200-1611] Setting target device to 'xcvu9p-flga2104-2-i'
Command       create_platform done; 2.12 sec.
Execute       source /afs/hep.wisc.edu/cms/sw/Xilinx/Vitis_HLS/2024.1/common/technology/xilinx/common/xilinx.gen 
Execute         source /afs/hep.wisc.edu/cms/sw/Xilinx/Vitis_HLS/2024.1/common/technology/xilinx/interface/plb46.gen 
Execute         source /afs/hep.wisc.edu/cms/sw/Xilinx/Vitis_HLS/2024.1/common/technology/xilinx/interface/axi4.gen 
Execute         source /afs/hep.wisc.edu/cms/sw/Xilinx/Vitis_HLS/2024.1/common/technology/xilinx/interface/nativeAXI4.gen 
Execute           source /afs/hep.wisc.edu/cms/sw/Xilinx/Vitis_HLS/2024.1/common/technology/xilinx/interface/saxilite.gen 
Execute         source /afs/hep.wisc.edu/cms/sw/Xilinx/Vitis_HLS/2024.1/common/technology/xilinx/scripts/xilinxcoregen.gen 
Execute         source /afs/hep.wisc.edu/cms/sw/Xilinx/Vitis_HLS/2024.1/common/technology/xilinx/interface/XilEDKCoreGen.gen 
Execute         source /afs/hep.wisc.edu/cms/sw/Xilinx/Vitis_HLS/2024.1/common/technology/xilinx/ip/dds_compiler.gen 
Execute         source /afs/hep.wisc.edu/cms/sw/Xilinx/Vitis_HLS/2024.1/common/technology/xilinx/ip/util.gen 
Execute         source /afs/hep.wisc.edu/cms/sw/Xilinx/Vitis_HLS/2024.1/common/technology/xilinx/ip/xfft.gen 
Command         ap_source done; 0.14 sec.
Execute         source /afs/hep.wisc.edu/cms/sw/Xilinx/Vitis_HLS/2024.1/common/technology/xilinx/ip/xfir.gen 
Execute         source /afs/hep.wisc.edu/cms/sw/Xilinx/Vitis_HLS/2024.1/common/technology/xilinx/DSP48/dsp48.gen 
Command       ap_source done; 0.17 sec.
Execute       ap_part_info -name xcvu9p-flga2104-2-i -data info 
Execute       config_compile -quiet -complex-mul-dsp=0 
Command     set_part done; 2.5 sec.
Execute     send_msg_by_id INFO @200-1465@%s 'package.output.format=ip_catalog' from /scratch/tsussman/matrix_mult/matrix_mult_config.cfg(5) 
INFO: [HLS 200-1465] Applying ini 'package.output.format=ip_catalog' from /scratch/tsussman/matrix_mult/matrix_mult_config.cfg(5)
Execute     config_export -format=ip_catalog 
Command   apply_ini done; 2.52 sec.
Execute   apply_ini /scratch/tsussman/matrix_mult/matrix_mult/hls/config.cmdline 
Execute   csynth_design 
Execute     AP::app_get_file_relativeroot [AP::app_get_root] {}
Execute     AP::app_get_file_relativeroot [AP::app_get_root] {}
Execute     AP::app_get_file_relativeroot [AP::app_get_root] {}
INFO-FLOW: Running SLX 'csynth' proc: ::SLX::run_csynth
Execute     elaborate -effort=medium -skip_syncheck=0 -keep_printf=0 -skip_cdt=0 -skip_transform=0 -ng=0 -g=0 -opt_fp=0 -from_csynth_design=1 
INFO: [HLS 200-111] Finished File checks and directory preparation: CPU user time: 6.79 seconds. CPU system time: 0.98 seconds. Elapsed time: 7.64 seconds; current allocated memory: 287.324 MB.
Execute       set_directive_top matrix_mult -name=matrix_mult 
Execute       source /afs/hep.wisc.edu/cms/sw/Xilinx/Vitis_HLS/2024.1/tps/tcl/tcllib1.11.1/yaml/huddle.tcl 
Execute       source /afs/hep.wisc.edu/cms/sw/Xilinx/Vitis_HLS/2024.1/tps/tcl/tcllib1.11.1/yaml/json2huddle.tcl 
INFO: [HLS 200-10] Analyzing design file '../matrix_mult.cpp' ... 
INFO-FLOW: Compiling one TU...
INFO-FLOW: Handling ../matrix_mult.cpp as C++
Execute       ap_part_info -name xcvu9p-flga2104-2-i -data info 
INFO-FLOW: Running: GCC PP 39
INFO-FLOW: Source preprocessing
INFO-FLOW: run_clang exec: /afs/hep.wisc.edu/cms/sw/Xilinx/Vitis_HLS/2024.1/lnx64/tools/clang-3.9-csynth/bin/clang ../matrix_mult.cpp -foptimization-record-file=/scratch/tsussman/matrix_mult/matrix_mult/hls/.autopilot/db/matrix_mult.cpp.clang.diag.yml -mllvm -pass-remarks-missed=reflow|pasta|unroll -mllvm -pass-remarks=reflow|pasta|unroll|inline -fno-limit-debug-info -gcc-toolchain /afs/hep.wisc.edu/cms/sw/Xilinx/Vitis_HLS/2024.1/tps/lnx64/gcc-8.3.0 -fhls -fno-exceptions -insert-hls-directive=/scratch/tsussman/matrix_mult/matrix_mult/hls/.autopilot/db/all.directive.json -E -fno-math-errno -c -emit-llvm -mllvm -disable-llvm-optzns -Werror=implicit-function-declaration -Werror=implicit-hls-streams -Werror=return-type -Wpragmas -Wunused-parameter -Wdump-hls-pragmas -Wno-error=dump-hls-pragmas -hls-clock-period=10 -fno-threadsafe-statics -fno-use-cxa-atexit -std=gnu++14 -target fpga64-xilinx-linux-gnu -fno-threadsafe-statics -fno-use-cxa-atexit -D__VITIS_HLS__ -DAESL_SYN -D__SYNTHESIS__ -D__HLS_SYN__ -I /afs/hep.wisc.edu/cms/sw/Xilinx/Vitis_HLS/2024.1/common/technology/autopilot -I /afs/hep.wisc.edu/cms/sw/Xilinx/Vitis_HLS/2024.1/common/technology/autopilot/ap_sysc -include etc/autopilot_ssdm_op.h -D__DSP48E2__ -I /usr/include/x86_64-linux-gnu -o /scratch/tsussman/matrix_mult/matrix_mult/hls/.autopilot/db/matrix_mult.pp.0.cpp -hls-platform-db-name=/afs/hep.wisc.edu/cms/sw/Xilinx/Vitis_HLS/2024.1/common/technology/xilinx/common/platform.db -hls-platform-name=virtexuplus_medium -device-resource-info=BRAM_4320.000000_DSP_6840.000000_FF_2364480.000000_LUT_1182240.000000_SLICE_147780.000000_SLR_3.000000_URAM_960.000000 -device-name-info=xcvu9p-flga2104-2-i > /scratch/tsussman/matrix_mult/matrix_mult/hls/.autopilot/db/matrix_mult.cpp.clang.out.log 2> /scratch/tsussman/matrix_mult/matrix_mult/hls/.autopilot/db/matrix_mult.cpp.clang.err.log
INFO-FLOW: Done: GCC PP 39 time: 0.5 seconds per iteration
INFO-FLOW: Source syntax check for synthesis
INFO-FLOW: run_clang exec: /afs/hep.wisc.edu/cms/sw/Xilinx/Vitis_HLS/2024.1/lnx64/tools/clang-3.9-csynth/bin/clang -foptimization-record-file=/scratch/tsussman/matrix_mult/matrix_mult/hls/.autopilot/db/clang.diag.yml -mllvm -pass-remarks-missed=reflow|pasta|unroll -mllvm -pass-remarks=reflow|pasta|unroll|inline -fsyntax-only -fhls -target fpga64-xilinx-linux-gnu /scratch/tsussman/matrix_mult/matrix_mult/hls/.autopilot/db/matrix_mult.pp.0.cpp -hls-platform-db-name=/afs/hep.wisc.edu/cms/sw/Xilinx/Vitis_HLS/2024.1/common/technology/xilinx/common/platform.db -hls-platform-name=virtexuplus_medium -device-resource-info=BRAM_4320.000000_DSP_6840.000000_FF_2364480.000000_LUT_1182240.000000_SLICE_147780.000000_SLR_3.000000_URAM_960.000000 -device-name-info=xcvu9p-flga2104-2-i > /scratch/tsussman/matrix_mult/matrix_mult/hls/.autopilot/db/clang.out.log 2> /scratch/tsussman/matrix_mult/matrix_mult/hls/.autopilot/db/clang.err.log
Execute       clang_tidy xilinx-systemc-detector -desc systemc-detector /scratch/tsussman/matrix_mult/matrix_mult/hls/.autopilot/db/matrix_mult.pp.0.cpp std=gnu++14 -target fpga  -directive=/scratch/tsussman/matrix_mult/matrix_mult/hls/.autopilot/db/.systemc_flag 
INFO-FLOW: exec /afs/hep.wisc.edu/cms/sw/Xilinx/Vitis_HLS/2024.1/lnx64/tools/clang-3.9-csynth/bin/clang-tidy -header-filter=.* --checks=-*,xilinx-systemc-detector -import-directive=/scratch/tsussman/matrix_mult/matrix_mult/hls/.autopilot/db/.systemc_flag -fix-errors /scratch/tsussman/matrix_mult/matrix_mult/hls/.autopilot/db/matrix_mult.pp.0.cpp -- -std=gnu++14 -target fpga -fhls -ferror-limit=0
Command       clang_tidy done; 0.44 sec.
INFO-FLOW: Running: clang-tidy CDT preprocess 39
Execute       clang_tidy xilinx-directive2pragma -desc directive2pragma /scratch/tsussman/matrix_mult/matrix_mult/hls/.autopilot/db/matrix_mult.pp.0.cpp std=gnu++14 -target fpga  -directive=/scratch/tsussman/matrix_mult/matrix_mult/hls/.autopilot/db/all.directive.json 
INFO-FLOW: exec /afs/hep.wisc.edu/cms/sw/Xilinx/Vitis_HLS/2024.1/lnx64/tools/clang-3.9-csynth/bin/clang-tidy -header-filter=.* --checks=-*,xilinx-directive2pragma -import-directive=/scratch/tsussman/matrix_mult/matrix_mult/hls/.autopilot/db/all.directive.json -fix-errors /scratch/tsussman/matrix_mult/matrix_mult/hls/.autopilot/db/matrix_mult.pp.0.cpp -- -std=gnu++14 -target fpga -fhls -ferror-limit=0
Command       clang_tidy done; 0.69 sec.
INFO-FLOW: Done: clang-tidy CDT preprocess 39 time: 0.7 seconds per iteration
INFO-FLOW: Calling xilinx-label-all-loops ... 
INFO-FLOW: Calling xilinx-aggregate-on-hls-vector ... 
Execute       clang_tidy -errorcheck -desc loop-label xilinx-label-all-loops,xilinx-aggregate-on-hls-vector,,xilinx-warn-mayneed-no-ctor-attribute /scratch/tsussman/matrix_mult/matrix_mult/hls/.autopilot/db/matrix_mult.pp.0.cpp std=gnu++14 -target fpga  
INFO-FLOW: run_clang exec: /afs/hep.wisc.edu/cms/sw/Xilinx/Vitis_HLS/2024.1/lnx64/tools/clang-3.9-csynth/bin/clang-tidy -export-fixes=/scratch/tsussman/matrix_mult/matrix_mult/hls/.autopilot/db/matrix_mult.pp.0.cpp.clang-tidy.loop-label.diag.yml -header-filter=.* --checks=-*,xilinx-label-all-loops,xilinx-aggregate-on-hls-vector,,xilinx-warn-mayneed-no-ctor-attribute -fix-errors /scratch/tsussman/matrix_mult/matrix_mult/hls/.autopilot/db/matrix_mult.pp.0.cpp -- -std=gnu++14 -target fpga -fhls -ferror-limit=0 > /scratch/tsussman/matrix_mult/matrix_mult/hls/.autopilot/db/matrix_mult.pp.0.cpp.clang-tidy.loop-label.out.log 2> /scratch/tsussman/matrix_mult/matrix_mult/hls/.autopilot/db/matrix_mult.pp.0.cpp.clang-tidy.loop-label.err.log
Execute         source /afs/hep.wisc.edu/cms/sw/Xilinx/Vitis_HLS/2024.1/tps/tcl/tcllib1.11.1/yaml/yaml.tcl 
Command       clang_tidy done; 0.83 sec.
INFO-FLOW: run_clang exec: /afs/hep.wisc.edu/cms/sw/Xilinx/Vitis_HLS/2024.1/lnx64/tools/clang-3.9-csynth/bin/xilinx-dataflow-lawyer -export-fixes=/scratch/tsussman/matrix_mult/matrix_mult/hls/.autopilot/db/matrix_mult.pp.0.cpp.xilinx-dataflow-lawyer.diag.yml /scratch/tsussman/matrix_mult/matrix_mult/hls/.autopilot/db/matrix_mult.pp.0.cpp -- -std=gnu++14 -target fpga -fhls -ferror-limit=0 -fstrict-dataflow > /scratch/tsussman/matrix_mult/matrix_mult/hls/.autopilot/db/matrix_mult.pp.0.cpp.xilinx-dataflow-lawyer.out.log 2> /scratch/tsussman/matrix_mult/matrix_mult/hls/.autopilot/db/matrix_mult.pp.0.cpp.xilinx-dataflow-lawyer.err.log
Execute       ap_part_info -name xcvu9p-flga2104-2-i -data info 
INFO-FLOW: compiling source code to llvm bc
INFO-FLOW: run_clang exec: /afs/hep.wisc.edu/cms/sw/Xilinx/Vitis_HLS/2024.1/lnx64/tools/clang-3.9-csynth/bin/clang -foptimization-record-file=/scratch/tsussman/matrix_mult/matrix_mult/hls/.autopilot/db/matrix_mult.pp.0.cpp.clang.diag.yml -mllvm -pass-remarks-missed=reflow|pasta|unroll -mllvm -pass-remarks=reflow|pasta|unroll|inline -fno-limit-debug-info -fhls -flto -fno-exceptions -Wno-error=c++11-narrowing -hls-emit-hint-scope /scratch/tsussman/matrix_mult/matrix_mult/hls/.autopilot/db/matrix_mult.pp.0.cpp -fno-math-errno -c -emit-llvm -mllvm -disable-llvm-optzns -Werror=implicit-function-declaration -Werror=implicit-hls-streams -Werror=return-type -Wpragmas -Wunused-parameter -Wdump-hls-pragmas -Wno-error=dump-hls-pragmas -hls-clock-period=10 -fno-threadsafe-statics -fno-use-cxa-atexit -std=gnu++14 -target fpga64-xilinx-linux-gnu -D__VITIS_HLS__ -DAESL_SYN -D__SYNTHESIS__ -D__HLS_SYN__ -I /afs/hep.wisc.edu/cms/sw/Xilinx/Vitis_HLS/2024.1/common/technology/autopilot -I /afs/hep.wisc.edu/cms/sw/Xilinx/Vitis_HLS/2024.1/common/technology/autopilot/ap_sysc -include etc/autopilot_ssdm_op.h -D__DSP48E2__ -g -o /scratch/tsussman/matrix_mult/matrix_mult/hls/.autopilot/db/matrix_mult.bc -hls-platform-db-name=/afs/hep.wisc.edu/cms/sw/Xilinx/Vitis_HLS/2024.1/common/technology/xilinx/common/platform.db -hls-platform-name=virtexuplus_medium -device-resource-info=BRAM_4320.000000_DSP_6840.000000_FF_2364480.000000_LUT_1182240.000000_SLICE_147780.000000_SLR_3.000000_URAM_960.000000 -device-name-info=xcvu9p-flga2104-2-i > /scratch/tsussman/matrix_mult/matrix_mult/hls/.autopilot/db/matrix_mult.pp.0.cpp.clang.out.log 2> /scratch/tsussman/matrix_mult/matrix_mult/hls/.autopilot/db/matrix_mult.pp.0.cpp.clang.err.log
INFO: [HLS 200-111] Finished Source Code Analysis and Preprocessing: CPU user time: 3.36 seconds. CPU system time: 1.04 seconds. Elapsed time: 4.47 seconds; current allocated memory: 288.941 MB.
INFO-FLOW: Linking Debug ...
INFO-FLOW: Linking dut bc code.
Execute       run_link_or_opt -out /scratch/tsussman/matrix_mult/matrix_mult/hls/.autopilot/db/a.g.ld.0.bc -args  "/scratch/tsussman/matrix_mult/matrix_mult/hls/.autopilot/db/matrix_mult.g.bc"  
INFO-FLOW: run_clang exec: /afs/hep.wisc.edu/cms/sw/Xilinx/Vitis_HLS/2024.1/lnx64/tools/clang-3.9-csynth/bin/llvm-link /scratch/tsussman/matrix_mult/matrix_mult/hls/.autopilot/db/matrix_mult.g.bc -o /scratch/tsussman/matrix_mult/matrix_mult/hls/.autopilot/db/a.g.ld.0.bc > /scratch/tsussman/matrix_mult/matrix_mult/hls/.autopilot/db/a.g.ld.0.bc.llvm-link.out.log 2> /scratch/tsussman/matrix_mult/matrix_mult/hls/.autopilot/db/a.g.ld.0.bc.llvm-link.err.log
INFO-FLOW: 
Execute       run_link_or_opt -opt -out /scratch/tsussman/matrix_mult/matrix_mult/hls/.autopilot/db/a.g.ld.1.lower.bc -args /scratch/tsussman/matrix_mult/matrix_mult/hls/.autopilot/db/a.g.ld.0.bc -reflow-lower-math-intrinsics 
INFO-FLOW: run_clang exec: /afs/hep.wisc.edu/cms/sw/Xilinx/Vitis_HLS/2024.1/lnx64/tools/clang-3.9-csynth/bin/opt -pass-remarks-missed=reflow|pasta|unroll -pass-remarks=reflow|pasta|unroll|inline -pass-remarks-output=/scratch/tsussman/matrix_mult/matrix_mult/hls/.autopilot/db/a.g.ld.1.lower.bc.opt.diag.yml /scratch/tsussman/matrix_mult/matrix_mult/hls/.autopilot/db/a.g.ld.0.bc -reflow-lower-math-intrinsics -o /scratch/tsussman/matrix_mult/matrix_mult/hls/.autopilot/db/a.g.ld.1.lower.bc > /scratch/tsussman/matrix_mult/matrix_mult/hls/.autopilot/db/a.g.ld.1.lower.bc.opt.out.log 2> /scratch/tsussman/matrix_mult/matrix_mult/hls/.autopilot/db/a.g.ld.1.lower.bc.opt.err.log
INFO-FLOW: 
INFO-FLOW: Running: gen_design_size_report post-opt
INFO-FLOW: Done: gen_design_size_report post-opt time: 0 seconds per iteration
INFO-FLOW: Linking math bc lib
Execute       run_link_or_opt -out /scratch/tsussman/matrix_mult/matrix_mult/hls/.autopilot/db/a.g.ld.2.m1.bc -args /scratch/tsussman/matrix_mult/matrix_mult/hls/.autopilot/db/a.g.ld.1.lower.bc -only-needed /afs/hep.wisc.edu/cms/sw/Xilinx/Vitis_HLS/2024.1/lnx64/lib/libhlsm_39.bc /afs/hep.wisc.edu/cms/sw/Xilinx/Vitis_HLS/2024.1/lnx64/lib/libhlsmc++_39.bc 
INFO-FLOW: run_clang exec: /afs/hep.wisc.edu/cms/sw/Xilinx/Vitis_HLS/2024.1/lnx64/tools/clang-3.9-csynth/bin/llvm-link /scratch/tsussman/matrix_mult/matrix_mult/hls/.autopilot/db/a.g.ld.1.lower.bc -only-needed /afs/hep.wisc.edu/cms/sw/Xilinx/Vitis_HLS/2024.1/lnx64/lib/libhlsm_39.bc /afs/hep.wisc.edu/cms/sw/Xilinx/Vitis_HLS/2024.1/lnx64/lib/libhlsmc++_39.bc -o /scratch/tsussman/matrix_mult/matrix_mult/hls/.autopilot/db/a.g.ld.2.m1.bc > /scratch/tsussman/matrix_mult/matrix_mult/hls/.autopilot/db/a.g.ld.2.m1.bc.llvm-link.out.log 2> /scratch/tsussman/matrix_mult/matrix_mult/hls/.autopilot/db/a.g.ld.2.m1.bc.llvm-link.err.log
INFO-FLOW: 
Command       run_link_or_opt done; 2.53 sec.
Execute       run_link_or_opt -opt -out /scratch/tsussman/matrix_mult/matrix_mult/hls/.autopilot/db/a.g.ld.3.fpc.bc -args /scratch/tsussman/matrix_mult/matrix_mult/hls/.autopilot/db/a.g.ld.2.m1.bc -reflow-globaldce -hls-top-function-name=matrix_mult -reflow-float-conversion 
INFO-FLOW: run_clang exec: /afs/hep.wisc.edu/cms/sw/Xilinx/Vitis_HLS/2024.1/lnx64/tools/clang-3.9-csynth/bin/opt -pass-remarks-missed=reflow|pasta|unroll -pass-remarks=reflow|pasta|unroll|inline -pass-remarks-output=/scratch/tsussman/matrix_mult/matrix_mult/hls/.autopilot/db/a.g.ld.3.fpc.bc.opt.diag.yml /scratch/tsussman/matrix_mult/matrix_mult/hls/.autopilot/db/a.g.ld.2.m1.bc -reflow-globaldce -hls-top-function-name=matrix_mult -reflow-float-conversion -o /scratch/tsussman/matrix_mult/matrix_mult/hls/.autopilot/db/a.g.ld.3.fpc.bc > /scratch/tsussman/matrix_mult/matrix_mult/hls/.autopilot/db/a.g.ld.3.fpc.bc.opt.out.log 2> /scratch/tsussman/matrix_mult/matrix_mult/hls/.autopilot/db/a.g.ld.3.fpc.bc.opt.err.log
INFO-FLOW: 
INFO-FLOW: Running: gen_design_size_report post-opt
INFO-FLOW: Done: gen_design_size_report post-opt time: 0 seconds per iteration
Command       run_link_or_opt done; 1.03 sec.
Execute       run_link_or_opt -out /scratch/tsussman/matrix_mult/matrix_mult/hls/.autopilot/db/a.g.ld.4.m2.bc -args /scratch/tsussman/matrix_mult/matrix_mult/hls/.autopilot/db/a.g.ld.3.fpc.bc -only-needed /afs/hep.wisc.edu/cms/sw/Xilinx/Vitis_HLS/2024.1/lnx64/lib/libfloatconversion_39.bc 
INFO-FLOW: run_clang exec: /afs/hep.wisc.edu/cms/sw/Xilinx/Vitis_HLS/2024.1/lnx64/tools/clang-3.9-csynth/bin/llvm-link /scratch/tsussman/matrix_mult/matrix_mult/hls/.autopilot/db/a.g.ld.3.fpc.bc -only-needed /afs/hep.wisc.edu/cms/sw/Xilinx/Vitis_HLS/2024.1/lnx64/lib/libfloatconversion_39.bc -o /scratch/tsussman/matrix_mult/matrix_mult/hls/.autopilot/db/a.g.ld.4.m2.bc > /scratch/tsussman/matrix_mult/matrix_mult/hls/.autopilot/db/a.g.ld.4.m2.bc.llvm-link.out.log 2> /scratch/tsussman/matrix_mult/matrix_mult/hls/.autopilot/db/a.g.ld.4.m2.bc.llvm-link.err.log
INFO-FLOW: 
Execute       run_link_or_opt -opt -out /scratch/tsussman/matrix_mult/matrix_mult/hls/.autopilot/db/a.g.ld.5.gdce.bc -args /scratch/tsussman/matrix_mult/matrix_mult/hls/.autopilot/db/a.g.ld.4.m2.bc -reflow-globaldce -hls-top-function-name=matrix_mult 
INFO-FLOW: run_clang exec: /afs/hep.wisc.edu/cms/sw/Xilinx/Vitis_HLS/2024.1/lnx64/tools/clang-3.9-csynth/bin/opt -pass-remarks-missed=reflow|pasta|unroll -pass-remarks=reflow|pasta|unroll|inline -pass-remarks-output=/scratch/tsussman/matrix_mult/matrix_mult/hls/.autopilot/db/a.g.ld.5.gdce.bc.opt.diag.yml /scratch/tsussman/matrix_mult/matrix_mult/hls/.autopilot/db/a.g.ld.4.m2.bc -reflow-globaldce -hls-top-function-name=matrix_mult -o /scratch/tsussman/matrix_mult/matrix_mult/hls/.autopilot/db/a.g.ld.5.gdce.bc > /scratch/tsussman/matrix_mult/matrix_mult/hls/.autopilot/db/a.g.ld.5.gdce.bc.opt.out.log 2> /scratch/tsussman/matrix_mult/matrix_mult/hls/.autopilot/db/a.g.ld.5.gdce.bc.opt.err.log
INFO-FLOW: 
INFO-FLOW: Running: gen_design_size_report post-opt
INFO-FLOW: Done: gen_design_size_report post-opt time: 0 seconds per iteration
Execute       send_msg_by_id INFO @200-777@%s Vivado 
INFO: [HLS 200-777] Using interface defaults for 'Vivado' flow target.
Execute       is_m_axi_addr64 
INFO-FLOW: Doing LTO.
INFO-FLOW: run_clang (background poll_ms 5000) exec: /afs/hep.wisc.edu/cms/sw/Xilinx/Vitis_HLS/2024.1/lnx64/tools/clang-3.9-csynth/bin/clang -foptimization-record-file=/scratch/tsussman/matrix_mult/matrix_mult/hls/.autopilot/db/a.g.ld.0.bc.clang.reflow.diag.yml -mllvm -pass-remarks-missed=reflow|pasta|unroll -mllvm -pass-remarks=reflow|pasta|unroll|inline -fhls -mllvm -hls-top-function-name=matrix_mult -mllvm -hls-db-dir -mllvm /scratch/tsussman/matrix_mult/matrix_mult/hls/.autopilot/db -emit-llvm -c -target fpga64-xilinx-none -mllvm -xcl-xmlinfo=/scratch/tsussman/matrix_mult/matrix_mult/hls/.autopilot/db/kernel.internal.xml -mllvm -top-io-mapping-info=/scratch/tsussman/matrix_mult/matrix_mult/hls/.autopilot/db/top-io-fe.xml -mllvm -hls-bitcode-version=3.1 -mllvm -reflow-enable-slave-interface-default-setting=true -mllvm -gen-kernel-xml=false -mllvm -default-maxi-offset=slave -mllvm -maxi-latency=0 -mllvm -hls-maxi-data-size-in-bits=8 -mllvm -hls-maxi-max-data-size-in-bits=1024 -mllvm -hls-max-widen-size-in-bits=0 -mllvm -xcl-kernel-max-mem-ports=0 -mllvm -maxi-read-trans=16 -mllvm -maxi-write-trans=16 -mllvm -maxi-read-burst-len=16 -mllvm -maxi-write-burst-len=16 -mllvm -reflow-enable-saxi-64bits=0 -mllvm -reflow-basic-block-instr-threshold=200000 -mllvm -reflow-auto-pipeline-threshold=64 -mllvm -reflow-enable-maxi-auto-id-channel=0 -mllvm -enable-fp-thr=0 -mllvm -reflow-bdd-simplify-threshold=1048576 -mllvm -reflow-fanout-threshold=16 -mllvm -reflow-complete-threshold=4 -mllvm -reflow-array-promotion-threshold=64 -mllvm -assume-maxi-align=1 -mllvm -reflow-enable-dataflow-strict-mode-checking=1 -ftime-report -mllvm -time-passes -mllvm -reflow-auto-array-partition-mode=default -mllvm -reflow-enable-auto-small-array-partition=true -mllvm -reflow-enable-auto-array-partition-for-flatten=true -mllvm -reflow-enable-auto-parallel-performance-driven=true -mllvm -reflow-enable-partition-for-automation=true -mllvm -reflow-aggregate-bitwidth-threshold=4096 -mllvm -reflow-reserved-saxilite-registers=0 -mllvm -enable-reflow-auto-loop-pipeline -mllvm -reflow-max-unroll-threshold=409600 -mllvm -auto-unroll-tripcount-threshold=0 -mllvm -reflow-assume-no-address-wrap=true -mllvm -reflow-enable-occurrence-inference=true -mllvm -reflow-emit-hint-scope=true -mllvm -reflow-enable-codegen-with-if=true -mllvm -hls -mllvm -disable-inlined-alloca-merging=true -mllvm -default-clock-period=10 -mllvm -use_read_first_ram_in_loop=1 -mllvm -default-clock-uncertainty=2.7 -x ir /scratch/tsussman/matrix_mult/matrix_mult/hls/.autopilot/db/a.g.ld.5.gdce.bc -o /scratch/tsussman/matrix_mult/matrix_mult/hls/.autopilot/db/a.g.lto.bc -hls-platform-db-name=/afs/hep.wisc.edu/cms/sw/Xilinx/Vitis_HLS/2024.1/common/technology/xilinx/common/platform.db -hls-platform-name=virtexuplus_medium -device-resource-info=BRAM_4320.000000_DSP_6840.000000_FF_2364480.000000_LUT_1182240.000000_SLICE_147780.000000_SLR_3.000000_URAM_960.000000 -device-name-info=xcvu9p-flga2104-2-i 2> /scratch/tsussman/matrix_mult/matrix_mult/hls/.autopilot/db/a.g.ld.0.bc.clang.reflow.err.log bg_poll_cmd: ::AP::poll_clang_39_closed_source
Execute       send_msg_by_id INFO @200-1995@%s%s%s 46 Compile/Link /scratch/tsussman/matrix_mult/matrix_mult/hls/syn/report/csynth_design_size.rpt 
INFO: [HLS 200-1995] There were 46 instructions in the design after the 'Compile/Link' phase of compilation. See the Design Size Report for more details: /scratch/tsussman/matrix_mult/matrix_mult/hls/syn/report/csynth_design_size.rpt
Execute       send_msg_by_id INFO @200-1995@%s%s%s 34 Unroll/Inline (step 1) /scratch/tsussman/matrix_mult/matrix_mult/hls/syn/report/csynth_design_size.rpt 
INFO: [HLS 200-1995] There were 34 instructions in the design after the 'Unroll/Inline (step 1)' phase of compilation. See the Design Size Report for more details: /scratch/tsussman/matrix_mult/matrix_mult/hls/syn/report/csynth_design_size.rpt
Execute       send_msg_by_id INFO @200-1995@%s%s%s 28 Unroll/Inline (step 2) /scratch/tsussman/matrix_mult/matrix_mult/hls/syn/report/csynth_design_size.rpt 
INFO: [HLS 200-1995] There were 28 instructions in the design after the 'Unroll/Inline (step 2)' phase of compilation. See the Design Size Report for more details: /scratch/tsussman/matrix_mult/matrix_mult/hls/syn/report/csynth_design_size.rpt
Execute       send_msg_by_id INFO @200-1995@%s%s%s 25 Unroll/Inline (step 3) /scratch/tsussman/matrix_mult/matrix_mult/hls/syn/report/csynth_design_size.rpt 
INFO: [HLS 200-1995] There were 25 instructions in the design after the 'Unroll/Inline (step 3)' phase of compilation. See the Design Size Report for more details: /scratch/tsussman/matrix_mult/matrix_mult/hls/syn/report/csynth_design_size.rpt
Execute       send_msg_by_id INFO @200-1995@%s%s%s 25 Unroll/Inline (step 4) /scratch/tsussman/matrix_mult/matrix_mult/hls/syn/report/csynth_design_size.rpt 
INFO: [HLS 200-1995] There were 25 instructions in the design after the 'Unroll/Inline (step 4)' phase of compilation. See the Design Size Report for more details: /scratch/tsussman/matrix_mult/matrix_mult/hls/syn/report/csynth_design_size.rpt
Execute       send_msg_by_id INFO @200-1995@%s%s%s 25 Array/Struct (step 1) /scratch/tsussman/matrix_mult/matrix_mult/hls/syn/report/csynth_design_size.rpt 
INFO: [HLS 200-1995] There were 25 instructions in the design after the 'Array/Struct (step 1)' phase of compilation. See the Design Size Report for more details: /scratch/tsussman/matrix_mult/matrix_mult/hls/syn/report/csynth_design_size.rpt
Execute       send_msg_by_id INFO @200-1995@%s%s%s 25 Array/Struct (step 2) /scratch/tsussman/matrix_mult/matrix_mult/hls/syn/report/csynth_design_size.rpt 
INFO: [HLS 200-1995] There were 25 instructions in the design after the 'Array/Struct (step 2)' phase of compilation. See the Design Size Report for more details: /scratch/tsussman/matrix_mult/matrix_mult/hls/syn/report/csynth_design_size.rpt
Execute       send_msg_by_id INFO @200-1995@%s%s%s 25 Array/Struct (step 3) /scratch/tsussman/matrix_mult/matrix_mult/hls/syn/report/csynth_design_size.rpt 
INFO: [HLS 200-1995] There were 25 instructions in the design after the 'Array/Struct (step 3)' phase of compilation. See the Design Size Report for more details: /scratch/tsussman/matrix_mult/matrix_mult/hls/syn/report/csynth_design_size.rpt
Execute       send_msg_by_id INFO @200-1995@%s%s%s 25 Array/Struct (step 4) /scratch/tsussman/matrix_mult/matrix_mult/hls/syn/report/csynth_design_size.rpt 
INFO: [HLS 200-1995] There were 25 instructions in the design after the 'Array/Struct (step 4)' phase of compilation. See the Design Size Report for more details: /scratch/tsussman/matrix_mult/matrix_mult/hls/syn/report/csynth_design_size.rpt
Execute       send_msg_by_id INFO @200-1995@%s%s%s 26 Array/Struct (step 5) /scratch/tsussman/matrix_mult/matrix_mult/hls/syn/report/csynth_design_size.rpt 
INFO: [HLS 200-1995] There were 26 instructions in the design after the 'Array/Struct (step 5)' phase of compilation. See the Design Size Report for more details: /scratch/tsussman/matrix_mult/matrix_mult/hls/syn/report/csynth_design_size.rpt
Execute       send_msg_by_id INFO @200-1995@%s%s%s 26 Performance (step 1) /scratch/tsussman/matrix_mult/matrix_mult/hls/syn/report/csynth_design_size.rpt 
INFO: [HLS 200-1995] There were 26 instructions in the design after the 'Performance (step 1)' phase of compilation. See the Design Size Report for more details: /scratch/tsussman/matrix_mult/matrix_mult/hls/syn/report/csynth_design_size.rpt
Execute       send_msg_by_id INFO @200-1995@%s%s%s 72 Performance (step 2) /scratch/tsussman/matrix_mult/matrix_mult/hls/syn/report/csynth_design_size.rpt 
INFO: [HLS 200-1995] There were 72 instructions in the design after the 'Performance (step 2)' phase of compilation. See the Design Size Report for more details: /scratch/tsussman/matrix_mult/matrix_mult/hls/syn/report/csynth_design_size.rpt
Execute       send_msg_by_id INFO @200-1995@%s%s%s 72 Performance (step 3) /scratch/tsussman/matrix_mult/matrix_mult/hls/syn/report/csynth_design_size.rpt 
INFO: [HLS 200-1995] There were 72 instructions in the design after the 'Performance (step 3)' phase of compilation. See the Design Size Report for more details: /scratch/tsussman/matrix_mult/matrix_mult/hls/syn/report/csynth_design_size.rpt
Execute       send_msg_by_id INFO @200-1995@%s%s%s 72 Performance (step 4) /scratch/tsussman/matrix_mult/matrix_mult/hls/syn/report/csynth_design_size.rpt 
INFO: [HLS 200-1995] There were 72 instructions in the design after the 'Performance (step 4)' phase of compilation. See the Design Size Report for more details: /scratch/tsussman/matrix_mult/matrix_mult/hls/syn/report/csynth_design_size.rpt
Execute       send_msg_by_id INFO @200-1995@%s%s%s 78 HW Transforms (step 1) /scratch/tsussman/matrix_mult/matrix_mult/hls/syn/report/csynth_design_size.rpt 
INFO: [HLS 200-1995] There were 78 instructions in the design after the 'HW Transforms (step 1)' phase of compilation. See the Design Size Report for more details: /scratch/tsussman/matrix_mult/matrix_mult/hls/syn/report/csynth_design_size.rpt
Execute       send_msg_by_id INFO @200-1995@%s%s%s 86 HW Transforms (step 2) /scratch/tsussman/matrix_mult/matrix_mult/hls/syn/report/csynth_design_size.rpt 
INFO: [HLS 200-1995] There were 86 instructions in the design after the 'HW Transforms (step 2)' phase of compilation. See the Design Size Report for more details: /scratch/tsussman/matrix_mult/matrix_mult/hls/syn/report/csynth_design_size.rpt
INFO: [HLS 214-376] automatically set the pipeline for Loop< VITIS_LOOP_6_2> at ../matrix_mult.cpp:6:25 
INFO: [HLS 214-291] Loop 'VITIS_LOOP_8_3' is marked as complete unroll implied by the pipeline pragma (../matrix_mult.cpp:8:29)
INFO: [HLS 214-186] Unrolling loop 'VITIS_LOOP_8_3' (../matrix_mult.cpp:8:29) in function 'matrix_mult' completely with a factor of 10 (../matrix_mult.cpp:4:0)
INFO-FLOW: DBG:PUTS: copy_raw_kernel_xml ap_link_39: kernel.xml not generated: /scratch/tsussman/matrix_mult/matrix_mult/hls/.autopilot/db/kernel.internal.xml
INFO: [HLS 200-111] Finished Compiling Optimization and Transform: CPU user time: 3.75 seconds. CPU system time: 0.95 seconds. Elapsed time: 8.96 seconds; current allocated memory: 290.590 MB.
INFO: [HLS 200-111] Finished Checking Pragmas: CPU user time: 0 seconds. CPU system time: 0 seconds. Elapsed time: 0 seconds; current allocated memory: 290.590 MB.
Execute       opt_and_import_c a -opt_level=2 -skip_syncheck=0 -ng=0 -keep_printf=0 
Execute         cleanup_all_models 
INFO: [HLS 200-10] Starting code transformations ...
INFO-FLOW: Running Standard Transforms...
Execute         transform -hls -share-std-xform -demangle-name -inline-byval-memcpy -always-inline -promote-dbg-pointer -interface-preproc -mem2reg -scalarrepl -mem2reg -keep-read-access -instcombine -dce -promote-dbg-pointer -bitop-raise -loop-simplify -indvarspre -indvars -loop-simplify -constprop -instcombine -simplifycfg -indvars -simplifycfg -dce -globaldce -basicaa -simplifycfg -mem2reg -globalopt -global-constprop -deadargelim -instcombine -simplifycfg -scalarrepl -instcombine -reassociate -licm -simplifycfg -loop-simplify -indvars -instcombine -simplifycfg -mem2reg -loop-simplify -indvars -instcombine -gvn -gvn -instcombine -adce -break-crit-edges -simplifycfg -loop-delete -global-array-opt -dce -dse -adce -find-syn-modules -top matrix_mult -deadargelim -mem2reg -instcombine -dce -presyn-prepare -interface-preproc -syn-check -check-rec-only -find-region -simplifycfg -func-extr -function-inline -globaldce -mem2reg -instcombine -dce -gvn -globaldce -adce -adse -constprop -instcombine -bit-constprop -instcombine -dce -simplifycfg -bitop-raise -simplifycfg -dce -loop-delete -reassociate -globalopt -global-privatize -mem2reg -dce -global-constprop -pointer-simplify -constprop -dce -promote-dbg-pointer -norm-name /scratch/tsussman/matrix_mult/matrix_mult/hls/.autopilot/db/a.g.0.bc -o /scratch/tsussman/matrix_mult/matrix_mult/hls/.autopilot/db/a.g.1.bc -f -phase std-opt 
INFO: [HLS 200-111] Finished Standard Transforms: CPU user time: 0.02 seconds. CPU system time: 0 seconds. Elapsed time: 0.02 seconds; current allocated memory: 290.910 MB.
INFO: [HLS 200-10] Checking synthesizability ...
INFO-FLOW: Checking Synthesizability 1/2..
Execute         transform -hls -syn-check -check-rec-only -scalarrepl -norm-name -dce -mem2reg -instcombine -directive-preproc -mem2reg -dse -dce -dce -pag -array-normalize -instcombine -dce -array-seg-normalize -instcombine -dce -data-pack -instcombine -dce -inst-simplify -array-flatten -instcombine -dce -array-burst -dce -deadargelim -promote-global-argument -simplifycfg -mem2reg -globaldce -dce -deadargelim -dce -instcombine -function-inline -globaldce -dce -doublePtrSimplify -doublePtrElim -dce -doublePtrSimplify -promote-dbg-pointer -dce -scalarrepl -dse -adse -instcombine -ptrLegalization -simplifycfg -dce -instcombine -pointer-simplify -ptrArgReplace -dce -instcombine -resolve-double-ptr -scalarrepl -norm-name -dce -mem2reg -instcombine -ptrLegalization -simplifycfg -deadargelim -instcombine -dce -inst-simplify -directive-preproc -mem2reg -dse -dce -globaldce /scratch/tsussman/matrix_mult/matrix_mult/hls/.autopilot/db/a.g.1.bc -o /scratch/tsussman/matrix_mult/matrix_mult/hls/.autopilot/db/a.g.2.prechk.bc -f 
INFO-FLOW: Checking Synthesizability 2/2..
Execute         transform -syn-check /scratch/tsussman/matrix_mult/matrix_mult/hls/.autopilot/db/a.g.2.prechk.bc -o /scratch/tsussman/matrix_mult/matrix_mult/hls/.autopilot/db/a.g.2.bc -f -phase syn-check 
INFO: [HLS 200-111] Finished Checking Synthesizability: CPU user time: 0.03 seconds. CPU system time: 0.01 seconds. Elapsed time: 0.03 seconds; current allocated memory: 291.953 MB.
INFO-FLOW: Compiler optimizing ...
INFO-FLOW: Share syncheck's 1.bc for syn flow: copy /scratch/tsussman/matrix_mult/matrix_mult/hls/.autopilot/db/a.g.1.bc to /scratch/tsussman/matrix_mult/matrix_mult/hls/.autopilot/db/a.o.1.bc
INFO-FLOW: Presyn 1...
Execute         transform -hls -tmp /scratch/tsussman/matrix_mult/matrix_mult/hls/.autopilot/db -interface-port-rename -directive-preproc -mem2reg -dse -dce -scalarrepl -norm-name -deadargelim -mem2reg -instcombine -dce -simplifycfg -dce -resource-proc -clib-intrinsic-prepare -dce -func-buffer -dce -pag -array-normalize -func-legal -instcombine -gvn -constprop -dce -simplifycfg -mem2reg -globaldce -resolve-double-ptr -dce -deadargelim -dce -instcombine -ptrArgReplace -mem2reg -dce -array-seg-normalize -deadargelim -instcombine -dce -directive-preproc -mem2reg -dse -dce -pointer-simplify -dce -port-alignment -dce -interface-preproc -data-pack -instcombine -dce -basicaa -aggr-aa -aggrmodref-aa -aggr-aa -gvn -gvn -basicaa -aggr-aa -aggrmodref-aa -aggr-aa -dse -adse -adce -loop-simplify -indvars -instcombine -gvn -loop-simplify -mem2reg -dce -find-region -instcombine -inst-simplify -interface-preproc -cfgopt -instcombine -indvars -loop-simplify -loop-bound -constprop -instcombine -simplifycfg -indvars -simplifycfg -dce -globaldce -clean-region -attach-range -gvn -inst-simplify -constprop -simplifycfg -dce -pointer-simplify -dce -globalopt -constprop -dce -array-promote -constprop -dce -ptrArgReplace -mem2reg -simplifycfg -dce -instcombine -dce -array-transform-check -array-reshape -instcombine -simplifycfg -dce -ptrArgReplace -deadargelim -mem2reg -instcombine -simplifycfg -dce -indvars -loop-simplify -loop-bound -constprop -instcombine -simplifycfg -indvars -simplifycfg -dce -globaldce -basicaa -aggr-aa -aggrmodref-aa -aggr-aa -dse -duplicate-dataflow-processes -globaldce -instcombine -array-partition -prepare-dynamic-array-partition -instcombine -simplifycfg -dce -ptrArgReplace -global-constprop -deadargelim -mem2reg -func-legal -dce -global-constprop -deadargelim -mem2reg -simplifycfg -dce -merge-param -deadargelim -globalopt -constprop -dce -array-promote -constprop -dce -ptrArgReplace -mem2reg -simplifycfg -dce -mem-intrinsic-preproc -dce -global-internalize -global-privatize -mem2reg -globaldce -lcssa -loop-simplify -phi-select-elim -promote-global-argument -ptrArgReplace -mem2reg -dce -globalopt -mergereturn -simplify-global-access -mem2reg -dce -pointer-simplify -dce -basicaa -aggr-aa -aggrmodref-aa -aggr-aa -functionattrs -basicaa -aggr-aa -aggrmodref-aa -aggr-aa -gvn -gvn -basicaa -aggr-aa -aggrmodref-aa -aggr-aa -dse -adse -adce -dce -norm-name -basicaa -aggr-aa -aggrmodref-aa -aggr-aa -accesses-merge -function-inline -complex-op-raise -inst-simplify -globaldce -func-legal -dce -loop-bound -arraycheck -bitwidthmin2 -bitwidthmin2 -on-by-dataflow -loop-delete -instcombine -simplifycfg -globaldce -dce -gvn -deadargelim -dce -loop-simplify -clean-region -simplifycfg -propagate-stable-arguments -loop-stream -instcombine -simplifycfg -dce -globaldce -duplicate-dataflow-processes -stream-intrinsic-preproc -dce -check-ap-stream -loop-simplify -eliminate-keepreads -extract-dataflow-in-loop -loop-simplify -dce -gvn -deadargelim -dse -duplicate-dataflow-processes -check-dataflow-syntax -legalize-stream-variable -globaldce -legalize-global -extract-subproc -dce -dead-channel-elimination -canonicalize-gep -globaldce -dce -gvn -hls-dead-arg-elim -deadargelim -directive-preproc -canonicalize-dataflow -dce -globaldce -scalar-preprocessing -scalar-propagation2 -scalar-stream -deadargelim -globaldce -mem2reg -check-dataflow-channels -function-stream -dce -globaldce -prop-fifo-spec -internal-stream-gen -canonicalize-gep -globaldce -dce -gvn -deadargelim -mergereturn -indvars -loop-simplify -instcombine -array-stream -array-seg-normalize -array-partition -clean-array-spec -func-legal -instcombine -simplifycfg -dce -bundle-memfifo-ops -deadargelim -directive-preproc -mem2reg -dse -dce -group-axi-access -licm -simplifycfg -dce -loop-delete -hls-display -norm-name /scratch/tsussman/matrix_mult/matrix_mult/hls/.autopilot/db/a.o.1.bc -o /scratch/tsussman/matrix_mult/matrix_mult/hls/.autopilot/db/a.o.1.tmp.bc -f 
INFO-FLOW: Presyn 2...
Execute         transform -hls -keep-callgraph -scalarrepl -mem2reg -port-alignment -attach-range -dce -pipe-mux-gen -indvars -loop-bound -inst-simplify -instcombine -dce -merge-array-access -mem2reg -dce -clean-region -mergereturn -if-conv -instcombine -dce -constprop -basicaa -aggr-aa -aggrmodref-aa -aggr-aa -gvn -gvn -basicaa -aggr-aa -aggrmodref-aa -aggr-aa -dse -adse -adce -scalarrepl -mem2reg -global-constprop -deadargelim -deadargelim -instcombine -dce -simplifycfg -ptrArgReplace -mem2reg -function-inline -globaldce -mem2reg -instcombine -dce -expr-balance -instcombine -dce -bitwidthmin2 -bitwidthmin2 -interface-preproc -directive-preproc -inst-rectify -instcombine -dce -basicaa -aggr-aa -aggrmodref-aa -aggr-aa -functionattrs -constprop -instcombine -bit-constprop -simplify-global-access -globalopt -globaldce -inst-simplify -instcombine -elimdeaddata -dce -loop-delete -simplifycfg -loop-simplify -barrier -norm-name /scratch/tsussman/matrix_mult/matrix_mult/hls/.autopilot/db/a.o.1.tmp.bc -o /scratch/tsussman/matrix_mult/matrix_mult/hls/.autopilot/db/a.o.2.bc -f -phase presyn 
INFO: [XFORM 203-11] Balancing expressions in function 'matrix_mult' (../matrix_mult.cpp:4:25)...9 expression(s) balanced.
INFO: [HLS 200-111] Finished Loop, function and other optimizations: CPU user time: 0.07 seconds. CPU system time: 0.01 seconds. Elapsed time: 0.09 seconds; current allocated memory: 314.676 MB.
Execute         transform -hls -auto-function-inline -globaldce -ptrArgReplace -mem2reg -dce -reset-lda -loop-simplify -indvars -aggr-aa -licm -loop-dep -loop-bound -licm -loop-simplify -loop-sink-hoist -flattenloopnest -array-flatten -gvn -instcombine -dce -array-map -dce -func-legal -gvn -adce -instcombine -cfgopt -simplifycfg-lite -loop-simplify -array-burst -promote-global-argument -dce -array-seg-normalize -basicaa -aggrmodref-aa -globalsmodref-aa -aggr-aa -gvn -gvn -basicaa -aggrmodref-aa -globalsmodref-aa -aggr-aa -dse -adse -adce -licm -inst-simplify -dce -globaldce -instcombine -array-stream -eliminate-keepreads -instcombine -dce -deadargelim -doublePtrSimplify -doublePtrElim -dce -doublePtrSimplify -promote-dbg-pointer -dce -scalarrepl -mem2reg -norm-name -mem2reg -instcombine -dse -adse -adce -ptrLegalization -dce -array-flatten -dce -instcombine -check-doubleptr -loop-rot -constprop -inst-simplify -cfgopt -simplifycfg-lite -loop-simplify -indvars -pointer-simplify -dce -loop-bound -loop-simplify -loop-preproc -constprop -global-constprop -gvn -mem2reg -instcombine -dce -loop-bound -loop-merge -dce -deadargelim -dce -canonicalize-dataflow -dce -deadargelim -globaldce -mem2reg -bram-byte-enable -inst-simplify -inst-rectify -instcombine -adce -deadargelim -load-elim -read-loop-dep -loop-simplify -loop-extract-inner -directive-preproc -bitwidthmin2 -bitwidthmin2 -read-loop-dep -interface-preproc -directive-preproc -interface-gen -bram-byte-enable-spec-prop -mul2addshift -deadargelim -inst-simplify -dce -mem2reg -instcombine -gvn -dce -adse -loop-bound -instcombine -cfgopt -simplifycfg-lite -loop-simplify -clean-region -io-protocol -find-region -mem2reg -bitop-raise -complex-op-raise -inst-simplify -inst-rectify -instcombine -adce -deadargelim -float-op-raise -loop-simplify -phi-opt -bitop-raise -cfgopt -simplifycfg-lite -strip-dead-prototypes -interface-lower -bitop-lower -intrinsic-lower -auto-function-inline -basicaa -aggrmodref-aa -globalsmodref-aa -aggr-aa -inst-simplify -simplifycfg-lite -loop-simplify -mergereturn -inst-simplify -inst-rectify -globaldce -dce -load-elim -bitop-lower -float-op-raise -fma-raise -loop-rewind -pointer-simplify -dce -cfgopt -dce -loop-bound -loop-dep -read-loop-dep -dce -dyn-mem-reuse -dce -recurrence-min -dce -share-scalar-alloca -deadargelim -dce -check-stream -norm-name -legalize -inst-clarity -bitwidth -dce -validate-dataflow -dump-loop-dep-to-ir -check-all-ssdm -dump-complexity-metric /scratch/tsussman/matrix_mult/matrix_mult/hls/.autopilot/db/a.o.2.bc -o /scratch/tsussman/matrix_mult/matrix_mult/hls/.autopilot/db/a.o.3.bc -f -phase build-ssdm 
INFO: [HLS 200-2061] Successfully converted nested loops 'VITIS_LOOP_5_1'(../matrix_mult.cpp:5:21) and 'VITIS_LOOP_6_2'(../matrix_mult.cpp:6:25) in function 'matrix_mult' into perfectly nested loops.
INFO: [XFORM 203-541] Flattening a loop nest 'VITIS_LOOP_5_1' (../matrix_mult.cpp:5:21) in function 'matrix_mult'.
Execute           auto_get_db
INFO-FLOW: Building ssdm...
Execute         transform -hls -cdfg-build /scratch/tsussman/matrix_mult/matrix_mult/hls/.autopilot/db/a.o.3.bc -o /scratch/tsussman/matrix_mult/matrix_mult/hls/.autopilot/db/a.o.3.bc -f -phase build-ssdm 
INFO: [HLS 200-111] Finished Architecture Synthesis: CPU user time: 0.07 seconds. CPU system time: 0.01 seconds. Elapsed time: 0.08 seconds; current allocated memory: 314.676 MB.
INFO-FLOW: Finish building internal data model.
Command       opt_and_import_c done; 0.23 sec.
Command     elaborate done; 13.68 sec.
Execute     ap_eval exec zip -j /scratch/tsussman/matrix_mult/matrix_mult/hls/.autopilot/db/dut.hcp $dbDir/a.o.3.bc $dbDir/${topname}.rtl_wrap.cfg.tcl $dbDir/apatb_${topname}.cpp $dbDir/apatb_${topname}_util.cpp $dbDir/apatb_${topname}_ir.ll $dbDir/mapper_${topname}.cpp $dbDir/top-io-fe.xml $dbDir/kernel.internal.xml $workdir/../hls.app 
Execute     autosyn -from_csynth_design=1 
INFO: [HLS 200-10] Starting hardware synthesis ...
INFO-FLOW: Synthesizing C/C++ design ...
INFO: [HLS 200-10] Synthesizing 'matrix_mult' ...
Execute       ap_set_top_model matrix_mult 
Execute       get_model_list matrix_mult -filter all-wo-channel -topdown 
Execute       preproc_iomode -model matrix_mult 
Execute       create_clock 
Execute         ap_set_clock -name default -period 10 -unit ns -default=false 
INFO: [SYN 201-201] Setting up clock 'default' with a period of 10ns.
Execute       get_model_list matrix_mult -filter all-wo-channel 
INFO-FLOW: Model list for configure: matrix_mult
INFO-FLOW: Configuring Module : matrix_mult ...
Execute       set_default_model matrix_mult 
Execute       apply_spec_resource_limit matrix_mult 
INFO-FLOW: Model list for preprocess: matrix_mult
INFO-FLOW: Preprocessing Module: matrix_mult ...
Execute       set_default_model matrix_mult 
Execute       cdfg_preprocess -model matrix_mult 
Execute       rtl_gen_preprocess matrix_mult 
INFO-FLOW: Model list for synthesis: matrix_mult
INFO: [HLS 200-10] ----------------------------------------------------------------
INFO: [HLS 200-42] -- Implementing module 'matrix_mult' 
INFO: [HLS 200-10] ----------------------------------------------------------------
Execute       set_default_model matrix_mult 
Execute       schedule -model matrix_mult 
INFO: [SCHED 204-11] Starting scheduling ...
INFO: [SCHED 204-61] Pipelining loop 'VITIS_LOOP_5_1_VITIS_LOOP_6_2'.
WARNING: [HLS 200-885] The II Violation in module 'matrix_mult' (loop 'VITIS_LOOP_5_1_VITIS_LOOP_6_2'): Unable to schedule 'load' operation 32 bit ('A_load_1', ../matrix_mult.cpp:5) on array 'A' due to limited memory ports (II = 1). Please consider using a memory core with more ports or partitioning the array 'A'.
WARNING: [HLS 200-885] The II Violation in module 'matrix_mult' (loop 'VITIS_LOOP_5_1_VITIS_LOOP_6_2'): Unable to schedule 'load' operation 32 bit ('A_load_3', ../matrix_mult.cpp:5) on array 'A' due to limited memory ports (II = 2). Please consider using a memory core with more ports or partitioning the array 'A'.
WARNING: [HLS 200-885] The II Violation in module 'matrix_mult' (loop 'VITIS_LOOP_5_1_VITIS_LOOP_6_2'): Unable to schedule 'load' operation 32 bit ('A_load_5', ../matrix_mult.cpp:5) on array 'A' due to limited memory ports (II = 3). Please consider using a memory core with more ports or partitioning the array 'A'.
WARNING: [HLS 200-885] The II Violation in module 'matrix_mult' (loop 'VITIS_LOOP_5_1_VITIS_LOOP_6_2'): Unable to schedule 'load' operation 32 bit ('A_load_7', ../matrix_mult.cpp:5) on array 'A' due to limited memory ports (II = 4). Please consider using a memory core with more ports or partitioning the array 'A'.
INFO: [HLS 200-1470] Pipelining result : Target II = NA, Final II = 5, Depth = 6, loop 'VITIS_LOOP_5_1_VITIS_LOOP_6_2'
INFO: [SCHED 204-11] Finished scheduling.
Command       schedule done; 0.4 sec.
INFO: [HLS 200-111] Finished Scheduling: CPU user time: 0.39 seconds. CPU system time: 0.03 seconds. Elapsed time: 0.45 seconds; current allocated memory: 314.676 MB.
Execute       syn_report -verbosereport -o /scratch/tsussman/matrix_mult/matrix_mult/hls/.autopilot/db/matrix_mult.verbose.sched.rpt 
Execute         list_part -family xcvu9p-flga2104-2-i 
Execute           ap_family_info -name xcvu9p-flga2104-2-i -data names 
Execute           ap_part_info -quiet -name xcvu9p-flga2104-2-i -data family 
Execute       db_write -o /scratch/tsussman/matrix_mult/matrix_mult/hls/.autopilot/db/matrix_mult.sched.adb -f 
INFO-FLOW: Finish scheduling matrix_mult.
Execute       set_default_model matrix_mult 
Execute       bind -model matrix_mult 
INFO: [BIND 205-100] Starting micro-architecture generation ...
INFO: [BIND 205-101] Performing variable lifetime analysis.
INFO: [BIND 205-101] Exploring resource sharing.
INFO: [BIND 205-101] Binding ...
INFO: [BIND 205-100] Finished micro-architecture generation.
INFO: [HLS 200-111] Finished Binding: CPU user time: 0.04 seconds. CPU system time: 0.01 seconds. Elapsed time: 0.06 seconds; current allocated memory: 314.676 MB.
Execute       syn_report -verbosereport -o /scratch/tsussman/matrix_mult/matrix_mult/hls/.autopilot/db/matrix_mult.verbose.bind.rpt 
Execute         list_part -family xcvu9p-flga2104-2-i 
Execute           ap_family_info -name xcvu9p-flga2104-2-i -data names 
Execute           ap_part_info -quiet -name xcvu9p-flga2104-2-i -data family 
Execute       db_write -o /scratch/tsussman/matrix_mult/matrix_mult/hls/.autopilot/db/matrix_mult.bind.adb -f 
INFO-FLOW: Finish binding matrix_mult.
Execute       get_model_list matrix_mult -filter all-wo-channel 
INFO-FLOW: Preprocessing for RTLGen ...
Execute       rtl_gen_preprocess matrix_mult 
INFO-FLOW: Model list for RTL generation: matrix_mult
INFO: [HLS 200-10] ----------------------------------------------------------------
INFO: [HLS 200-10] -- Generating RTL for module 'matrix_mult' 
INFO: [HLS 200-10] ----------------------------------------------------------------
Execute       create_rtl_model matrix_mult -top_prefix  -sub_prefix matrix_mult_ -mg_file /scratch/tsussman/matrix_mult/matrix_mult/hls/.autopilot/db/matrix_mult.compgen.tcl 
INFO: [RTGEN 206-500] Setting interface mode on port 'matrix_mult/A' to 'ap_memory'.
INFO: [RTGEN 206-500] Setting interface mode on port 'matrix_mult/B' to 'ap_memory'.
INFO: [RTGEN 206-500] Setting interface mode on port 'matrix_mult/C' to 'ap_memory'.
INFO: [RTGEN 206-500] Setting interface mode on function 'matrix_mult' to 'ap_ctrl_hs'.
INFO: [HLS 200-1030] Apply Unified Pipeline Control on module 'matrix_mult' pipeline 'VITIS_LOOP_5_1_VITIS_LOOP_6_2' pipeline type 'loop pipeline'
INFO: [RTGEN 206-100] Generating core module 'mul_32s_32s_32_1_1': 2 instance(s).
INFO: [RTGEN 206-100] Finished creating RTL model for 'matrix_mult'.
Command       create_rtl_model done; 0.48 sec.
INFO: [HLS 200-111] Finished Creating RTL model: CPU user time: 0.09 seconds. CPU system time: 0.09 seconds. Elapsed time: 0.52 seconds; current allocated memory: 314.676 MB.
Execute       source /scratch/tsussman/matrix_mult/matrix_mult/hls/.autopilot/db/matrix_mult.rtl_wrap.cfg.tcl 
Execute       gen_rtl matrix_mult -istop -style xilinx -f -lang vhdl -o /scratch/tsussman/matrix_mult/matrix_mult/hls/syn/vhdl/matrix_mult 
Execute       gen_rtl matrix_mult -istop -style xilinx -f -lang vlog -o /scratch/tsussman/matrix_mult/matrix_mult/hls/syn/verilog/matrix_mult 
Execute       syn_report -csynth -model matrix_mult -o /scratch/tsussman/matrix_mult/matrix_mult/hls/syn/report/matrix_mult_csynth.rpt 
Execute         list_part -family xcvu9p-flga2104-2-i 
Execute           ap_family_info -name xcvu9p-flga2104-2-i -data names 
Execute           ap_part_info -quiet -name xcvu9p-flga2104-2-i -data family 
Execute       syn_report -rtlxml -model matrix_mult -o /scratch/tsussman/matrix_mult/matrix_mult/hls/syn/report/matrix_mult_csynth.xml 
Execute         list_part -family xcvu9p-flga2104-2-i 
Execute           ap_family_info -name xcvu9p-flga2104-2-i -data names 
Execute           ap_part_info -quiet -name xcvu9p-flga2104-2-i -data family 
Execute       syn_report -verbosereport -model matrix_mult -o /scratch/tsussman/matrix_mult/matrix_mult/hls/.autopilot/db/matrix_mult.verbose.rpt 
Execute         list_part -family xcvu9p-flga2104-2-i 
Execute           ap_family_info -name xcvu9p-flga2104-2-i -data names 
Execute           ap_part_info -quiet -name xcvu9p-flga2104-2-i -data family 
Execute       db_write -model matrix_mult -f -o /scratch/tsussman/matrix_mult/matrix_mult/hls/.autopilot/db/matrix_mult.adb 
Execute       db_write -model matrix_mult -bindview -o /scratch/tsussman/matrix_mult/matrix_mult/hls/.autopilot/db/design.bindinfo.xml 
Execute       gen_tb_info matrix_mult -p /scratch/tsussman/matrix_mult/matrix_mult/hls/.autopilot/db -o /scratch/tsussman/matrix_mult/matrix_mult/hls/.autopilot/db/matrix_mult 
Execute       export_constraint_db -f -tool general -o /scratch/tsussman/matrix_mult/matrix_mult/hls/.autopilot/db/matrix_mult.constraint.tcl 
Execute       syn_report -designview -model matrix_mult -o /scratch/tsussman/matrix_mult/matrix_mult/hls/.autopilot/db/matrix_mult.design.xml 
Execute       syn_report -csynthDesign -model matrix_mult -o /scratch/tsussman/matrix_mult/matrix_mult/hls/syn/report/csynth.rpt -MHOut /scratch/tsussman/matrix_mult/matrix_mult/hls/.autopilot/db/kernel_module_hierarchy.tcl 
Execute         list_part -family xcvu9p-flga2104-2-i 
Execute           ap_family_info -name xcvu9p-flga2104-2-i -data names 
Execute           ap_part_info -quiet -name xcvu9p-flga2104-2-i -data family 
Execute       syn_report -wcfg -model matrix_mult -o /scratch/tsussman/matrix_mult/matrix_mult/hls/.autopilot/db/matrix_mult_dataflow_ana.wcfg 
Execute       syn_report -protoinst -model matrix_mult -o /scratch/tsussman/matrix_mult/matrix_mult/hls/.autopilot/db/matrix_mult.protoinst 
Execute       sc_get_clocks matrix_mult 
Execute       sc_get_portdomain matrix_mult 
INFO-FLOW: Model list for RTL component generation: matrix_mult
INFO-FLOW: Handling components in module [matrix_mult] ... 
Execute       source /scratch/tsussman/matrix_mult/matrix_mult/hls/.autopilot/db/matrix_mult.compgen.tcl 
INFO-FLOW: Found component matrix_mult_mul_32s_32s_32_1_1.
INFO-FLOW: Append model matrix_mult_mul_32s_32s_32_1_1
INFO-FLOW: Found component matrix_mult_flow_control_loop_pipe.
INFO-FLOW: Append model matrix_mult_flow_control_loop_pipe
INFO-FLOW: Append model matrix_mult
INFO-FLOW: Generating RTL model list ...
INFO-FLOW: All models in this session: matrix_mult_mul_32s_32s_32_1_1 matrix_mult_flow_control_loop_pipe matrix_mult
INFO-FLOW: Generating /scratch/tsussman/matrix_mult/matrix_mult/hls/.autopilot/db/autopilot.rtl.models.txt file...
INFO-FLOW: To file: write model matrix_mult_mul_32s_32s_32_1_1
INFO-FLOW: To file: write model matrix_mult_flow_control_loop_pipe
INFO-FLOW: To file: write model matrix_mult
INFO-FLOW: Generating /scratch/tsussman/matrix_mult/matrix_mult/hls/.autopilot/db/autopilot.rtl.models.tcl file...
INFO-FLOW: Finished generating RTL model list.


INFO-FLOW: RTL Generation done.
INFO-FLOW: CAS Generation done.
INFO-FLOW: CBC Generation done.
INFO-FLOW: DBG:PROC: ::AESL_AUTOMG::auto_generate_csynth_design
INFO-FLOW: DBG:PUTS: read_platform_lib /scratch/tsussman/matrix_mult/matrix_mult/hls/.autopilot/db/global.setting.tcl
Execute       source /afs/hep.wisc.edu/cms/sw/Xilinx/Vitis_HLS/2024.1/common/technology/generic/autopilot/common.gen 
Execute         source /afs/hep.wisc.edu/cms/sw/Xilinx/Vitis_HLS/2024.1/common/technology/generic/autopilot/APCoreGen.gen 
Execute       source /afs/hep.wisc.edu/cms/sw/Xilinx/Vitis_HLS/2024.1/common/technology/generic/autopilot/op.gen 
Execute       source /afs/hep.wisc.edu/cms/sw/Xilinx/Vitis_HLS/2024.1/common/technology/generic/autopilot/op_simcore.gen 
Execute       source /afs/hep.wisc.edu/cms/sw/Xilinx/Vitis_HLS/2024.1/common/technology/generic/autopilot/interface.gen 
Execute       source /scratch/tsussman/matrix_mult/matrix_mult/hls/.autopilot/db/global.setting.tcl 
Execute       source /afs/hep.wisc.edu/cms/sw/Xilinx/Vitis_HLS/2024.1/common/technology/xilinx/common/xilinx.gen 
Execute         source /afs/hep.wisc.edu/cms/sw/Xilinx/Vitis_HLS/2024.1/common/technology/xilinx/interface/plb46.gen 
Execute         source /afs/hep.wisc.edu/cms/sw/Xilinx/Vitis_HLS/2024.1/common/technology/xilinx/interface/axi4.gen 
Execute         source /afs/hep.wisc.edu/cms/sw/Xilinx/Vitis_HLS/2024.1/common/technology/xilinx/interface/nativeAXI4.gen 
Execute           source /afs/hep.wisc.edu/cms/sw/Xilinx/Vitis_HLS/2024.1/common/technology/xilinx/interface/saxilite.gen 
Execute         source /afs/hep.wisc.edu/cms/sw/Xilinx/Vitis_HLS/2024.1/common/technology/xilinx/scripts/xilinxcoregen.gen 
Execute         source /afs/hep.wisc.edu/cms/sw/Xilinx/Vitis_HLS/2024.1/common/technology/xilinx/interface/XilEDKCoreGen.gen 
Execute         source /afs/hep.wisc.edu/cms/sw/Xilinx/Vitis_HLS/2024.1/common/technology/xilinx/ip/dds_compiler.gen 
Execute         source /afs/hep.wisc.edu/cms/sw/Xilinx/Vitis_HLS/2024.1/common/technology/xilinx/ip/util.gen 
Execute         source /afs/hep.wisc.edu/cms/sw/Xilinx/Vitis_HLS/2024.1/common/technology/xilinx/ip/xfft.gen 
Command         ap_source done; 0.12 sec.
Execute         source /afs/hep.wisc.edu/cms/sw/Xilinx/Vitis_HLS/2024.1/common/technology/xilinx/ip/xfir.gen 
Execute         source /afs/hep.wisc.edu/cms/sw/Xilinx/Vitis_HLS/2024.1/common/technology/xilinx/DSP48/dsp48.gen 
Command       ap_source done; 0.16 sec.
INFO-FLOW: DBG:PUTS:   using AESL_AUTOCG::g_clock_period=10.000 (was NA)
INFO-FLOW: DBG:PROC: ::AESL_AUTOMG::generate_ip_cores gen_sim_model='1' gen_fp_models='0' gen_for_export='0' dstSCDir='' dstVhdlDir='/scratch/tsussman/matrix_mult/matrix_mult/hls/.autopilot/db/vhdl' dstVlogDir='/scratch/tsussman/matrix_mult/matrix_mult/hls/.autopilot/db/vlog' tclDir='/scratch/tsussman/matrix_mult/matrix_mult/hls/.autopilot/db' modelList='matrix_mult_mul_32s_32s_32_1_1
matrix_mult_flow_control_loop_pipe
matrix_mult
' expOnly='0'
Execute       source /scratch/tsussman/matrix_mult/matrix_mult/hls/.autopilot/db/global.setting.tcl 
Execute       ap_part_info -name xcvu9p-flga2104-2-i -data names -quiet 
Execute       ap_part_info -name xcvu9p-flga2104-2-i -data info -quiet 
Execute       source /scratch/tsussman/matrix_mult/matrix_mult/hls/.autopilot/db/global.setting.tcl 
Execute       source /scratch/tsussman/matrix_mult/matrix_mult/hls/.autopilot/db/global.setting.tcl 
Execute       source /scratch/tsussman/matrix_mult/matrix_mult/hls/.autopilot/db/matrix_mult.compgen.tcl 
INFO: [HLS 200-111] Finished Generating all RTL models: CPU user time: 0.39 seconds. CPU system time: 0.03 seconds. Elapsed time: 0.42 seconds; current allocated memory: 314.676 MB.
INFO-FLOW: DBG:PROC: ::HLSREPORTS::create_csynth_xml bind_info_var='bind_info' RtlSubPrefix='matrix_mult_' outfile=''
INFO-FLOW: Running: create_csynth_xml read xml data
INFO-FLOW: Done: create_csynth_xml read xml data time: 0 seconds per iteration
INFO-FLOW: Running: create_csynth_xml bind info
INFO-FLOW: Done: create_csynth_xml bind info time: 0 seconds per iteration
INFO-FLOW: Running: create_csynth_xml config info
INFO-FLOW: Done: create_csynth_xml config info time: 0.1 seconds per iteration
INFO-FLOW: Running: create_csynth_xml write xml
INFO-FLOW: Done: create_csynth_xml write xml time: 0 seconds per iteration
INFO-FLOW: DBG:PUTS:      create_csynth_xml wrote csynth_xml=/scratch/tsussman/matrix_mult/matrix_mult/hls/syn/report/csynth.xml
INFO-FLOW: DBG:PROC: ::AP::DESIGN_DATA::generate_json generate_bd_files='0' generate_xo_files='0' modelList='matrix_mult_mul_32s_32s_32_1_1
matrix_mult_flow_control_loop_pipe
matrix_mult
' rtl_lang='both' bootstrap_tcl='false' outdir='' outfilename=''
Execute       source /scratch/tsussman/matrix_mult/matrix_mult/hls/.autopilot/db/global.setting.tcl 
Execute       source /scratch/tsussman/matrix_mult/matrix_mult/hls/.autopilot/db/global.setting.tcl 
Execute       source /scratch/tsussman/matrix_mult/matrix_mult/hls/.autopilot/db/top-io-be.tcl 
Execute       source /scratch/tsussman/matrix_mult/matrix_mult/hls/.autopilot/db/matrix_mult.tbgen.tcl 
Execute       source /scratch/tsussman/matrix_mult/matrix_mult/hls/.autopilot/db/matrix_mult.rtl_wrap.cfg.tcl 
Execute       source /scratch/tsussman/matrix_mult/matrix_mult/hls/.autopilot/db/matrix_mult.compgen.dataonly.tcl 
Execute       source /scratch/tsussman/matrix_mult/matrix_mult/hls/.autopilot/db/matrix_mult.tbgen.tcl 
Execute       source /scratch/tsussman/matrix_mult/matrix_mult/hls/.autopilot/db/global.setting.tcl 
Execute       ap_part_info -name xcvu9p-flga2104-2-i -data names -quiet 
Execute       ap_part_info -name xcvu9p-flga2104-2-i -data info -quiet 
Execute       source /scratch/tsussman/matrix_mult/matrix_mult/hls/.autopilot/db/matrix_mult.constraint.tcl 
Execute       sc_get_clocks matrix_mult 
Execute       source /scratch/tsussman/matrix_mult/matrix_mult/hls/.autopilot/db/global.setting.tcl 
INFO-FLOW: DBG:PROC: ::HLSREPORTS::add_csynth_report_sections bind_info_dict='adapter_nodes {} cache_nodes {} report_dict {TOPINST matrix_mult MODULE2INSTS {matrix_mult matrix_mult} INST2MODULE {matrix_mult matrix_mult} INSTDATA {matrix_mult {DEPTH 1 CHILDREN {}}} MODULEDATA {matrix_mult {BINDINFO {{BINDTYPE op ID {} IMPL fabric LATENCY 0 OPTYPE add PRAGMA {} RTLNAME add_ln5_fu_358_p2 SOURCE ../matrix_mult.cpp:5 VARIABLE add_ln5 LOOP VITIS_LOOP_5_1_VITIS_LOOP_6_2 BUNDLEDNAME {} DSP 0 BRAM 0 URAM 0 STORAGESUBTYPE {} DISPNAME {bind_op add} VISIBLE true} {BINDTYPE op ID {} IMPL auto_sel LATENCY 0 OPTYPE select PRAGMA {} RTLNAME select_ln5_fu_364_p3 SOURCE ../matrix_mult.cpp:5 VARIABLE select_ln5 LOOP VITIS_LOOP_5_1_VITIS_LOOP_6_2 BUNDLEDNAME {} DSP 0 BRAM 0 URAM 0 STORAGESUBTYPE {} DISPNAME {bind_op select} VISIBLE false} {BINDTYPE op ID {} IMPL auto_sel LATENCY 0 OPTYPE select PRAGMA {} RTLNAME i_fu_372_p3 SOURCE ../matrix_mult.cpp:5 VARIABLE i LOOP VITIS_LOOP_5_1_VITIS_LOOP_6_2 BUNDLEDNAME {} DSP 0 BRAM 0 URAM 0 STORAGESUBTYPE {} DISPNAME {bind_op select} VISIBLE false} {BINDTYPE op ID {} IMPL fabric LATENCY 0 OPTYPE add PRAGMA {} RTLNAME empty_fu_404_p2 SOURCE ../matrix_mult.cpp:5 VARIABLE empty LOOP VITIS_LOOP_5_1_VITIS_LOOP_6_2 BUNDLEDNAME {} DSP 0 BRAM 0 URAM 0 STORAGESUBTYPE {} DISPNAME {bind_op add} VISIBLE true} {BINDTYPE op ID {} IMPL fabric LATENCY 0 OPTYPE add PRAGMA {} RTLNAME empty_7_fu_467_p2 SOURCE ../matrix_mult.cpp:5 VARIABLE empty_7 LOOP VITIS_LOOP_5_1_VITIS_LOOP_6_2 BUNDLEDNAME {} DSP 0 BRAM 0 URAM 0 STORAGESUBTYPE {} DISPNAME {bind_op add} VISIBLE true} {BINDTYPE op ID {} IMPL fabric LATENCY 0 OPTYPE add PRAGMA {} RTLNAME empty_8_fu_477_p2 SOURCE ../matrix_mult.cpp:5 VARIABLE empty_8 LOOP VITIS_LOOP_5_1_VITIS_LOOP_6_2 BUNDLEDNAME {} DSP 0 BRAM 0 URAM 0 STORAGESUBTYPE {} DISPNAME {bind_op add} VISIBLE true} {BINDTYPE op ID {} IMPL fabric LATENCY 0 OPTYPE add PRAGMA {} RTLNAME empty_9_fu_518_p2 SOURCE ../matrix_mult.cpp:5 VARIABLE empty_9 LOOP VITIS_LOOP_5_1_VITIS_LOOP_6_2 BUNDLEDNAME {} DSP 0 BRAM 0 URAM 0 STORAGESUBTYPE {} DISPNAME {bind_op add} VISIBLE true} {BINDTYPE op ID {} IMPL fabric LATENCY 0 OPTYPE add PRAGMA {} RTLNAME empty_10_fu_528_p2 SOURCE ../matrix_mult.cpp:5 VARIABLE empty_10 LOOP VITIS_LOOP_5_1_VITIS_LOOP_6_2 BUNDLEDNAME {} DSP 0 BRAM 0 URAM 0 STORAGESUBTYPE {} DISPNAME {bind_op add} VISIBLE true} {BINDTYPE op ID {} IMPL fabric LATENCY 0 OPTYPE add PRAGMA {} RTLNAME empty_11_fu_562_p2 SOURCE ../matrix_mult.cpp:5 VARIABLE empty_11 LOOP VITIS_LOOP_5_1_VITIS_LOOP_6_2 BUNDLEDNAME {} DSP 0 BRAM 0 URAM 0 STORAGESUBTYPE {} DISPNAME {bind_op add} VISIBLE true} {BINDTYPE op ID {} IMPL fabric LATENCY 0 OPTYPE add PRAGMA {} RTLNAME empty_12_fu_572_p2 SOURCE ../matrix_mult.cpp:5 VARIABLE empty_12 LOOP VITIS_LOOP_5_1_VITIS_LOOP_6_2 BUNDLEDNAME {} DSP 0 BRAM 0 URAM 0 STORAGESUBTYPE {} DISPNAME {bind_op add} VISIBLE true} {BINDTYPE op ID {} IMPL fabric LATENCY 0 OPTYPE add PRAGMA {} RTLNAME empty_13_fu_617_p2 SOURCE ../matrix_mult.cpp:5 VARIABLE empty_13 LOOP VITIS_LOOP_5_1_VITIS_LOOP_6_2 BUNDLEDNAME {} DSP 0 BRAM 0 URAM 0 STORAGESUBTYPE {} DISPNAME {bind_op add} VISIBLE true} {BINDTYPE op ID {} IMPL fabric LATENCY 0 OPTYPE add PRAGMA {} RTLNAME empty_14_fu_627_p2 SOURCE ../matrix_mult.cpp:5 VARIABLE empty_14 LOOP VITIS_LOOP_5_1_VITIS_LOOP_6_2 BUNDLEDNAME {} DSP 0 BRAM 0 URAM 0 STORAGESUBTYPE {} DISPNAME {bind_op add} VISIBLE true} {BINDTYPE op ID {} IMPL fabric LATENCY 0 OPTYPE add PRAGMA {} RTLNAME add_ln9_8_fu_451_p2 SOURCE ../matrix_mult.cpp:9 VARIABLE add_ln9_8 LOOP VITIS_LOOP_5_1_VITIS_LOOP_6_2 BUNDLEDNAME {} DSP 0 BRAM 0 URAM 0 STORAGESUBTYPE {} DISPNAME {bind_op add} VISIBLE true} {BINDTYPE op ID {} IMPL fabric LATENCY 0 OPTYPE add PRAGMA {} RTLNAME add_ln9_9_fu_490_p2 SOURCE ../matrix_mult.cpp:9 VARIABLE add_ln9_9 LOOP VITIS_LOOP_5_1_VITIS_LOOP_6_2 BUNDLEDNAME {} DSP 0 BRAM 0 URAM 0 STORAGESUBTYPE {} DISPNAME {bind_op add} VISIBLE true} {BINDTYPE op ID {} IMPL fabric LATENCY 0 OPTYPE add PRAGMA {} RTLNAME add_ln9_10_fu_501_p2 SOURCE ../matrix_mult.cpp:9 VARIABLE add_ln9_10 LOOP VITIS_LOOP_5_1_VITIS_LOOP_6_2 BUNDLEDNAME {} DSP 0 BRAM 0 URAM 0 STORAGESUBTYPE {} DISPNAME {bind_op add} VISIBLE true} {BINDTYPE op ID {} IMPL fabric LATENCY 0 OPTYPE add PRAGMA {} RTLNAME add_ln9_11_fu_541_p2 SOURCE ../matrix_mult.cpp:9 VARIABLE add_ln9_11 LOOP VITIS_LOOP_5_1_VITIS_LOOP_6_2 BUNDLEDNAME {} DSP 0 BRAM 0 URAM 0 STORAGESUBTYPE {} DISPNAME {bind_op add} VISIBLE true} {BINDTYPE op ID {} IMPL fabric LATENCY 0 OPTYPE add PRAGMA {} RTLNAME add_ln9_12_fu_551_p2 SOURCE ../matrix_mult.cpp:9 VARIABLE add_ln9_12 LOOP VITIS_LOOP_5_1_VITIS_LOOP_6_2 BUNDLEDNAME {} DSP 0 BRAM 0 URAM 0 STORAGESUBTYPE {} DISPNAME {bind_op add} VISIBLE true} {BINDTYPE op ID {} IMPL fabric LATENCY 0 OPTYPE add PRAGMA {} RTLNAME add_ln9_13_fu_582_p2 SOURCE ../matrix_mult.cpp:9 VARIABLE add_ln9_13 LOOP VITIS_LOOP_5_1_VITIS_LOOP_6_2 BUNDLEDNAME {} DSP 0 BRAM 0 URAM 0 STORAGESUBTYPE {} DISPNAME {bind_op add} VISIBLE true} {BINDTYPE op ID {} IMPL fabric LATENCY 0 OPTYPE add PRAGMA {} RTLNAME add_ln9_14_fu_592_p2 SOURCE ../matrix_mult.cpp:9 VARIABLE add_ln9_14 LOOP VITIS_LOOP_5_1_VITIS_LOOP_6_2 BUNDLEDNAME {} DSP 0 BRAM 0 URAM 0 STORAGESUBTYPE {} DISPNAME {bind_op add} VISIBLE true} {BINDTYPE op ID {} IMPL fabric LATENCY 0 OPTYPE add PRAGMA {} RTLNAME add_ln9_15_fu_649_p2 SOURCE ../matrix_mult.cpp:9 VARIABLE add_ln9_15 LOOP VITIS_LOOP_5_1_VITIS_LOOP_6_2 BUNDLEDNAME {} DSP 0 BRAM 0 URAM 0 STORAGESUBTYPE {} DISPNAME {bind_op add} VISIBLE true} {BINDTYPE op ID {} IMPL fabric LATENCY 0 OPTYPE add PRAGMA {} RTLNAME add_ln11_fu_659_p2 SOURCE ../matrix_mult.cpp:11 VARIABLE add_ln11 LOOP VITIS_LOOP_5_1_VITIS_LOOP_6_2 BUNDLEDNAME {} DSP 0 BRAM 0 URAM 0 STORAGESUBTYPE {} DISPNAME {bind_op add} VISIBLE true} {BINDTYPE op ID {} IMPL auto LATENCY 0 OPTYPE mul PRAGMA {} RTLNAME mul_32s_32s_32_1_1_U1 SOURCE ../matrix_mult.cpp:9 VARIABLE mul_ln9 LOOP VITIS_LOOP_5_1_VITIS_LOOP_6_2 BUNDLEDNAME {} DSP 3 BRAM 0 URAM 0 STORAGESUBTYPE {} DISPNAME {bind_op mul} VISIBLE true} {BINDTYPE op ID {} IMPL auto LATENCY 0 OPTYPE mul PRAGMA {} RTLNAME mul_32s_32s_32_1_1_U1 SOURCE ../matrix_mult.cpp:9 VARIABLE mul_ln9_1 LOOP VITIS_LOOP_5_1_VITIS_LOOP_6_2 BUNDLEDNAME {} DSP 3 BRAM 0 URAM 0 STORAGESUBTYPE {} DISPNAME {bind_op mul} VISIBLE true} {BINDTYPE op ID {} IMPL auto LATENCY 0 OPTYPE mul PRAGMA {} RTLNAME mul_32s_32s_32_1_1_U1 SOURCE ../matrix_mult.cpp:9 VARIABLE mul_ln9_2 LOOP VITIS_LOOP_5_1_VITIS_LOOP_6_2 BUNDLEDNAME {} DSP 3 BRAM 0 URAM 0 STORAGESUBTYPE {} DISPNAME {bind_op mul} VISIBLE true} {BINDTYPE op ID {} IMPL auto LATENCY 0 OPTYPE mul PRAGMA {} RTLNAME mul_32s_32s_32_1_1_U1 SOURCE ../matrix_mult.cpp:9 VARIABLE mul_ln9_3 LOOP VITIS_LOOP_5_1_VITIS_LOOP_6_2 BUNDLEDNAME {} DSP 3 BRAM 0 URAM 0 STORAGESUBTYPE {} DISPNAME {bind_op mul} VISIBLE true} {BINDTYPE op ID {} IMPL auto LATENCY 0 OPTYPE mul PRAGMA {} RTLNAME mul_32s_32s_32_1_1_U2 SOURCE ../matrix_mult.cpp:9 VARIABLE mul_ln9_4 LOOP VITIS_LOOP_5_1_VITIS_LOOP_6_2 BUNDLEDNAME {} DSP 3 BRAM 0 URAM 0 STORAGESUBTYPE {} DISPNAME {bind_op mul} VISIBLE true} {BINDTYPE op ID {} IMPL auto LATENCY 0 OPTYPE mul PRAGMA {} RTLNAME mul_32s_32s_32_1_1_U2 SOURCE ../matrix_mult.cpp:9 VARIABLE mul_ln9_5 LOOP VITIS_LOOP_5_1_VITIS_LOOP_6_2 BUNDLEDNAME {} DSP 3 BRAM 0 URAM 0 STORAGESUBTYPE {} DISPNAME {bind_op mul} VISIBLE true} {BINDTYPE op ID {} IMPL auto LATENCY 0 OPTYPE mul PRAGMA {} RTLNAME mul_32s_32s_32_1_1_U1 SOURCE ../matrix_mult.cpp:9 VARIABLE mul_ln9_6 LOOP VITIS_LOOP_5_1_VITIS_LOOP_6_2 BUNDLEDNAME {} DSP 3 BRAM 0 URAM 0 STORAGESUBTYPE {} DISPNAME {bind_op mul} VISIBLE true} {BINDTYPE op ID {} IMPL auto LATENCY 0 OPTYPE mul PRAGMA {} RTLNAME mul_32s_32s_32_1_1_U2 SOURCE ../matrix_mult.cpp:9 VARIABLE mul_ln9_7 LOOP VITIS_LOOP_5_1_VITIS_LOOP_6_2 BUNDLEDNAME {} DSP 3 BRAM 0 URAM 0 STORAGESUBTYPE {} DISPNAME {bind_op mul} VISIBLE true} {BINDTYPE op ID {} IMPL auto LATENCY 0 OPTYPE mul PRAGMA {} RTLNAME mul_32s_32s_32_1_1_U2 SOURCE ../matrix_mult.cpp:9 VARIABLE mul_ln9_8 LOOP VITIS_LOOP_5_1_VITIS_LOOP_6_2 BUNDLEDNAME {} DSP 3 BRAM 0 URAM 0 STORAGESUBTYPE {} DISPNAME {bind_op mul} VISIBLE true} {BINDTYPE op ID {} IMPL auto LATENCY 0 OPTYPE mul PRAGMA {} RTLNAME mul_32s_32s_32_1_1_U2 SOURCE ../matrix_mult.cpp:9 VARIABLE mul_ln9_9 LOOP VITIS_LOOP_5_1_VITIS_LOOP_6_2 BUNDLEDNAME {} DSP 3 BRAM 0 URAM 0 STORAGESUBTYPE {} DISPNAME {bind_op mul} VISIBLE true} {BINDTYPE op ID {} IMPL fabric LATENCY 0 OPTYPE add PRAGMA {} RTLNAME add_ln9_fu_512_p2 SOURCE ../matrix_mult.cpp:9 VARIABLE add_ln9 LOOP VITIS_LOOP_5_1_VITIS_LOOP_6_2 BUNDLEDNAME {} DSP 0 BRAM 0 URAM 0 STORAGESUBTYPE {} DISPNAME {bind_op add} VISIBLE true} {BINDTYPE op ID {} IMPL fabric LATENCY 0 OPTYPE add PRAGMA {} RTLNAME j_fu_663_p2 SOURCE ../matrix_mult.cpp:6 VARIABLE j LOOP VITIS_LOOP_5_1_VITIS_LOOP_6_2 BUNDLEDNAME {} DSP 0 BRAM 0 URAM 0 STORAGESUBTYPE {} DISPNAME {bind_op add} VISIBLE true} {BINDTYPE op ID {} IMPL fabric LATENCY 0 OPTYPE add PRAGMA {} RTLNAME add_ln5_1_fu_668_p2 SOURCE ../matrix_mult.cpp:5 VARIABLE add_ln5_1 LOOP VITIS_LOOP_5_1_VITIS_LOOP_6_2 BUNDLEDNAME {} DSP 0 BRAM 0 URAM 0 STORAGESUBTYPE {} DISPNAME {bind_op add} VISIBLE true} {BINDTYPE op ID {} IMPL auto LATENCY 0 OPTYPE seteq PRAGMA {} RTLNAME icmp_ln6_fu_674_p2 SOURCE ../matrix_mult.cpp:6 VARIABLE icmp_ln6 LOOP VITIS_LOOP_5_1_VITIS_LOOP_6_2 BUNDLEDNAME {} DSP 0 BRAM 0 URAM 0 STORAGESUBTYPE {} DISPNAME {bind_op seteq} VISIBLE false} {BINDTYPE op ID {} IMPL auto LATENCY 0 OPTYPE seteq PRAGMA {} RTLNAME icmp_ln5_fu_680_p2 SOURCE ../matrix_mult.cpp:5 VARIABLE icmp_ln5 LOOP VITIS_LOOP_5_1_VITIS_LOOP_6_2 BUNDLEDNAME {} DSP 0 BRAM 0 URAM 0 STORAGESUBTYPE {} DISPNAME {bind_op seteq} VISIBLE false}} AREA {DSP 6 BRAM 0 URAM 0}}}}'
INFO-FLOW: DBG:PUTS:      update_csynth_reports json2rpt_hw_sw_interfaces
INFO-FLOW: Running: gen_csynth_sec_pragma
INFO-FLOW: Done: gen_csynth_sec_pragma time: 0 seconds per iteration
INFO-FLOW: DBG:PUTS:      update_csynth_reports wrote xml
INFO-FLOW: DBG:PUTS:      update_csynth_reports appended to csynth rpt file
INFO: [HLS 200-111] Finished Updating report files: CPU user time: 0.55 seconds. CPU system time: 0.02 seconds. Elapsed time: 0.57 seconds; current allocated memory: 314.676 MB.
INFO: [VHDL 208-304] Generating VHDL RTL for matrix_mult.
INFO: [VLOG 209-307] Generating Verilog RTL for matrix_mult.
Execute       syn_report -model matrix_mult -printsummary 
INFO: [HLS 200-790] **** Loop Constraint Status: All loop constraints were NOT satisfied.
INFO: [HLS 200-789] **** Estimated Fmax: 152.37 MHz
Command     autosyn done; 2.07 sec.
Command   csynth_design done; 15.97 sec.
Execute   close_project 
Execute     close_solution 
Execute       cleanup_all 
Execute       cleanup_all 
