

================================================================
== Vitis HLS Report for 'matrix_mult'
================================================================
* Date:           Tue Mar 17 11:13:32 2026

* Version:        2024.1 (Build 5069499 on May 21 2024)
* Project:        matrix_mult
* Solution:       hls (Vivado IP Flow Target)
* Product family: virtexuplus
* Target device:  xcvu9p-flga2104-2-i


================================================================
== Performance Estimates
================================================================
+ Timing: 
    * Summary: 
    +--------+----------+----------+------------+
    |  Clock |  Target  | Estimated| Uncertainty|
    +--------+----------+----------+------------+
    |ap_clk  |  10.00 ns|  6.563 ns|     2.70 ns|
    +--------+----------+----------+------------+

+ Latency: 
    * Summary: 
    +---------+---------+----------+----------+-----+-----+-----------------------------------------------+
    |  Latency (cycles) |  Latency (absolute) |  Interval |                    Pipeline                   |
    |   min   |   max   |    min   |    max   | min | max |                      Type                     |
    +---------+---------+----------+----------+-----+-----+-----------------------------------------------+
    |      502|      502|  5.020 us|  5.020 us|  500|  500|  loop auto-rewind stp(delay=0 clock cycles(s))|
    +---------+---------+----------+----------+-----+-----+-----------------------------------------------+

    + Detail: 
        * Instance: 
        N/A

        * Loop: 
        +---------------------------------+---------+---------+----------+-----------+-----------+------+----------+
        |                                 |  Latency (cycles) | Iteration|  Initiation Interval  | Trip |          |
        |            Loop Name            |   min   |   max   |  Latency |  achieved |   target  | Count| Pipelined|
        +---------------------------------+---------+---------+----------+-----------+-----------+------+----------+
        |- VITIS_LOOP_5_1_VITIS_LOOP_6_2  |      500|      500|         6|          5|          1|   100|       yes|
        +---------------------------------+---------+---------+----------+-----------+-----------+------+----------+

============================================================
+ Verbose Summary: Synthesis Manager
============================================================
InlineROM: 1
ExposeGlobal: 0
============================================================
+ Verbose Summary: CDFG Model
============================================================
IsTopModel: 1
ResetActiveHigh: 1
IsCombinational: 0
IsDatapathOnly: 0
HasWiredReturn: 1
HasMFsm: 2
HasVarLatency: 1
IsPipeline: 0
IsRtlPipelined: 0
IsInstanceOverlapped: 0
IsDontTouch: 0
HasImplIP: 0
IsGatedGlobalClock: 0

+ Individual pipeline summary: 
  * Pipeline-0: initiation interval (II) = 5, depth = 6


============================================================
+ Verbose Summary: Schedule
============================================================
* Number of FSM states : 6
* Pipeline : 1
  Pipeline-0 : II = 5, D = 6, States = { 1 2 3 4 5 6 }
* Dataflow Pipeline: 0

* FSM state transitions: 
1 --> 2 
2 --> 3 
3 --> 4 
4 --> 5 
5 --> 6 
6 --> 

* FSM state operations: 

State 1 <SV = 0> <Delay = 2.75>
ST_1 : Operation 9 [1/1] (0.00ns)   --->   "%indvar_flatten1 = alloca i32 1"   --->   Operation 9 'alloca' 'indvar_flatten1' <Predicate = true> <Delay = 0.00>
ST_1 : Operation 10 [1/1] (0.00ns)   --->   "%i2 = alloca i32 1"   --->   Operation 10 'alloca' 'i2' <Predicate = true> <Delay = 0.00>
ST_1 : Operation 11 [1/1] (0.00ns)   --->   "%j3 = alloca i32 1"   --->   Operation 11 'alloca' 'j3' <Predicate = true> <Delay = 0.00>
ST_1 : Operation 12 [1/1] (0.00ns)   --->   "%spectopmodule_ln4 = spectopmodule void @_ssdm_op_SpecTopModule, void @empty_1" [../matrix_mult.cpp:4]   --->   Operation 12 'spectopmodule' 'spectopmodule_ln4' <Predicate = true> <Delay = 0.00>
ST_1 : Operation 13 [1/1] (0.00ns)   --->   "%specinterface_ln0 = specinterface void @_ssdm_op_SpecInterface, i32 %A, void @empty, i32 0, i32 0, void @empty_0, i32 4294967295, i32 0, void @empty_0, void @empty_0, void @empty_0, i32 0, i32 0, i32 0, i32 0, void @empty_0, void @empty_0, i32 4294967295, i32 0, i32 0"   --->   Operation 13 'specinterface' 'specinterface_ln0' <Predicate = true> <Delay = 0.00>
ST_1 : Operation 14 [1/1] (0.00ns)   --->   "%specbitsmap_ln0 = specbitsmap void @_ssdm_op_SpecBitsMap, i32 %A"   --->   Operation 14 'specbitsmap' 'specbitsmap_ln0' <Predicate = true> <Delay = 0.00>
ST_1 : Operation 15 [1/1] (0.00ns)   --->   "%specinterface_ln0 = specinterface void @_ssdm_op_SpecInterface, i32 %B, void @empty, i32 0, i32 0, void @empty_0, i32 4294967295, i32 0, void @empty_0, void @empty_0, void @empty_0, i32 0, i32 0, i32 0, i32 0, void @empty_0, void @empty_0, i32 4294967295, i32 0, i32 0"   --->   Operation 15 'specinterface' 'specinterface_ln0' <Predicate = true> <Delay = 0.00>
ST_1 : Operation 16 [1/1] (0.00ns)   --->   "%specbitsmap_ln0 = specbitsmap void @_ssdm_op_SpecBitsMap, i32 %B"   --->   Operation 16 'specbitsmap' 'specbitsmap_ln0' <Predicate = true> <Delay = 0.00>
ST_1 : Operation 17 [1/1] (0.00ns)   --->   "%specinterface_ln0 = specinterface void @_ssdm_op_SpecInterface, i32 %C, void @empty, i32 0, i32 0, void @empty_0, i32 4294967295, i32 0, void @empty_0, void @empty_0, void @empty_0, i32 0, i32 0, i32 0, i32 0, void @empty_0, void @empty_0, i32 4294967295, i32 0, i32 0"   --->   Operation 17 'specinterface' 'specinterface_ln0' <Predicate = true> <Delay = 0.00>
ST_1 : Operation 18 [1/1] (0.00ns)   --->   "%specbitsmap_ln0 = specbitsmap void @_ssdm_op_SpecBitsMap, i32 %C"   --->   Operation 18 'specbitsmap' 'specbitsmap_ln0' <Predicate = true> <Delay = 0.00>
ST_1 : Operation 19 [1/1] (0.38ns)   --->   "%store_ln0 = store i4 0, i4 %j3"   --->   Operation 19 'store' 'store_ln0' <Predicate = true> <Delay = 0.38>
ST_1 : Operation 20 [1/1] (0.38ns)   --->   "%store_ln0 = store i4 0, i4 %i2"   --->   Operation 20 'store' 'store_ln0' <Predicate = true> <Delay = 0.38>
ST_1 : Operation 21 [1/1] (0.38ns)   --->   "%store_ln0 = store i7 0, i7 %indvar_flatten1"   --->   Operation 21 'store' 'store_ln0' <Predicate = true> <Delay = 0.38>
ST_1 : Operation 22 [1/1] (0.38ns)   --->   "%br_ln0 = br void %for.inc22"   --->   Operation 22 'br' 'br_ln0' <Predicate = true> <Delay = 0.38>
ST_1 : Operation 23 [1/1] (0.00ns)   --->   "%icmp_ln64 = phi i1 0, void %entry, i1 %icmp_ln6, void %for.inc22" [../matrix_mult.cpp:6]   --->   Operation 23 'phi' 'icmp_ln64' <Predicate = true> <Delay = 0.00>
ST_1 : Operation 24 [1/1] (0.00ns)   --->   "%i2_load = load i4 %i2" [../matrix_mult.cpp:5]   --->   Operation 24 'load' 'i2_load' <Predicate = true> <Delay = 0.00>
ST_1 : Operation 25 [1/1] (0.00ns)   --->   "%j3_load = load i4 %j3" [../matrix_mult.cpp:5]   --->   Operation 25 'load' 'j3_load' <Predicate = true> <Delay = 0.00>
ST_1 : Operation 26 [1/1] (0.70ns)   --->   "%add_ln5 = add i4 %i2_load, i4 1" [../matrix_mult.cpp:5]   --->   Operation 26 'add' 'add_ln5' <Predicate = true> <Delay = 0.70> <CoreInst = "Adder">   --->   Core 1 'Adder' <Latency = 0> <II = 1> <Delay = 0.70> <FuncUnit> <Opcode : 'add' 'sub'> <InPorts = 2> <OutPorts = 1>
ST_1 : Operation 27 [1/1] (0.35ns)   --->   "%select_ln5 = select i1 %icmp_ln64, i4 0, i4 %j3_load" [../matrix_mult.cpp:5]   --->   Operation 27 'select' 'select_ln5' <Predicate = true> <Delay = 0.35> <CoreInst = "Sel">   --->   Core 73 'Sel' <Latency = 0> <II = 1> <Delay = 0.35> <FuncUnit> <Opcode : 'select'> <InPorts = 3> <OutPorts = 1>
ST_1 : Operation 28 [1/1] (0.35ns)   --->   "%i = select i1 %icmp_ln64, i4 %add_ln5, i4 %i2_load" [../matrix_mult.cpp:5]   --->   Operation 28 'select' 'i' <Predicate = true> <Delay = 0.35> <CoreInst = "Sel">   --->   Core 73 'Sel' <Latency = 0> <II = 1> <Delay = 0.35> <FuncUnit> <Opcode : 'select'> <InPorts = 3> <OutPorts = 1>
ST_1 : Operation 29 [1/1] (0.00ns)   --->   "%tmp = bitconcatenate i7 @_ssdm_op_BitConcatenate.i7.i4.i3, i4 %i, i3 0" [../matrix_mult.cpp:5]   --->   Operation 29 'bitconcatenate' 'tmp' <Predicate = true> <Delay = 0.00>
ST_1 : Operation 30 [1/1] (0.00ns)   --->   "%p_shl = zext i7 %tmp" [../matrix_mult.cpp:5]   --->   Operation 30 'zext' 'p_shl' <Predicate = true> <Delay = 0.00>
ST_1 : Operation 31 [1/1] (0.00ns)   --->   "%tmp_2 = bitconcatenate i5 @_ssdm_op_BitConcatenate.i5.i4.i1, i4 %i, i1 0" [../matrix_mult.cpp:5]   --->   Operation 31 'bitconcatenate' 'tmp_2' <Predicate = true> <Delay = 0.00>
ST_1 : Operation 32 [1/1] (0.00ns)   --->   "%p_shl43 = zext i5 %tmp_2" [../matrix_mult.cpp:5]   --->   Operation 32 'zext' 'p_shl43' <Predicate = true> <Delay = 0.00>
ST_1 : Operation 33 [1/1] (0.70ns)   --->   "%empty = add i8 %p_shl, i8 %p_shl43" [../matrix_mult.cpp:5]   --->   Operation 33 'add' 'empty' <Predicate = true> <Delay = 0.70> <CoreInst = "Adder">   --->   Core 1 'Adder' <Latency = 0> <II = 1> <Delay = 0.70> <FuncUnit> <Opcode : 'add' 'sub'> <InPorts = 2> <OutPorts = 1>
ST_1 : Operation 34 [1/1] (0.00ns)   --->   "%p_cast7 = zext i8 %empty" [../matrix_mult.cpp:5]   --->   Operation 34 'zext' 'p_cast7' <Predicate = true> <Delay = 0.00>
ST_1 : Operation 35 [1/1] (0.00ns)   --->   "%empty_6 = trunc i8 %empty" [../matrix_mult.cpp:5]   --->   Operation 35 'trunc' 'empty_6' <Predicate = true> <Delay = 0.00>
ST_1 : Operation 36 [1/1] (0.00ns)   --->   "%A_addr = getelementptr i32 %A, i64 0, i64 %p_cast7" [../matrix_mult.cpp:5]   --->   Operation 36 'getelementptr' 'A_addr' <Predicate = true> <Delay = 0.00>
ST_1 : Operation 37 [1/1] (0.00ns)   --->   "%tmp_cast = partselect i6 @_ssdm_op_PartSelect.i6.i8.i32.i32, i8 %empty, i32 1, i32 6" [../matrix_mult.cpp:5]   --->   Operation 37 'partselect' 'tmp_cast' <Predicate = true> <Delay = 0.00>
ST_1 : Operation 38 [1/1] (0.00ns)   --->   "%tmp_1 = bitconcatenate i7 @_ssdm_op_BitConcatenate.i7.i6.i1, i6 %tmp_cast, i1 1" [../matrix_mult.cpp:5]   --->   Operation 38 'bitconcatenate' 'tmp_1' <Predicate = true> <Delay = 0.00>
ST_1 : Operation 39 [1/1] (0.00ns)   --->   "%tmp_1_cast = zext i7 %tmp_1" [../matrix_mult.cpp:5]   --->   Operation 39 'zext' 'tmp_1_cast' <Predicate = true> <Delay = 0.00>
ST_1 : Operation 40 [1/1] (0.00ns)   --->   "%A_addr_1 = getelementptr i32 %A, i64 0, i64 %tmp_1_cast" [../matrix_mult.cpp:5]   --->   Operation 40 'getelementptr' 'A_addr_1' <Predicate = true> <Delay = 0.00>
ST_1 : Operation 41 [2/2] (0.60ns)   --->   "%A_load = load i7 %A_addr" [../matrix_mult.cpp:5]   --->   Operation 41 'load' 'A_load' <Predicate = true> <Delay = 0.60> <CoreInst = "RAM">   --->   Core 82 'RAM' <Latency = 1> <II = 1> <Delay = 0.60> <Storage> <Opcode : 'load' 'store'> <Ports = 2> <Width = 32> <Depth = 100> <RAM>
ST_1 : Operation 42 [2/2] (0.60ns)   --->   "%A_load_1 = load i7 %A_addr_1" [../matrix_mult.cpp:5]   --->   Operation 42 'load' 'A_load_1' <Predicate = true> <Delay = 0.60> <CoreInst = "RAM">   --->   Core 82 'RAM' <Latency = 1> <II = 1> <Delay = 0.60> <Storage> <Opcode : 'load' 'store'> <Ports = 2> <Width = 32> <Depth = 100> <RAM>
ST_1 : Operation 43 [1/1] (0.00ns)   --->   "%zext_ln6 = zext i4 %select_ln5" [../matrix_mult.cpp:6]   --->   Operation 43 'zext' 'zext_ln6' <Predicate = true> <Delay = 0.00>
ST_1 : Operation 44 [1/1] (0.00ns)   --->   "%zext_ln9_2 = zext i4 %select_ln5" [../matrix_mult.cpp:9]   --->   Operation 44 'zext' 'zext_ln9_2' <Predicate = true> <Delay = 0.00>
ST_1 : Operation 45 [1/1] (0.00ns)   --->   "%B_addr = getelementptr i32 %B, i64 0, i64 %zext_ln6" [../matrix_mult.cpp:9]   --->   Operation 45 'getelementptr' 'B_addr' <Predicate = true> <Delay = 0.00>
ST_1 : Operation 46 [1/1] (0.70ns)   --->   "%add_ln9_8 = add i5 %zext_ln9_2, i5 10" [../matrix_mult.cpp:9]   --->   Operation 46 'add' 'add_ln9_8' <Predicate = true> <Delay = 0.70> <CoreInst = "Adder">   --->   Core 1 'Adder' <Latency = 0> <II = 1> <Delay = 0.70> <FuncUnit> <Opcode : 'add' 'sub'> <InPorts = 2> <OutPorts = 1>
ST_1 : Operation 47 [1/1] (0.00ns)   --->   "%zext_ln9_3 = zext i5 %add_ln9_8" [../matrix_mult.cpp:9]   --->   Operation 47 'zext' 'zext_ln9_3' <Predicate = true> <Delay = 0.00>
ST_1 : Operation 48 [1/1] (0.00ns)   --->   "%B_addr_1 = getelementptr i32 %B, i64 0, i64 %zext_ln9_3" [../matrix_mult.cpp:9]   --->   Operation 48 'getelementptr' 'B_addr_1' <Predicate = true> <Delay = 0.00>
ST_1 : Operation 49 [2/2] (0.60ns)   --->   "%B_load = load i7 %B_addr" [../matrix_mult.cpp:9]   --->   Operation 49 'load' 'B_load' <Predicate = true> <Delay = 0.60> <CoreInst = "RAM">   --->   Core 82 'RAM' <Latency = 1> <II = 1> <Delay = 0.60> <Storage> <Opcode : 'load' 'store'> <Ports = 2> <Width = 32> <Depth = 100> <RAM>
ST_1 : Operation 50 [2/2] (0.60ns)   --->   "%B_load_1 = load i7 %B_addr_1" [../matrix_mult.cpp:9]   --->   Operation 50 'load' 'B_load_1' <Predicate = true> <Delay = 0.60> <CoreInst = "RAM">   --->   Core 82 'RAM' <Latency = 1> <II = 1> <Delay = 0.60> <Storage> <Opcode : 'load' 'store'> <Ports = 2> <Width = 32> <Depth = 100> <RAM>
ST_1 : Operation 51 [1/1] (0.38ns)   --->   "%store_ln5 = store i4 %i, i4 %i2" [../matrix_mult.cpp:5]   --->   Operation 51 'store' 'store_ln5' <Predicate = true> <Delay = 0.38>

State 2 <SV = 1> <Delay = 4.65>
ST_2 : Operation 52 [1/1] (0.70ns)   --->   "%empty_7 = add i7 %empty_6, i7 2" [../matrix_mult.cpp:5]   --->   Operation 52 'add' 'empty_7' <Predicate = true> <Delay = 0.70> <CoreInst = "Adder">   --->   Core 1 'Adder' <Latency = 0> <II = 1> <Delay = 0.70> <FuncUnit> <Opcode : 'add' 'sub'> <InPorts = 2> <OutPorts = 1>
ST_2 : Operation 53 [1/1] (0.00ns)   --->   "%p_cast8 = zext i7 %empty_7" [../matrix_mult.cpp:5]   --->   Operation 53 'zext' 'p_cast8' <Predicate = true> <Delay = 0.00>
ST_2 : Operation 54 [1/1] (0.00ns)   --->   "%A_addr_2 = getelementptr i32 %A, i64 0, i64 %p_cast8" [../matrix_mult.cpp:5]   --->   Operation 54 'getelementptr' 'A_addr_2' <Predicate = true> <Delay = 0.00>
ST_2 : Operation 55 [1/1] (0.70ns)   --->   "%empty_8 = add i7 %empty_6, i7 3" [../matrix_mult.cpp:5]   --->   Operation 55 'add' 'empty_8' <Predicate = true> <Delay = 0.70> <CoreInst = "Adder">   --->   Core 1 'Adder' <Latency = 0> <II = 1> <Delay = 0.70> <FuncUnit> <Opcode : 'add' 'sub'> <InPorts = 2> <OutPorts = 1>
ST_2 : Operation 56 [1/1] (0.00ns)   --->   "%p_cast9 = zext i7 %empty_8" [../matrix_mult.cpp:5]   --->   Operation 56 'zext' 'p_cast9' <Predicate = true> <Delay = 0.00>
ST_2 : Operation 57 [1/1] (0.00ns)   --->   "%A_addr_3 = getelementptr i32 %A, i64 0, i64 %p_cast9" [../matrix_mult.cpp:5]   --->   Operation 57 'getelementptr' 'A_addr_3' <Predicate = true> <Delay = 0.00>
ST_2 : Operation 58 [1/2] (0.60ns)   --->   "%A_load = load i7 %A_addr" [../matrix_mult.cpp:5]   --->   Operation 58 'load' 'A_load' <Predicate = true> <Delay = 0.60> <CoreInst = "RAM">   --->   Core 82 'RAM' <Latency = 1> <II = 1> <Delay = 0.60> <Storage> <Opcode : 'load' 'store'> <Ports = 2> <Width = 32> <Depth = 100> <RAM>
ST_2 : Operation 59 [1/2] (0.60ns)   --->   "%A_load_1 = load i7 %A_addr_1" [../matrix_mult.cpp:5]   --->   Operation 59 'load' 'A_load_1' <Predicate = true> <Delay = 0.60> <CoreInst = "RAM">   --->   Core 82 'RAM' <Latency = 1> <II = 1> <Delay = 0.60> <Storage> <Opcode : 'load' 'store'> <Ports = 2> <Width = 32> <Depth = 100> <RAM>
ST_2 : Operation 60 [2/2] (0.60ns)   --->   "%A_load_2 = load i7 %A_addr_2" [../matrix_mult.cpp:5]   --->   Operation 60 'load' 'A_load_2' <Predicate = true> <Delay = 0.60> <CoreInst = "RAM">   --->   Core 82 'RAM' <Latency = 1> <II = 1> <Delay = 0.60> <Storage> <Opcode : 'load' 'store'> <Ports = 2> <Width = 32> <Depth = 100> <RAM>
ST_2 : Operation 61 [2/2] (0.60ns)   --->   "%A_load_3 = load i7 %A_addr_3" [../matrix_mult.cpp:5]   --->   Operation 61 'load' 'A_load_3' <Predicate = true> <Delay = 0.60> <CoreInst = "RAM">   --->   Core 82 'RAM' <Latency = 1> <II = 1> <Delay = 0.60> <Storage> <Opcode : 'load' 'store'> <Ports = 2> <Width = 32> <Depth = 100> <RAM>
ST_2 : Operation 62 [1/1] (0.00ns)   --->   "%zext_ln9_1 = zext i4 %select_ln5" [../matrix_mult.cpp:9]   --->   Operation 62 'zext' 'zext_ln9_1' <Predicate = true> <Delay = 0.00>
ST_2 : Operation 63 [1/1] (0.70ns)   --->   "%add_ln9_9 = add i6 %zext_ln9_1, i6 20" [../matrix_mult.cpp:9]   --->   Operation 63 'add' 'add_ln9_9' <Predicate = true> <Delay = 0.70> <CoreInst = "Adder">   --->   Core 1 'Adder' <Latency = 0> <II = 1> <Delay = 0.70> <FuncUnit> <Opcode : 'add' 'sub'> <InPorts = 2> <OutPorts = 1>
ST_2 : Operation 64 [1/1] (0.00ns)   --->   "%zext_ln9_4 = zext i6 %add_ln9_9" [../matrix_mult.cpp:9]   --->   Operation 64 'zext' 'zext_ln9_4' <Predicate = true> <Delay = 0.00>
ST_2 : Operation 65 [1/1] (0.00ns)   --->   "%B_addr_2 = getelementptr i32 %B, i64 0, i64 %zext_ln9_4" [../matrix_mult.cpp:9]   --->   Operation 65 'getelementptr' 'B_addr_2' <Predicate = true> <Delay = 0.00>
ST_2 : Operation 66 [1/1] (0.70ns)   --->   "%add_ln9_10 = add i6 %zext_ln9_1, i6 30" [../matrix_mult.cpp:9]   --->   Operation 66 'add' 'add_ln9_10' <Predicate = true> <Delay = 0.70> <CoreInst = "Adder">   --->   Core 1 'Adder' <Latency = 0> <II = 1> <Delay = 0.70> <FuncUnit> <Opcode : 'add' 'sub'> <InPorts = 2> <OutPorts = 1>
ST_2 : Operation 67 [1/1] (0.00ns)   --->   "%zext_ln9_5 = zext i6 %add_ln9_10" [../matrix_mult.cpp:9]   --->   Operation 67 'zext' 'zext_ln9_5' <Predicate = true> <Delay = 0.00>
ST_2 : Operation 68 [1/1] (0.00ns)   --->   "%B_addr_3 = getelementptr i32 %B, i64 0, i64 %zext_ln9_5" [../matrix_mult.cpp:9]   --->   Operation 68 'getelementptr' 'B_addr_3' <Predicate = true> <Delay = 0.00>
ST_2 : Operation 69 [1/2] (0.60ns)   --->   "%B_load = load i7 %B_addr" [../matrix_mult.cpp:9]   --->   Operation 69 'load' 'B_load' <Predicate = true> <Delay = 0.60> <CoreInst = "RAM">   --->   Core 82 'RAM' <Latency = 1> <II = 1> <Delay = 0.60> <Storage> <Opcode : 'load' 'store'> <Ports = 2> <Width = 32> <Depth = 100> <RAM>
ST_2 : Operation 70 [1/2] (0.60ns)   --->   "%B_load_1 = load i7 %B_addr_1" [../matrix_mult.cpp:9]   --->   Operation 70 'load' 'B_load_1' <Predicate = true> <Delay = 0.60> <CoreInst = "RAM">   --->   Core 82 'RAM' <Latency = 1> <II = 1> <Delay = 0.60> <Storage> <Opcode : 'load' 'store'> <Ports = 2> <Width = 32> <Depth = 100> <RAM>
ST_2 : Operation 71 [2/2] (0.60ns)   --->   "%B_load_2 = load i7 %B_addr_2" [../matrix_mult.cpp:9]   --->   Operation 71 'load' 'B_load_2' <Predicate = true> <Delay = 0.60> <CoreInst = "RAM">   --->   Core 82 'RAM' <Latency = 1> <II = 1> <Delay = 0.60> <Storage> <Opcode : 'load' 'store'> <Ports = 2> <Width = 32> <Depth = 100> <RAM>
ST_2 : Operation 72 [2/2] (0.60ns)   --->   "%B_load_3 = load i7 %B_addr_3" [../matrix_mult.cpp:9]   --->   Operation 72 'load' 'B_load_3' <Predicate = true> <Delay = 0.60> <CoreInst = "RAM">   --->   Core 82 'RAM' <Latency = 1> <II = 1> <Delay = 0.60> <Storage> <Opcode : 'load' 'store'> <Ports = 2> <Width = 32> <Depth = 100> <RAM>
ST_2 : Operation 73 [1/1] (3.17ns)   --->   "%mul_ln9_2 = mul i32 %B_load, i32 %A_load" [../matrix_mult.cpp:9]   --->   Operation 73 'mul' 'mul_ln9_2' <Predicate = true> <Delay = 3.17> <CoreInst = "Multiplier">   --->   Core 3 'Multiplier' <Latency = 0> <II = 1> <Delay = 3.17> <FuncUnit> <Opcode : 'mul'> <InPorts = 2> <OutPorts = 1>
ST_2 : Operation 74 [1/1] (3.17ns)   --->   "%mul_ln9_7 = mul i32 %B_load_1, i32 %A_load_1" [../matrix_mult.cpp:9]   --->   Operation 74 'mul' 'mul_ln9_7' <Predicate = true> <Delay = 3.17> <CoreInst = "Multiplier">   --->   Core 3 'Multiplier' <Latency = 0> <II = 1> <Delay = 3.17> <FuncUnit> <Opcode : 'mul'> <InPorts = 2> <OutPorts = 1>
ST_2 : Operation 75 [1/1] (0.88ns)   --->   "%add_ln9 = add i32 %mul_ln9_7, i32 %mul_ln9_2" [../matrix_mult.cpp:9]   --->   Operation 75 'add' 'add_ln9' <Predicate = true> <Delay = 0.88> <CoreInst = "Adder">   --->   Core 1 'Adder' <Latency = 0> <II = 1> <Delay = 0.88> <FuncUnit> <Opcode : 'add' 'sub'> <InPorts = 2> <OutPorts = 1>

State 3 <SV = 2> <Delay = 3.77>
ST_3 : Operation 76 [1/1] (0.70ns)   --->   "%empty_9 = add i7 %empty_6, i7 4" [../matrix_mult.cpp:5]   --->   Operation 76 'add' 'empty_9' <Predicate = true> <Delay = 0.70> <CoreInst = "Adder">   --->   Core 1 'Adder' <Latency = 0> <II = 1> <Delay = 0.70> <FuncUnit> <Opcode : 'add' 'sub'> <InPorts = 2> <OutPorts = 1>
ST_3 : Operation 77 [1/1] (0.00ns)   --->   "%p_cast10 = zext i7 %empty_9" [../matrix_mult.cpp:5]   --->   Operation 77 'zext' 'p_cast10' <Predicate = true> <Delay = 0.00>
ST_3 : Operation 78 [1/1] (0.00ns)   --->   "%A_addr_4 = getelementptr i32 %A, i64 0, i64 %p_cast10" [../matrix_mult.cpp:5]   --->   Operation 78 'getelementptr' 'A_addr_4' <Predicate = true> <Delay = 0.00>
ST_3 : Operation 79 [1/1] (0.70ns)   --->   "%empty_10 = add i7 %empty_6, i7 5" [../matrix_mult.cpp:5]   --->   Operation 79 'add' 'empty_10' <Predicate = true> <Delay = 0.70> <CoreInst = "Adder">   --->   Core 1 'Adder' <Latency = 0> <II = 1> <Delay = 0.70> <FuncUnit> <Opcode : 'add' 'sub'> <InPorts = 2> <OutPorts = 1>
ST_3 : Operation 80 [1/1] (0.00ns)   --->   "%p_cast11 = zext i7 %empty_10" [../matrix_mult.cpp:5]   --->   Operation 80 'zext' 'p_cast11' <Predicate = true> <Delay = 0.00>
ST_3 : Operation 81 [1/1] (0.00ns)   --->   "%A_addr_5 = getelementptr i32 %A, i64 0, i64 %p_cast11" [../matrix_mult.cpp:5]   --->   Operation 81 'getelementptr' 'A_addr_5' <Predicate = true> <Delay = 0.00>
ST_3 : Operation 82 [1/2] (0.60ns)   --->   "%A_load_2 = load i7 %A_addr_2" [../matrix_mult.cpp:5]   --->   Operation 82 'load' 'A_load_2' <Predicate = true> <Delay = 0.60> <CoreInst = "RAM">   --->   Core 82 'RAM' <Latency = 1> <II = 1> <Delay = 0.60> <Storage> <Opcode : 'load' 'store'> <Ports = 2> <Width = 32> <Depth = 100> <RAM>
ST_3 : Operation 83 [1/2] (0.60ns)   --->   "%A_load_3 = load i7 %A_addr_3" [../matrix_mult.cpp:5]   --->   Operation 83 'load' 'A_load_3' <Predicate = true> <Delay = 0.60> <CoreInst = "RAM">   --->   Core 82 'RAM' <Latency = 1> <II = 1> <Delay = 0.60> <Storage> <Opcode : 'load' 'store'> <Ports = 2> <Width = 32> <Depth = 100> <RAM>
ST_3 : Operation 84 [2/2] (0.60ns)   --->   "%A_load_4 = load i7 %A_addr_4" [../matrix_mult.cpp:5]   --->   Operation 84 'load' 'A_load_4' <Predicate = true> <Delay = 0.60> <CoreInst = "RAM">   --->   Core 82 'RAM' <Latency = 1> <II = 1> <Delay = 0.60> <Storage> <Opcode : 'load' 'store'> <Ports = 2> <Width = 32> <Depth = 100> <RAM>
ST_3 : Operation 85 [2/2] (0.60ns)   --->   "%A_load_5 = load i7 %A_addr_5" [../matrix_mult.cpp:5]   --->   Operation 85 'load' 'A_load_5' <Predicate = true> <Delay = 0.60> <CoreInst = "RAM">   --->   Core 82 'RAM' <Latency = 1> <II = 1> <Delay = 0.60> <Storage> <Opcode : 'load' 'store'> <Ports = 2> <Width = 32> <Depth = 100> <RAM>
ST_3 : Operation 86 [1/1] (0.00ns)   --->   "%zext_ln9 = zext i4 %select_ln5" [../matrix_mult.cpp:9]   --->   Operation 86 'zext' 'zext_ln9' <Predicate = true> <Delay = 0.00>
ST_3 : Operation 87 [1/1] (0.70ns)   --->   "%add_ln9_11 = add i6 %zext_ln9_1, i6 40" [../matrix_mult.cpp:9]   --->   Operation 87 'add' 'add_ln9_11' <Predicate = true> <Delay = 0.70> <CoreInst = "Adder">   --->   Core 1 'Adder' <Latency = 0> <II = 1> <Delay = 0.70> <FuncUnit> <Opcode : 'add' 'sub'> <InPorts = 2> <OutPorts = 1>
ST_3 : Operation 88 [1/1] (0.00ns)   --->   "%zext_ln9_6 = zext i6 %add_ln9_11" [../matrix_mult.cpp:9]   --->   Operation 88 'zext' 'zext_ln9_6' <Predicate = true> <Delay = 0.00>
ST_3 : Operation 89 [1/1] (0.00ns)   --->   "%B_addr_4 = getelementptr i32 %B, i64 0, i64 %zext_ln9_6" [../matrix_mult.cpp:9]   --->   Operation 89 'getelementptr' 'B_addr_4' <Predicate = true> <Delay = 0.00>
ST_3 : Operation 90 [1/1] (0.70ns)   --->   "%add_ln9_12 = add i7 %zext_ln9, i7 50" [../matrix_mult.cpp:9]   --->   Operation 90 'add' 'add_ln9_12' <Predicate = true> <Delay = 0.70> <CoreInst = "Adder">   --->   Core 1 'Adder' <Latency = 0> <II = 1> <Delay = 0.70> <FuncUnit> <Opcode : 'add' 'sub'> <InPorts = 2> <OutPorts = 1>
ST_3 : Operation 91 [1/1] (0.00ns)   --->   "%zext_ln9_7 = zext i7 %add_ln9_12" [../matrix_mult.cpp:9]   --->   Operation 91 'zext' 'zext_ln9_7' <Predicate = true> <Delay = 0.00>
ST_3 : Operation 92 [1/1] (0.00ns)   --->   "%B_addr_5 = getelementptr i32 %B, i64 0, i64 %zext_ln9_7" [../matrix_mult.cpp:9]   --->   Operation 92 'getelementptr' 'B_addr_5' <Predicate = true> <Delay = 0.00>
ST_3 : Operation 93 [1/2] (0.60ns)   --->   "%B_load_2 = load i7 %B_addr_2" [../matrix_mult.cpp:9]   --->   Operation 93 'load' 'B_load_2' <Predicate = true> <Delay = 0.60> <CoreInst = "RAM">   --->   Core 82 'RAM' <Latency = 1> <II = 1> <Delay = 0.60> <Storage> <Opcode : 'load' 'store'> <Ports = 2> <Width = 32> <Depth = 100> <RAM>
ST_3 : Operation 94 [1/2] (0.60ns)   --->   "%B_load_3 = load i7 %B_addr_3" [../matrix_mult.cpp:9]   --->   Operation 94 'load' 'B_load_3' <Predicate = true> <Delay = 0.60> <CoreInst = "RAM">   --->   Core 82 'RAM' <Latency = 1> <II = 1> <Delay = 0.60> <Storage> <Opcode : 'load' 'store'> <Ports = 2> <Width = 32> <Depth = 100> <RAM>
ST_3 : Operation 95 [2/2] (0.60ns)   --->   "%B_load_4 = load i7 %B_addr_4" [../matrix_mult.cpp:9]   --->   Operation 95 'load' 'B_load_4' <Predicate = true> <Delay = 0.60> <CoreInst = "RAM">   --->   Core 82 'RAM' <Latency = 1> <II = 1> <Delay = 0.60> <Storage> <Opcode : 'load' 'store'> <Ports = 2> <Width = 32> <Depth = 100> <RAM>
ST_3 : Operation 96 [2/2] (0.60ns)   --->   "%B_load_5 = load i7 %B_addr_5" [../matrix_mult.cpp:9]   --->   Operation 96 'load' 'B_load_5' <Predicate = true> <Delay = 0.60> <CoreInst = "RAM">   --->   Core 82 'RAM' <Latency = 1> <II = 1> <Delay = 0.60> <Storage> <Opcode : 'load' 'store'> <Ports = 2> <Width = 32> <Depth = 100> <RAM>
ST_3 : Operation 97 [1/1] (3.17ns)   --->   "%mul_ln9_6 = mul i32 %B_load_2, i32 %A_load_2" [../matrix_mult.cpp:9]   --->   Operation 97 'mul' 'mul_ln9_6' <Predicate = true> <Delay = 3.17> <CoreInst = "Multiplier">   --->   Core 3 'Multiplier' <Latency = 0> <II = 1> <Delay = 3.17> <FuncUnit> <Opcode : 'mul'> <InPorts = 2> <OutPorts = 1>
ST_3 : Operation 98 [1/1] (3.17ns)   --->   "%mul_ln9_9 = mul i32 %B_load_3, i32 %A_load_3" [../matrix_mult.cpp:9]   --->   Operation 98 'mul' 'mul_ln9_9' <Predicate = true> <Delay = 3.17> <CoreInst = "Multiplier">   --->   Core 3 'Multiplier' <Latency = 0> <II = 1> <Delay = 3.17> <FuncUnit> <Opcode : 'mul'> <InPorts = 2> <OutPorts = 1>

State 4 <SV = 3> <Delay = 4.50>
ST_4 : Operation 99 [1/1] (0.70ns)   --->   "%empty_11 = add i7 %empty_6, i7 6" [../matrix_mult.cpp:5]   --->   Operation 99 'add' 'empty_11' <Predicate = true> <Delay = 0.70> <CoreInst = "Adder">   --->   Core 1 'Adder' <Latency = 0> <II = 1> <Delay = 0.70> <FuncUnit> <Opcode : 'add' 'sub'> <InPorts = 2> <OutPorts = 1>
ST_4 : Operation 100 [1/1] (0.00ns)   --->   "%p_cast12 = zext i7 %empty_11" [../matrix_mult.cpp:5]   --->   Operation 100 'zext' 'p_cast12' <Predicate = true> <Delay = 0.00>
ST_4 : Operation 101 [1/1] (0.00ns)   --->   "%A_addr_6 = getelementptr i32 %A, i64 0, i64 %p_cast12" [../matrix_mult.cpp:5]   --->   Operation 101 'getelementptr' 'A_addr_6' <Predicate = true> <Delay = 0.00>
ST_4 : Operation 102 [1/1] (0.70ns)   --->   "%empty_12 = add i7 %empty_6, i7 7" [../matrix_mult.cpp:5]   --->   Operation 102 'add' 'empty_12' <Predicate = true> <Delay = 0.70> <CoreInst = "Adder">   --->   Core 1 'Adder' <Latency = 0> <II = 1> <Delay = 0.70> <FuncUnit> <Opcode : 'add' 'sub'> <InPorts = 2> <OutPorts = 1>
ST_4 : Operation 103 [1/1] (0.00ns)   --->   "%p_cast13 = zext i7 %empty_12" [../matrix_mult.cpp:5]   --->   Operation 103 'zext' 'p_cast13' <Predicate = true> <Delay = 0.00>
ST_4 : Operation 104 [1/1] (0.00ns)   --->   "%A_addr_7 = getelementptr i32 %A, i64 0, i64 %p_cast13" [../matrix_mult.cpp:5]   --->   Operation 104 'getelementptr' 'A_addr_7' <Predicate = true> <Delay = 0.00>
ST_4 : Operation 105 [1/2] (0.60ns)   --->   "%A_load_4 = load i7 %A_addr_4" [../matrix_mult.cpp:5]   --->   Operation 105 'load' 'A_load_4' <Predicate = true> <Delay = 0.60> <CoreInst = "RAM">   --->   Core 82 'RAM' <Latency = 1> <II = 1> <Delay = 0.60> <Storage> <Opcode : 'load' 'store'> <Ports = 2> <Width = 32> <Depth = 100> <RAM>
ST_4 : Operation 106 [1/2] (0.60ns)   --->   "%A_load_5 = load i7 %A_addr_5" [../matrix_mult.cpp:5]   --->   Operation 106 'load' 'A_load_5' <Predicate = true> <Delay = 0.60> <CoreInst = "RAM">   --->   Core 82 'RAM' <Latency = 1> <II = 1> <Delay = 0.60> <Storage> <Opcode : 'load' 'store'> <Ports = 2> <Width = 32> <Depth = 100> <RAM>
ST_4 : Operation 107 [2/2] (0.60ns)   --->   "%A_load_6 = load i7 %A_addr_6" [../matrix_mult.cpp:5]   --->   Operation 107 'load' 'A_load_6' <Predicate = true> <Delay = 0.60> <CoreInst = "RAM">   --->   Core 82 'RAM' <Latency = 1> <II = 1> <Delay = 0.60> <Storage> <Opcode : 'load' 'store'> <Ports = 2> <Width = 32> <Depth = 100> <RAM>
ST_4 : Operation 108 [2/2] (0.60ns)   --->   "%A_load_7 = load i7 %A_addr_7" [../matrix_mult.cpp:5]   --->   Operation 108 'load' 'A_load_7' <Predicate = true> <Delay = 0.60> <CoreInst = "RAM">   --->   Core 82 'RAM' <Latency = 1> <II = 1> <Delay = 0.60> <Storage> <Opcode : 'load' 'store'> <Ports = 2> <Width = 32> <Depth = 100> <RAM>
ST_4 : Operation 109 [1/1] (0.70ns)   --->   "%add_ln9_13 = add i7 %zext_ln9, i7 60" [../matrix_mult.cpp:9]   --->   Operation 109 'add' 'add_ln9_13' <Predicate = true> <Delay = 0.70> <CoreInst = "Adder">   --->   Core 1 'Adder' <Latency = 0> <II = 1> <Delay = 0.70> <FuncUnit> <Opcode : 'add' 'sub'> <InPorts = 2> <OutPorts = 1>
ST_4 : Operation 110 [1/1] (0.00ns)   --->   "%zext_ln9_8 = zext i7 %add_ln9_13" [../matrix_mult.cpp:9]   --->   Operation 110 'zext' 'zext_ln9_8' <Predicate = true> <Delay = 0.00>
ST_4 : Operation 111 [1/1] (0.00ns)   --->   "%B_addr_6 = getelementptr i32 %B, i64 0, i64 %zext_ln9_8" [../matrix_mult.cpp:9]   --->   Operation 111 'getelementptr' 'B_addr_6' <Predicate = true> <Delay = 0.00>
ST_4 : Operation 112 [1/1] (0.70ns)   --->   "%add_ln9_14 = add i7 %zext_ln9, i7 70" [../matrix_mult.cpp:9]   --->   Operation 112 'add' 'add_ln9_14' <Predicate = true> <Delay = 0.70> <CoreInst = "Adder">   --->   Core 1 'Adder' <Latency = 0> <II = 1> <Delay = 0.70> <FuncUnit> <Opcode : 'add' 'sub'> <InPorts = 2> <OutPorts = 1>
ST_4 : Operation 113 [1/1] (0.00ns)   --->   "%zext_ln9_9 = zext i7 %add_ln9_14" [../matrix_mult.cpp:9]   --->   Operation 113 'zext' 'zext_ln9_9' <Predicate = true> <Delay = 0.00>
ST_4 : Operation 114 [1/1] (0.00ns)   --->   "%B_addr_7 = getelementptr i32 %B, i64 0, i64 %zext_ln9_9" [../matrix_mult.cpp:9]   --->   Operation 114 'getelementptr' 'B_addr_7' <Predicate = true> <Delay = 0.00>
ST_4 : Operation 115 [1/2] (0.60ns)   --->   "%B_load_4 = load i7 %B_addr_4" [../matrix_mult.cpp:9]   --->   Operation 115 'load' 'B_load_4' <Predicate = true> <Delay = 0.60> <CoreInst = "RAM">   --->   Core 82 'RAM' <Latency = 1> <II = 1> <Delay = 0.60> <Storage> <Opcode : 'load' 'store'> <Ports = 2> <Width = 32> <Depth = 100> <RAM>
ST_4 : Operation 116 [1/2] (0.60ns)   --->   "%B_load_5 = load i7 %B_addr_5" [../matrix_mult.cpp:9]   --->   Operation 116 'load' 'B_load_5' <Predicate = true> <Delay = 0.60> <CoreInst = "RAM">   --->   Core 82 'RAM' <Latency = 1> <II = 1> <Delay = 0.60> <Storage> <Opcode : 'load' 'store'> <Ports = 2> <Width = 32> <Depth = 100> <RAM>
ST_4 : Operation 117 [2/2] (0.60ns)   --->   "%B_load_6 = load i7 %B_addr_6" [../matrix_mult.cpp:9]   --->   Operation 117 'load' 'B_load_6' <Predicate = true> <Delay = 0.60> <CoreInst = "RAM">   --->   Core 82 'RAM' <Latency = 1> <II = 1> <Delay = 0.60> <Storage> <Opcode : 'load' 'store'> <Ports = 2> <Width = 32> <Depth = 100> <RAM>
ST_4 : Operation 118 [2/2] (0.60ns)   --->   "%B_load_7 = load i7 %B_addr_7" [../matrix_mult.cpp:9]   --->   Operation 118 'load' 'B_load_7' <Predicate = true> <Delay = 0.60> <CoreInst = "RAM">   --->   Core 82 'RAM' <Latency = 1> <II = 1> <Delay = 0.60> <Storage> <Opcode : 'load' 'store'> <Ports = 2> <Width = 32> <Depth = 100> <RAM>
ST_4 : Operation 119 [1/1] (3.17ns)   --->   "%mul_ln9 = mul i32 %B_load_4, i32 %A_load_4" [../matrix_mult.cpp:9]   --->   Operation 119 'mul' 'mul_ln9' <Predicate = true> <Delay = 3.17> <CoreInst = "Multiplier">   --->   Core 3 'Multiplier' <Latency = 0> <II = 1> <Delay = 3.17> <FuncUnit> <Opcode : 'mul'> <InPorts = 2> <OutPorts = 1>
ST_4 : Operation 120 [1/1] (3.17ns)   --->   "%mul_ln9_8 = mul i32 %B_load_5, i32 %A_load_5" [../matrix_mult.cpp:9]   --->   Operation 120 'mul' 'mul_ln9_8' <Predicate = true> <Delay = 3.17> <CoreInst = "Multiplier">   --->   Core 3 'Multiplier' <Latency = 0> <II = 1> <Delay = 3.17> <FuncUnit> <Opcode : 'mul'> <InPorts = 2> <OutPorts = 1>
ST_4 : Operation 121 [1/1] (0.00ns) (grouped into TernaryAdder)   --->   "%add_ln9_1 = add i32 %mul_ln9_9, i32 %mul_ln9" [../matrix_mult.cpp:9]   --->   Operation 121 'add' 'add_ln9_1' <Predicate = true> <Delay = 0.00> <CoreInst = "TAddSub">   --->   Core 10 'TAddSub' <Latency = 0> <II = 1> <Delay = 0.36> <IPBlock> <Opcode : '' 'add' 'sub'> <InPorts = 3> <OutPorts = 1> <Sync> <CReg>
ST_4 : Operation 122 [1/1] (0.73ns) (root node of TernaryAdder)   --->   "%add_ln9_2 = add i32 %add_ln9_1, i32 %mul_ln9_6" [../matrix_mult.cpp:9]   --->   Operation 122 'add' 'add_ln9_2' <Predicate = true> <Delay = 0.73> <CoreInst = "TAddSub">   --->   Core 10 'TAddSub' <Latency = 0> <II = 1> <Delay = 0.36> <IPBlock> <Opcode : '' 'add' 'sub'> <InPorts = 3> <OutPorts = 1> <Sync> <CReg>

State 5 <SV = 4> <Delay = 3.77>
ST_5 : Operation 123 [1/1] (0.00ns)   --->   "%indvar_flatten1_load = load i7 %indvar_flatten1" [../matrix_mult.cpp:5]   --->   Operation 123 'load' 'indvar_flatten1_load' <Predicate = true> <Delay = 0.00>
ST_5 : Operation 124 [1/1] (0.70ns)   --->   "%empty_13 = add i7 %empty_6, i7 8" [../matrix_mult.cpp:5]   --->   Operation 124 'add' 'empty_13' <Predicate = true> <Delay = 0.70> <CoreInst = "Adder">   --->   Core 1 'Adder' <Latency = 0> <II = 1> <Delay = 0.70> <FuncUnit> <Opcode : 'add' 'sub'> <InPorts = 2> <OutPorts = 1>
ST_5 : Operation 125 [1/1] (0.00ns)   --->   "%p_cast14 = zext i7 %empty_13" [../matrix_mult.cpp:5]   --->   Operation 125 'zext' 'p_cast14' <Predicate = true> <Delay = 0.00>
ST_5 : Operation 126 [1/1] (0.00ns)   --->   "%A_addr_8 = getelementptr i32 %A, i64 0, i64 %p_cast14" [../matrix_mult.cpp:5]   --->   Operation 126 'getelementptr' 'A_addr_8' <Predicate = true> <Delay = 0.00>
ST_5 : Operation 127 [1/1] (0.70ns)   --->   "%empty_14 = add i7 %empty_6, i7 9" [../matrix_mult.cpp:5]   --->   Operation 127 'add' 'empty_14' <Predicate = true> <Delay = 0.70> <CoreInst = "Adder">   --->   Core 1 'Adder' <Latency = 0> <II = 1> <Delay = 0.70> <FuncUnit> <Opcode : 'add' 'sub'> <InPorts = 2> <OutPorts = 1>
ST_5 : Operation 128 [1/1] (0.00ns)   --->   "%p_cast15 = zext i7 %empty_14" [../matrix_mult.cpp:5]   --->   Operation 128 'zext' 'p_cast15' <Predicate = true> <Delay = 0.00>
ST_5 : Operation 129 [1/1] (0.00ns)   --->   "%A_addr_9 = getelementptr i32 %A, i64 0, i64 %p_cast15" [../matrix_mult.cpp:5]   --->   Operation 129 'getelementptr' 'A_addr_9' <Predicate = true> <Delay = 0.00>
ST_5 : Operation 130 [1/2] (0.60ns)   --->   "%A_load_6 = load i7 %A_addr_6" [../matrix_mult.cpp:5]   --->   Operation 130 'load' 'A_load_6' <Predicate = true> <Delay = 0.60> <CoreInst = "RAM">   --->   Core 82 'RAM' <Latency = 1> <II = 1> <Delay = 0.60> <Storage> <Opcode : 'load' 'store'> <Ports = 2> <Width = 32> <Depth = 100> <RAM>
ST_5 : Operation 131 [1/2] (0.60ns)   --->   "%A_load_7 = load i7 %A_addr_7" [../matrix_mult.cpp:5]   --->   Operation 131 'load' 'A_load_7' <Predicate = true> <Delay = 0.60> <CoreInst = "RAM">   --->   Core 82 'RAM' <Latency = 1> <II = 1> <Delay = 0.60> <Storage> <Opcode : 'load' 'store'> <Ports = 2> <Width = 32> <Depth = 100> <RAM>
ST_5 : Operation 132 [2/2] (0.60ns)   --->   "%A_load_8 = load i7 %A_addr_8" [../matrix_mult.cpp:5]   --->   Operation 132 'load' 'A_load_8' <Predicate = true> <Delay = 0.60> <CoreInst = "RAM">   --->   Core 82 'RAM' <Latency = 1> <II = 1> <Delay = 0.60> <Storage> <Opcode : 'load' 'store'> <Ports = 2> <Width = 32> <Depth = 100> <RAM>
ST_5 : Operation 133 [2/2] (0.60ns)   --->   "%A_load_9 = load i7 %A_addr_9" [../matrix_mult.cpp:5]   --->   Operation 133 'load' 'A_load_9' <Predicate = true> <Delay = 0.60> <CoreInst = "RAM">   --->   Core 82 'RAM' <Latency = 1> <II = 1> <Delay = 0.60> <Storage> <Opcode : 'load' 'store'> <Ports = 2> <Width = 32> <Depth = 100> <RAM>
ST_5 : Operation 134 [1/1] (0.00ns)   --->   "%tmp_2_cast = bitconcatenate i7 @_ssdm_op_BitConcatenate.i7.i3.i4, i3 5, i4 %select_ln5" [../matrix_mult.cpp:9]   --->   Operation 134 'bitconcatenate' 'tmp_2_cast' <Predicate = true> <Delay = 0.00>
ST_5 : Operation 135 [1/1] (0.00ns)   --->   "%zext_ln9_10 = zext i7 %tmp_2_cast" [../matrix_mult.cpp:9]   --->   Operation 135 'zext' 'zext_ln9_10' <Predicate = true> <Delay = 0.00>
ST_5 : Operation 136 [1/1] (0.00ns)   --->   "%B_addr_8 = getelementptr i32 %B, i64 0, i64 %zext_ln9_10" [../matrix_mult.cpp:9]   --->   Operation 136 'getelementptr' 'B_addr_8' <Predicate = true> <Delay = 0.00>
ST_5 : Operation 137 [1/1] (0.70ns)   --->   "%add_ln9_15 = add i7 %zext_ln9, i7 90" [../matrix_mult.cpp:9]   --->   Operation 137 'add' 'add_ln9_15' <Predicate = true> <Delay = 0.70> <CoreInst = "Adder">   --->   Core 1 'Adder' <Latency = 0> <II = 1> <Delay = 0.70> <FuncUnit> <Opcode : 'add' 'sub'> <InPorts = 2> <OutPorts = 1>
ST_5 : Operation 138 [1/1] (0.00ns)   --->   "%zext_ln9_11 = zext i7 %add_ln9_15" [../matrix_mult.cpp:9]   --->   Operation 138 'zext' 'zext_ln9_11' <Predicate = true> <Delay = 0.00>
ST_5 : Operation 139 [1/1] (0.00ns)   --->   "%B_addr_9 = getelementptr i32 %B, i64 0, i64 %zext_ln9_11" [../matrix_mult.cpp:9]   --->   Operation 139 'getelementptr' 'B_addr_9' <Predicate = true> <Delay = 0.00>
ST_5 : Operation 140 [1/1] (0.70ns)   --->   "%add_ln11 = add i7 %empty_6, i7 %zext_ln9" [../matrix_mult.cpp:11]   --->   Operation 140 'add' 'add_ln11' <Predicate = true> <Delay = 0.70> <CoreInst = "Adder">   --->   Core 1 'Adder' <Latency = 0> <II = 1> <Delay = 0.70> <FuncUnit> <Opcode : 'add' 'sub'> <InPorts = 2> <OutPorts = 1>
ST_5 : Operation 141 [1/2] (0.60ns)   --->   "%B_load_6 = load i7 %B_addr_6" [../matrix_mult.cpp:9]   --->   Operation 141 'load' 'B_load_6' <Predicate = true> <Delay = 0.60> <CoreInst = "RAM">   --->   Core 82 'RAM' <Latency = 1> <II = 1> <Delay = 0.60> <Storage> <Opcode : 'load' 'store'> <Ports = 2> <Width = 32> <Depth = 100> <RAM>
ST_5 : Operation 142 [1/2] (0.60ns)   --->   "%B_load_7 = load i7 %B_addr_7" [../matrix_mult.cpp:9]   --->   Operation 142 'load' 'B_load_7' <Predicate = true> <Delay = 0.60> <CoreInst = "RAM">   --->   Core 82 'RAM' <Latency = 1> <II = 1> <Delay = 0.60> <Storage> <Opcode : 'load' 'store'> <Ports = 2> <Width = 32> <Depth = 100> <RAM>
ST_5 : Operation 143 [2/2] (0.60ns)   --->   "%B_load_8 = load i7 %B_addr_8" [../matrix_mult.cpp:9]   --->   Operation 143 'load' 'B_load_8' <Predicate = true> <Delay = 0.60> <CoreInst = "RAM">   --->   Core 82 'RAM' <Latency = 1> <II = 1> <Delay = 0.60> <Storage> <Opcode : 'load' 'store'> <Ports = 2> <Width = 32> <Depth = 100> <RAM>
ST_5 : Operation 144 [2/2] (0.60ns)   --->   "%B_load_9 = load i7 %B_addr_9" [../matrix_mult.cpp:9]   --->   Operation 144 'load' 'B_load_9' <Predicate = true> <Delay = 0.60> <CoreInst = "RAM">   --->   Core 82 'RAM' <Latency = 1> <II = 1> <Delay = 0.60> <Storage> <Opcode : 'load' 'store'> <Ports = 2> <Width = 32> <Depth = 100> <RAM>
ST_5 : Operation 145 [1/1] (3.17ns)   --->   "%mul_ln9_1 = mul i32 %B_load_6, i32 %A_load_6" [../matrix_mult.cpp:9]   --->   Operation 145 'mul' 'mul_ln9_1' <Predicate = true> <Delay = 3.17> <CoreInst = "Multiplier">   --->   Core 3 'Multiplier' <Latency = 0> <II = 1> <Delay = 3.17> <FuncUnit> <Opcode : 'mul'> <InPorts = 2> <OutPorts = 1>
ST_5 : Operation 146 [1/1] (3.17ns)   --->   "%mul_ln9_4 = mul i32 %B_load_7, i32 %A_load_7" [../matrix_mult.cpp:9]   --->   Operation 146 'mul' 'mul_ln9_4' <Predicate = true> <Delay = 3.17> <CoreInst = "Multiplier">   --->   Core 3 'Multiplier' <Latency = 0> <II = 1> <Delay = 3.17> <FuncUnit> <Opcode : 'mul'> <InPorts = 2> <OutPorts = 1>
ST_5 : Operation 147 [1/1] (0.70ns)   --->   "%j = add i4 %select_ln5, i4 1" [../matrix_mult.cpp:6]   --->   Operation 147 'add' 'j' <Predicate = true> <Delay = 0.70> <CoreInst = "Adder">   --->   Core 1 'Adder' <Latency = 0> <II = 1> <Delay = 0.70> <FuncUnit> <Opcode : 'add' 'sub'> <InPorts = 2> <OutPorts = 1>
ST_5 : Operation 148 [1/1] (0.70ns)   --->   "%add_ln5_1 = add i7 %indvar_flatten1_load, i7 1" [../matrix_mult.cpp:5]   --->   Operation 148 'add' 'add_ln5_1' <Predicate = true> <Delay = 0.70> <CoreInst = "Adder">   --->   Core 1 'Adder' <Latency = 0> <II = 1> <Delay = 0.70> <FuncUnit> <Opcode : 'add' 'sub'> <InPorts = 2> <OutPorts = 1>
ST_5 : Operation 149 [1/1] (0.70ns)   --->   "%icmp_ln6 = icmp_eq  i4 %j, i4 10" [../matrix_mult.cpp:6]   --->   Operation 149 'icmp' 'icmp_ln6' <Predicate = true> <Delay = 0.70> <CoreInst = "Cmp">   --->   Core 9 'Cmp' <Latency = 0> <II = 1> <Delay = 0.70> <FuncUnit> <Opcode : 'seteq' 'setne' 'setle' 'setge' 'setlt' 'setgt'> <InPorts = 2> <OutPorts = 1>
ST_5 : Operation 150 [1/1] (0.70ns)   --->   "%icmp_ln5 = icmp_eq  i7 %indvar_flatten1_load, i7 99" [../matrix_mult.cpp:5]   --->   Operation 150 'icmp' 'icmp_ln5' <Predicate = true> <Delay = 0.70> <CoreInst = "Cmp">   --->   Core 9 'Cmp' <Latency = 0> <II = 1> <Delay = 0.70> <FuncUnit> <Opcode : 'seteq' 'setne' 'setle' 'setge' 'setlt' 'setgt'> <InPorts = 2> <OutPorts = 1>
ST_5 : Operation 151 [1/1] (0.38ns)   --->   "%store_ln6 = store i4 %j, i4 %j3" [../matrix_mult.cpp:6]   --->   Operation 151 'store' 'store_ln6' <Predicate = true> <Delay = 0.38>
ST_5 : Operation 152 [1/1] (0.38ns)   --->   "%store_ln5 = store i7 %add_ln5_1, i7 %indvar_flatten1" [../matrix_mult.cpp:5]   --->   Operation 152 'store' 'store_ln5' <Predicate = true> <Delay = 0.38>
ST_5 : Operation 153 [1/1] (0.00ns)   --->   "%br_ln5 = br i1 %icmp_ln5, void %for.inc22, void %for.end24" [../matrix_mult.cpp:5]   --->   Operation 153 'br' 'br_ln5' <Predicate = true> <Delay = 0.00>

State 6 <SV = 5> <Delay = 6.56>
ST_6 : Operation 154 [1/1] (0.00ns)   --->   "%specloopname_ln0 = specloopname void @_ssdm_op_SpecLoopName, void @VITIS_LOOP_5_1_VITIS_LOOP_6_2_str"   --->   Operation 154 'specloopname' 'specloopname_ln0' <Predicate = true> <Delay = 0.00>
ST_6 : Operation 155 [1/1] (0.00ns)   --->   "%speclooptripcount_ln0 = speclooptripcount void @_ssdm_op_SpecLoopTripCount, i64 100, i64 100, i64 100"   --->   Operation 155 'speclooptripcount' 'speclooptripcount_ln0' <Predicate = true> <Delay = 0.00>
ST_6 : Operation 156 [1/2] (0.60ns)   --->   "%A_load_8 = load i7 %A_addr_8" [../matrix_mult.cpp:5]   --->   Operation 156 'load' 'A_load_8' <Predicate = true> <Delay = 0.60> <CoreInst = "RAM">   --->   Core 82 'RAM' <Latency = 1> <II = 1> <Delay = 0.60> <Storage> <Opcode : 'load' 'store'> <Ports = 2> <Width = 32> <Depth = 100> <RAM>
ST_6 : Operation 157 [1/2] (0.60ns)   --->   "%A_load_9 = load i7 %A_addr_9" [../matrix_mult.cpp:5]   --->   Operation 157 'load' 'A_load_9' <Predicate = true> <Delay = 0.60> <CoreInst = "RAM">   --->   Core 82 'RAM' <Latency = 1> <II = 1> <Delay = 0.60> <Storage> <Opcode : 'load' 'store'> <Ports = 2> <Width = 32> <Depth = 100> <RAM>
ST_6 : Operation 158 [1/1] (0.00ns)   --->   "%zext_ln11 = zext i7 %add_ln11" [../matrix_mult.cpp:11]   --->   Operation 158 'zext' 'zext_ln11' <Predicate = true> <Delay = 0.00>
ST_6 : Operation 159 [1/1] (0.00ns)   --->   "%C_addr = getelementptr i32 %C, i64 0, i64 %zext_ln11" [../matrix_mult.cpp:11]   --->   Operation 159 'getelementptr' 'C_addr' <Predicate = true> <Delay = 0.00>
ST_6 : Operation 160 [1/1] (0.00ns)   --->   "%specpipeline_ln6 = specpipeline void @_ssdm_op_SpecPipeline, i32 4294967295, i32 0, i32 0, i32 0, void @empty_0" [../matrix_mult.cpp:6]   --->   Operation 160 'specpipeline' 'specpipeline_ln6' <Predicate = true> <Delay = 0.00>
ST_6 : Operation 161 [1/2] (0.60ns)   --->   "%B_load_8 = load i7 %B_addr_8" [../matrix_mult.cpp:9]   --->   Operation 161 'load' 'B_load_8' <Predicate = true> <Delay = 0.60> <CoreInst = "RAM">   --->   Core 82 'RAM' <Latency = 1> <II = 1> <Delay = 0.60> <Storage> <Opcode : 'load' 'store'> <Ports = 2> <Width = 32> <Depth = 100> <RAM>
ST_6 : Operation 162 [1/2] (0.60ns)   --->   "%B_load_9 = load i7 %B_addr_9" [../matrix_mult.cpp:9]   --->   Operation 162 'load' 'B_load_9' <Predicate = true> <Delay = 0.60> <CoreInst = "RAM">   --->   Core 82 'RAM' <Latency = 1> <II = 1> <Delay = 0.60> <Storage> <Opcode : 'load' 'store'> <Ports = 2> <Width = 32> <Depth = 100> <RAM>
ST_6 : Operation 163 [1/1] (3.17ns)   --->   "%mul_ln9_3 = mul i32 %B_load_9, i32 %A_load_9" [../matrix_mult.cpp:9]   --->   Operation 163 'mul' 'mul_ln9_3' <Predicate = true> <Delay = 3.17> <CoreInst = "Multiplier">   --->   Core 3 'Multiplier' <Latency = 0> <II = 1> <Delay = 3.17> <FuncUnit> <Opcode : 'mul'> <InPorts = 2> <OutPorts = 1>
ST_6 : Operation 164 [1/1] (3.17ns)   --->   "%mul_ln9_5 = mul i32 %B_load_8, i32 %A_load_8" [../matrix_mult.cpp:9]   --->   Operation 164 'mul' 'mul_ln9_5' <Predicate = true> <Delay = 3.17> <CoreInst = "Multiplier">   --->   Core 3 'Multiplier' <Latency = 0> <II = 1> <Delay = 3.17> <FuncUnit> <Opcode : 'mul'> <InPorts = 2> <OutPorts = 1>
ST_6 : Operation 165 [1/1] (0.00ns) (grouped into TernaryAdder)   --->   "%add_ln9_3 = add i32 %add_ln9_2, i32 %add_ln9" [../matrix_mult.cpp:9]   --->   Operation 165 'add' 'add_ln9_3' <Predicate = true> <Delay = 0.00> <CoreInst = "TAddSub">   --->   Core 10 'TAddSub' <Latency = 0> <II = 1> <Delay = 0.36> <IPBlock> <Opcode : '' 'add' 'sub'> <InPorts = 3> <OutPorts = 1> <Sync> <CReg>
ST_6 : Operation 166 [1/1] (0.00ns) (grouped into TernaryAdder)   --->   "%add_ln9_4 = add i32 %mul_ln9_8, i32 %mul_ln9_1" [../matrix_mult.cpp:9]   --->   Operation 166 'add' 'add_ln9_4' <Predicate = true> <Delay = 0.00> <CoreInst = "TAddSub">   --->   Core 10 'TAddSub' <Latency = 0> <II = 1> <Delay = 0.36> <IPBlock> <Opcode : '' 'add' 'sub'> <InPorts = 3> <OutPorts = 1> <Sync> <CReg>
ST_6 : Operation 167 [1/1] (0.00ns) (grouped into TernaryAdder)   --->   "%add_ln9_5 = add i32 %mul_ln9_5, i32 %mul_ln9_3" [../matrix_mult.cpp:9]   --->   Operation 167 'add' 'add_ln9_5' <Predicate = true> <Delay = 0.00> <CoreInst = "TAddSub">   --->   Core 10 'TAddSub' <Latency = 0> <II = 1> <Delay = 0.36> <IPBlock> <Opcode : '' 'add' 'sub'> <InPorts = 3> <OutPorts = 1> <Sync> <CReg>
ST_6 : Operation 168 [1/1] (0.73ns) (root node of TernaryAdder)   --->   "%add_ln9_6 = add i32 %add_ln9_5, i32 %mul_ln9_4" [../matrix_mult.cpp:9]   --->   Operation 168 'add' 'add_ln9_6' <Predicate = true> <Delay = 0.73> <CoreInst = "TAddSub">   --->   Core 10 'TAddSub' <Latency = 0> <II = 1> <Delay = 0.36> <IPBlock> <Opcode : '' 'add' 'sub'> <InPorts = 3> <OutPorts = 1> <Sync> <CReg>
ST_6 : Operation 169 [1/1] (0.73ns) (root node of TernaryAdder)   --->   "%add_ln9_7 = add i32 %add_ln9_6, i32 %add_ln9_4" [../matrix_mult.cpp:9]   --->   Operation 169 'add' 'add_ln9_7' <Predicate = true> <Delay = 0.73> <CoreInst = "TAddSub">   --->   Core 10 'TAddSub' <Latency = 0> <II = 1> <Delay = 0.36> <IPBlock> <Opcode : '' 'add' 'sub'> <InPorts = 3> <OutPorts = 1> <Sync> <CReg>
ST_6 : Operation 170 [1/1] (0.73ns) (root node of TernaryAdder)   --->   "%sum = add i32 %add_ln9_7, i32 %add_ln9_3" [../matrix_mult.cpp:9]   --->   Operation 170 'add' 'sum' <Predicate = true> <Delay = 0.73> <CoreInst = "TAddSub">   --->   Core 10 'TAddSub' <Latency = 0> <II = 1> <Delay = 0.36> <IPBlock> <Opcode : '' 'add' 'sub'> <InPorts = 3> <OutPorts = 1> <Sync> <CReg>
ST_6 : Operation 171 [1/1] (0.60ns)   --->   "%store_ln11 = store i32 %sum, i7 %C_addr" [../matrix_mult.cpp:11]   --->   Operation 171 'store' 'store_ln11' <Predicate = true> <Delay = 0.60> <CoreInst = "RAM">   --->   Core 82 'RAM' <Latency = 1> <II = 1> <Delay = 0.60> <Storage> <Opcode : 'load' 'store'> <Ports = 2> <Width = 32> <Depth = 100> <RAM>
ST_6 : Operation 172 [1/1] (0.38ns)   --->   "%ret_ln14 = ret" [../matrix_mult.cpp:14]   --->   Operation 172 'ret' 'ret_ln14' <Predicate = (icmp_ln5)> <Delay = 0.38>


============================================================
+ Verbose Summary: Timing violations
============================================================
Target clock period: 10.000ns, clock uncertainty: 2.700ns.

 <State 1>: 2.752ns
The critical path consists of the following:
	'store' operation 0 bit ('store_ln0') of constant 0 on local variable 'i2' [15]  (0.387 ns)
	'load' operation 4 bit ('i2_load', ../matrix_mult.cpp:5) on local variable 'i2' [21]  (0.000 ns)
	'add' operation 4 bit ('add_ln5', ../matrix_mult.cpp:5) [23]  (0.708 ns)
	'select' operation 4 bit ('i', ../matrix_mult.cpp:5) [27]  (0.351 ns)
	'add' operation 8 bit ('empty', ../matrix_mult.cpp:5) [32]  (0.706 ns)
	'getelementptr' operation 7 bit ('A_addr', ../matrix_mult.cpp:5) [35]  (0.000 ns)
	'load' operation 32 bit ('A_load', ../matrix_mult.cpp:5) on array 'A' [64]  (0.600 ns)

 <State 2>: 4.650ns
The critical path consists of the following:
	'load' operation 32 bit ('A_load', ../matrix_mult.cpp:5) on array 'A' [64]  (0.600 ns)
	'mul' operation 32 bit ('mul_ln9_2', ../matrix_mult.cpp:9) [122]  (3.170 ns)
	'add' operation 32 bit ('add_ln9', ../matrix_mult.cpp:9) [130]  (0.880 ns)

 <State 3>: 3.770ns
The critical path consists of the following:
	'load' operation 32 bit ('A_load_2', ../matrix_mult.cpp:5) on array 'A' [66]  (0.600 ns)
	'mul' operation 32 bit ('mul_ln9_6', ../matrix_mult.cpp:9) [126]  (3.170 ns)

 <State 4>: 4.501ns
The critical path consists of the following:
	'load' operation 32 bit ('A_load_4', ../matrix_mult.cpp:5) on array 'A' [68]  (0.600 ns)
	'mul' operation 32 bit ('mul_ln9', ../matrix_mult.cpp:9) [120]  (3.170 ns)
	'add' operation 32 bit ('add_ln9_1', ../matrix_mult.cpp:9) [131]  (0.000 ns)
	'add' operation 32 bit ('add_ln9_2', ../matrix_mult.cpp:9) [132]  (0.731 ns)

 <State 5>: 3.770ns
The critical path consists of the following:
	'load' operation 32 bit ('A_load_6', ../matrix_mult.cpp:5) on array 'A' [70]  (0.600 ns)
	'mul' operation 32 bit ('mul_ln9_1', ../matrix_mult.cpp:9) [121]  (3.170 ns)

 <State 6>: 6.563ns
The critical path consists of the following:
	'load' operation 32 bit ('A_load_8', ../matrix_mult.cpp:5) on array 'A' [72]  (0.600 ns)
	'mul' operation 32 bit ('mul_ln9_5', ../matrix_mult.cpp:9) [125]  (3.170 ns)
	'add' operation 32 bit ('add_ln9_5', ../matrix_mult.cpp:9) [135]  (0.000 ns)
	'add' operation 32 bit ('add_ln9_6', ../matrix_mult.cpp:9) [136]  (0.731 ns)
	'add' operation 32 bit ('add_ln9_7', ../matrix_mult.cpp:9) [137]  (0.731 ns)
	'add' operation 32 bit ('sum', ../matrix_mult.cpp:9) [138]  (0.731 ns)
	'store' operation 0 bit ('store_ln11', ../matrix_mult.cpp:11) of variable 'sum', ../matrix_mult.cpp:9 on array 'C' [139]  (0.600 ns)


============================================================
+ Verbose Summary: Binding
============================================================
N/A
* FSMD analyzer results:
  - Output states:
 - Input state : 
  - Chain level:
	State 1
	State 2
	State 3
	State 4
	State 5
	State 6


============================================================
+ Verbose Summary: Datapath Resource usage 
============================================================
N/A
