

================================================================
== Vitis HLS Report for 'matrix_mult'
================================================================
* Date:           Tue Mar 17 11:13:33 2026

* Version:        2024.1 (Build 5069499 on May 21 2024)
* Project:        matrix_mult
* Solution:       hls (Vivado IP Flow Target)
* Product family: virtexuplus
* Target device:  xcvu9p-flga2104-2-i


================================================================
== Performance Estimates
================================================================
+ Timing: 
    * Summary: 
    +--------+----------+----------+------------+
    |  Clock |  Target  | Estimated| Uncertainty|
    +--------+----------+----------+------------+
    |ap_clk  |  10.00 ns|  6.563 ns|     2.70 ns|
    +--------+----------+----------+------------+

+ Latency: 
    * Summary: 
    +---------+---------+----------+----------+-----+-----+-----------------------------------------------+
    |  Latency (cycles) |  Latency (absolute) |  Interval |                    Pipeline                   |
    |   min   |   max   |    min   |    max   | min | max |                      Type                     |
    +---------+---------+----------+----------+-----+-----+-----------------------------------------------+
    |      502|      502|  5.020 us|  5.020 us|  500|  500|  loop auto-rewind stp(delay=0 clock cycles(s))|
    +---------+---------+----------+----------+-----+-----+-----------------------------------------------+

    + Detail: 
        * Instance: 
        N/A

        * Loop: 
        +---------------------------------+---------+---------+----------+-----------+-----------+------+----------+
        |                                 |  Latency (cycles) | Iteration|  Initiation Interval  | Trip |          |
        |            Loop Name            |   min   |   max   |  Latency |  achieved |   target  | Count| Pipelined|
        +---------------------------------+---------+---------+----------+-----------+-----------+------+----------+
        |- VITIS_LOOP_5_1_VITIS_LOOP_6_2  |      500|      500|         6|          5|          1|   100|       yes|
        +---------------------------------+---------+---------+----------+-----------+-----------+------+----------+



================================================================
== Utilization Estimates
================================================================
* Summary: 
+---------------------+---------+------+---------+---------+-----+
|         Name        | BRAM_18K|  DSP |    FF   |   LUT   | URAM|
+---------------------+---------+------+---------+---------+-----+
|DSP                  |        -|     -|        -|        -|    -|
|Expression           |        -|     -|        0|      623|    -|
|FIFO                 |        -|     -|        -|        -|    -|
|Instance             |        -|     6|        0|       40|    -|
|Memory               |        -|     -|        -|        -|    -|
|Multiplexer          |        -|     -|        0|      301|    -|
|Register             |        -|     -|      211|        -|    -|
+---------------------+---------+------+---------+---------+-----+
|Total                |        0|     6|      211|      964|    0|
+---------------------+---------+------+---------+---------+-----+
|Available SLR        |     1440|  2280|   788160|   394080|  320|
+---------------------+---------+------+---------+---------+-----+
|Utilization SLR (%)  |        0|    ~0|       ~0|       ~0|    0|
+---------------------+---------+------+---------+---------+-----+
|Available            |     4320|  6840|  2364480|  1182240|  960|
+---------------------+---------+------+---------+---------+-----+
|Utilization (%)      |        0|    ~0|       ~0|       ~0|    0|
+---------------------+---------+------+---------+---------+-----+

+ Detail: 
    * Instance: 
    +-----------------------+--------------------+---------+----+---+----+-----+
    |        Instance       |       Module       | BRAM_18K| DSP| FF| LUT| URAM|
    +-----------------------+--------------------+---------+----+---+----+-----+
    |mul_32s_32s_32_1_1_U1  |mul_32s_32s_32_1_1  |        0|   3|  0|  20|    0|
    |mul_32s_32s_32_1_1_U2  |mul_32s_32s_32_1_1  |        0|   3|  0|  20|    0|
    +-----------------------+--------------------+---------+----+---+----+-----+
    |Total                  |                    |        0|   6|  0|  40|    0|
    +-----------------------+--------------------+---------+----+---+----+-----+

    * DSP: 
    N/A

    * Memory: 
    N/A

    * FIFO: 
    N/A

    * Expression: 
    +----------------------+----------+----+---+----+------------+------------+
    |     Variable Name    | Operation| DSP| FF| LUT| Bitwidth P0| Bitwidth P1|
    +----------------------+----------+----+---+----+------------+------------+
    |add_ln11_fu_659_p2    |         +|   0|  0|  14|           7|           7|
    |add_ln5_1_fu_668_p2   |         +|   0|  0|  14|           7|           1|
    |add_ln5_fu_358_p2     |         +|   0|  0|  12|           4|           1|
    |add_ln9_10_fu_501_p2  |         +|   0|  0|  13|           6|           5|
    |add_ln9_11_fu_541_p2  |         +|   0|  0|  13|           6|           6|
    |add_ln9_12_fu_551_p2  |         +|   0|  0|  14|           7|           6|
    |add_ln9_13_fu_582_p2  |         +|   0|  0|  14|           7|           6|
    |add_ln9_14_fu_592_p2  |         +|   0|  0|  14|           7|           7|
    |add_ln9_15_fu_649_p2  |         +|   0|  0|  14|           7|           7|
    |add_ln9_1_fu_602_p2   |         +|   0|  0|  32|          32|          32|
    |add_ln9_2_fu_608_p2   |         +|   0|  0|  32|          32|          32|
    |add_ln9_3_fu_700_p2   |         +|   0|  0|  32|          32|          32|
    |add_ln9_4_fu_704_p2   |         +|   0|  0|  32|          32|          32|
    |add_ln9_5_fu_710_p2   |         +|   0|  0|  32|          32|          32|
    |add_ln9_6_fu_716_p2   |         +|   0|  0|  32|          32|          32|
    |add_ln9_7_fu_721_p2   |         +|   0|  0|  32|          32|          32|
    |add_ln9_8_fu_451_p2   |         +|   0|  0|  12|           5|           4|
    |add_ln9_9_fu_490_p2   |         +|   0|  0|  13|           6|           5|
    |add_ln9_fu_512_p2     |         +|   0|  0|  39|          32|          32|
    |empty_10_fu_528_p2    |         +|   0|  0|  14|           7|           3|
    |empty_11_fu_562_p2    |         +|   0|  0|  14|           7|           3|
    |empty_12_fu_572_p2    |         +|   0|  0|  14|           7|           3|
    |empty_13_fu_617_p2    |         +|   0|  0|  14|           7|           4|
    |empty_14_fu_627_p2    |         +|   0|  0|  14|           7|           4|
    |empty_7_fu_467_p2     |         +|   0|  0|  14|           7|           2|
    |empty_8_fu_477_p2     |         +|   0|  0|  14|           7|           2|
    |empty_9_fu_518_p2     |         +|   0|  0|  14|           7|           3|
    |empty_fu_404_p2       |         +|   0|  0|  15|           8|           8|
    |j_fu_663_p2           |         +|   0|  0|  12|           4|           1|
    |sum_fu_727_p2         |         +|   0|  0|  32|          32|          32|
    |ap_condition_251      |       and|   0|  0|   2|           1|           1|
    |ap_condition_635      |       and|   0|  0|   2|           1|           1|
    |ap_condition_640      |       and|   0|  0|   2|           1|           1|
    |icmp_ln5_fu_680_p2    |      icmp|   0|  0|  14|           7|           6|
    |icmp_ln6_fu_674_p2    |      icmp|   0|  0|  12|           4|           4|
    |i_fu_372_p3           |    select|   0|  0|   4|           1|           4|
    |select_ln5_fu_364_p3  |    select|   0|  0|   4|           1|           1|
    |ap_enable_pp0         |       xor|   0|  0|   2|           1|           2|
    +----------------------+----------+----+---+----+------------+------------+
    |Total                 |          |   0|  0| 623|         442|         396|
    +----------------------+----------+----+---+----+------------+------------+

    * Multiplexer: 
    +------------------------------------+----+-----------+-----+-----------+
    |                Name                | LUT| Input Size| Bits| Total Bits|
    +------------------------------------+----+-----------+-----+-----------+
    |A_address0_local                    |  31|          6|    7|         42|
    |A_address1_local                    |  31|          6|    7|         42|
    |B_address0_local                    |  31|          6|    7|         42|
    |B_address1_local                    |  31|          6|    7|         42|
    |ap_NS_fsm                           |  31|          6|    1|          6|
    |ap_done_int                         |   9|          2|    1|          2|
    |ap_enable_reg_pp0_iter0             |   9|          2|    1|          2|
    |ap_enable_reg_pp0_iter1             |   9|          2|    1|          2|
    |ap_loop_exit_ready_pp0_iter1_reg    |   9|          2|    1|          2|
    |ap_phi_mux_icmp_ln64_phi_fu_306_p4  |   9|          2|    1|          2|
    |ap_sig_allocacmp_i2_load            |   9|          2|    4|          8|
    |ap_sig_allocacmp_j3_load            |   9|          2|    4|          8|
    |grp_fu_313_p0                       |  14|          3|   32|         96|
    |grp_fu_313_p1                       |  14|          3|   32|         96|
    |grp_fu_319_p0                       |  14|          3|   32|         96|
    |grp_fu_319_p1                       |  14|          3|   32|         96|
    |i2_fu_104                           |   9|          2|    4|          8|
    |indvar_flatten1_fu_100              |   9|          2|    7|         14|
    |j3_fu_108                           |   9|          2|    4|          8|
    +------------------------------------+----+-----------+-----+-----------+
    |Total                               | 301|         62|  185|        614|
    +------------------------------------+----+-----------+-----+-----------+

    * Register: 
    +----------------------------------+----+----+-----+-----------+
    |               Name               | FF | LUT| Bits| Const Bits|
    +----------------------------------+----+----+-----+-----------+
    |add_ln11_reg_899                  |   7|   0|    7|          0|
    |add_ln9_2_reg_874                 |  32|   0|   32|          0|
    |add_ln9_reg_821                   |  32|   0|   32|          0|
    |ap_CS_fsm                         |   5|   0|    5|          0|
    |ap_done_reg                       |   1|   0|    1|          0|
    |ap_enable_reg_pp0_iter0_reg       |   1|   0|    1|          0|
    |ap_enable_reg_pp0_iter1           |   1|   0|    1|          0|
    |ap_loop_exit_ready_pp0_iter1_reg  |   1|   0|    1|          0|
    |empty_6_reg_763                   |   6|   0|    7|          1|
    |i2_fu_104                         |   4|   0|    4|          0|
    |icmp_ln5_reg_914                  |   1|   0|    1|          0|
    |icmp_ln6_reg_909                  |   1|   0|    1|          0|
    |indvar_flatten1_fu_100            |   7|   0|    7|          0|
    |j3_fu_108                         |   4|   0|    4|          0|
    |mul_ln9_4_reg_904                 |  32|   0|   32|          0|
    |reg_329                           |  32|   0|   32|          0|
    |reg_333                           |  32|   0|   32|          0|
    |select_ln5_reg_755                |   4|   0|    4|          0|
    |zext_ln9_1_reg_806                |   4|   0|    6|          2|
    |zext_ln9_reg_836                  |   4|   0|    7|          3|
    +----------------------------------+----+----+-----+-----------+
    |Total                             | 211|   0|  217|          6|
    +----------------------------------+----+----+-----+-----------+



================================================================
== Interface
================================================================
* Summary: 
+------------+-----+-----+------------+--------------+--------------+
|  RTL Ports | Dir | Bits|  Protocol  | Source Object|    C Type    |
+------------+-----+-----+------------+--------------+--------------+
|ap_clk      |   in|    1|  ap_ctrl_hs|   matrix_mult|  return value|
|ap_rst      |   in|    1|  ap_ctrl_hs|   matrix_mult|  return value|
|ap_start    |   in|    1|  ap_ctrl_hs|   matrix_mult|  return value|
|ap_done     |  out|    1|  ap_ctrl_hs|   matrix_mult|  return value|
|ap_idle     |  out|    1|  ap_ctrl_hs|   matrix_mult|  return value|
|ap_ready    |  out|    1|  ap_ctrl_hs|   matrix_mult|  return value|
|A_address0  |  out|    7|   ap_memory|             A|         array|
|A_ce0       |  out|    1|   ap_memory|             A|         array|
|A_q0        |   in|   32|   ap_memory|             A|         array|
|A_address1  |  out|    7|   ap_memory|             A|         array|
|A_ce1       |  out|    1|   ap_memory|             A|         array|
|A_q1        |   in|   32|   ap_memory|             A|         array|
|B_address0  |  out|    7|   ap_memory|             B|         array|
|B_ce0       |  out|    1|   ap_memory|             B|         array|
|B_q0        |   in|   32|   ap_memory|             B|         array|
|B_address1  |  out|    7|   ap_memory|             B|         array|
|B_ce1       |  out|    1|   ap_memory|             B|         array|
|B_q1        |   in|   32|   ap_memory|             B|         array|
|C_address0  |  out|    7|   ap_memory|             C|         array|
|C_ce0       |  out|    1|   ap_memory|             C|         array|
|C_we0       |  out|    1|   ap_memory|             C|         array|
|C_d0        |  out|   32|   ap_memory|             C|         array|
+------------+-----+-----+------------+--------------+--------------+

