INFO: [vitis-run 60-1548] Creating build summary session with primary output /scratch/tsussman/matrix_add/matrix_add/matrix_add.hlsrun_csim_summary, at Mon Mar 16 15:20:37 2026
INFO: [vitis-run 82-31] Launching vitis_hls: vitis_hls -nolog -run csim -work_dir /scratch/tsussman/matrix_add/matrix_add -config /scratch/tsussman/matrix_add/matrix_add_config.cfg -cmdlineconfig /scratch/tsussman/matrix_add/matrix_add/hls/config.cmdline
INFO: [HLS 200-10] For user 'tsussman' on host 'login04.hep.wisc.edu' (Linux_x86_64 version 6.1.166-1.el9.elrepo.x86_64) on Mon Mar 16 15:20:44 CDT 2026
INFO: [HLS 200-10] On os "AlmaLinux release 9.7 (Moss Jungle Cat)"
INFO: [HLS 200-10] In directory '/scratch/tsussman/matrix_add'
INFO: [HLS 200-2005] Using work_dir /scratch/tsussman/matrix_add/matrix_add 
INFO: [HLS 200-1505] Using default flow_target 'vivado'
Resolution: For help on HLS 200-1505 see docs.xilinx.com/access/sources/dita/topic?Doc_Version=2024.1%20English&url=ug1448-hls-guidance&resourceid=200-1505.html
INFO: [HLS 200-1465] Applying ini 'syn.file=/scratch/tsussman/matrix_add.cpp' from /scratch/tsussman/matrix_add/matrix_add_config.cfg(8)
INFO: [HLS 200-10] Adding design file '/scratch/tsussman/matrix_add.cpp' to the project
INFO: [HLS 200-1465] Applying ini 'tb.file=/scratch/tsussman/matrix_add_tb.cpp' from /scratch/tsussman/matrix_add/matrix_add_config.cfg(9)
INFO: [HLS 200-10] Adding test bench file '/scratch/tsussman/matrix_add_tb.cpp' to the project
INFO: [HLS 200-1465] Applying ini 'syn.top=matrix_add' from /scratch/tsussman/matrix_add/matrix_add_config.cfg(7)
INFO: [HLS 200-1465] Applying ini 'flow_target=vivado' from /scratch/tsussman/matrix_add/matrix_add_config.cfg(4)
INFO: [HLS 200-1505] Using flow_target 'vivado'
Resolution: For help on HLS 200-1505 see docs.xilinx.com/access/sources/dita/topic?Doc_Version=2024.1%20English&url=ug1448-hls-guidance&resourceid=200-1505.html
INFO: [HLS 200-1465] Applying ini 'part=xcvu9p-flga2104-2-i' from /scratch/tsussman/matrix_add/matrix_add_config.cfg(1)
INFO: [HLS 200-1611] Setting target device to 'xcvu9p-flga2104-2-i'
INFO: [HLS 200-1465] Applying ini 'csim.code_analyzer=1' from /scratch/tsussman/matrix_add/matrix_add_config.cfg(10)
INFO: [HLS 200-1465] Applying ini 'package.output.format=ip_catalog' from /scratch/tsussman/matrix_add/matrix_add_config.cfg(5)
INFO: [SIM 211-200] Executing Code Analyzer instead of classic HLS C simulation
INFO: [SIM 211-200] Compiling source code ../matrix_add.cpp as hardware code with instrumentation
INFO: [SIM 211-200] Compiling source code ../matrix_add_tb.cpp as test bench code with instrumentation
INFO: [SIM 211-200] Compiling source code ../matrix_add.cpp as test bench code with instrumentation
INFO: [SIM 211-200] Linking hardware code
INFO: [SIM 211-200] Transforming hardware bitcode
INFO: [SIM 211-200] Linking executable
INFO: [SIM 211-200] Determining source code dependencies
INFO: [SIM 211-200] Generating static call graph
INFO: [SIM 211-200] Analyzing Interfaces
INFO: [SIM 211-200] Running executable
TEST PASSED
INFO: [SIM 211-200] Analyzing trace data
INFO: [SIM 211-208] Running Code Analyzer
INFO: [SIM 211-210] Code Analyzer finished
INFO: [HLS 200-112] Total CPU user time: 14.73 seconds. Total CPU system time: 3.02 seconds. Total elapsed time: 53.15 seconds; peak allocated memory: 293.262 MB.
INFO: [vitis-run 60-791] Total elapsed time: 0h 1m 4s
