INFO: [v++ 60-1548] Creating build summary session with primary output /scratch/tsussman/matrix_add/matrix_add/matrix_add.hlscompile_summary, at Tue Mar 17 11:02:21 2026
INFO: [v++ 82-31] Launching vitis_hls: vitis_hls -nolog -run csynth -work_dir /scratch/tsussman/matrix_add/matrix_add -config /scratch/tsussman/matrix_add/matrix_add_config.cfg -cmdlineconfig /scratch/tsussman/matrix_add/matrix_add/hls/config.cmdline
INFO: [HLS 200-10] For user 'tsussman' on host 'login04.hep.wisc.edu' (Linux_x86_64 version 6.1.166-1.el9.elrepo.x86_64) on Tue Mar 17 11:02:29 CDT 2026
INFO: [HLS 200-10] On os "AlmaLinux release 9.7 (Moss Jungle Cat)"
INFO: [HLS 200-10] In directory '/scratch/tsussman/matrix_add'
INFO: [HLS 200-2005] Using work_dir /scratch/tsussman/matrix_add/matrix_add 
INFO: [HLS 200-1505] Using default flow_target 'vivado'
Resolution: For help on HLS 200-1505 see docs.xilinx.com/access/sources/dita/topic?Doc_Version=2024.1%20English&url=ug1448-hls-guidance&resourceid=200-1505.html
INFO: [HLS 200-1465] Applying ini 'syn.file=/scratch/tsussman/matrix_add.cpp' from /scratch/tsussman/matrix_add/matrix_add_config.cfg(8)
INFO: [HLS 200-10] Adding design file '/scratch/tsussman/matrix_add.cpp' to the project
INFO: [HLS 200-1465] Applying ini 'tb.file=/scratch/tsussman/matrix_add_tb.cpp' from /scratch/tsussman/matrix_add/matrix_add_config.cfg(9)
INFO: [HLS 200-10] Adding test bench file '/scratch/tsussman/matrix_add_tb.cpp' to the project
INFO: [HLS 200-1465] Applying ini 'syn.top=matrix_add' from /scratch/tsussman/matrix_add/matrix_add_config.cfg(7)
INFO: [HLS 200-1465] Applying ini 'flow_target=vivado' from /scratch/tsussman/matrix_add/matrix_add_config.cfg(4)
INFO: [HLS 200-1505] Using flow_target 'vivado'
Resolution: For help on HLS 200-1505 see docs.xilinx.com/access/sources/dita/topic?Doc_Version=2024.1%20English&url=ug1448-hls-guidance&resourceid=200-1505.html
INFO: [HLS 200-1465] Applying ini 'part=xcvu9p-flga2104-2-i' from /scratch/tsussman/matrix_add/matrix_add_config.cfg(1)
INFO: [HLS 200-1611] Setting target device to 'xcvu9p-flga2104-2-i'
INFO: [HLS 200-1465] Applying ini 'csim.code_analyzer=1' from /scratch/tsussman/matrix_add/matrix_add_config.cfg(10)
INFO: [HLS 200-1465] Applying ini 'package.output.format=ip_catalog' from /scratch/tsussman/matrix_add/matrix_add_config.cfg(5)
INFO: [HLS 200-111] Finished File checks and directory preparation: CPU user time: 6.76 seconds. CPU system time: 1.01 seconds. Elapsed time: 7.58 seconds; current allocated memory: 293.254 MB.
INFO: [HLS 200-10] Analyzing design file '../matrix_add.cpp' ... 
INFO: [HLS 200-111] Finished Source Code Analysis and Preprocessing: CPU user time: 3.44 seconds. CPU system time: 1.26 seconds. Elapsed time: 20.51 seconds; current allocated memory: 294.918 MB.
INFO: [HLS 200-777] Using interface defaults for 'Vivado' flow target.
INFO: [HLS 200-1995] There were 35 instructions in the design after the 'Compile/Link' phase of compilation. See the Design Size Report for more details: /scratch/tsussman/matrix_add/matrix_add/hls/syn/report/csynth_design_size.rpt
INFO: [HLS 200-1995] There were 26 instructions in the design after the 'Unroll/Inline (step 1)' phase of compilation. See the Design Size Report for more details: /scratch/tsussman/matrix_add/matrix_add/hls/syn/report/csynth_design_size.rpt
INFO: [HLS 200-1995] There were 20 instructions in the design after the 'Unroll/Inline (step 2)' phase of compilation. See the Design Size Report for more details: /scratch/tsussman/matrix_add/matrix_add/hls/syn/report/csynth_design_size.rpt
INFO: [HLS 200-1995] There were 18 instructions in the design after the 'Unroll/Inline (step 3)' phase of compilation. See the Design Size Report for more details: /scratch/tsussman/matrix_add/matrix_add/hls/syn/report/csynth_design_size.rpt
INFO: [HLS 200-1995] There were 18 instructions in the design after the 'Unroll/Inline (step 4)' phase of compilation. See the Design Size Report for more details: /scratch/tsussman/matrix_add/matrix_add/hls/syn/report/csynth_design_size.rpt
INFO: [HLS 200-1995] There were 18 instructions in the design after the 'Array/Struct (step 1)' phase of compilation. See the Design Size Report for more details: /scratch/tsussman/matrix_add/matrix_add/hls/syn/report/csynth_design_size.rpt
INFO: [HLS 200-1995] There were 18 instructions in the design after the 'Array/Struct (step 2)' phase of compilation. See the Design Size Report for more details: /scratch/tsussman/matrix_add/matrix_add/hls/syn/report/csynth_design_size.rpt
INFO: [HLS 200-1995] There were 18 instructions in the design after the 'Array/Struct (step 3)' phase of compilation. See the Design Size Report for more details: /scratch/tsussman/matrix_add/matrix_add/hls/syn/report/csynth_design_size.rpt
INFO: [HLS 200-1995] There were 18 instructions in the design after the 'Array/Struct (step 4)' phase of compilation. See the Design Size Report for more details: /scratch/tsussman/matrix_add/matrix_add/hls/syn/report/csynth_design_size.rpt
INFO: [HLS 200-1995] There were 18 instructions in the design after the 'Array/Struct (step 5)' phase of compilation. See the Design Size Report for more details: /scratch/tsussman/matrix_add/matrix_add/hls/syn/report/csynth_design_size.rpt
INFO: [HLS 200-1995] There were 18 instructions in the design after the 'Performance (step 1)' phase of compilation. See the Design Size Report for more details: /scratch/tsussman/matrix_add/matrix_add/hls/syn/report/csynth_design_size.rpt
INFO: [HLS 200-1995] There were 18 instructions in the design after the 'Performance (step 2)' phase of compilation. See the Design Size Report for more details: /scratch/tsussman/matrix_add/matrix_add/hls/syn/report/csynth_design_size.rpt
INFO: [HLS 200-1995] There were 18 instructions in the design after the 'Performance (step 3)' phase of compilation. See the Design Size Report for more details: /scratch/tsussman/matrix_add/matrix_add/hls/syn/report/csynth_design_size.rpt
INFO: [HLS 200-1995] There were 18 instructions in the design after the 'Performance (step 4)' phase of compilation. See the Design Size Report for more details: /scratch/tsussman/matrix_add/matrix_add/hls/syn/report/csynth_design_size.rpt
INFO: [HLS 200-1995] There were 24 instructions in the design after the 'HW Transforms (step 1)' phase of compilation. See the Design Size Report for more details: /scratch/tsussman/matrix_add/matrix_add/hls/syn/report/csynth_design_size.rpt
INFO: [HLS 200-1995] There were 32 instructions in the design after the 'HW Transforms (step 2)' phase of compilation. See the Design Size Report for more details: /scratch/tsussman/matrix_add/matrix_add/hls/syn/report/csynth_design_size.rpt
INFO: [HLS 214-376] automatically set the pipeline for Loop< VITIS_LOOP_7_2> at ../matrix_add.cpp:7:25 
INFO: [HLS 200-111] Finished Compiling Optimization and Transform: CPU user time: 3.82 seconds. CPU system time: 0.99 seconds. Elapsed time: 19.99 seconds; current allocated memory: 296.516 MB.
INFO: [HLS 200-111] Finished Checking Pragmas: CPU user time: 0 seconds. CPU system time: 0 seconds. Elapsed time: 0 seconds; current allocated memory: 296.516 MB.
INFO: [HLS 200-10] Starting code transformations ...
INFO: [HLS 200-111] Finished Standard Transforms: CPU user time: 0.02 seconds. CPU system time: 0.01 seconds. Elapsed time: 3.49 seconds; current allocated memory: 296.781 MB.
INFO: [HLS 200-10] Checking synthesizability ...
INFO: [HLS 200-111] Finished Checking Synthesizability: CPU user time: 0.04 seconds. CPU system time: 0.01 seconds. Elapsed time: 0.36 seconds; current allocated memory: 297.734 MB.
INFO: [HLS 200-111] Finished Loop, function and other optimizations: CPU user time: 0.07 seconds. CPU system time: 0.02 seconds. Elapsed time: 0.23 seconds; current allocated memory: 320.086 MB.
INFO: [HLS 200-2061] Successfully converted nested loops 'VITIS_LOOP_6_1'(../matrix_add.cpp:6:21) and 'VITIS_LOOP_7_2'(../matrix_add.cpp:7:25) in function 'matrix_add' into perfectly nested loops.
INFO: [XFORM 203-541] Flattening a loop nest 'VITIS_LOOP_6_1' (../matrix_add.cpp:6:21) in function 'matrix_add'.
INFO: [HLS 200-111] Finished Architecture Synthesis: CPU user time: 0.05 seconds. CPU system time: 0 seconds. Elapsed time: 0.35 seconds; current allocated memory: 320.086 MB.
INFO: [HLS 200-10] Starting hardware synthesis ...
INFO: [HLS 200-10] Synthesizing 'matrix_add' ...
INFO: [SYN 201-201] Setting up clock 'default' with a period of 10ns.
INFO: [HLS 200-10] ----------------------------------------------------------------
INFO: [HLS 200-42] -- Implementing module 'matrix_add' 
INFO: [HLS 200-10] ----------------------------------------------------------------
INFO: [SCHED 204-11] Starting scheduling ...
INFO: [SCHED 204-61] Pipelining loop 'VITIS_LOOP_6_1_VITIS_LOOP_7_2'.
INFO: [HLS 200-1470] Pipelining result : Target II = NA, Final II = 1, Depth = 2, loop 'VITIS_LOOP_6_1_VITIS_LOOP_7_2'
INFO: [SCHED 204-11] Finished scheduling.
INFO: [HLS 200-111] Finished Scheduling: CPU user time: 0.15 seconds. CPU system time: 0.04 seconds. Elapsed time: 1.2 seconds; current allocated memory: 320.086 MB.
INFO: [BIND 205-100] Starting micro-architecture generation ...
INFO: [BIND 205-101] Performing variable lifetime analysis.
INFO: [BIND 205-101] Exploring resource sharing.
INFO: [BIND 205-101] Binding ...
INFO: [BIND 205-100] Finished micro-architecture generation.
INFO: [HLS 200-111] Finished Binding: CPU user time: 0.04 seconds. CPU system time: 0 seconds. Elapsed time: 0.04 seconds; current allocated memory: 320.086 MB.
INFO: [HLS 200-10] ----------------------------------------------------------------
INFO: [HLS 200-10] -- Generating RTL for module 'matrix_add' 
INFO: [HLS 200-10] ----------------------------------------------------------------
INFO: [RTGEN 206-500] Setting interface mode on port 'matrix_add/A' to 'ap_memory'.
INFO: [RTGEN 206-500] Setting interface mode on port 'matrix_add/B' to 'ap_memory'.
INFO: [RTGEN 206-500] Setting interface mode on port 'matrix_add/C' to 'ap_memory'.
INFO: [RTGEN 206-500] Setting interface mode on function 'matrix_add' to 'ap_ctrl_hs'.
INFO: [HLS 200-1030] Apply Unified Pipeline Control on module 'matrix_add' pipeline 'VITIS_LOOP_6_1_VITIS_LOOP_7_2' pipeline type 'loop pipeline'
INFO: [RTGEN 206-100] Finished creating RTL model for 'matrix_add'.
INFO: [HLS 200-111] Finished Creating RTL model: CPU user time: 0.04 seconds. CPU system time: 0.01 seconds. Elapsed time: 0.05 seconds; current allocated memory: 320.086 MB.
INFO: [HLS 200-111] Finished Generating all RTL models: CPU user time: 0.3 seconds. CPU system time: 0.04 seconds. Elapsed time: 0.78 seconds; current allocated memory: 320.086 MB.
INFO: [HLS 200-111] Finished Updating report files: CPU user time: 0.45 seconds. CPU system time: 0.04 seconds. Elapsed time: 0.55 seconds; current allocated memory: 320.086 MB.
INFO: [VHDL 208-304] Generating VHDL RTL for matrix_add.
INFO: [VLOG 209-307] Generating Verilog RTL for matrix_add.
INFO: [HLS 200-790] **** Loop Constraint Status: All loop constraints were satisfied.
INFO: [HLS 200-789] **** Estimated Fmax: 361.14 MHz
INFO: [HLS 200-112] Total CPU user time: 15.2 seconds. Total CPU system time: 3.44 seconds. Total elapsed time: 55.24 seconds; peak allocated memory: 320.086 MB.
INFO: [v++ 60-791] Total elapsed time: 0h 1m 1s
