Mon Mar 16 15:20:31 2026: Running xcd server. This server was built by gradle.
Mon Mar 16 15:20:31 2026: Server was asked to start on port: '30927'
Mon Mar 16 15:20:31 2026: Server is using token UUID: 'cbeb9a29-ddc2-4b7f-986e-ba12e3ccc37e'
Mon Mar 16 15:20:31 2026: SESSION_MGR: creating session with session uuid: '6d04a3e9-ade5-4ab9-8d63-1f78fcd2ec76' and name 'default'
Mon Mar 16 15:20:31 2026: Attempting to start server on port '30927'
Mon Mar 16 15:20:31 2026: XCD main fifo: created main fifo '/tmp/xcdmaincbeb9a29-ddc2-4b7f-986e-ba12e3ccc37e', fd read = 12
Mon Mar 16 15:20:31 2026: Running Dispatch Server
Mon Mar 16 15:20:31 2026: Version 2.2.0
Mon Mar 16 15:20:36 2026: Dispatch Server: Accepted socket connection from client
Mon Mar 16 15:20:36 2026: Starting Socket connection
Mon Mar 16 15:20:36 2026: EXCHANGE_TOKEN received, server token: cbeb9a29-ddc2-4b7f-986e-ba12e3ccc37e, passed token: cbeb9a29-ddc2-4b7f-986e-ba12e3ccc37e
Mon Mar 16 15:20:37 2026: DISPATCH_HANDLER: Adding handler from function makeHandler in library libxv_system_diagram
Mon Mar 16 15:20:37 2026: SESSION_MGR: creating session with session uuid: '9c2a100b-caa4-4067-a00b-086476af29e6' and name 'vitis-run_compile_matrix_add'
Mon Mar 16 15:20:37 2026: KERNEL_SVC: creating session with uuid: '9c2a100b-caa4-4067-a00b-086476af29e6' and name 'vitis-run_compile_matrix_add'
Mon Mar 16 15:20:37 2026: GUIDANCE_SMGR: creating guidance session with uuid: '9c2a100b-caa4-4067-a00b-086476af29e6' and name 'vitis-run_compile_matrix_add'
Mon Mar 16 15:20:37 2026: SYSTEM_DIAGRAM: creating session with uuid: '9c2a100b-caa4-4067-a00b-086476af29e6' and name 'vitis-run_compile_matrix_add'
Mon Mar 16 15:20:48 2026: Dispatch Server: Accepted socket connection from client
Mon Mar 16 15:20:48 2026: Starting Socket connection
Mon Mar 16 15:21:33 2026: SESSION_MGR: closing session for UUID '9c2a100b-caa4-4067-a00b-086476af29e6' with name 'vitis-run_compile_matrix_add'
Mon Mar 16 15:21:33 2026: KERNEL_SVC: closing session for UUID '9c2a100b-caa4-4067-a00b-086476af29e6' with name 'vitis-run_compile_matrix_add'
Mon Mar 16 15:21:33 2026: GUIDANCE_SMGR: closing session for UUID '9c2a100b-caa4-4067-a00b-086476af29e6' with name 'vitis-run_compile_matrix_add'
Mon Mar 16 15:21:33 2026: SYSTEM_DIAGRAM: closing session for UUID '9c2a100b-caa4-4067-a00b-086476af29e6' with name 'vitis-run_compile_matrix_add'
Mon Mar 16 15:21:33 2026: STOP_SERVER received, server token: cbeb9a29-ddc2-4b7f-986e-ba12e3ccc37e, passed token: cbeb9a29-ddc2-4b7f-986e-ba12e3ccc37e
Mon Mar 16 15:21:33 2026: Socket received request to stop server.
Mon Mar 16 15:21:33 2026: Dispatch Server: do_await_stop
Mon Mar 16 15:21:33 2026: Dispatch Server: stopping mainFifo_
Mon Mar 16 15:21:33 2026: XCD main fifo: Stopping
Mon Mar 16 15:21:33 2026: XCD main fifo: do_read error code: Operation canceled
Mon Mar 16 15:21:33 2026: XCD main fifo: bytes_transferred: 0
Mon Mar 16 15:21:33 2026: SERVER: destructor for server bound to port 30927
Mon Mar 16 15:21:33 2026: XCD main fifo: Good unlink of /tmp/xcdmaincbeb9a29-ddc2-4b7f-986e-ba12e3ccc37e
Mon Mar 16 15:21:33 2026: Server exiting with status 0.
Mon Mar 16 15:21:33 2026: Closing log file.
Tue Mar 17 11:02:21 2026: Running xcd server. This server was built by gradle.
Tue Mar 17 11:02:21 2026: Server was asked to start on port: '4629'
Tue Mar 17 11:02:21 2026: Server is using token UUID: 'abe5afdb-96bc-431b-b6c4-73014405d94c'
Tue Mar 17 11:02:21 2026: SESSION_MGR: creating session with session uuid: '6d04a3e9-ade5-4ab9-8d63-1f78fcd2ec76' and name 'default'
Tue Mar 17 11:02:21 2026: Attempting to start server on port '4629'
Tue Mar 17 11:02:21 2026: XCD main fifo: created main fifo '/tmp/xcdmainabe5afdb-96bc-431b-b6c4-73014405d94c', fd read = 13
Tue Mar 17 11:02:21 2026: Running Dispatch Server
Tue Mar 17 11:02:21 2026: Version 2.2.0
Tue Mar 17 11:02:21 2026: Dispatch Server: Accepted socket connection from client
Tue Mar 17 11:02:21 2026: Starting Socket connection
Tue Mar 17 11:02:21 2026: EXCHANGE_TOKEN received, server token: abe5afdb-96bc-431b-b6c4-73014405d94c, passed token: abe5afdb-96bc-431b-b6c4-73014405d94c
Tue Mar 17 11:02:21 2026: DISPATCH_HANDLER: Adding handler from function makeHandler in library libxv_system_diagram
Tue Mar 17 11:02:21 2026: SESSION_MGR: creating session with session uuid: 'a5c29cea-af6a-4fdd-a61e-f5ee3d050f74' and name 'v++_compile_matrix_add'
Tue Mar 17 11:02:21 2026: KERNEL_SVC: creating session with uuid: 'a5c29cea-af6a-4fdd-a61e-f5ee3d050f74' and name 'v++_compile_matrix_add'
Tue Mar 17 11:02:21 2026: GUIDANCE_SMGR: creating guidance session with uuid: 'a5c29cea-af6a-4fdd-a61e-f5ee3d050f74' and name 'v++_compile_matrix_add'
Tue Mar 17 11:02:21 2026: SYSTEM_DIAGRAM: creating session with uuid: 'a5c29cea-af6a-4fdd-a61e-f5ee3d050f74' and name 'v++_compile_matrix_add'
Tue Mar 17 11:02:32 2026: Dispatch Server: Accepted socket connection from client
Tue Mar 17 11:02:32 2026: Starting Socket connection
Tue Mar 17 11:03:20 2026: SESSION_MGR: closing session for UUID 'a5c29cea-af6a-4fdd-a61e-f5ee3d050f74' with name 'v++_compile_matrix_add'
Tue Mar 17 11:03:20 2026: KERNEL_SVC: closing session for UUID 'a5c29cea-af6a-4fdd-a61e-f5ee3d050f74' with name 'v++_compile_matrix_add'
Tue Mar 17 11:03:20 2026: GUIDANCE_SMGR: closing session for UUID 'a5c29cea-af6a-4fdd-a61e-f5ee3d050f74' with name 'v++_compile_matrix_add'
Tue Mar 17 11:03:20 2026: SYSTEM_DIAGRAM: closing session for UUID 'a5c29cea-af6a-4fdd-a61e-f5ee3d050f74' with name 'v++_compile_matrix_add'
Tue Mar 17 11:03:20 2026: STOP_SERVER received, server token: abe5afdb-96bc-431b-b6c4-73014405d94c, passed token: abe5afdb-96bc-431b-b6c4-73014405d94c
Tue Mar 17 11:03:20 2026: Socket received request to stop server.
Tue Mar 17 11:03:20 2026: Dispatch Server: do_await_stop
Tue Mar 17 11:03:20 2026: Dispatch Server: stopping mainFifo_
Tue Mar 17 11:03:20 2026: XCD main fifo: Stopping
Tue Mar 17 11:03:20 2026: XCD main fifo: do_read error code: Operation canceled
Tue Mar 17 11:03:20 2026: XCD main fifo: bytes_transferred: 0
Tue Mar 17 11:03:20 2026: SERVER: destructor for server bound to port 4629
Tue Mar 17 11:03:20 2026: XCD main fifo: Good unlink of /tmp/xcdmainabe5afdb-96bc-431b-b6c4-73014405d94c
Tue Mar 17 11:03:20 2026: Server exiting with status 0.
Tue Mar 17 11:03:20 2026: Closing log file.
