

================================================================
== Vitis HLS Report for 'vector_add'
================================================================
* Date:           Fri Mar 27 12:59:40 2026

* Version:        2024.1 (Build 5069499 on May 21 2024)
* Project:        vector_add
* Solution:       hls (Vivado IP Flow Target)
* Product family: virtexuplus
* Target device:  xcvu13p-fsga2577-2-e


================================================================
== Performance Estimates
================================================================
+ Timing: 
    * Summary: 
    +--------+----------+----------+------------+
    |  Clock |  Target  | Estimated| Uncertainty|
    +--------+----------+----------+------------+
    |ap_clk  |  25.00 ns|  1.915 ns|     6.75 ns|
    +--------+----------+----------+------------+

+ Latency: 
    * Summary: 
    +---------+---------+----------+----------+-----+-----+-----------------------------------------------+
    |  Latency (cycles) |  Latency (absolute) |  Interval |                    Pipeline                   |
    |   min   |   max   |    min   |    max   | min | max |                      Type                     |
    +---------+---------+----------+----------+-----+-----+-----------------------------------------------+
    |      102|      102|  2.550 us|  2.550 us|  100|  100|  loop auto-rewind stp(delay=0 clock cycles(s))|
    +---------+---------+----------+----------+-----+-----+-----------------------------------------------+

    + Detail: 
        * Instance: 
        N/A

        * Loop: 
        +-------------------+---------+---------+----------+-----------+-----------+------+----------+
        |                   |  Latency (cycles) | Iteration|  Initiation Interval  | Trip |          |
        |     Loop Name     |   min   |   max   |  Latency |  achieved |   target  | Count| Pipelined|
        +-------------------+---------+---------+----------+-----------+-----------+------+----------+
        |- VITIS_LOOP_10_1  |      100|      100|         2|          1|          1|   100|       yes|
        +-------------------+---------+---------+----------+-----------+-----------+------+----------+

============================================================
+ Verbose Summary: Synthesis Manager
============================================================
InlineROM: 1
ExposeGlobal: 0
============================================================
+ Verbose Summary: CDFG Model
============================================================
IsTopModel: 1
ResetActiveHigh: 1
IsCombinational: 0
IsDatapathOnly: 0
HasWiredReturn: 1
HasMFsm: 2
HasVarLatency: 1
IsPipeline: 0
IsRtlPipelined: 0
IsInstanceOverlapped: 0
IsDontTouch: 0
HasImplIP: 0
IsGatedGlobalClock: 0

+ Individual pipeline summary: 
  * Pipeline-0: initiation interval (II) = 1, depth = 2


============================================================
+ Verbose Summary: Schedule
============================================================
* Number of FSM states : 2
* Pipeline : 1
  Pipeline-0 : II = 1, D = 2, States = { 1 2 }
* Dataflow Pipeline: 0

* FSM state transitions: 
1 --> 2 
2 --> 

* FSM state operations: 

State 1 <SV = 0> <Delay = 1.47>
ST_1 : Operation 5 [1/1] (0.00ns)   --->   "%i1 = alloca i32 1"   --->   Operation 5 'alloca' 'i1' <Predicate = true> <Delay = 0.00>
ST_1 : Operation 6 [1/1] (0.00ns)   --->   "%spectopmodule_ln8 = spectopmodule void @_ssdm_op_SpecTopModule, void @empty_1" [../homework2/aribtrary_vector_add.cpp:8]   --->   Operation 6 'spectopmodule' 'spectopmodule_ln8' <Predicate = true> <Delay = 0.00>
ST_1 : Operation 7 [1/1] (0.00ns)   --->   "%specinterface_ln0 = specinterface void @_ssdm_op_SpecInterface, i12 %a, void @empty, i32 0, i32 0, void @empty_0, i32 4294967295, i32 0, void @empty_0, void @empty_0, void @empty_0, i32 0, i32 0, i32 0, i32 0, void @empty_0, void @empty_0, i32 4294967295, i32 0, i32 0"   --->   Operation 7 'specinterface' 'specinterface_ln0' <Predicate = true> <Delay = 0.00>
ST_1 : Operation 8 [1/1] (0.00ns)   --->   "%specbitsmap_ln0 = specbitsmap void @_ssdm_op_SpecBitsMap, i12 %a"   --->   Operation 8 'specbitsmap' 'specbitsmap_ln0' <Predicate = true> <Delay = 0.00>
ST_1 : Operation 9 [1/1] (0.00ns)   --->   "%specinterface_ln0 = specinterface void @_ssdm_op_SpecInterface, i12 %b, void @empty, i32 0, i32 0, void @empty_0, i32 4294967295, i32 0, void @empty_0, void @empty_0, void @empty_0, i32 0, i32 0, i32 0, i32 0, void @empty_0, void @empty_0, i32 4294967295, i32 0, i32 0"   --->   Operation 9 'specinterface' 'specinterface_ln0' <Predicate = true> <Delay = 0.00>
ST_1 : Operation 10 [1/1] (0.00ns)   --->   "%specbitsmap_ln0 = specbitsmap void @_ssdm_op_SpecBitsMap, i12 %b"   --->   Operation 10 'specbitsmap' 'specbitsmap_ln0' <Predicate = true> <Delay = 0.00>
ST_1 : Operation 11 [1/1] (0.00ns)   --->   "%specinterface_ln0 = specinterface void @_ssdm_op_SpecInterface, i13 %c, void @empty, i32 0, i32 0, void @empty_0, i32 4294967295, i32 0, void @empty_0, void @empty_0, void @empty_0, i32 0, i32 0, i32 0, i32 0, void @empty_0, void @empty_0, i32 4294967295, i32 0, i32 0"   --->   Operation 11 'specinterface' 'specinterface_ln0' <Predicate = true> <Delay = 0.00>
ST_1 : Operation 12 [1/1] (0.00ns)   --->   "%specbitsmap_ln0 = specbitsmap void @_ssdm_op_SpecBitsMap, i13 %c"   --->   Operation 12 'specbitsmap' 'specbitsmap_ln0' <Predicate = true> <Delay = 0.00>
ST_1 : Operation 13 [1/1] (0.38ns)   --->   "%store_ln0 = store i7 0, i7 %i1"   --->   Operation 13 'store' 'store_ln0' <Predicate = true> <Delay = 0.38>
ST_1 : Operation 14 [1/1] (0.00ns)   --->   "%br_ln10 = br void %for.body.split" [../homework2/aribtrary_vector_add.cpp:10]   --->   Operation 14 'br' 'br_ln10' <Predicate = true> <Delay = 0.00>
ST_1 : Operation 15 [1/1] (0.00ns)   --->   "%i1_load = load i7 %i1" [../homework2/aribtrary_vector_add.cpp:10]   --->   Operation 15 'load' 'i1_load' <Predicate = true> <Delay = 0.00>
ST_1 : Operation 16 [1/1] (0.00ns)   --->   "%zext_ln10 = zext i7 %i1_load" [../homework2/aribtrary_vector_add.cpp:10]   --->   Operation 16 'zext' 'zext_ln10' <Predicate = true> <Delay = 0.00>
ST_1 : Operation 17 [1/1] (0.00ns)   --->   "%a_addr = getelementptr i12 %a, i64 0, i64 %zext_ln10" [../homework2/aribtrary_vector_add.cpp:12]   --->   Operation 17 'getelementptr' 'a_addr' <Predicate = true> <Delay = 0.00>
ST_1 : Operation 18 [2/2] (0.58ns)   --->   "%a_load = load i7 %a_addr" [../homework2/aribtrary_vector_add.cpp:12]   --->   Operation 18 'load' 'a_load' <Predicate = true> <Delay = 0.58> <CoreInst = "RAM">   --->   Core 82 'RAM' <Latency = 1> <II = 1> <Delay = 0.58> <Storage> <Opcode : 'load' 'store'> <Ports = 2> <Width = 12> <Depth = 100> <RAM>
ST_1 : Operation 19 [1/1] (0.00ns)   --->   "%b_addr = getelementptr i12 %b, i64 0, i64 %zext_ln10" [../homework2/aribtrary_vector_add.cpp:12]   --->   Operation 19 'getelementptr' 'b_addr' <Predicate = true> <Delay = 0.00>
ST_1 : Operation 20 [2/2] (0.58ns)   --->   "%b_load = load i7 %b_addr" [../homework2/aribtrary_vector_add.cpp:12]   --->   Operation 20 'load' 'b_load' <Predicate = true> <Delay = 0.58> <CoreInst = "RAM">   --->   Core 82 'RAM' <Latency = 1> <II = 1> <Delay = 0.58> <Storage> <Opcode : 'load' 'store'> <Ports = 2> <Width = 12> <Depth = 100> <RAM>
ST_1 : Operation 21 [1/1] (0.70ns)   --->   "%i = add i7 %i1_load, i7 1" [../homework2/aribtrary_vector_add.cpp:10]   --->   Operation 21 'add' 'i' <Predicate = true> <Delay = 0.70> <CoreInst = "Adder">   --->   Core 1 'Adder' <Latency = 0> <II = 1> <Delay = 0.70> <FuncUnit> <Opcode : 'add' 'sub'> <InPorts = 2> <OutPorts = 1>
ST_1 : Operation 22 [1/1] (0.70ns)   --->   "%icmp_ln10 = icmp_eq  i7 %i1_load, i7 99" [../homework2/aribtrary_vector_add.cpp:10]   --->   Operation 22 'icmp' 'icmp_ln10' <Predicate = true> <Delay = 0.70> <CoreInst = "Cmp">   --->   Core 9 'Cmp' <Latency = 0> <II = 1> <Delay = 0.70> <FuncUnit> <Opcode : 'seteq' 'setne' 'setle' 'setge' 'setlt' 'setgt'> <InPorts = 2> <OutPorts = 1>
ST_1 : Operation 23 [1/1] (0.38ns)   --->   "%store_ln10 = store i7 %i, i7 %i1" [../homework2/aribtrary_vector_add.cpp:10]   --->   Operation 23 'store' 'store_ln10' <Predicate = true> <Delay = 0.38>
ST_1 : Operation 24 [1/1] (0.00ns)   --->   "%br_ln10 = br i1 %icmp_ln10, void %for.body.split, void %for.end" [../homework2/aribtrary_vector_add.cpp:10]   --->   Operation 24 'br' 'br_ln10' <Predicate = true> <Delay = 0.00>

State 2 <SV = 1> <Delay = 1.91>
ST_2 : Operation 25 [1/1] (0.00ns)   --->   "%specpipeline_ln11 = specpipeline void @_ssdm_op_SpecPipeline, i32 1, i32 0, i32 0, i32 0, void @empty_0" [../homework2/aribtrary_vector_add.cpp:11]   --->   Operation 25 'specpipeline' 'specpipeline_ln11' <Predicate = true> <Delay = 0.00>
ST_2 : Operation 26 [1/1] (0.00ns)   --->   "%speclooptripcount_ln10 = speclooptripcount void @_ssdm_op_SpecLoopTripCount, i64 100, i64 100, i64 100" [../homework2/aribtrary_vector_add.cpp:10]   --->   Operation 26 'speclooptripcount' 'speclooptripcount_ln10' <Predicate = true> <Delay = 0.00>
ST_2 : Operation 27 [1/1] (0.00ns)   --->   "%specloopname_ln10 = specloopname void @_ssdm_op_SpecLoopName, void @empty_2" [../homework2/aribtrary_vector_add.cpp:10]   --->   Operation 27 'specloopname' 'specloopname_ln10' <Predicate = true> <Delay = 0.00>
ST_2 : Operation 28 [1/2] (0.58ns)   --->   "%a_load = load i7 %a_addr" [../homework2/aribtrary_vector_add.cpp:12]   --->   Operation 28 'load' 'a_load' <Predicate = true> <Delay = 0.58> <CoreInst = "RAM">   --->   Core 82 'RAM' <Latency = 1> <II = 1> <Delay = 0.58> <Storage> <Opcode : 'load' 'store'> <Ports = 2> <Width = 12> <Depth = 100> <RAM>
ST_2 : Operation 29 [1/1] (0.00ns)   --->   "%sext_ln12 = sext i12 %a_load" [../homework2/aribtrary_vector_add.cpp:12]   --->   Operation 29 'sext' 'sext_ln12' <Predicate = true> <Delay = 0.00>
ST_2 : Operation 30 [1/2] (0.58ns)   --->   "%b_load = load i7 %b_addr" [../homework2/aribtrary_vector_add.cpp:12]   --->   Operation 30 'load' 'b_load' <Predicate = true> <Delay = 0.58> <CoreInst = "RAM">   --->   Core 82 'RAM' <Latency = 1> <II = 1> <Delay = 0.58> <Storage> <Opcode : 'load' 'store'> <Ports = 2> <Width = 12> <Depth = 100> <RAM>
ST_2 : Operation 31 [1/1] (0.00ns)   --->   "%sext_ln12_1 = sext i12 %b_load" [../homework2/aribtrary_vector_add.cpp:12]   --->   Operation 31 'sext' 'sext_ln12_1' <Predicate = true> <Delay = 0.00>
ST_2 : Operation 32 [1/1] (0.74ns)   --->   "%add_ln12 = add i13 %sext_ln12_1, i13 %sext_ln12" [../homework2/aribtrary_vector_add.cpp:12]   --->   Operation 32 'add' 'add_ln12' <Predicate = true> <Delay = 0.74> <CoreInst = "Adder">   --->   Core 1 'Adder' <Latency = 0> <II = 1> <Delay = 0.74> <FuncUnit> <Opcode : 'add' 'sub'> <InPorts = 2> <OutPorts = 1>
ST_2 : Operation 33 [1/1] (0.00ns)   --->   "%c_addr = getelementptr i13 %c, i64 0, i64 %zext_ln10" [../homework2/aribtrary_vector_add.cpp:12]   --->   Operation 33 'getelementptr' 'c_addr' <Predicate = true> <Delay = 0.00>
ST_2 : Operation 34 [1/1] (0.58ns)   --->   "%store_ln12 = store i13 %add_ln12, i7 %c_addr" [../homework2/aribtrary_vector_add.cpp:12]   --->   Operation 34 'store' 'store_ln12' <Predicate = true> <Delay = 0.58> <CoreInst = "RAM">   --->   Core 82 'RAM' <Latency = 1> <II = 1> <Delay = 0.58> <Storage> <Opcode : 'load' 'store'> <Ports = 2> <Width = 13> <Depth = 100> <RAM>
ST_2 : Operation 35 [1/1] (0.38ns)   --->   "%ret_ln14 = ret" [../homework2/aribtrary_vector_add.cpp:14]   --->   Operation 35 'ret' 'ret_ln14' <Predicate = (icmp_ln10)> <Delay = 0.38>


============================================================
+ Verbose Summary: Timing violations
============================================================
Target clock period: 25.000ns, clock uncertainty: 6.750ns.

 <State 1>: 1.480ns
The critical path consists of the following:
	'store' operation 0 bit ('store_ln0') of constant 0 on local variable 'i1' [12]  (0.387 ns)
	'load' operation 7 bit ('i1_load', ../homework2/aribtrary_vector_add.cpp:10) on local variable 'i1' [15]  (0.000 ns)
	'add' operation 7 bit ('i', ../homework2/aribtrary_vector_add.cpp:10) [29]  (0.706 ns)
	'store' operation 0 bit ('store_ln10', ../homework2/aribtrary_vector_add.cpp:10) of variable 'i', ../homework2/aribtrary_vector_add.cpp:10 on local variable 'i1' [31]  (0.387 ns)

 <State 2>: 1.915ns
The critical path consists of the following:
	'load' operation 12 bit ('a_load', ../homework2/aribtrary_vector_add.cpp:12) on array 'a' [21]  (0.585 ns)
	'add' operation 13 bit ('add_ln12', ../homework2/aribtrary_vector_add.cpp:12) [26]  (0.745 ns)
	'store' operation 0 bit ('store_ln12', ../homework2/aribtrary_vector_add.cpp:12) of variable 'add_ln12', ../homework2/aribtrary_vector_add.cpp:12 on array 'c' [28]  (0.585 ns)


============================================================
+ Verbose Summary: Binding
============================================================
N/A
* FSMD analyzer results:
  - Output states:
 - Input state : 
  - Chain level:
	State 1
	State 2


============================================================
+ Verbose Summary: Datapath Resource usage 
============================================================
N/A
