================================================================
== Design Size Report
================================================================

* Total Instructions per Compilation Phase
+---------------+-----------------------------+--------------+----------------------------------------------------------------------------------------+
| Phase         | Step                        | Instructions | Description                                                                            |
+---------------+-----------------------------+--------------+----------------------------------------------------------------------------------------+
| Compile/Link  |                             | 20           | After all functions are compiled and linked into a single design                       |
|               |                             |              |                                                                                        |
| Unroll/Inline |                             |              | After user unroll and inline pragmas are applied                                       |
|               | (1) unroll                  | 18           | user unroll pragmas are applied                                                        |
|               | (2) simplification          | 14           | simplification of applied user unroll pragmas                                          |
|               | (3) inline                  | 13           | user inline pragmas are applied                                                        |
|               | (4) simplification          | 13           | simplification of applied user inline pragmas                                          |
|               |                             |              |                                                                                        |
| Array/Struct  |                             |              | After user array partition and struct aggregate/disaggregate pragmas are applied       |
|               | (1) array partition         | 13           | user array partition pragmas are applied                                               |
|               | (2) simplification          | 13           | simplification of applied user array partition & struct aggregate/disaggregate pragmas |
|               | (3) aggregate/disaggregate  | 13           | user struct aggregate/disaggregate pragmas are applied                                 |
|               | (4) array reshape           | 13           | apply array reshape pragmas                                                            |
|               | (5) access patterns         | 13           | array access pattern optmizations                                                      |
|               |                             |              |                                                                                        |
| Performance   |                             |              | After transformations are applied to meet performance pragma targets                   |
|               | (1) loop simplification     | 13           | loop and instruction simplification                                                    |
|               | (2) parallelization         | 13           | loops are unrolled or pipelined to meet performance targets                            |
|               | (3) array partition         | 13           | arrays are partitioned to meet performance targets                                     |
|               | (4) simplification          | 13           | simplification of design after performance transformations                             |
|               |                             |              |                                                                                        |
| HW Transforms |                             |              | After hardware transfomations                                                          |
|               | (1) lowering                | 19           | initial conversion to HW specific instructions                                         |
|               | (2) optimizations           | 24           | high level synthesis optimizations                                                     |
+---------------+-----------------------------+--------------+----------------------------------------------------------------------------------------+

* Instructions per Function for each Compilation Phase
+--------------+---------------------------+--------------+---------------+--------------+-------------+---------------+
| Function     | Location                  | Compile/Link | Unroll/Inline | Array/Struct | Performance | HW Transforms |
+--------------+---------------------------+--------------+---------------+--------------+-------------+---------------+
|   vector_add | standard_vector_add.cpp:4 | 20           | 13            | 13           | 13          | 24            |
+--------------+---------------------------+--------------+---------------+--------------+-------------+---------------+

* Design Size Message Settings
+---------------------------------------------+--------+------------------------------------------------------------------+
| Message Setting                             | Value  | Description                                                      |
+---------------------------------------------+--------+------------------------------------------------------------------+
| config_compile -design_size_maximum_warning | 100000 | Show a warning when total design instructions exceeds this value |
+---------------------------------------------+--------+------------------------------------------------------------------+


