INFO-FLOW: Workspace /scratch/tsussman/bubble_sort_component/bubbleSort/hls opened at Fri Mar 27 12:47:34 CDT 2026
Execute     send_msg_by_id INFO @200-1505@%s%s default  vivado 
INFO: [HLS 200-1505] Using default flow_target 'vivado'
Execute   apply_ini /scratch/tsussman/bubble_sort_component/bubble_sort_hls_config.cfg 
Execute     send_msg_by_id INFO @200-1465@%s 'syn.file=/scratch/tsussman/homework2/bubble_sort.cpp' from /scratch/tsussman/bubble_sort_component/bubble_sort_hls_config.cfg(8) 
INFO: [HLS 200-1465] Applying ini 'syn.file=/scratch/tsussman/homework2/bubble_sort.cpp' from /scratch/tsussman/bubble_sort_component/bubble_sort_hls_config.cfg(8)
Execute     add_files /scratch/tsussman/homework2/bubble_sort.cpp 
INFO: [HLS 200-10] Adding design file '/scratch/tsussman/homework2/bubble_sort.cpp' to the project
Execute     send_msg_by_id INFO @200-1465@%s 'tb.file=/scratch/tsussman/homework2/bubble_sort.cpp' from /scratch/tsussman/bubble_sort_component/bubble_sort_hls_config.cfg(9) 
INFO: [HLS 200-1465] Applying ini 'tb.file=/scratch/tsussman/homework2/bubble_sort.cpp' from /scratch/tsussman/bubble_sort_component/bubble_sort_hls_config.cfg(9)
Execute     add_files -tb /scratch/tsussman/homework2/bubble_sort.cpp 
INFO: [HLS 200-10] Adding test bench file '/scratch/tsussman/homework2/bubble_sort.cpp' to the project
Execute     send_msg_by_id INFO @200-1465@%s 'syn.top=bubbleSort' from /scratch/tsussman/bubble_sort_component/bubble_sort_hls_config.cfg(7) 
INFO: [HLS 200-1465] Applying ini 'syn.top=bubbleSort' from /scratch/tsussman/bubble_sort_component/bubble_sort_hls_config.cfg(7)
Execute     set_top bubbleSort 
Execute     send_msg_by_id INFO @200-1465@%s 'flow_target=vivado' from /scratch/tsussman/bubble_sort_component/bubble_sort_hls_config.cfg(4) 
INFO: [HLS 200-1465] Applying ini 'flow_target=vivado' from /scratch/tsussman/bubble_sort_component/bubble_sort_hls_config.cfg(4)
Execute     send_msg_by_id INFO @200-1505@%s%s  vivado 
INFO: [HLS 200-1505] Using flow_target 'vivado'
Execute     send_msg_by_id INFO @200-1465@%s 'part=xcvu13p-fsga2577-2-e' from /scratch/tsussman/bubble_sort_component/bubble_sort_hls_config.cfg(1) 
INFO: [HLS 200-1465] Applying ini 'part=xcvu13p-fsga2577-2-e' from /scratch/tsussman/bubble_sort_component/bubble_sort_hls_config.cfg(1)
Execute     set_part xcvu13p-fsga2577-2-e 
Execute       create_platform xcvu13p-fsga2577-2-e -board  
DBG:HLSDevice: Trying to load device library: /afs/hep.wisc.edu/cms/sw/Xilinx/Vitis_HLS/2024.1/lib/lnx64.o/libxv_hlsvwrap.so
DBG:HLSDevice: first parts/arch.xml in RDI_DATADIR: /afs/hep.wisc.edu/cms/sw/Xilinx/Vivado/2024.1/data/parts/arch.xml
DBG:HLSDevice: init success
INFO: [HLS 200-1611] Setting target device to 'xcvu13p-fsga2577-2-e'
Command       create_platform done; 2.06 sec.
Execute       source /afs/hep.wisc.edu/cms/sw/Xilinx/Vitis_HLS/2024.1/common/technology/xilinx/common/xilinx.gen 
Execute         source /afs/hep.wisc.edu/cms/sw/Xilinx/Vitis_HLS/2024.1/common/technology/xilinx/interface/plb46.gen 
Execute         source /afs/hep.wisc.edu/cms/sw/Xilinx/Vitis_HLS/2024.1/common/technology/xilinx/interface/axi4.gen 
Execute         source /afs/hep.wisc.edu/cms/sw/Xilinx/Vitis_HLS/2024.1/common/technology/xilinx/interface/nativeAXI4.gen 
Execute           source /afs/hep.wisc.edu/cms/sw/Xilinx/Vitis_HLS/2024.1/common/technology/xilinx/interface/saxilite.gen 
Execute         source /afs/hep.wisc.edu/cms/sw/Xilinx/Vitis_HLS/2024.1/common/technology/xilinx/scripts/xilinxcoregen.gen 
Execute         source /afs/hep.wisc.edu/cms/sw/Xilinx/Vitis_HLS/2024.1/common/technology/xilinx/interface/XilEDKCoreGen.gen 
Execute         source /afs/hep.wisc.edu/cms/sw/Xilinx/Vitis_HLS/2024.1/common/technology/xilinx/ip/dds_compiler.gen 
Execute         source /afs/hep.wisc.edu/cms/sw/Xilinx/Vitis_HLS/2024.1/common/technology/xilinx/ip/util.gen 
Execute         source /afs/hep.wisc.edu/cms/sw/Xilinx/Vitis_HLS/2024.1/common/technology/xilinx/ip/xfft.gen 
Command         ap_source done; 0.13 sec.
Execute         source /afs/hep.wisc.edu/cms/sw/Xilinx/Vitis_HLS/2024.1/common/technology/xilinx/ip/xfir.gen 
Execute         source /afs/hep.wisc.edu/cms/sw/Xilinx/Vitis_HLS/2024.1/common/technology/xilinx/DSP48/dsp48.gen 
Command       ap_source done; 0.16 sec.
Execute       ap_part_info -name xcvu13p-fsga2577-2-e -data info 
Execute       config_compile -quiet -complex-mul-dsp=0 
Command     set_part done; 2.27 sec.
Execute     send_msg_by_id INFO @200-1465@%s 'clock=25ns' from /scratch/tsussman/bubble_sort_component/bubble_sort_hls_config.cfg(10) 
INFO: [HLS 200-1465] Applying ini 'clock=25ns' from /scratch/tsussman/bubble_sort_component/bubble_sort_hls_config.cfg(10)
Execute     create_clock -period 25ns 
Execute       ap_set_clock -name default -period 25 -unit ns -default=false 
INFO: [SYN 201-201] Setting up clock 'default' with a period of 25ns.
Execute     send_msg_by_id INFO @200-1465@%s 'package.output.format=ip_catalog' from /scratch/tsussman/bubble_sort_component/bubble_sort_hls_config.cfg(5) 
INFO: [HLS 200-1465] Applying ini 'package.output.format=ip_catalog' from /scratch/tsussman/bubble_sort_component/bubble_sort_hls_config.cfg(5)
Execute     config_export -format=ip_catalog 
Command   apply_ini done; 2.32 sec.
Execute   apply_ini /scratch/tsussman/bubble_sort_component/bubbleSort/hls/config.cmdline 
Execute   csim_design 
Execute     AP::app_get_file_relativeroot [AP::app_get_root] {}
Execute     AP::app_get_file_relativeroot [AP::app_get_root] {}
Execute     AP::app_get_file_relativeroot [AP::app_get_root] {}
INFO-FLOW: Running SLX 'csim' proc: ::SLX::run_csim
INFO: [SIM 211-2] *************** CSIM start ***************
INFO: [SIM 211-4] CSIM will launch CLANG as the compiler.
Execute     send_msg_by_id INFO @200-2036@%s debug 
INFO: [HLS 200-2036] Building debug C Simulation binaries
Execute     source /afs/hep.wisc.edu/cms/sw/Xilinx/Vitis_HLS/2024.1/tps/tcl/tcllib1.11.1/yaml/huddle.tcl 
Execute     source /afs/hep.wisc.edu/cms/sw/Xilinx/Vitis_HLS/2024.1/tps/tcl/tcllib1.11.1/yaml/json2huddle.tcl 
Execute     ap_part_info -name xcvu13p-fsga2577-2-e -data info 
Execute     source run_sim.tcl 
INFO: [SIM 211-1] CSim done with 0 errors.
INFO: [SIM 211-3] *************** CSIM finish ***************
Command   csim_design done; 1.88 sec.
Execute   close_project 
Execute     close_solution 
Execute       cleanup_all 
Execute       cleanup_all 
