

================================================================
== Vitis HLS Report for 'bubbleSort_Pipeline_VITIS_LOOP_16_2'
================================================================
* Date:           Fri Mar 27 13:37:43 2026

* Version:        2024.1 (Build 5069499 on May 21 2024)
* Project:        bubbleSort
* Solution:       hls (Vivado IP Flow Target)
* Product family: virtexuplus
* Target device:  xcvu13p-fsga2577-2-e


================================================================
== Performance Estimates
================================================================
+ Timing: 
    * Summary: 
    +--------+----------+----------+------------+
    |  Clock |  Target  | Estimated| Uncertainty|
    +--------+----------+----------+------------+
    |ap_clk  |  25.00 ns|  2.278 ns|     6.75 ns|
    +--------+----------+----------+------------+

+ Latency: 
    * Summary: 
    +---------+---------+----------+----------+-----+-----+-----------------------------------------------+
    |  Latency (cycles) |  Latency (absolute) |  Interval |                    Pipeline                   |
    |   min   |   max   |    min   |    max   | min | max |                      Type                     |
    +---------+---------+----------+----------+-----+-----+-----------------------------------------------+
    |        4|       32|  0.100 us|  0.800 us|    3|   31|  loop auto-rewind stp(delay=0 clock cycles(s))|
    +---------+---------+----------+----------+-----+-----+-----------------------------------------------+

    + Detail: 
        * Instance: 
        N/A

        * Loop: 
        +-------------------+---------+---------+----------+-----------+-----------+--------+----------+
        |                   |  Latency (cycles) | Iteration|  Initiation Interval  |  Trip  |          |
        |     Loop Name     |   min   |   max   |  Latency |  achieved |   target  |  Count | Pipelined|
        +-------------------+---------+---------+----------+-----------+-----------+--------+----------+
        |- VITIS_LOOP_16_2  |        2|       30|         2|          2|          2|  1 ~ 15|       yes|
        +-------------------+---------+---------+----------+-----------+-----------+--------+----------+

============================================================
+ Verbose Summary: Synthesis Manager
============================================================
InlineROM: 1
ExposeGlobal: 0
============================================================
+ Verbose Summary: CDFG Model
============================================================
IsTopModel: 0
ResetActiveHigh: 1
IsCombinational: 0
IsDatapathOnly: 0
HasWiredReturn: 1
HasMFsm: 2
HasVarLatency: 1
IsPipeline: 0
IsRtlPipelined: 0
IsInstanceOverlapped: 0
IsDontTouch: 0
HasImplIP: 0
IsGatedGlobalClock: 0

+ Individual pipeline summary: 
  * Pipeline-0: initiation interval (II) = 2, depth = 2


============================================================
+ Verbose Summary: Schedule
============================================================
* Number of FSM states : 2
* Pipeline : 1
  Pipeline-0 : II = 2, D = 2, States = { 1 2 }
* Dataflow Pipeline: 0

* FSM state transitions: 
1 --> 2 
2 --> 

* FSM state operations: 

State 1 <SV = 0> <Delay = 1.79>
ST_1 : Operation 5 [1/1] (0.00ns)   --->   "%j = alloca i32 1" [../homework2/bubble_sort.cpp:4->../homework2/bubble_sort.cpp:20]   --->   Operation 5 'alloca' 'j' <Predicate = true> <Delay = 0.00>
ST_1 : Operation 6 [1/1] (0.00ns)   --->   "%specinterface_ln0 = specinterface void @_ssdm_op_SpecInterface, i32 %arr, void @empty, i32 0, i32 0, void @empty_0, i32 4294967295, i32 0, void @empty_0, void @empty_0, void @empty_0, i32 0, i32 0, i32 0, i32 0, void @empty_0, void @empty_0, i32 4294967295, i32 0, i32 0"   --->   Operation 6 'specinterface' 'specinterface_ln0' <Predicate = true> <Delay = 0.00>
ST_1 : Operation 7 [1/1] (0.00ns)   --->   "%indvars_iv6_read = read i4 @_ssdm_op_Read.ap_auto.i4, i4 %indvars_iv6"   --->   Operation 7 'read' 'indvars_iv6_read' <Predicate = true> <Delay = 0.00>
ST_1 : Operation 8 [1/1] (0.38ns)   --->   "%store_ln4 = store i4 0, i4 %j" [../homework2/bubble_sort.cpp:4->../homework2/bubble_sort.cpp:20]   --->   Operation 8 'store' 'store_ln4' <Predicate = true> <Delay = 0.38>
ST_1 : Operation 9 [1/1] (0.00ns)   --->   "%br_ln0 = br void %for.body5"   --->   Operation 9 'br' 'br_ln0' <Predicate = true> <Delay = 0.00>
ST_1 : Operation 10 [1/1] (0.00ns)   --->   "%j_1 = load i4 %j" [../homework2/bubble_sort.cpp:19]   --->   Operation 10 'load' 'j_1' <Predicate = true> <Delay = 0.00>
ST_1 : Operation 11 [1/1] (0.70ns)   --->   "%icmp_ln16 = icmp_eq  i4 %j_1, i4 %indvars_iv6_read" [../homework2/bubble_sort.cpp:16]   --->   Operation 11 'icmp' 'icmp_ln16' <Predicate = true> <Delay = 0.70> <CoreInst = "Cmp">   --->   Core 9 'Cmp' <Latency = 0> <II = 1> <Delay = 0.70> <FuncUnit> <Opcode : 'seteq' 'setne' 'setle' 'setge' 'setlt' 'setgt'> <InPorts = 2> <OutPorts = 1>
ST_1 : Operation 12 [1/1] (0.70ns)   --->   "%add_ln19 = add i4 %j_1, i4 1" [../homework2/bubble_sort.cpp:19]   --->   Operation 12 'add' 'add_ln19' <Predicate = true> <Delay = 0.70> <CoreInst = "Adder">   --->   Core 1 'Adder' <Latency = 0> <II = 1> <Delay = 0.70> <FuncUnit> <Opcode : 'add' 'sub'> <InPorts = 2> <OutPorts = 1>
ST_1 : Operation 13 [1/1] (0.00ns)   --->   "%br_ln16 = br i1 %icmp_ln16, void %for.body5.split, void %for.inc10.exitStub" [../homework2/bubble_sort.cpp:16]   --->   Operation 13 'br' 'br_ln16' <Predicate = true> <Delay = 0.00>
ST_1 : Operation 14 [1/1] (0.00ns)   --->   "%zext_ln16 = zext i4 %j_1" [../homework2/bubble_sort.cpp:16]   --->   Operation 14 'zext' 'zext_ln16' <Predicate = (!icmp_ln16)> <Delay = 0.00>
ST_1 : Operation 15 [1/1] (0.00ns)   --->   "%arr_addr = getelementptr i32 %arr, i64 0, i64 %zext_ln16" [../homework2/bubble_sort.cpp:19]   --->   Operation 15 'getelementptr' 'arr_addr' <Predicate = (!icmp_ln16)> <Delay = 0.00>
ST_1 : Operation 16 [2/2] (0.69ns)   --->   "%temp = load i4 %arr_addr" [../homework2/bubble_sort.cpp:19]   --->   Operation 16 'load' 'temp' <Predicate = (!icmp_ln16)> <Delay = 0.69> <CoreInst = "RAM">   --->   Core 82 'RAM' <Latency = 1> <II = 1> <Delay = 0.69> <Storage> <Opcode : 'load' 'store'> <Ports = 2> <Width = 32> <Depth = 16> <RAM>
ST_1 : Operation 17 [1/1] (0.00ns)   --->   "%zext_ln19 = zext i4 %add_ln19" [../homework2/bubble_sort.cpp:19]   --->   Operation 17 'zext' 'zext_ln19' <Predicate = (!icmp_ln16)> <Delay = 0.00>
ST_1 : Operation 18 [1/1] (0.00ns)   --->   "%arr_addr_1 = getelementptr i32 %arr, i64 0, i64 %zext_ln19" [../homework2/bubble_sort.cpp:19]   --->   Operation 18 'getelementptr' 'arr_addr_1' <Predicate = (!icmp_ln16)> <Delay = 0.00>
ST_1 : Operation 19 [2/2] (0.69ns)   --->   "%arr_load_1 = load i4 %arr_addr_1" [../homework2/bubble_sort.cpp:19]   --->   Operation 19 'load' 'arr_load_1' <Predicate = (!icmp_ln16)> <Delay = 0.69> <CoreInst = "RAM">   --->   Core 82 'RAM' <Latency = 1> <II = 1> <Delay = 0.69> <Storage> <Opcode : 'load' 'store'> <Ports = 2> <Width = 32> <Depth = 16> <RAM>
ST_1 : Operation 32 [1/1] (0.38ns)   --->   "%ret_ln0 = ret"   --->   Operation 32 'ret' 'ret_ln0' <Predicate = (icmp_ln16)> <Delay = 0.38>

State 2 <SV = 1> <Delay = 2.27>
ST_2 : Operation 20 [1/1] (0.00ns)   --->   "%specpipeline_ln18 = specpipeline void @_ssdm_op_SpecPipeline, i32 2, i32 0, i32 0, i32 0, void @empty_0" [../homework2/bubble_sort.cpp:18]   --->   Operation 20 'specpipeline' 'specpipeline_ln18' <Predicate = true> <Delay = 0.00>
ST_2 : Operation 21 [1/1] (0.00ns)   --->   "%speclooptripcount_ln16 = speclooptripcount void @_ssdm_op_SpecLoopTripCount, i64 1, i64 15, i64 8" [../homework2/bubble_sort.cpp:16]   --->   Operation 21 'speclooptripcount' 'speclooptripcount_ln16' <Predicate = true> <Delay = 0.00>
ST_2 : Operation 22 [1/1] (0.00ns)   --->   "%specloopname_ln16 = specloopname void @_ssdm_op_SpecLoopName, void @empty_2" [../homework2/bubble_sort.cpp:16]   --->   Operation 22 'specloopname' 'specloopname_ln16' <Predicate = true> <Delay = 0.00>
ST_2 : Operation 23 [1/2] (0.69ns)   --->   "%temp = load i4 %arr_addr" [../homework2/bubble_sort.cpp:19]   --->   Operation 23 'load' 'temp' <Predicate = true> <Delay = 0.69> <CoreInst = "RAM">   --->   Core 82 'RAM' <Latency = 1> <II = 1> <Delay = 0.69> <Storage> <Opcode : 'load' 'store'> <Ports = 2> <Width = 32> <Depth = 16> <RAM>
ST_2 : Operation 24 [1/2] (0.69ns)   --->   "%arr_load_1 = load i4 %arr_addr_1" [../homework2/bubble_sort.cpp:19]   --->   Operation 24 'load' 'arr_load_1' <Predicate = true> <Delay = 0.69> <CoreInst = "RAM">   --->   Core 82 'RAM' <Latency = 1> <II = 1> <Delay = 0.69> <Storage> <Opcode : 'load' 'store'> <Ports = 2> <Width = 32> <Depth = 16> <RAM>
ST_2 : Operation 25 [1/1] (0.88ns)   --->   "%icmp_ln19 = icmp_sgt  i32 %temp, i32 %arr_load_1" [../homework2/bubble_sort.cpp:19]   --->   Operation 25 'icmp' 'icmp_ln19' <Predicate = true> <Delay = 0.88> <CoreInst = "Cmp">   --->   Core 9 'Cmp' <Latency = 0> <II = 1> <Delay = 0.88> <FuncUnit> <Opcode : 'seteq' 'setne' 'setle' 'setge' 'setlt' 'setgt'> <InPorts = 2> <OutPorts = 1>
ST_2 : Operation 26 [1/1] (0.00ns)   --->   "%br_ln19 = br i1 %icmp_ln19, void %for.inc, void %if.then" [../homework2/bubble_sort.cpp:19]   --->   Operation 26 'br' 'br_ln19' <Predicate = true> <Delay = 0.00>
ST_2 : Operation 27 [1/1] (0.69ns)   --->   "%store_ln7 = store i32 %arr_load_1, i4 %arr_addr" [../homework2/bubble_sort.cpp:7->../homework2/bubble_sort.cpp:20]   --->   Operation 27 'store' 'store_ln7' <Predicate = (icmp_ln19)> <Delay = 0.69> <CoreInst = "RAM">   --->   Core 82 'RAM' <Latency = 1> <II = 1> <Delay = 0.69> <Storage> <Opcode : 'load' 'store'> <Ports = 2> <Width = 32> <Depth = 16> <RAM>
ST_2 : Operation 28 [1/1] (0.69ns)   --->   "%store_ln8 = store i32 %temp, i4 %arr_addr_1" [../homework2/bubble_sort.cpp:8->../homework2/bubble_sort.cpp:20]   --->   Operation 28 'store' 'store_ln8' <Predicate = (icmp_ln19)> <Delay = 0.69> <CoreInst = "RAM">   --->   Core 82 'RAM' <Latency = 1> <II = 1> <Delay = 0.69> <Storage> <Opcode : 'load' 'store'> <Ports = 2> <Width = 32> <Depth = 16> <RAM>
ST_2 : Operation 29 [1/1] (0.00ns)   --->   "%br_ln20 = br void %for.inc" [../homework2/bubble_sort.cpp:20]   --->   Operation 29 'br' 'br_ln20' <Predicate = (icmp_ln19)> <Delay = 0.00>
ST_2 : Operation 30 [1/1] (0.38ns)   --->   "%store_ln4 = store i4 %add_ln19, i4 %j" [../homework2/bubble_sort.cpp:4->../homework2/bubble_sort.cpp:20]   --->   Operation 30 'store' 'store_ln4' <Predicate = true> <Delay = 0.38>
ST_2 : Operation 31 [1/1] (0.00ns)   --->   "%br_ln16 = br void %for.body5" [../homework2/bubble_sort.cpp:16]   --->   Operation 31 'br' 'br_ln16' <Predicate = true> <Delay = 0.00>


============================================================
+ Verbose Summary: Binding
============================================================
STG Binding: 
---------------- STG Properties BEGIN ----------------
- Is combinational: 0
- Is one-state seq: 0
- Is datapath-only: 0
- Is pipelined: 0
- Is top level: 0
Port [ Return ] is wired: 1; IO mode=ap_ctrl_hs:ce=0
Port [ indvars_iv6]:  wired=1; compound=0; hidden=0; nouse=0; global=0; static=0; extern=0; dir=0; type=0; pingpong=0; private_global=0; IO mode=ap_none:ce=0
Port [ arr]:  wired=1; compound=1; hidden=0; nouse=0; global=0; static=0; extern=0; dir=2; type=1; pingpong=0; private_global=0; MemPort=[22]; IO mode=ap_memory:ce=0
---------------- STG Properties END ------------------

---------------- Datapath Model BEGIN ----------------

<LifeTime>
<method=bitvector/>
j                      (alloca           ) [ 011]
specinterface_ln0      (specinterface    ) [ 000]
indvars_iv6_read       (read             ) [ 000]
store_ln4              (store            ) [ 000]
br_ln0                 (br               ) [ 000]
j_1                    (load             ) [ 000]
icmp_ln16              (icmp             ) [ 010]
add_ln19               (add              ) [ 001]
br_ln16                (br               ) [ 000]
zext_ln16              (zext             ) [ 000]
arr_addr               (getelementptr    ) [ 001]
zext_ln19              (zext             ) [ 000]
arr_addr_1             (getelementptr    ) [ 001]
specpipeline_ln18      (specpipeline     ) [ 000]
speclooptripcount_ln16 (speclooptripcount) [ 000]
specloopname_ln16      (specloopname     ) [ 000]
temp                   (load             ) [ 000]
arr_load_1             (load             ) [ 000]
icmp_ln19              (icmp             ) [ 001]
br_ln19                (br               ) [ 000]
store_ln7              (store            ) [ 000]
store_ln8              (store            ) [ 000]
br_ln20                (br               ) [ 000]
store_ln4              (store            ) [ 000]
br_ln16                (br               ) [ 000]
ret_ln0                (ret              ) [ 000]
</LifeTime>

<model>

<comp_list>
<comp id="0" class="1000" name="indvars_iv6">
<pin_list>
<pin id="1" dir="1" index="0" bw="1" slack="0"/>
</pin_list>
<bind>
<StgValue><ssdm name="indvars_iv6"/></StgValue>
</bind>
</comp>

<comp id="2" class="1000" name="arr">
<pin_list>
<pin id="3" dir="1" index="0" bw="1" slack="0"/>
</pin_list>
<bind>
<StgValue><ssdm name="arr"/><MemPortTyVec>2 2 </MemPortTyVec>
</StgValue>
</bind>
</comp>

<comp id="4" class="1001" name="const_4">
<pin_list>
<pin id="5" dir="1" index="0" bw="1" slack="0"/>
</pin_list>
<bind>
<StgValue><ssdm name=""/></StgValue>
</bind>
</comp>

<comp id="6" class="1001" name="const_6">
<pin_list>
<pin id="7" dir="1" index="0" bw="1" slack="2147483647"/>
</pin_list>
<bind>
<StgValue><ssdm name="_ssdm_op_SpecInterface"/></StgValue>
</bind>
</comp>

<comp id="8" class="1001" name="const_8">
<pin_list>
<pin id="9" dir="1" index="0" bw="1" slack="2147483647"/>
</pin_list>
<bind>
<StgValue><ssdm name="empty"/></StgValue>
</bind>
</comp>

<comp id="10" class="1001" name="const_10">
<pin_list>
<pin id="11" dir="1" index="0" bw="1" slack="2147483647"/>
</pin_list>
<bind>
<StgValue><ssdm name=""/></StgValue>
</bind>
</comp>

<comp id="12" class="1001" name="const_12">
<pin_list>
<pin id="13" dir="1" index="0" bw="1" slack="2147483647"/>
</pin_list>
<bind>
<StgValue><ssdm name="empty_0"/></StgValue>
</bind>
</comp>

<comp id="14" class="1001" name="const_14">
<pin_list>
<pin id="15" dir="1" index="0" bw="1" slack="2147483647"/>
</pin_list>
<bind>
<StgValue><ssdm name=""/></StgValue>
</bind>
</comp>

<comp id="16" class="1001" name="const_16">
<pin_list>
<pin id="17" dir="1" index="0" bw="1" slack="0"/>
</pin_list>
<bind>
<StgValue><ssdm name="_ssdm_op_Read.ap_auto.i4"/></StgValue>
</bind>
</comp>

<comp id="18" class="1001" name="const_18">
<pin_list>
<pin id="19" dir="1" index="0" bw="1" slack="0"/>
</pin_list>
<bind>
<StgValue><ssdm name=""/></StgValue>
</bind>
</comp>

<comp id="20" class="1001" name="const_20">
<pin_list>
<pin id="21" dir="1" index="0" bw="1" slack="0"/>
</pin_list>
<bind>
<StgValue><ssdm name=""/></StgValue>
</bind>
</comp>

<comp id="22" class="1001" name="const_22">
<pin_list>
<pin id="23" dir="1" index="0" bw="1" slack="0"/>
</pin_list>
<bind>
<StgValue><ssdm name=""/></StgValue>
</bind>
</comp>

<comp id="24" class="1001" name="const_24">
<pin_list>
<pin id="25" dir="1" index="0" bw="1" slack="2147483647"/>
</pin_list>
<bind>
<StgValue><ssdm name="_ssdm_op_SpecPipeline"/></StgValue>
</bind>
</comp>

<comp id="26" class="1001" name="const_26">
<pin_list>
<pin id="27" dir="1" index="0" bw="1" slack="2147483647"/>
</pin_list>
<bind>
<StgValue><ssdm name=""/></StgValue>
</bind>
</comp>

<comp id="28" class="1001" name="const_28">
<pin_list>
<pin id="29" dir="1" index="0" bw="1" slack="2147483647"/>
</pin_list>
<bind>
<StgValue><ssdm name="_ssdm_op_SpecLoopTripCount"/></StgValue>
</bind>
</comp>

<comp id="30" class="1001" name="const_30">
<pin_list>
<pin id="31" dir="1" index="0" bw="1" slack="2147483647"/>
</pin_list>
<bind>
<StgValue><ssdm name=""/></StgValue>
</bind>
</comp>

<comp id="32" class="1001" name="const_32">
<pin_list>
<pin id="33" dir="1" index="0" bw="1" slack="2147483647"/>
</pin_list>
<bind>
<StgValue><ssdm name=""/></StgValue>
</bind>
</comp>

<comp id="34" class="1001" name="const_34">
<pin_list>
<pin id="35" dir="1" index="0" bw="1" slack="2147483647"/>
</pin_list>
<bind>
<StgValue><ssdm name=""/></StgValue>
</bind>
</comp>

<comp id="36" class="1001" name="const_36">
<pin_list>
<pin id="37" dir="1" index="0" bw="1" slack="2147483647"/>
</pin_list>
<bind>
<StgValue><ssdm name="_ssdm_op_SpecLoopName"/></StgValue>
</bind>
</comp>

<comp id="38" class="1001" name="const_38">
<pin_list>
<pin id="39" dir="1" index="0" bw="1" slack="2147483647"/>
</pin_list>
<bind>
<StgValue><ssdm name="empty_2"/></StgValue>
</bind>
</comp>

<comp id="40" class="1004" name="j_fu_40">
<pin_list>
<pin id="41" dir="0" index="0" bw="1" slack="0"/>
<pin id="42" dir="1" index="1" bw="4" slack="0"/>
</pin_list>
<bind>
<opcode="alloca(26) " fcode="alloca"/>
<opset="j/1 "/>
</bind>
</comp>

<comp id="44" class="1004" name="indvars_iv6_read_read_fu_44">
<pin_list>
<pin id="45" dir="0" index="0" bw="4" slack="0"/>
<pin id="46" dir="0" index="1" bw="4" slack="0"/>
<pin id="47" dir="1" index="2" bw="4" slack="0"/>
</pin_list>
<bind>
<opcode="read(1150) " fcode="read"/>
<opset="indvars_iv6_read/1 "/>
</bind>
</comp>

<comp id="50" class="1004" name="arr_addr_gep_fu_50">
<pin_list>
<pin id="51" dir="0" index="0" bw="32" slack="0"/>
<pin id="52" dir="0" index="1" bw="1" slack="0"/>
<pin id="53" dir="0" index="2" bw="4" slack="0"/>
<pin id="54" dir="1" index="3" bw="4" slack="0"/>
</pin_list>
<bind>
<opcode="getelementptr(29) " fcode="getelementptr"/>
<opset="arr_addr/1 "/>
</bind>
</comp>

<comp id="57" class="1004" name="grp_access_fu_57">
<pin_list>
<pin id="58" dir="0" index="0" bw="4" slack="0"/>
<pin id="59" dir="0" index="1" bw="32" slack="0"/>
<pin id="60" dir="0" index="2" bw="0" slack="0"/>
<pin id="62" dir="0" index="4" bw="4" slack="0"/>
<pin id="63" dir="0" index="5" bw="32" slack="2147483647"/>
<pin id="64" dir="0" index="6" bw="0" slack="2147483647"/>
<pin id="61" dir="1" index="3" bw="32" slack="0"/>
<pin id="65" dir="1" index="7" bw="32" slack="0"/>
</pin_list>
<bind>
<opcode="load(27) store(28) " fcode="store"/>
<opset="temp/1 arr_load_1/1 store_ln7/2 store_ln8/2 "/>
</bind>
</comp>

<comp id="67" class="1004" name="arr_addr_1_gep_fu_67">
<pin_list>
<pin id="68" dir="0" index="0" bw="32" slack="0"/>
<pin id="69" dir="0" index="1" bw="1" slack="0"/>
<pin id="70" dir="0" index="2" bw="4" slack="0"/>
<pin id="71" dir="1" index="3" bw="4" slack="0"/>
</pin_list>
<bind>
<opcode="getelementptr(29) " fcode="getelementptr"/>
<opset="arr_addr_1/1 "/>
</bind>
</comp>

<comp id="77" class="1004" name="store_ln4_store_fu_77">
<pin_list>
<pin id="78" dir="0" index="0" bw="1" slack="0"/>
<pin id="79" dir="0" index="1" bw="4" slack="0"/>
<pin id="80" dir="1" index="2" bw="0" slack="2147483647"/>
</pin_list>
<bind>
<opcode="store(28) " fcode="store"/>
<opset="store_ln4/1 "/>
</bind>
</comp>

<comp id="82" class="1004" name="j_1_load_fu_82">
<pin_list>
<pin id="83" dir="0" index="0" bw="4" slack="0"/>
<pin id="84" dir="1" index="1" bw="4" slack="0"/>
</pin_list>
<bind>
<opcode="load(27) " fcode="load"/>
<opset="j_1/1 "/>
</bind>
</comp>

<comp id="85" class="1004" name="icmp_ln16_fu_85">
<pin_list>
<pin id="86" dir="0" index="0" bw="4" slack="0"/>
<pin id="87" dir="0" index="1" bw="4" slack="0"/>
<pin id="88" dir="1" index="2" bw="1" slack="2147483647"/>
</pin_list>
<bind>
<opcode="icmp(45) " fcode="icmp"/>
<opset="icmp_ln16/1 "/>
</bind>
</comp>

<comp id="91" class="1004" name="add_ln19_fu_91">
<pin_list>
<pin id="92" dir="0" index="0" bw="4" slack="0"/>
<pin id="93" dir="0" index="1" bw="1" slack="0"/>
<pin id="94" dir="1" index="2" bw="4" slack="0"/>
</pin_list>
<bind>
<opcode="add(8) " fcode="add"/>
<opset="add_ln19/1 "/>
</bind>
</comp>

<comp id="97" class="1004" name="zext_ln16_fu_97">
<pin_list>
<pin id="98" dir="0" index="0" bw="4" slack="0"/>
<pin id="99" dir="1" index="1" bw="64" slack="0"/>
</pin_list>
<bind>
<opcode="zext(34) " fcode="zext"/>
<opset="zext_ln16/1 "/>
</bind>
</comp>

<comp id="102" class="1004" name="zext_ln19_fu_102">
<pin_list>
<pin id="103" dir="0" index="0" bw="4" slack="0"/>
<pin id="104" dir="1" index="1" bw="64" slack="0"/>
</pin_list>
<bind>
<opcode="zext(34) " fcode="zext"/>
<opset="zext_ln19/1 "/>
</bind>
</comp>

<comp id="107" class="1004" name="icmp_ln19_fu_107">
<pin_list>
<pin id="108" dir="0" index="0" bw="32" slack="0"/>
<pin id="109" dir="0" index="1" bw="32" slack="0"/>
<pin id="110" dir="1" index="2" bw="1" slack="2147483647"/>
</pin_list>
<bind>
<opcode="icmp(45) " fcode="icmp"/>
<opset="icmp_ln19/2 "/>
</bind>
</comp>

<comp id="113" class="1004" name="store_ln4_store_fu_113">
<pin_list>
<pin id="114" dir="0" index="0" bw="4" slack="1"/>
<pin id="115" dir="0" index="1" bw="4" slack="1"/>
<pin id="116" dir="1" index="2" bw="0" slack="2147483647"/>
</pin_list>
<bind>
<opcode="store(28) " fcode="store"/>
<opset="store_ln4/2 "/>
</bind>
</comp>

<comp id="117" class="1005" name="j_reg_117">
<pin_list>
<pin id="118" dir="0" index="0" bw="4" slack="0"/>
<pin id="119" dir="1" index="1" bw="4" slack="0"/>
</pin_list>
<bind>
<opset="j "/>
</bind>
</comp>

<comp id="127" class="1005" name="add_ln19_reg_127">
<pin_list>
<pin id="128" dir="0" index="0" bw="4" slack="1"/>
<pin id="129" dir="1" index="1" bw="4" slack="1"/>
</pin_list>
<bind>
<opset="add_ln19 "/>
</bind>
</comp>

<comp id="132" class="1005" name="arr_addr_reg_132">
<pin_list>
<pin id="133" dir="0" index="0" bw="4" slack="1"/>
<pin id="134" dir="1" index="1" bw="4" slack="1"/>
</pin_list>
<bind>
<opset="arr_addr "/>
</bind>
</comp>

<comp id="137" class="1005" name="arr_addr_1_reg_137">
<pin_list>
<pin id="138" dir="0" index="0" bw="4" slack="1"/>
<pin id="139" dir="1" index="1" bw="4" slack="1"/>
</pin_list>
<bind>
<opset="arr_addr_1 "/>
</bind>
</comp>

</comp_list>

<net_list>
<net id="43"><net_src comp="4" pin="0"/><net_sink comp="40" pin=0"/></net>

<net id="48"><net_src comp="16" pin="0"/><net_sink comp="44" pin=0"/></net>

<net id="49"><net_src comp="0" pin="0"/><net_sink comp="44" pin=1"/></net>

<net id="55"><net_src comp="2" pin="0"/><net_sink comp="50" pin=0"/></net>

<net id="56"><net_src comp="22" pin="0"/><net_sink comp="50" pin=1"/></net>

<net id="66"><net_src comp="50" pin="3"/><net_sink comp="57" pin=2"/></net>

<net id="72"><net_src comp="2" pin="0"/><net_sink comp="67" pin=0"/></net>

<net id="73"><net_src comp="22" pin="0"/><net_sink comp="67" pin=1"/></net>

<net id="74"><net_src comp="67" pin="3"/><net_sink comp="57" pin=0"/></net>

<net id="75"><net_src comp="57" pin="3"/><net_sink comp="57" pin=4"/></net>

<net id="76"><net_src comp="57" pin="7"/><net_sink comp="57" pin=1"/></net>

<net id="81"><net_src comp="18" pin="0"/><net_sink comp="77" pin=0"/></net>

<net id="89"><net_src comp="82" pin="1"/><net_sink comp="85" pin=0"/></net>

<net id="90"><net_src comp="44" pin="2"/><net_sink comp="85" pin=1"/></net>

<net id="95"><net_src comp="82" pin="1"/><net_sink comp="91" pin=0"/></net>

<net id="96"><net_src comp="20" pin="0"/><net_sink comp="91" pin=1"/></net>

<net id="100"><net_src comp="82" pin="1"/><net_sink comp="97" pin=0"/></net>

<net id="101"><net_src comp="97" pin="1"/><net_sink comp="50" pin=2"/></net>

<net id="105"><net_src comp="91" pin="2"/><net_sink comp="102" pin=0"/></net>

<net id="106"><net_src comp="102" pin="1"/><net_sink comp="67" pin=2"/></net>

<net id="111"><net_src comp="57" pin="7"/><net_sink comp="107" pin=0"/></net>

<net id="112"><net_src comp="57" pin="3"/><net_sink comp="107" pin=1"/></net>

<net id="120"><net_src comp="40" pin="1"/><net_sink comp="117" pin=0"/></net>

<net id="121"><net_src comp="117" pin="1"/><net_sink comp="77" pin=1"/></net>

<net id="122"><net_src comp="117" pin="1"/><net_sink comp="82" pin=0"/></net>

<net id="123"><net_src comp="117" pin="1"/><net_sink comp="113" pin=1"/></net>

<net id="130"><net_src comp="91" pin="2"/><net_sink comp="127" pin=0"/></net>

<net id="131"><net_src comp="127" pin="1"/><net_sink comp="113" pin=0"/></net>

<net id="135"><net_src comp="50" pin="3"/><net_sink comp="132" pin=0"/></net>

<net id="136"><net_src comp="132" pin="1"/><net_sink comp="57" pin=2"/></net>

<net id="140"><net_src comp="67" pin="3"/><net_sink comp="137" pin=0"/></net>

<net id="141"><net_src comp="137" pin="1"/><net_sink comp="57" pin=0"/></net>

</net_list>

</model> 
---------------- Datapath Model END ------------------

* FSMD analyzer results:
  - Output states:
	Port: arr | {2 }
 - Input state : 
	Port: bubbleSort_Pipeline_VITIS_LOOP_16_2 : indvars_iv6 | {1 }
	Port: bubbleSort_Pipeline_VITIS_LOOP_16_2 : arr | {1 2 }
  - Chain level:
	State 1
		store_ln4 : 1
		j_1 : 1
		icmp_ln16 : 2
		add_ln19 : 2
		br_ln16 : 3
		zext_ln16 : 2
		arr_addr : 3
		temp : 4
		zext_ln19 : 3
		arr_addr_1 : 4
		arr_load_1 : 5
	State 2
		icmp_ln19 : 1
		br_ln19 : 2
		store_ln7 : 1
		store_ln8 : 1


============================================================
+ Verbose Summary: Datapath Resource usage 
============================================================

* Functional unit list:
|----------|-----------------------------|---------|---------|
| Operation|       Functional Unit       |    FF   |   LUT   |
|----------|-----------------------------|---------|---------|
|   icmp   |       icmp_ln16_fu_85       |    0    |    12   |
|          |       icmp_ln19_fu_107      |    0    |    39   |
|----------|-----------------------------|---------|---------|
|    add   |        add_ln19_fu_91       |    0    |    12   |
|----------|-----------------------------|---------|---------|
|   read   | indvars_iv6_read_read_fu_44 |    0    |    0    |
|----------|-----------------------------|---------|---------|
|   zext   |       zext_ln16_fu_97       |    0    |    0    |
|          |       zext_ln19_fu_102      |    0    |    0    |
|----------|-----------------------------|---------|---------|
|   Total  |                             |    0    |    63   |
|----------|-----------------------------|---------|---------|

Memories:
N/A

* Register list:
+------------------+--------+
|                  |   FF   |
+------------------+--------+
| add_ln19_reg_127 |    4   |
|arr_addr_1_reg_137|    4   |
| arr_addr_reg_132 |    4   |
|     j_reg_117    |    4   |
+------------------+--------+
|       Total      |   16   |
+------------------+--------+

* Multiplexer (MUX) list: 
|------------------|------|------|------|--------||---------||---------||---------|
|       Comp       |  Pin | Size |  BW  | S x BW ||  Delay  ||    FF   ||   LUT   |
|------------------|------|------|------|--------||---------||---------||---------|
| grp_access_fu_57 |  p0  |   2  |   4  |    8   ||    0    ||    9    |
| grp_access_fu_57 |  p2  |   2  |   0  |    0   ||    0    ||    9    |
|------------------|------|------|------|--------||---------||---------||---------|
|       Total      |      |      |      |    8   ||  0.774  ||    0    ||    18   |
|------------------|------|------|------|--------||---------||---------||---------|



* Summary:
+-----------+--------+--------+--------+
|           |  Delay |   FF   |   LUT  |
+-----------+--------+--------+--------+
|  Function |    -   |    0   |   63   |
|   Memory  |    -   |    -   |    -   |
|Multiplexer|    0   |    0   |   18   |
|  Register |    -   |   16   |    -   |
+-----------+--------+--------+--------+
|   Total   |    0   |   16   |   81   |
+-----------+--------+--------+--------+
