

================================================================
== Vitis HLS Report for 'bubbleSort'
================================================================
* Date:           Fri Mar 27 13:37:44 2026

* Version:        2024.1 (Build 5069499 on May 21 2024)
* Project:        bubbleSort
* Solution:       hls (Vivado IP Flow Target)
* Product family: virtexuplus
* Target device:  xcvu13p-fsga2577-2-e


================================================================
== Performance Estimates
================================================================
+ Timing: 
    * Summary: 
    +--------+----------+----------+------------+
    |  Clock |  Target  | Estimated| Uncertainty|
    +--------+----------+----------+------------+
    |ap_clk  |  25.00 ns|  2.278 ns|     6.75 ns|
    +--------+----------+----------+------------+

+ Latency: 
    * Summary: 
    +---------+---------+----------+-----------+-----+-----+---------+
    |  Latency (cycles) |  Latency (absolute)  |  Interval | Pipeline|
    |   min   |   max   |    min   |    max    | min | max |   Type  |
    +---------+---------+----------+-----------+-----+-----+---------+
    |       91|      511|  2.275 us|  12.775 us|   92|  512|       no|
    +---------+---------+----------+-----------+-----+-----+---------+

    + Detail: 
        * Instance: 
        +-----------------------------------------------+-------------------------------------+---------+---------+----------+----------+-----+-----+-----------------------------------------------+
        |                                               |                                     |  Latency (cycles) |  Latency (absolute) |  Interval |                    Pipeline                   |
        |                    Instance                   |                Module               |   min   |   max   |    min   |    max   | min | max |                      Type                     |
        +-----------------------------------------------+-------------------------------------+---------+---------+----------+----------+-----+-----+-----------------------------------------------+
        |grp_bubbleSort_Pipeline_VITIS_LOOP_16_2_fu_44  |bubbleSort_Pipeline_VITIS_LOOP_16_2  |        4|       32|  0.100 us|  0.800 us|    3|   31|  loop auto-rewind stp(delay=0 clock cycles(s))|
        +-----------------------------------------------+-------------------------------------+---------+---------+----------+----------+-----+-----+-----------------------------------------------+

        * Loop: 
        +-------------------+---------+---------+----------+-----------+-----------+------+----------+
        |                   |  Latency (cycles) | Iteration|  Initiation Interval  | Trip |          |
        |     Loop Name     |   min   |   max   |  Latency |  achieved |   target  | Count| Pipelined|
        +-------------------+---------+---------+----------+-----------+-----------+------+----------+
        |- VITIS_LOOP_13_1  |       90|      510|    6 ~ 34|          -|          -|    15|        no|
        +-------------------+---------+---------+----------+-----------+-----------+------+----------+



================================================================
== Utilization Estimates
================================================================
* Summary: 
+---------------------+---------+-------+---------+---------+------+
|         Name        | BRAM_18K|  DSP  |    FF   |   LUT   | URAM |
+---------------------+---------+-------+---------+---------+------+
|DSP                  |        -|      -|        -|        -|     -|
|Expression           |        -|      -|        0|       36|     -|
|FIFO                 |        -|      -|        -|        -|     -|
|Instance             |        -|      -|       19|      132|     -|
|Memory               |        -|      -|        -|        -|     -|
|Multiplexer          |        -|      -|        0|       38|     -|
|Register             |        -|      -|       16|        -|     -|
+---------------------+---------+-------+---------+---------+------+
|Total                |        0|      0|       35|      206|     0|
+---------------------+---------+-------+---------+---------+------+
|Available SLR        |     1344|   3072|   864000|   432000|   320|
+---------------------+---------+-------+---------+---------+------+
|Utilization SLR (%)  |        0|      0|       ~0|       ~0|     0|
+---------------------+---------+-------+---------+---------+------+
|Available            |     5376|  12288|  3456000|  1728000|  1280|
+---------------------+---------+-------+---------+---------+------+
|Utilization (%)      |        0|      0|       ~0|       ~0|     0|
+---------------------+---------+-------+---------+---------+------+

+ Detail: 
    * Instance: 
    +-----------------------------------------------+-------------------------------------+---------+----+----+-----+-----+
    |                    Instance                   |                Module               | BRAM_18K| DSP| FF | LUT | URAM|
    +-----------------------------------------------+-------------------------------------+---------+----+----+-----+-----+
    |grp_bubbleSort_Pipeline_VITIS_LOOP_16_2_fu_44  |bubbleSort_Pipeline_VITIS_LOOP_16_2  |        0|   0|  19|  132|    0|
    +-----------------------------------------------+-------------------------------------+---------+----+----+-----+-----+
    |Total                                          |                                     |        0|   0|  19|  132|    0|
    +-----------------------------------------------+-------------------------------------+---------+----+----+-----+-----+

    * DSP: 
    N/A

    * Memory: 
    N/A

    * FIFO: 
    N/A

    * Expression: 
    +--------------------+----------+----+---+----+------------+------------+
    |    Variable Name   | Operation| DSP| FF| LUT| Bitwidth P0| Bitwidth P1|
    +--------------------+----------+----+---+----+------------+------------+
    |add_ln13_fu_80_p2   |         +|   0|  0|  12|           4|           2|
    |i_2_fu_70_p2        |         +|   0|  0|  12|           4|           1|
    |icmp_ln13_fu_64_p2  |      icmp|   0|  0|  12|           4|           2|
    +--------------------+----------+----+---+----+------------+------------+
    |Total               |          |   0|  0|  36|          12|           5|
    +--------------------+----------+----+---+----+------------+------------+

    * Multiplexer: 
    +-------------------+----+-----------+-----+-----------+
    |        Name       | LUT| Input Size| Bits| Total Bits|
    +-------------------+----+-----------+-----+-----------+
    |ap_NS_fsm          |  20|          4|    1|          4|
    |i_fu_36            |   9|          2|    4|          8|
    |indvars_iv6_fu_40  |   9|          2|    4|          8|
    +-------------------+----+-----------+-----+-----------+
    |Total              |  38|          8|    9|         20|
    +-------------------+----+-----------+-----+-----------+

    * Register: 
    +------------------------------------------------------------+---+----+-----+-----------+
    |                            Name                            | FF| LUT| Bits| Const Bits|
    +------------------------------------------------------------+---+----+-----+-----------+
    |ap_CS_fsm                                                   |  3|   0|    3|          0|
    |grp_bubbleSort_Pipeline_VITIS_LOOP_16_2_fu_44_ap_start_reg  |  1|   0|    1|          0|
    |i_fu_36                                                     |  4|   0|    4|          0|
    |indvars_iv6_fu_40                                           |  4|   0|    4|          0|
    |indvars_iv6_load_reg_113                                    |  4|   0|    4|          0|
    +------------------------------------------------------------+---+----+-----+-----------+
    |Total                                                       | 16|   0|   16|          0|
    +------------------------------------------------------------+---+----+-----+-----------+



================================================================
== Interface
================================================================
* Summary: 
+--------------+-----+-----+------------+--------------+--------------+
|   RTL Ports  | Dir | Bits|  Protocol  | Source Object|    C Type    |
+--------------+-----+-----+------------+--------------+--------------+
|ap_clk        |   in|    1|  ap_ctrl_hs|    bubbleSort|  return value|
|ap_rst        |   in|    1|  ap_ctrl_hs|    bubbleSort|  return value|
|ap_start      |   in|    1|  ap_ctrl_hs|    bubbleSort|  return value|
|ap_done       |  out|    1|  ap_ctrl_hs|    bubbleSort|  return value|
|ap_idle       |  out|    1|  ap_ctrl_hs|    bubbleSort|  return value|
|ap_ready      |  out|    1|  ap_ctrl_hs|    bubbleSort|  return value|
|arr_address0  |  out|    4|   ap_memory|           arr|         array|
|arr_ce0       |  out|    1|   ap_memory|           arr|         array|
|arr_we0       |  out|    1|   ap_memory|           arr|         array|
|arr_d0        |  out|   32|   ap_memory|           arr|         array|
|arr_q0        |   in|   32|   ap_memory|           arr|         array|
|arr_address1  |  out|    4|   ap_memory|           arr|         array|
|arr_ce1       |  out|    1|   ap_memory|           arr|         array|
|arr_we1       |  out|    1|   ap_memory|           arr|         array|
|arr_d1        |  out|   32|   ap_memory|           arr|         array|
|arr_q1        |   in|   32|   ap_memory|           arr|         array|
+--------------+-----+-----+------------+--------------+--------------+

============================================================
+ Verbose Summary: Synthesis Manager
============================================================
InlineROM: 1
ExposeGlobal: 0
============================================================
+ Verbose Summary: CDFG Model
============================================================
IsTopModel: 1
ResetActiveHigh: 1
IsCombinational: 2
IsDatapathOnly: 2
HasWiredReturn: 1
HasMFsm: 0
HasVarLatency: 1
IsPipeline: 0
IsRtlPipelined: 0
IsInstanceOverlapped: 0
IsDontTouch: 0
HasImplIP: 0
IsGatedGlobalClock: 0


============================================================
+ Verbose Summary: Schedule
============================================================
* Number of FSM states : 3
* Pipeline : 0
* Dataflow Pipeline: 0

* FSM state transitions: 
1 --> 2 
2 --> 3 
3 --> 2 

* FSM state operations: 

State 1 <SV = 0> <Delay = 0.38>
ST_1 : Operation 4 [1/1] (0.00ns)   --->   "%i = alloca i32 1" [../homework2/bubble_sort.cpp:13]   --->   Operation 4 'alloca' 'i' <Predicate = true> <Delay = 0.00>
ST_1 : Operation 5 [1/1] (0.00ns)   --->   "%indvars_iv6 = alloca i32 1"   --->   Operation 5 'alloca' 'indvars_iv6' <Predicate = true> <Delay = 0.00>
ST_1 : Operation 6 [1/1] (0.00ns)   --->   "%spectopmodule_ln11 = spectopmodule void @_ssdm_op_SpecTopModule, void @empty_1" [../homework2/bubble_sort.cpp:11]   --->   Operation 6 'spectopmodule' 'spectopmodule_ln11' <Predicate = true> <Delay = 0.00>
ST_1 : Operation 7 [1/1] (0.00ns)   --->   "%specinterface_ln0 = specinterface void @_ssdm_op_SpecInterface, i32 %arr, void @empty, i32 0, i32 0, void @empty_0, i32 4294967295, i32 0, void @empty_0, void @empty_0, void @empty_0, i32 0, i32 0, i32 0, i32 0, void @empty_0, void @empty_0, i32 4294967295, i32 0, i32 0"   --->   Operation 7 'specinterface' 'specinterface_ln0' <Predicate = true> <Delay = 0.00>
ST_1 : Operation 8 [1/1] (0.00ns)   --->   "%specbitsmap_ln0 = specbitsmap void @_ssdm_op_SpecBitsMap, i32 %arr"   --->   Operation 8 'specbitsmap' 'specbitsmap_ln0' <Predicate = true> <Delay = 0.00>
ST_1 : Operation 9 [1/1] (0.38ns)   --->   "%store_ln0 = store i4 15, i4 %indvars_iv6"   --->   Operation 9 'store' 'store_ln0' <Predicate = true> <Delay = 0.38>
ST_1 : Operation 10 [1/1] (0.38ns)   --->   "%store_ln13 = store i4 0, i4 %i" [../homework2/bubble_sort.cpp:13]   --->   Operation 10 'store' 'store_ln13' <Predicate = true> <Delay = 0.38>
ST_1 : Operation 11 [1/1] (0.00ns)   --->   "%br_ln13 = br void %VITIS_LOOP_16_2" [../homework2/bubble_sort.cpp:13]   --->   Operation 11 'br' 'br_ln13' <Predicate = true> <Delay = 0.00>

State 2 <SV = 1> <Delay = 1.80>
ST_2 : Operation 12 [1/1] (0.00ns)   --->   "%i_1 = load i4 %i" [../homework2/bubble_sort.cpp:13]   --->   Operation 12 'load' 'i_1' <Predicate = true> <Delay = 0.00>
ST_2 : Operation 13 [1/1] (0.70ns)   --->   "%icmp_ln13 = icmp_eq  i4 %i_1, i4 15" [../homework2/bubble_sort.cpp:13]   --->   Operation 13 'icmp' 'icmp_ln13' <Predicate = true> <Delay = 0.70> <CoreInst = "Cmp">   --->   Core 9 'Cmp' <Latency = 0> <II = 1> <Delay = 0.70> <FuncUnit> <Opcode : 'seteq' 'setne' 'setle' 'setge' 'setlt' 'setgt'> <InPorts = 2> <OutPorts = 1>
ST_2 : Operation 14 [1/1] (0.70ns)   --->   "%i_2 = add i4 %i_1, i4 1" [../homework2/bubble_sort.cpp:13]   --->   Operation 14 'add' 'i_2' <Predicate = true> <Delay = 0.70> <CoreInst = "Adder">   --->   Core 1 'Adder' <Latency = 0> <II = 1> <Delay = 0.70> <FuncUnit> <Opcode : 'add' 'sub'> <InPorts = 2> <OutPorts = 1>
ST_2 : Operation 15 [1/1] (0.00ns)   --->   "%br_ln13 = br i1 %icmp_ln13, void %VITIS_LOOP_16_2.split, void %for.end12" [../homework2/bubble_sort.cpp:13]   --->   Operation 15 'br' 'br_ln13' <Predicate = true> <Delay = 0.00>
ST_2 : Operation 16 [1/1] (0.00ns)   --->   "%indvars_iv6_load = load i4 %indvars_iv6" [../homework2/bubble_sort.cpp:13]   --->   Operation 16 'load' 'indvars_iv6_load' <Predicate = (!icmp_ln13)> <Delay = 0.00>
ST_2 : Operation 17 [2/2] (1.09ns)   --->   "%call_ln13 = call void @bubbleSort_Pipeline_VITIS_LOOP_16_2, i4 %indvars_iv6_load, i32 %arr" [../homework2/bubble_sort.cpp:13]   --->   Operation 17 'call' 'call_ln13' <Predicate = (!icmp_ln13)> <Delay = 1.09> <CoreType = "Generic">   --->   Core 0 '' <Latency = 0> <II = 1> <Delay = 1.00> <Generic> <Opcode : >
ST_2 : Operation 18 [1/1] (0.70ns)   --->   "%add_ln13 = add i4 %indvars_iv6_load, i4 15" [../homework2/bubble_sort.cpp:13]   --->   Operation 18 'add' 'add_ln13' <Predicate = (!icmp_ln13)> <Delay = 0.70> <CoreInst = "Adder">   --->   Core 1 'Adder' <Latency = 0> <II = 1> <Delay = 0.70> <FuncUnit> <Opcode : 'add' 'sub'> <InPorts = 2> <OutPorts = 1>
ST_2 : Operation 19 [1/1] (0.38ns)   --->   "%store_ln13 = store i4 %add_ln13, i4 %indvars_iv6" [../homework2/bubble_sort.cpp:13]   --->   Operation 19 'store' 'store_ln13' <Predicate = (!icmp_ln13)> <Delay = 0.38>
ST_2 : Operation 20 [1/1] (0.38ns)   --->   "%store_ln13 = store i4 %i_2, i4 %i" [../homework2/bubble_sort.cpp:13]   --->   Operation 20 'store' 'store_ln13' <Predicate = (!icmp_ln13)> <Delay = 0.38>
ST_2 : Operation 21 [1/1] (0.00ns)   --->   "%ret_ln23 = ret" [../homework2/bubble_sort.cpp:23]   --->   Operation 21 'ret' 'ret_ln23' <Predicate = (icmp_ln13)> <Delay = 0.00>

State 3 <SV = 2> <Delay = 1.48>
ST_3 : Operation 22 [1/1] (0.00ns)   --->   "%speclooptripcount_ln13 = speclooptripcount void @_ssdm_op_SpecLoopTripCount, i64 15, i64 15, i64 15" [../homework2/bubble_sort.cpp:13]   --->   Operation 22 'speclooptripcount' 'speclooptripcount_ln13' <Predicate = true> <Delay = 0.00>
ST_3 : Operation 23 [1/1] (0.00ns)   --->   "%specloopname_ln13 = specloopname void @_ssdm_op_SpecLoopName, void @empty_3" [../homework2/bubble_sort.cpp:13]   --->   Operation 23 'specloopname' 'specloopname_ln13' <Predicate = true> <Delay = 0.00>
ST_3 : Operation 24 [1/2] (1.48ns)   --->   "%call_ln13 = call void @bubbleSort_Pipeline_VITIS_LOOP_16_2, i4 %indvars_iv6_load, i32 %arr" [../homework2/bubble_sort.cpp:13]   --->   Operation 24 'call' 'call_ln13' <Predicate = true> <Delay = 1.48> <CoreType = "Generic">   --->   Core 0 '' <Latency = 0> <II = 1> <Delay = 1.00> <Generic> <Opcode : >
ST_3 : Operation 25 [1/1] (0.00ns)   --->   "%br_ln13 = br void %VITIS_LOOP_16_2" [../homework2/bubble_sort.cpp:13]   --->   Operation 25 'br' 'br_ln13' <Predicate = true> <Delay = 0.00>


============================================================
+ Verbose Summary: Binding
============================================================
STG Binding: 
---------------- STG Properties BEGIN ----------------
- Is combinational: 0
- Is one-state seq: 0
- Is datapath-only: 0
- Is pipelined: 0
- Is top level: 1
Port [ Return ] is wired: 1; IO mode=ap_ctrl_hs:ce=0
Port [ arr]:  wired=1; compound=1; hidden=0; nouse=0; global=0; static=0; extern=0; dir=2; type=1; pingpong=0; private_global=0; MemPort=[22]; IO mode=ap_memory:ce=0
---------------- STG Properties END ------------------

---------------- Datapath Model BEGIN ----------------

<LifeTime>
<method=bitvector/>
i                      (alloca           ) [ 0111]
indvars_iv6            (alloca           ) [ 0111]
spectopmodule_ln11     (spectopmodule    ) [ 0000]
specinterface_ln0      (specinterface    ) [ 0000]
specbitsmap_ln0        (specbitsmap      ) [ 0000]
store_ln0              (store            ) [ 0000]
store_ln13             (store            ) [ 0000]
br_ln13                (br               ) [ 0000]
i_1                    (load             ) [ 0000]
icmp_ln13              (icmp             ) [ 0011]
i_2                    (add              ) [ 0000]
br_ln13                (br               ) [ 0000]
indvars_iv6_load       (load             ) [ 0001]
add_ln13               (add              ) [ 0000]
store_ln13             (store            ) [ 0000]
store_ln13             (store            ) [ 0000]
ret_ln23               (ret              ) [ 0000]
speclooptripcount_ln13 (speclooptripcount) [ 0000]
specloopname_ln13      (specloopname     ) [ 0000]
call_ln13              (call             ) [ 0000]
br_ln13                (br               ) [ 0000]
</LifeTime>

<model>

<comp_list>
<comp id="0" class="1000" name="arr">
<pin_list>
<pin id="1" dir="1" index="0" bw="1" slack="0"/>
</pin_list>
<bind>
<StgValue><ssdm name="arr"/><MemPortTyVec>2 2 </MemPortTyVec>
</StgValue>
</bind>
</comp>

<comp id="2" class="1001" name="const_2">
<pin_list>
<pin id="3" dir="1" index="0" bw="1" slack="0"/>
</pin_list>
<bind>
<StgValue><ssdm name=""/></StgValue>
</bind>
</comp>

<comp id="4" class="1001" name="const_4">
<pin_list>
<pin id="5" dir="1" index="0" bw="1" slack="2147483647"/>
</pin_list>
<bind>
<StgValue><ssdm name="_ssdm_op_SpecTopModule"/></StgValue>
</bind>
</comp>

<comp id="6" class="1001" name="const_6">
<pin_list>
<pin id="7" dir="1" index="0" bw="1" slack="2147483647"/>
</pin_list>
<bind>
<StgValue><ssdm name="empty_1"/></StgValue>
</bind>
</comp>

<comp id="8" class="1001" name="const_8">
<pin_list>
<pin id="9" dir="1" index="0" bw="1" slack="2147483647"/>
</pin_list>
<bind>
<StgValue><ssdm name="_ssdm_op_SpecInterface"/></StgValue>
</bind>
</comp>

<comp id="10" class="1001" name="const_10">
<pin_list>
<pin id="11" dir="1" index="0" bw="1" slack="2147483647"/>
</pin_list>
<bind>
<StgValue><ssdm name="empty"/></StgValue>
</bind>
</comp>

<comp id="12" class="1001" name="const_12">
<pin_list>
<pin id="13" dir="1" index="0" bw="1" slack="2147483647"/>
</pin_list>
<bind>
<StgValue><ssdm name=""/></StgValue>
</bind>
</comp>

<comp id="14" class="1001" name="const_14">
<pin_list>
<pin id="15" dir="1" index="0" bw="1" slack="2147483647"/>
</pin_list>
<bind>
<StgValue><ssdm name="empty_0"/></StgValue>
</bind>
</comp>

<comp id="16" class="1001" name="const_16">
<pin_list>
<pin id="17" dir="1" index="0" bw="1" slack="2147483647"/>
</pin_list>
<bind>
<StgValue><ssdm name=""/></StgValue>
</bind>
</comp>

<comp id="18" class="1001" name="const_18">
<pin_list>
<pin id="19" dir="1" index="0" bw="1" slack="2147483647"/>
</pin_list>
<bind>
<StgValue><ssdm name="_ssdm_op_SpecBitsMap"/></StgValue>
</bind>
</comp>

<comp id="20" class="1001" name="const_20">
<pin_list>
<pin id="21" dir="1" index="0" bw="1" slack="0"/>
</pin_list>
<bind>
<StgValue><ssdm name=""/></StgValue>
</bind>
</comp>

<comp id="22" class="1001" name="const_22">
<pin_list>
<pin id="23" dir="1" index="0" bw="1" slack="0"/>
</pin_list>
<bind>
<StgValue><ssdm name=""/></StgValue>
</bind>
</comp>

<comp id="24" class="1001" name="const_24">
<pin_list>
<pin id="25" dir="1" index="0" bw="1" slack="0"/>
</pin_list>
<bind>
<StgValue><ssdm name=""/></StgValue>
</bind>
</comp>

<comp id="26" class="1001" name="const_26">
<pin_list>
<pin id="27" dir="1" index="0" bw="1" slack="0"/>
</pin_list>
<bind>
<StgValue><ssdm name="bubbleSort_Pipeline_VITIS_LOOP_16_2"/></StgValue>
</bind>
</comp>

<comp id="28" class="1001" name="const_28">
<pin_list>
<pin id="29" dir="1" index="0" bw="1" slack="2147483647"/>
</pin_list>
<bind>
<StgValue><ssdm name="_ssdm_op_SpecLoopTripCount"/></StgValue>
</bind>
</comp>

<comp id="30" class="1001" name="const_30">
<pin_list>
<pin id="31" dir="1" index="0" bw="1" slack="2147483647"/>
</pin_list>
<bind>
<StgValue><ssdm name=""/></StgValue>
</bind>
</comp>

<comp id="32" class="1001" name="const_32">
<pin_list>
<pin id="33" dir="1" index="0" bw="1" slack="2147483647"/>
</pin_list>
<bind>
<StgValue><ssdm name="_ssdm_op_SpecLoopName"/></StgValue>
</bind>
</comp>

<comp id="34" class="1001" name="const_34">
<pin_list>
<pin id="35" dir="1" index="0" bw="1" slack="2147483647"/>
</pin_list>
<bind>
<StgValue><ssdm name="empty_3"/></StgValue>
</bind>
</comp>

<comp id="36" class="1004" name="i_fu_36">
<pin_list>
<pin id="37" dir="0" index="0" bw="1" slack="0"/>
<pin id="38" dir="1" index="1" bw="4" slack="0"/>
</pin_list>
<bind>
<opcode="alloca(26) " fcode="alloca"/>
<opset="i/1 "/>
</bind>
</comp>

<comp id="40" class="1004" name="indvars_iv6_fu_40">
<pin_list>
<pin id="41" dir="0" index="0" bw="1" slack="0"/>
<pin id="42" dir="1" index="1" bw="4" slack="0"/>
</pin_list>
<bind>
<opcode="alloca(26) " fcode="alloca"/>
<opset="indvars_iv6/1 "/>
</bind>
</comp>

<comp id="44" class="1004" name="grp_bubbleSort_Pipeline_VITIS_LOOP_16_2_fu_44">
<pin_list>
<pin id="45" dir="0" index="0" bw="0" slack="0"/>
<pin id="46" dir="0" index="1" bw="4" slack="0"/>
<pin id="47" dir="0" index="2" bw="32" slack="0"/>
<pin id="48" dir="1" index="3" bw="0" slack="2147483647"/>
</pin_list>
<bind>
<opcode="call(48) " fcode="call"/>
<opset="call_ln13/2 "/>
</bind>
</comp>

<comp id="51" class="1004" name="store_ln0_store_fu_51">
<pin_list>
<pin id="52" dir="0" index="0" bw="1" slack="0"/>
<pin id="53" dir="0" index="1" bw="4" slack="0"/>
<pin id="54" dir="1" index="2" bw="0" slack="2147483647"/>
</pin_list>
<bind>
<opcode="store(28) " fcode="store"/>
<opset="store_ln0/1 "/>
</bind>
</comp>

<comp id="56" class="1004" name="store_ln13_store_fu_56">
<pin_list>
<pin id="57" dir="0" index="0" bw="1" slack="0"/>
<pin id="58" dir="0" index="1" bw="4" slack="0"/>
<pin id="59" dir="1" index="2" bw="0" slack="2147483647"/>
</pin_list>
<bind>
<opcode="store(28) " fcode="store"/>
<opset="store_ln13/1 "/>
</bind>
</comp>

<comp id="61" class="1004" name="i_1_load_fu_61">
<pin_list>
<pin id="62" dir="0" index="0" bw="4" slack="1"/>
<pin id="63" dir="1" index="1" bw="4" slack="0"/>
</pin_list>
<bind>
<opcode="load(27) " fcode="load"/>
<opset="i_1/2 "/>
</bind>
</comp>

<comp id="64" class="1004" name="icmp_ln13_fu_64">
<pin_list>
<pin id="65" dir="0" index="0" bw="4" slack="0"/>
<pin id="66" dir="0" index="1" bw="4" slack="0"/>
<pin id="67" dir="1" index="2" bw="1" slack="2147483647"/>
</pin_list>
<bind>
<opcode="icmp(45) " fcode="icmp"/>
<opset="icmp_ln13/2 "/>
</bind>
</comp>

<comp id="70" class="1004" name="i_2_fu_70">
<pin_list>
<pin id="71" dir="0" index="0" bw="4" slack="0"/>
<pin id="72" dir="0" index="1" bw="1" slack="0"/>
<pin id="73" dir="1" index="2" bw="4" slack="0"/>
</pin_list>
<bind>
<opcode="add(8) " fcode="add"/>
<opset="i_2/2 "/>
</bind>
</comp>

<comp id="76" class="1004" name="indvars_iv6_load_load_fu_76">
<pin_list>
<pin id="77" dir="0" index="0" bw="4" slack="1"/>
<pin id="78" dir="1" index="1" bw="4" slack="0"/>
</pin_list>
<bind>
<opcode="load(27) " fcode="load"/>
<opset="indvars_iv6_load/2 "/>
</bind>
</comp>

<comp id="80" class="1004" name="add_ln13_fu_80">
<pin_list>
<pin id="81" dir="0" index="0" bw="4" slack="0"/>
<pin id="82" dir="0" index="1" bw="1" slack="0"/>
<pin id="83" dir="1" index="2" bw="4" slack="0"/>
</pin_list>
<bind>
<opcode="add(8) " fcode="add"/>
<opset="add_ln13/2 "/>
</bind>
</comp>

<comp id="86" class="1004" name="store_ln13_store_fu_86">
<pin_list>
<pin id="87" dir="0" index="0" bw="4" slack="0"/>
<pin id="88" dir="0" index="1" bw="4" slack="1"/>
<pin id="89" dir="1" index="2" bw="0" slack="2147483647"/>
</pin_list>
<bind>
<opcode="store(28) " fcode="store"/>
<opset="store_ln13/2 "/>
</bind>
</comp>

<comp id="91" class="1004" name="store_ln13_store_fu_91">
<pin_list>
<pin id="92" dir="0" index="0" bw="4" slack="0"/>
<pin id="93" dir="0" index="1" bw="4" slack="1"/>
<pin id="94" dir="1" index="2" bw="0" slack="2147483647"/>
</pin_list>
<bind>
<opcode="store(28) " fcode="store"/>
<opset="store_ln13/2 "/>
</bind>
</comp>

<comp id="96" class="1005" name="i_reg_96">
<pin_list>
<pin id="97" dir="0" index="0" bw="4" slack="0"/>
<pin id="98" dir="1" index="1" bw="4" slack="0"/>
</pin_list>
<bind>
<opset="i "/>
</bind>
</comp>

<comp id="103" class="1005" name="indvars_iv6_reg_103">
<pin_list>
<pin id="104" dir="0" index="0" bw="4" slack="0"/>
<pin id="105" dir="1" index="1" bw="4" slack="0"/>
</pin_list>
<bind>
<opset="indvars_iv6 "/>
</bind>
</comp>

<comp id="113" class="1005" name="indvars_iv6_load_reg_113">
<pin_list>
<pin id="114" dir="0" index="0" bw="4" slack="1"/>
<pin id="115" dir="1" index="1" bw="4" slack="1"/>
</pin_list>
<bind>
<opset="indvars_iv6_load "/>
</bind>
</comp>

</comp_list>

<net_list>
<net id="39"><net_src comp="2" pin="0"/><net_sink comp="36" pin=0"/></net>

<net id="43"><net_src comp="2" pin="0"/><net_sink comp="40" pin=0"/></net>

<net id="49"><net_src comp="26" pin="0"/><net_sink comp="44" pin=0"/></net>

<net id="50"><net_src comp="0" pin="0"/><net_sink comp="44" pin=2"/></net>

<net id="55"><net_src comp="20" pin="0"/><net_sink comp="51" pin=0"/></net>

<net id="60"><net_src comp="22" pin="0"/><net_sink comp="56" pin=0"/></net>

<net id="68"><net_src comp="61" pin="1"/><net_sink comp="64" pin=0"/></net>

<net id="69"><net_src comp="20" pin="0"/><net_sink comp="64" pin=1"/></net>

<net id="74"><net_src comp="61" pin="1"/><net_sink comp="70" pin=0"/></net>

<net id="75"><net_src comp="24" pin="0"/><net_sink comp="70" pin=1"/></net>

<net id="79"><net_src comp="76" pin="1"/><net_sink comp="44" pin=1"/></net>

<net id="84"><net_src comp="76" pin="1"/><net_sink comp="80" pin=0"/></net>

<net id="85"><net_src comp="20" pin="0"/><net_sink comp="80" pin=1"/></net>

<net id="90"><net_src comp="80" pin="2"/><net_sink comp="86" pin=0"/></net>

<net id="95"><net_src comp="70" pin="2"/><net_sink comp="91" pin=0"/></net>

<net id="99"><net_src comp="36" pin="1"/><net_sink comp="96" pin=0"/></net>

<net id="100"><net_src comp="96" pin="1"/><net_sink comp="56" pin=1"/></net>

<net id="101"><net_src comp="96" pin="1"/><net_sink comp="61" pin=0"/></net>

<net id="102"><net_src comp="96" pin="1"/><net_sink comp="91" pin=1"/></net>

<net id="106"><net_src comp="40" pin="1"/><net_sink comp="103" pin=0"/></net>

<net id="107"><net_src comp="103" pin="1"/><net_sink comp="51" pin=1"/></net>

<net id="108"><net_src comp="103" pin="1"/><net_sink comp="76" pin=0"/></net>

<net id="109"><net_src comp="103" pin="1"/><net_sink comp="86" pin=1"/></net>

<net id="116"><net_src comp="76" pin="1"/><net_sink comp="113" pin=0"/></net>

<net id="117"><net_src comp="113" pin="1"/><net_sink comp="44" pin=1"/></net>

</net_list>

</model> 
---------------- Datapath Model END ------------------

* FSMD analyzer results:
  - Output states:
	Port: arr | {2 3 }
 - Input state : 
	Port: bubbleSort : arr | {2 3 }
  - Chain level:
	State 1
		store_ln0 : 1
		store_ln13 : 1
	State 2
		icmp_ln13 : 1
		i_2 : 1
		br_ln13 : 2
		call_ln13 : 1
		add_ln13 : 1
		store_ln13 : 2
		store_ln13 : 2
	State 3


============================================================
+ Verbose Summary: Datapath Resource usage 
============================================================

* Functional unit list:
|----------|-----------------------------------------------|---------|---------|---------|
| Operation|                Functional Unit                |  Delay  |    FF   |   LUT   |
|----------|-----------------------------------------------|---------|---------|---------|
|   call   | grp_bubbleSort_Pipeline_VITIS_LOOP_16_2_fu_44 |  0.774  |    16   |    81   |
|----------|-----------------------------------------------|---------|---------|---------|
|    add   |                   i_2_fu_70                   |    0    |    0    |    12   |
|          |                 add_ln13_fu_80                |    0    |    0    |    12   |
|----------|-----------------------------------------------|---------|---------|---------|
|   icmp   |                icmp_ln13_fu_64                |    0    |    0    |    12   |
|----------|-----------------------------------------------|---------|---------|---------|
|   Total  |                                               |  0.774  |    16   |   117   |
|----------|-----------------------------------------------|---------|---------|---------|

Memories:
N/A

* Register list:
+------------------------+--------+
|                        |   FF   |
+------------------------+--------+
|        i_reg_96        |    4   |
|indvars_iv6_load_reg_113|    4   |
|   indvars_iv6_reg_103  |    4   |
+------------------------+--------+
|          Total         |   12   |
+------------------------+--------+

* Multiplexer (MUX) list: 
|-----------------------------------------------|------|------|------|--------||---------||---------||---------|
|                      Comp                     |  Pin | Size |  BW  | S x BW ||  Delay  ||    FF   ||   LUT   |
|-----------------------------------------------|------|------|------|--------||---------||---------||---------|
| grp_bubbleSort_Pipeline_VITIS_LOOP_16_2_fu_44 |  p1  |   2  |   4  |    8   ||    0    ||    9    |
|-----------------------------------------------|------|------|------|--------||---------||---------||---------|
|                     Total                     |      |      |      |    8   ||  0.387  ||    0    ||    9    |
|-----------------------------------------------|------|------|------|--------||---------||---------||---------|



* Summary:
+-----------+--------+--------+--------+
|           |  Delay |   FF   |   LUT  |
+-----------+--------+--------+--------+
|  Function |    0   |   16   |   117  |
|   Memory  |    -   |    -   |    -   |
|Multiplexer|    0   |    0   |    9   |
|  Register |    -   |   12   |    -   |
+-----------+--------+--------+--------+
|   Total   |    1   |   28   |   126  |
+-----------+--------+--------+--------+
