INFO: [vitis-run 60-1548] Creating build summary session with primary output /scratch/tsussman/matrix_mult/matrix_mult/matrix_mult.hlsrun_csim_summary, at Mon Mar 16 16:00:43 2026
INFO: [vitis-run 82-31] Launching vitis_hls: vitis_hls -nolog -run csim -work_dir /scratch/tsussman/matrix_mult/matrix_mult -config /scratch/tsussman/matrix_mult/matrix_mult_config.cfg -cmdlineconfig /scratch/tsussman/matrix_mult/matrix_mult/hls/config.cmdline
INFO: [HLS 200-10] For user 'tsussman' on host 'login04.hep.wisc.edu' (Linux_x86_64 version 6.1.166-1.el9.elrepo.x86_64) on Mon Mar 16 16:00:50 CDT 2026
INFO: [HLS 200-10] On os "AlmaLinux release 9.7 (Moss Jungle Cat)"
INFO: [HLS 200-10] In directory '/scratch/tsussman/matrix_mult'
INFO: [HLS 200-2005] Using work_dir /scratch/tsussman/matrix_mult/matrix_mult 
INFO: [HLS 200-1505] Using default flow_target 'vivado'
Resolution: For help on HLS 200-1505 see docs.xilinx.com/access/sources/dita/topic?Doc_Version=2024.1%20English&url=ug1448-hls-guidance&resourceid=200-1505.html
INFO: [HLS 200-1465] Applying ini 'syn.file=/scratch/tsussman/matrix_mult.cpp' from /scratch/tsussman/matrix_mult/matrix_mult_config.cfg(8)
INFO: [HLS 200-10] Adding design file '/scratch/tsussman/matrix_mult.cpp' to the project
INFO: [HLS 200-1465] Applying ini 'tb.file=/scratch/tsussman/matrix_mult_tb.cpp' from /scratch/tsussman/matrix_mult/matrix_mult_config.cfg(9)
INFO: [HLS 200-10] Adding test bench file '/scratch/tsussman/matrix_mult_tb.cpp' to the project
INFO: [HLS 200-1465] Applying ini 'syn.top=matrix_mult' from /scratch/tsussman/matrix_mult/matrix_mult_config.cfg(7)
INFO: [HLS 200-1465] Applying ini 'flow_target=vivado' from /scratch/tsussman/matrix_mult/matrix_mult_config.cfg(4)
INFO: [HLS 200-1505] Using flow_target 'vivado'
Resolution: For help on HLS 200-1505 see docs.xilinx.com/access/sources/dita/topic?Doc_Version=2024.1%20English&url=ug1448-hls-guidance&resourceid=200-1505.html
INFO: [HLS 200-1465] Applying ini 'part=xcvu9p-flga2104-2-i' from /scratch/tsussman/matrix_mult/matrix_mult_config.cfg(1)
INFO: [HLS 200-1611] Setting target device to 'xcvu9p-flga2104-2-i'
INFO: [HLS 200-1465] Applying ini 'package.output.format=ip_catalog' from /scratch/tsussman/matrix_mult/matrix_mult_config.cfg(5)
INFO: [SIM 211-2] *************** CSIM start ***************
INFO: [SIM 211-4] CSIM will launch CLANG as the compiler.
INFO: [HLS 200-2036] Building debug C Simulation binaries
   Compiling ../../../../../matrix_mult_tb.cpp in debug mode
   Compiling ../../../../../matrix_mult.cpp in debug mode
   Generating csim.exe
TEST PASSED
INFO: [SIM 211-1] CSim done with 0 errors.
INFO: [SIM 211-3] *************** CSIM finish ***************
INFO: [HLS 200-112] Total CPU user time: 8.23 seconds. Total CPU system time: 1.79 seconds. Total elapsed time: 9.7 seconds; peak allocated memory: 293.250 MB.
INFO: [vitis-run 60-791] Total elapsed time: 0h 0m 15s
