INFO: [v++ 60-1548] Creating build summary session with primary output /scratch/tsussman/matrix_mult/matrix_mult/matrix_mult.hlscompile_summary, at Tue Mar 17 11:13:08 2026
INFO: [v++ 82-31] Launching vitis_hls: vitis_hls -nolog -run csynth -work_dir /scratch/tsussman/matrix_mult/matrix_mult -config /scratch/tsussman/matrix_mult/matrix_mult_config.cfg -cmdlineconfig /scratch/tsussman/matrix_mult/matrix_mult/hls/config.cmdline
INFO: [HLS 200-10] For user 'tsussman' on host 'login04.hep.wisc.edu' (Linux_x86_64 version 6.1.166-1.el9.elrepo.x86_64) on Tue Mar 17 11:13:15 CDT 2026
INFO: [HLS 200-10] On os "AlmaLinux release 9.7 (Moss Jungle Cat)"
INFO: [HLS 200-10] In directory '/scratch/tsussman/matrix_mult'
INFO: [HLS 200-2005] Using work_dir /scratch/tsussman/matrix_mult/matrix_mult 
INFO: [HLS 200-1505] Using default flow_target 'vivado'
Resolution: For help on HLS 200-1505 see docs.xilinx.com/access/sources/dita/topic?Doc_Version=2024.1%20English&url=ug1448-hls-guidance&resourceid=200-1505.html
INFO: [HLS 200-1465] Applying ini 'syn.file=/scratch/tsussman/matrix_mult.cpp' from /scratch/tsussman/matrix_mult/matrix_mult_config.cfg(8)
INFO: [HLS 200-10] Adding design file '/scratch/tsussman/matrix_mult.cpp' to the project
INFO: [HLS 200-1465] Applying ini 'tb.file=/scratch/tsussman/matrix_mult_tb.cpp' from /scratch/tsussman/matrix_mult/matrix_mult_config.cfg(9)
INFO: [HLS 200-10] Adding test bench file '/scratch/tsussman/matrix_mult_tb.cpp' to the project
INFO: [HLS 200-1465] Applying ini 'syn.top=matrix_mult' from /scratch/tsussman/matrix_mult/matrix_mult_config.cfg(7)
INFO: [HLS 200-1465] Applying ini 'flow_target=vivado' from /scratch/tsussman/matrix_mult/matrix_mult_config.cfg(4)
INFO: [HLS 200-1505] Using flow_target 'vivado'
Resolution: For help on HLS 200-1505 see docs.xilinx.com/access/sources/dita/topic?Doc_Version=2024.1%20English&url=ug1448-hls-guidance&resourceid=200-1505.html
INFO: [HLS 200-1465] Applying ini 'part=xcvu9p-flga2104-2-i' from /scratch/tsussman/matrix_mult/matrix_mult_config.cfg(1)
INFO: [HLS 200-1611] Setting target device to 'xcvu9p-flga2104-2-i'
INFO: [HLS 200-1465] Applying ini 'package.output.format=ip_catalog' from /scratch/tsussman/matrix_mult/matrix_mult_config.cfg(5)
INFO: [HLS 200-111] Finished File checks and directory preparation: CPU user time: 6.79 seconds. CPU system time: 0.98 seconds. Elapsed time: 7.64 seconds; current allocated memory: 287.324 MB.
INFO: [HLS 200-10] Analyzing design file '../matrix_mult.cpp' ... 
INFO: [HLS 200-111] Finished Source Code Analysis and Preprocessing: CPU user time: 3.36 seconds. CPU system time: 1.04 seconds. Elapsed time: 4.47 seconds; current allocated memory: 288.941 MB.
INFO: [HLS 200-777] Using interface defaults for 'Vivado' flow target.
INFO: [HLS 200-1995] There were 46 instructions in the design after the 'Compile/Link' phase of compilation. See the Design Size Report for more details: /scratch/tsussman/matrix_mult/matrix_mult/hls/syn/report/csynth_design_size.rpt
INFO: [HLS 200-1995] There were 34 instructions in the design after the 'Unroll/Inline (step 1)' phase of compilation. See the Design Size Report for more details: /scratch/tsussman/matrix_mult/matrix_mult/hls/syn/report/csynth_design_size.rpt
INFO: [HLS 200-1995] There were 28 instructions in the design after the 'Unroll/Inline (step 2)' phase of compilation. See the Design Size Report for more details: /scratch/tsussman/matrix_mult/matrix_mult/hls/syn/report/csynth_design_size.rpt
INFO: [HLS 200-1995] There were 25 instructions in the design after the 'Unroll/Inline (step 3)' phase of compilation. See the Design Size Report for more details: /scratch/tsussman/matrix_mult/matrix_mult/hls/syn/report/csynth_design_size.rpt
INFO: [HLS 200-1995] There were 25 instructions in the design after the 'Unroll/Inline (step 4)' phase of compilation. See the Design Size Report for more details: /scratch/tsussman/matrix_mult/matrix_mult/hls/syn/report/csynth_design_size.rpt
INFO: [HLS 200-1995] There were 25 instructions in the design after the 'Array/Struct (step 1)' phase of compilation. See the Design Size Report for more details: /scratch/tsussman/matrix_mult/matrix_mult/hls/syn/report/csynth_design_size.rpt
INFO: [HLS 200-1995] There were 25 instructions in the design after the 'Array/Struct (step 2)' phase of compilation. See the Design Size Report for more details: /scratch/tsussman/matrix_mult/matrix_mult/hls/syn/report/csynth_design_size.rpt
INFO: [HLS 200-1995] There were 25 instructions in the design after the 'Array/Struct (step 3)' phase of compilation. See the Design Size Report for more details: /scratch/tsussman/matrix_mult/matrix_mult/hls/syn/report/csynth_design_size.rpt
INFO: [HLS 200-1995] There were 25 instructions in the design after the 'Array/Struct (step 4)' phase of compilation. See the Design Size Report for more details: /scratch/tsussman/matrix_mult/matrix_mult/hls/syn/report/csynth_design_size.rpt
INFO: [HLS 200-1995] There were 26 instructions in the design after the 'Array/Struct (step 5)' phase of compilation. See the Design Size Report for more details: /scratch/tsussman/matrix_mult/matrix_mult/hls/syn/report/csynth_design_size.rpt
INFO: [HLS 200-1995] There were 26 instructions in the design after the 'Performance (step 1)' phase of compilation. See the Design Size Report for more details: /scratch/tsussman/matrix_mult/matrix_mult/hls/syn/report/csynth_design_size.rpt
INFO: [HLS 200-1995] There were 72 instructions in the design after the 'Performance (step 2)' phase of compilation. See the Design Size Report for more details: /scratch/tsussman/matrix_mult/matrix_mult/hls/syn/report/csynth_design_size.rpt
INFO: [HLS 200-1995] There were 72 instructions in the design after the 'Performance (step 3)' phase of compilation. See the Design Size Report for more details: /scratch/tsussman/matrix_mult/matrix_mult/hls/syn/report/csynth_design_size.rpt
INFO: [HLS 200-1995] There were 72 instructions in the design after the 'Performance (step 4)' phase of compilation. See the Design Size Report for more details: /scratch/tsussman/matrix_mult/matrix_mult/hls/syn/report/csynth_design_size.rpt
INFO: [HLS 200-1995] There were 78 instructions in the design after the 'HW Transforms (step 1)' phase of compilation. See the Design Size Report for more details: /scratch/tsussman/matrix_mult/matrix_mult/hls/syn/report/csynth_design_size.rpt
INFO: [HLS 200-1995] There were 86 instructions in the design after the 'HW Transforms (step 2)' phase of compilation. See the Design Size Report for more details: /scratch/tsussman/matrix_mult/matrix_mult/hls/syn/report/csynth_design_size.rpt
INFO: [HLS 214-376] automatically set the pipeline for Loop< VITIS_LOOP_6_2> at ../matrix_mult.cpp:6:25 
INFO: [HLS 214-291] Loop 'VITIS_LOOP_8_3' is marked as complete unroll implied by the pipeline pragma (../matrix_mult.cpp:8:29)
INFO: [HLS 214-186] Unrolling loop 'VITIS_LOOP_8_3' (../matrix_mult.cpp:8:29) in function 'matrix_mult' completely with a factor of 10 (../matrix_mult.cpp:4:0)
INFO: [HLS 200-111] Finished Compiling Optimization and Transform: CPU user time: 3.75 seconds. CPU system time: 0.95 seconds. Elapsed time: 8.96 seconds; current allocated memory: 290.590 MB.
INFO: [HLS 200-111] Finished Checking Pragmas: CPU user time: 0 seconds. CPU system time: 0 seconds. Elapsed time: 0 seconds; current allocated memory: 290.590 MB.
INFO: [HLS 200-10] Starting code transformations ...
INFO: [HLS 200-111] Finished Standard Transforms: CPU user time: 0.02 seconds. CPU system time: 0 seconds. Elapsed time: 0.02 seconds; current allocated memory: 290.910 MB.
INFO: [HLS 200-10] Checking synthesizability ...
INFO: [HLS 200-111] Finished Checking Synthesizability: CPU user time: 0.03 seconds. CPU system time: 0.01 seconds. Elapsed time: 0.03 seconds; current allocated memory: 291.953 MB.
INFO: [XFORM 203-11] Balancing expressions in function 'matrix_mult' (../matrix_mult.cpp:4:25)...9 expression(s) balanced.
INFO: [HLS 200-111] Finished Loop, function and other optimizations: CPU user time: 0.07 seconds. CPU system time: 0.01 seconds. Elapsed time: 0.09 seconds; current allocated memory: 314.676 MB.
INFO: [HLS 200-2061] Successfully converted nested loops 'VITIS_LOOP_5_1'(../matrix_mult.cpp:5:21) and 'VITIS_LOOP_6_2'(../matrix_mult.cpp:6:25) in function 'matrix_mult' into perfectly nested loops.
INFO: [XFORM 203-541] Flattening a loop nest 'VITIS_LOOP_5_1' (../matrix_mult.cpp:5:21) in function 'matrix_mult'.
INFO: [HLS 200-111] Finished Architecture Synthesis: CPU user time: 0.07 seconds. CPU system time: 0.01 seconds. Elapsed time: 0.08 seconds; current allocated memory: 314.676 MB.
INFO: [HLS 200-10] Starting hardware synthesis ...
INFO: [HLS 200-10] Synthesizing 'matrix_mult' ...
INFO: [SYN 201-201] Setting up clock 'default' with a period of 10ns.
INFO: [HLS 200-10] ----------------------------------------------------------------
INFO: [HLS 200-42] -- Implementing module 'matrix_mult' 
INFO: [HLS 200-10] ----------------------------------------------------------------
INFO: [SCHED 204-11] Starting scheduling ...
INFO: [SCHED 204-61] Pipelining loop 'VITIS_LOOP_5_1_VITIS_LOOP_6_2'.
WARNING: [HLS 200-885] The II Violation in module 'matrix_mult' (loop 'VITIS_LOOP_5_1_VITIS_LOOP_6_2'): Unable to schedule 'load' operation 32 bit ('A_load_1', ../matrix_mult.cpp:5) on array 'A' due to limited memory ports (II = 1). Please consider using a memory core with more ports or partitioning the array 'A'.
Resolution: For help on HLS 200-885 see docs.xilinx.com/access/sources/dita/topic?Doc_Version=2024.1%20English&url=ug1448-hls-guidance&resourceid=200-885.html
WARNING: [HLS 200-885] The II Violation in module 'matrix_mult' (loop 'VITIS_LOOP_5_1_VITIS_LOOP_6_2'): Unable to schedule 'load' operation 32 bit ('A_load_3', ../matrix_mult.cpp:5) on array 'A' due to limited memory ports (II = 2). Please consider using a memory core with more ports or partitioning the array 'A'.
Resolution: For help on HLS 200-885 see docs.xilinx.com/access/sources/dita/topic?Doc_Version=2024.1%20English&url=ug1448-hls-guidance&resourceid=200-885.html
WARNING: [HLS 200-885] The II Violation in module 'matrix_mult' (loop 'VITIS_LOOP_5_1_VITIS_LOOP_6_2'): Unable to schedule 'load' operation 32 bit ('A_load_5', ../matrix_mult.cpp:5) on array 'A' due to limited memory ports (II = 3). Please consider using a memory core with more ports or partitioning the array 'A'.
Resolution: For help on HLS 200-885 see docs.xilinx.com/access/sources/dita/topic?Doc_Version=2024.1%20English&url=ug1448-hls-guidance&resourceid=200-885.html
WARNING: [HLS 200-885] The II Violation in module 'matrix_mult' (loop 'VITIS_LOOP_5_1_VITIS_LOOP_6_2'): Unable to schedule 'load' operation 32 bit ('A_load_7', ../matrix_mult.cpp:5) on array 'A' due to limited memory ports (II = 4). Please consider using a memory core with more ports or partitioning the array 'A'.
Resolution: For help on HLS 200-885 see docs.xilinx.com/access/sources/dita/topic?Doc_Version=2024.1%20English&url=ug1448-hls-guidance&resourceid=200-885.html
INFO: [HLS 200-1470] Pipelining result : Target II = NA, Final II = 5, Depth = 6, loop 'VITIS_LOOP_5_1_VITIS_LOOP_6_2'
INFO: [SCHED 204-11] Finished scheduling.
INFO: [HLS 200-111] Finished Scheduling: CPU user time: 0.39 seconds. CPU system time: 0.03 seconds. Elapsed time: 0.45 seconds; current allocated memory: 314.676 MB.
INFO: [BIND 205-100] Starting micro-architecture generation ...
INFO: [BIND 205-101] Performing variable lifetime analysis.
INFO: [BIND 205-101] Exploring resource sharing.
INFO: [BIND 205-101] Binding ...
INFO: [BIND 205-100] Finished micro-architecture generation.
INFO: [HLS 200-111] Finished Binding: CPU user time: 0.04 seconds. CPU system time: 0.01 seconds. Elapsed time: 0.06 seconds; current allocated memory: 314.676 MB.
INFO: [HLS 200-10] ----------------------------------------------------------------
INFO: [HLS 200-10] -- Generating RTL for module 'matrix_mult' 
INFO: [HLS 200-10] ----------------------------------------------------------------
INFO: [RTGEN 206-500] Setting interface mode on port 'matrix_mult/A' to 'ap_memory'.
INFO: [RTGEN 206-500] Setting interface mode on port 'matrix_mult/B' to 'ap_memory'.
INFO: [RTGEN 206-500] Setting interface mode on port 'matrix_mult/C' to 'ap_memory'.
INFO: [RTGEN 206-500] Setting interface mode on function 'matrix_mult' to 'ap_ctrl_hs'.
INFO: [HLS 200-1030] Apply Unified Pipeline Control on module 'matrix_mult' pipeline 'VITIS_LOOP_5_1_VITIS_LOOP_6_2' pipeline type 'loop pipeline'
INFO: [RTGEN 206-100] Generating core module 'mul_32s_32s_32_1_1': 2 instance(s).
INFO: [RTGEN 206-100] Finished creating RTL model for 'matrix_mult'.
INFO: [HLS 200-111] Finished Creating RTL model: CPU user time: 0.09 seconds. CPU system time: 0.09 seconds. Elapsed time: 0.52 seconds; current allocated memory: 314.676 MB.
INFO: [HLS 200-111] Finished Generating all RTL models: CPU user time: 0.39 seconds. CPU system time: 0.03 seconds. Elapsed time: 0.42 seconds; current allocated memory: 314.676 MB.
INFO: [HLS 200-111] Finished Updating report files: CPU user time: 0.55 seconds. CPU system time: 0.02 seconds. Elapsed time: 0.57 seconds; current allocated memory: 314.676 MB.
INFO: [VHDL 208-304] Generating VHDL RTL for matrix_mult.
INFO: [VLOG 209-307] Generating Verilog RTL for matrix_mult.
INFO: [HLS 200-790] **** Loop Constraint Status: All loop constraints were NOT satisfied.
INFO: [HLS 200-789] **** Estimated Fmax: 152.37 MHz
INFO: [HLS 200-112] Total CPU user time: 15.56 seconds. Total CPU system time: 3.2 seconds. Total elapsed time: 23.44 seconds; peak allocated memory: 314.676 MB.
INFO: [v++ 60-791] Total elapsed time: 0h 0m 29s
