INFO: [vitis-run 60-1548] Creating build summary session with primary output /scratch/tsussman/matrix_mult/matrix_mult/matrix_mult.hlsrun_csim_summary, at Mon Mar 16 15:48:03 2026
INFO: [vitis-run 82-31] Launching vitis_hls: vitis_hls -nolog -run csim -work_dir /scratch/tsussman/matrix_mult/matrix_mult -config /scratch/tsussman/matrix_mult/matrix_mult_config.cfg -cmdlineconfig /scratch/tsussman/matrix_mult/matrix_mult/hls/config.cmdline
INFO: [HLS 200-10] For user 'tsussman' on host 'login04.hep.wisc.edu' (Linux_x86_64 version 6.1.166-1.el9.elrepo.x86_64) on Mon Mar 16 15:48:11 CDT 2026
INFO: [HLS 200-10] On os "AlmaLinux release 9.7 (Moss Jungle Cat)"
INFO: [HLS 200-10] In directory '/scratch/tsussman/matrix_mult'
INFO: [HLS 200-2005] Using work_dir /scratch/tsussman/matrix_mult/matrix_mult 
INFO: [HLS 200-1505] Using default flow_target 'vivado'
Resolution: For help on HLS 200-1505 see docs.xilinx.com/access/sources/dita/topic?Doc_Version=2024.1%20English&url=ug1448-hls-guidance&resourceid=200-1505.html
INFO: [HLS 200-1465] Applying ini 'syn.file=/scratch/tsussman/matrix_mult.cpp' from /scratch/tsussman/matrix_mult/matrix_mult_config.cfg(8)
INFO: [HLS 200-10] Adding design file '/scratch/tsussman/matrix_mult.cpp' to the project
INFO: [HLS 200-1465] Applying ini 'tb.file=/scratch/tsussman/matrix_mult_tb.cpp' from /scratch/tsussman/matrix_mult/matrix_mult_config.cfg(9)
INFO: [HLS 200-10] Adding test bench file '/scratch/tsussman/matrix_mult_tb.cpp' to the project
INFO: [HLS 200-1465] Applying ini 'syn.top=matrix_mult' from /scratch/tsussman/matrix_mult/matrix_mult_config.cfg(7)
INFO: [HLS 200-1465] Applying ini 'flow_target=vivado' from /scratch/tsussman/matrix_mult/matrix_mult_config.cfg(4)
INFO: [HLS 200-1505] Using flow_target 'vivado'
Resolution: For help on HLS 200-1505 see docs.xilinx.com/access/sources/dita/topic?Doc_Version=2024.1%20English&url=ug1448-hls-guidance&resourceid=200-1505.html
INFO: [HLS 200-1465] Applying ini 'part=xcvu9p-flga2104-2-i' from /scratch/tsussman/matrix_mult/matrix_mult_config.cfg(1)
INFO: [HLS 200-1611] Setting target device to 'xcvu9p-flga2104-2-i'
INFO: [HLS 200-1465] Applying ini 'package.output.format=ip_catalog' from /scratch/tsussman/matrix_mult/matrix_mult_config.cfg(5)
INFO: [SIM 211-2] *************** CSIM start ***************
INFO: [SIM 211-4] CSIM will launch CLANG as the compiler.
INFO: [HLS 200-2036] Building debug C Simulation binaries
   Compiling ../../../../../matrix_mult_tb.cpp in debug mode
../../../../../matrix_mult_tb.cpp:24:20: error: use of undeclared identifier 'A_val'
        int A_stenc_val = A_val + A_val*4*RADIUS;
                          ^
../../../../../matrix_mult_tb.cpp:24:28: error: use of undeclared identifier 'A_val'
        int A_stenc_val = A_val + A_val*4*RADIUS;
                                  ^
../../../../../matrix_mult_tb.cpp:24:36: error: use of undeclared identifier 'RADIUS'
        int A_stenc_val = A_val + A_val*4*RADIUS;
                                          ^
../../../../../matrix_mult_tb.cpp:25:20: error: use of undeclared identifier 'B_val'
        int B_stenc_val = B_val + B_val*4*RADIUS;
                          ^
../../../../../matrix_mult_tb.cpp:25:28: error: use of undeclared identifier 'B_val'
        int B_stenc_val = B_val + B_val*4*RADIUS;
                                  ^
../../../../../matrix_mult_tb.cpp:25:36: error: use of undeclared identifier 'RADIUS'
        int B_stenc_val = B_val + B_val*4*RADIUS;
                                          ^
../../../../../matrix_mult_tb.cpp:26:20: error: use of undeclared identifier 'RADIUS'
        int N_mid = N - 2*RADIUS;
                          ^
../../../../../matrix_mult_tb.cpp:29:13: error: use of undeclared identifier 'RADIUS'
                        if ((i < RADIUS || i + RADIUS >= N) && (j < RADIUS || j + RADIUS >= N)){
                                 ^
../../../../../matrix_mult_tb.cpp:29:27: error: use of undeclared identifier 'RADIUS'
                        if ((i < RADIUS || i + RADIUS >= N) && (j < RADIUS || j + RADIUS >= N)){
                                               ^
../../../../../matrix_mult_tb.cpp:29:48: error: use of undeclared identifier 'RADIUS'
                        if ((i < RADIUS || i + RADIUS >= N) && (j < RADIUS || j + RADIUS >= N)){
                                                                    ^
../../../../../matrix_mult_tb.cpp:29:62: error: use of undeclared identifier 'RADIUS'
                        if ((i < RADIUS || i + RADIUS >= N) && (j < RADIUS || j + RADIUS >= N)){
                                                                                  ^
../../../../../matrix_mult_tb.cpp:30:20: error: use of undeclared identifier 'A_val'
                                if (C[i][j] != A_val*B_val*N){
                                               ^
../../../../../matrix_mult_tb.cpp:30:26: error: use of undeclared identifier 'B_val'
                                if (C[i][j] != A_val*B_val*N){
                                                     ^
../../../../../matrix_mult_tb.cpp:31:82: error: use of undeclared identifier 'A_val'
                                        printf("Mismatch at index [%d,%d], was: %d, should be: %d\n", i,j, C[i][j], A_val*B_val*N);
                                                                                                                    ^
../../../../../matrix_mult_tb.cpp:31:88: error: use of undeclared identifier 'B_val'
                                        printf("Mismatch at index [%d,%d], was: %d, should be: %d\n", i,j, C[i][j], A_val*B_val*N);
                                                                                                                          ^
../../../../../matrix_mult_tb.cpp:35:18: error: use of undeclared identifier 'RADIUS'
                        else if ((i < RADIUS || i + RADIUS >= N) && (j >= RADIUS && j + RADIUS < N)){
                                      ^
../../../../../matrix_mult_tb.cpp:35:32: error: use of undeclared identifier 'RADIUS'
                        else if ((i < RADIUS || i + RADIUS >= N) && (j >= RADIUS && j + RADIUS < N)){
                                                    ^
../../../../../matrix_mult_tb.cpp:35:54: error: use of undeclared identifier 'RADIUS'
                        else if ((i < RADIUS || i + RADIUS >= N) && (j >= RADIUS && j + RADIUS < N)){
                                                                          ^
../../../../../matrix_mult_tb.cpp:35:68: error: use of undeclared identifier 'RADIUS'
                        else if ((i < RADIUS || i + RADIUS >= N) && (j >= RADIUS && j + RADIUS < N)){
                                                                                        ^
fatal error: too many errors emitted, stopping now [-ferror-limit=]
20 errors generated.
make: *** [csim.mk:87: obj/matrix_mult_tb.o] Error 1
ERROR: [SIM 211-100] 'csim_design' failed: compilation error(s).
INFO: [SIM 211-3] *************** CSIM finish ***************
ERROR: 4
INFO: [HLS 200-112] Total CPU user time: 7.46 seconds. Total CPU system time: 1.53 seconds. Total elapsed time: 8.74 seconds; peak allocated memory: 287.312 MB.
