Mon Mar 16 15:46:43 2026: Running xcd server. This server was built by gradle.
Mon Mar 16 15:46:43 2026: Server was asked to start on port: '16891'
Mon Mar 16 15:46:43 2026: Server is using token UUID: '1cc24c9c-9072-482e-8107-feb8b1f2eb77'
Mon Mar 16 15:46:43 2026: SESSION_MGR: creating session with session uuid: '6d04a3e9-ade5-4ab9-8d63-1f78fcd2ec76' and name 'default'
Mon Mar 16 15:46:43 2026: Attempting to start server on port '16891'
Mon Mar 16 15:46:43 2026: XCD main fifo: created main fifo '/tmp/xcdmain1cc24c9c-9072-482e-8107-feb8b1f2eb77', fd read = 13
Mon Mar 16 15:46:43 2026: Running Dispatch Server
Mon Mar 16 15:46:43 2026: Version 2.2.0
Mon Mar 16 15:46:44 2026: Dispatch Server: Accepted socket connection from client
Mon Mar 16 15:46:44 2026: Starting Socket connection
Mon Mar 16 15:46:44 2026: EXCHANGE_TOKEN received, server token: 1cc24c9c-9072-482e-8107-feb8b1f2eb77, passed token: 1cc24c9c-9072-482e-8107-feb8b1f2eb77
Mon Mar 16 15:46:44 2026: DISPATCH_HANDLER: Adding handler from function makeHandler in library libxv_system_diagram
Mon Mar 16 15:46:44 2026: SESSION_MGR: creating session with session uuid: 'fc0f2783-cff4-458f-8441-034fa3d78e2e' and name 'vitis-run_compile_matrix_mult'
Mon Mar 16 15:46:44 2026: KERNEL_SVC: creating session with uuid: 'fc0f2783-cff4-458f-8441-034fa3d78e2e' and name 'vitis-run_compile_matrix_mult'
Mon Mar 16 15:46:44 2026: GUIDANCE_SMGR: creating guidance session with uuid: 'fc0f2783-cff4-458f-8441-034fa3d78e2e' and name 'vitis-run_compile_matrix_mult'
Mon Mar 16 15:46:44 2026: SYSTEM_DIAGRAM: creating session with uuid: 'fc0f2783-cff4-458f-8441-034fa3d78e2e' and name 'vitis-run_compile_matrix_mult'
Mon Mar 16 15:46:55 2026: Dispatch Server: Accepted socket connection from client
Mon Mar 16 15:46:55 2026: Starting Socket connection
Mon Mar 16 15:46:57 2026: SESSION_MGR: closing session for UUID 'fc0f2783-cff4-458f-8441-034fa3d78e2e' with name 'vitis-run_compile_matrix_mult'
Mon Mar 16 15:46:57 2026: KERNEL_SVC: closing session for UUID 'fc0f2783-cff4-458f-8441-034fa3d78e2e' with name 'vitis-run_compile_matrix_mult'
Mon Mar 16 15:46:57 2026: GUIDANCE_SMGR: closing session for UUID 'fc0f2783-cff4-458f-8441-034fa3d78e2e' with name 'vitis-run_compile_matrix_mult'
Mon Mar 16 15:46:57 2026: SYSTEM_DIAGRAM: closing session for UUID 'fc0f2783-cff4-458f-8441-034fa3d78e2e' with name 'vitis-run_compile_matrix_mult'
Mon Mar 16 15:46:57 2026: STOP_SERVER received, server token: 1cc24c9c-9072-482e-8107-feb8b1f2eb77, passed token: 1cc24c9c-9072-482e-8107-feb8b1f2eb77
Mon Mar 16 15:46:57 2026: Socket received request to stop server.
Mon Mar 16 15:46:57 2026: Dispatch Server: do_await_stop
Mon Mar 16 15:46:57 2026: Dispatch Server: stopping mainFifo_
Mon Mar 16 15:46:57 2026: XCD main fifo: Stopping
Mon Mar 16 15:46:57 2026: XCD main fifo: do_read error code: Operation canceled
Mon Mar 16 15:46:57 2026: XCD main fifo: bytes_transferred: 0
Mon Mar 16 15:46:57 2026: SERVER: destructor for server bound to port 16891
Mon Mar 16 15:46:57 2026: XCD main fifo: Good unlink of /tmp/xcdmain1cc24c9c-9072-482e-8107-feb8b1f2eb77
Mon Mar 16 15:46:57 2026: Server exiting with status 0.
Mon Mar 16 15:46:57 2026: Closing log file.
Mon Mar 16 15:48:03 2026: Running xcd server. This server was built by gradle.
Mon Mar 16 15:48:03 2026: Server was asked to start on port: '30889'
Mon Mar 16 15:48:03 2026: Server is using token UUID: 'd32dbff1-53d0-46c7-8980-421e3eaa04a6'
Mon Mar 16 15:48:03 2026: SESSION_MGR: creating session with session uuid: '6d04a3e9-ade5-4ab9-8d63-1f78fcd2ec76' and name 'default'
Mon Mar 16 15:48:03 2026: Attempting to start server on port '30889'
Mon Mar 16 15:48:03 2026: XCD main fifo: created main fifo '/tmp/xcdmaind32dbff1-53d0-46c7-8980-421e3eaa04a6', fd read = 13
Mon Mar 16 15:48:03 2026: Running Dispatch Server
Mon Mar 16 15:48:03 2026: Version 2.2.0
Mon Mar 16 15:48:03 2026: Dispatch Server: Accepted socket connection from client
Mon Mar 16 15:48:03 2026: Starting Socket connection
Mon Mar 16 15:48:03 2026: EXCHANGE_TOKEN received, server token: d32dbff1-53d0-46c7-8980-421e3eaa04a6, passed token: d32dbff1-53d0-46c7-8980-421e3eaa04a6
Mon Mar 16 15:48:03 2026: DISPATCH_HANDLER: Adding handler from function makeHandler in library libxv_system_diagram
Mon Mar 16 15:48:03 2026: SESSION_MGR: creating session with session uuid: '47923ef8-8c1a-4c16-81c9-3ca8a6f1bc7a' and name 'vitis-run_compile_matrix_mult'
Mon Mar 16 15:48:03 2026: KERNEL_SVC: creating session with uuid: '47923ef8-8c1a-4c16-81c9-3ca8a6f1bc7a' and name 'vitis-run_compile_matrix_mult'
Mon Mar 16 15:48:03 2026: GUIDANCE_SMGR: creating guidance session with uuid: '47923ef8-8c1a-4c16-81c9-3ca8a6f1bc7a' and name 'vitis-run_compile_matrix_mult'
Mon Mar 16 15:48:03 2026: SYSTEM_DIAGRAM: creating session with uuid: '47923ef8-8c1a-4c16-81c9-3ca8a6f1bc7a' and name 'vitis-run_compile_matrix_mult'
Mon Mar 16 15:48:13 2026: Dispatch Server: Accepted socket connection from client
Mon Mar 16 15:48:13 2026: Starting Socket connection
Mon Mar 16 15:48:15 2026: SESSION_MGR: closing session for UUID '47923ef8-8c1a-4c16-81c9-3ca8a6f1bc7a' with name 'vitis-run_compile_matrix_mult'
Mon Mar 16 15:48:15 2026: KERNEL_SVC: closing session for UUID '47923ef8-8c1a-4c16-81c9-3ca8a6f1bc7a' with name 'vitis-run_compile_matrix_mult'
Mon Mar 16 15:48:15 2026: GUIDANCE_SMGR: closing session for UUID '47923ef8-8c1a-4c16-81c9-3ca8a6f1bc7a' with name 'vitis-run_compile_matrix_mult'
Mon Mar 16 15:48:15 2026: SYSTEM_DIAGRAM: closing session for UUID '47923ef8-8c1a-4c16-81c9-3ca8a6f1bc7a' with name 'vitis-run_compile_matrix_mult'
Mon Mar 16 15:48:15 2026: STOP_SERVER received, server token: d32dbff1-53d0-46c7-8980-421e3eaa04a6, passed token: d32dbff1-53d0-46c7-8980-421e3eaa04a6
Mon Mar 16 15:48:15 2026: Socket received request to stop server.
Mon Mar 16 15:48:15 2026: Dispatch Server: do_await_stop
Mon Mar 16 15:48:15 2026: Dispatch Server: stopping mainFifo_
Mon Mar 16 15:48:15 2026: XCD main fifo: Stopping
Mon Mar 16 15:48:15 2026: XCD main fifo: do_read error code: Operation canceled
Mon Mar 16 15:48:15 2026: XCD main fifo: bytes_transferred: 0
Mon Mar 16 15:48:15 2026: SERVER: destructor for server bound to port 30889
Mon Mar 16 15:48:15 2026: XCD main fifo: Good unlink of /tmp/xcdmaind32dbff1-53d0-46c7-8980-421e3eaa04a6
Mon Mar 16 15:48:15 2026: Server exiting with status 0.
Mon Mar 16 15:48:15 2026: Closing log file.
Mon Mar 16 16:00:42 2026: Running xcd server. This server was built by gradle.
Mon Mar 16 16:00:42 2026: Server was asked to start on port: '11631'
Mon Mar 16 16:00:42 2026: Server is using token UUID: '7698c685-a66f-4045-a89c-2b9a0244d261'
Mon Mar 16 16:00:42 2026: SESSION_MGR: creating session with session uuid: '6d04a3e9-ade5-4ab9-8d63-1f78fcd2ec76' and name 'default'
Mon Mar 16 16:00:42 2026: Attempting to start server on port '11631'
Mon Mar 16 16:00:42 2026: XCD main fifo: created main fifo '/tmp/xcdmain7698c685-a66f-4045-a89c-2b9a0244d261', fd read = 13
Mon Mar 16 16:00:42 2026: Running Dispatch Server
Mon Mar 16 16:00:42 2026: Version 2.2.0
Mon Mar 16 16:00:42 2026: Dispatch Server: Accepted socket connection from client
Mon Mar 16 16:00:42 2026: Starting Socket connection
Mon Mar 16 16:00:42 2026: EXCHANGE_TOKEN received, server token: 7698c685-a66f-4045-a89c-2b9a0244d261, passed token: 7698c685-a66f-4045-a89c-2b9a0244d261
Mon Mar 16 16:00:43 2026: DISPATCH_HANDLER: Adding handler from function makeHandler in library libxv_system_diagram
Mon Mar 16 16:00:43 2026: SESSION_MGR: creating session with session uuid: 'b7904527-32da-4952-9971-1d4a456267d3' and name 'vitis-run_compile_matrix_mult'
Mon Mar 16 16:00:43 2026: KERNEL_SVC: creating session with uuid: 'b7904527-32da-4952-9971-1d4a456267d3' and name 'vitis-run_compile_matrix_mult'
Mon Mar 16 16:00:43 2026: GUIDANCE_SMGR: creating guidance session with uuid: 'b7904527-32da-4952-9971-1d4a456267d3' and name 'vitis-run_compile_matrix_mult'
Mon Mar 16 16:00:43 2026: SYSTEM_DIAGRAM: creating session with uuid: 'b7904527-32da-4952-9971-1d4a456267d3' and name 'vitis-run_compile_matrix_mult'
Mon Mar 16 16:00:53 2026: Dispatch Server: Accepted socket connection from client
Mon Mar 16 16:00:53 2026: Starting Socket connection
Mon Mar 16 16:00:55 2026: SESSION_MGR: closing session for UUID 'b7904527-32da-4952-9971-1d4a456267d3' with name 'vitis-run_compile_matrix_mult'
Mon Mar 16 16:00:55 2026: KERNEL_SVC: closing session for UUID 'b7904527-32da-4952-9971-1d4a456267d3' with name 'vitis-run_compile_matrix_mult'
Mon Mar 16 16:00:55 2026: GUIDANCE_SMGR: closing session for UUID 'b7904527-32da-4952-9971-1d4a456267d3' with name 'vitis-run_compile_matrix_mult'
Mon Mar 16 16:00:55 2026: SYSTEM_DIAGRAM: closing session for UUID 'b7904527-32da-4952-9971-1d4a456267d3' with name 'vitis-run_compile_matrix_mult'
Mon Mar 16 16:00:55 2026: STOP_SERVER received, server token: 7698c685-a66f-4045-a89c-2b9a0244d261, passed token: 7698c685-a66f-4045-a89c-2b9a0244d261
Mon Mar 16 16:00:55 2026: Socket received request to stop server.
Mon Mar 16 16:00:55 2026: Dispatch Server: do_await_stop
Mon Mar 16 16:00:55 2026: Dispatch Server: stopping mainFifo_
Mon Mar 16 16:00:55 2026: XCD main fifo: Stopping
Mon Mar 16 16:00:55 2026: XCD main fifo: do_read error code: Operation canceled
Mon Mar 16 16:00:55 2026: XCD main fifo: bytes_transferred: 0
Mon Mar 16 16:00:55 2026: SERVER: destructor for server bound to port 11631
Mon Mar 16 16:00:55 2026: XCD main fifo: Good unlink of /tmp/xcdmain7698c685-a66f-4045-a89c-2b9a0244d261
Mon Mar 16 16:00:55 2026: Server exiting with status 0.
Mon Mar 16 16:00:55 2026: Closing log file.
Tue Mar 17 11:13:07 2026: Running xcd server. This server was built by gradle.
Tue Mar 17 11:13:07 2026: Server was asked to start on port: '26037'
Tue Mar 17 11:13:07 2026: Server is using token UUID: '905178c7-e2c7-499f-a74a-33185722a81d'
Tue Mar 17 11:13:07 2026: SESSION_MGR: creating session with session uuid: '6d04a3e9-ade5-4ab9-8d63-1f78fcd2ec76' and name 'default'
Tue Mar 17 11:13:07 2026: Attempting to start server on port '26037'
Tue Mar 17 11:13:07 2026: XCD main fifo: created main fifo '/tmp/xcdmain905178c7-e2c7-499f-a74a-33185722a81d', fd read = 13
Tue Mar 17 11:13:07 2026: Running Dispatch Server
Tue Mar 17 11:13:07 2026: Version 2.2.0
Tue Mar 17 11:13:07 2026: Dispatch Server: Accepted socket connection from client
Tue Mar 17 11:13:07 2026: Starting Socket connection
Tue Mar 17 11:13:07 2026: EXCHANGE_TOKEN received, server token: 905178c7-e2c7-499f-a74a-33185722a81d, passed token: 905178c7-e2c7-499f-a74a-33185722a81d
Tue Mar 17 11:13:08 2026: DISPATCH_HANDLER: Adding handler from function makeHandler in library libxv_system_diagram
Tue Mar 17 11:13:08 2026: SESSION_MGR: creating session with session uuid: '327d52b0-7a32-47e3-a86e-632e0ea4b2ec' and name 'v++_compile_matrix_mult'
Tue Mar 17 11:13:08 2026: KERNEL_SVC: creating session with uuid: '327d52b0-7a32-47e3-a86e-632e0ea4b2ec' and name 'v++_compile_matrix_mult'
Tue Mar 17 11:13:08 2026: GUIDANCE_SMGR: creating guidance session with uuid: '327d52b0-7a32-47e3-a86e-632e0ea4b2ec' and name 'v++_compile_matrix_mult'
Tue Mar 17 11:13:08 2026: SYSTEM_DIAGRAM: creating session with uuid: '327d52b0-7a32-47e3-a86e-632e0ea4b2ec' and name 'v++_compile_matrix_mult'
Tue Mar 17 11:13:18 2026: Dispatch Server: Accepted socket connection from client
Tue Mar 17 11:13:18 2026: Starting Socket connection
Tue Mar 17 11:13:34 2026: SESSION_MGR: closing session for UUID '327d52b0-7a32-47e3-a86e-632e0ea4b2ec' with name 'v++_compile_matrix_mult'
Tue Mar 17 11:13:34 2026: KERNEL_SVC: closing session for UUID '327d52b0-7a32-47e3-a86e-632e0ea4b2ec' with name 'v++_compile_matrix_mult'
Tue Mar 17 11:13:34 2026: GUIDANCE_SMGR: closing session for UUID '327d52b0-7a32-47e3-a86e-632e0ea4b2ec' with name 'v++_compile_matrix_mult'
Tue Mar 17 11:13:34 2026: SYSTEM_DIAGRAM: closing session for UUID '327d52b0-7a32-47e3-a86e-632e0ea4b2ec' with name 'v++_compile_matrix_mult'
Tue Mar 17 11:13:34 2026: STOP_SERVER received, server token: 905178c7-e2c7-499f-a74a-33185722a81d, passed token: 905178c7-e2c7-499f-a74a-33185722a81d
Tue Mar 17 11:13:34 2026: Socket received request to stop server.
Tue Mar 17 11:13:34 2026: Dispatch Server: do_await_stop
Tue Mar 17 11:13:34 2026: Dispatch Server: stopping mainFifo_
Tue Mar 17 11:13:34 2026: XCD main fifo: Stopping
Tue Mar 17 11:13:34 2026: XCD main fifo: do_read error code: Operation canceled
Tue Mar 17 11:13:34 2026: XCD main fifo: bytes_transferred: 0
Tue Mar 17 11:13:34 2026: SERVER: destructor for server bound to port 26037
Tue Mar 17 11:13:34 2026: XCD main fifo: Good unlink of /tmp/xcdmain905178c7-e2c7-499f-a74a-33185722a81d
Tue Mar 17 11:13:34 2026: Server exiting with status 0.
Tue Mar 17 11:13:34 2026: Closing log file.
