INFO: [v++ 60-1548] Creating build summary session with primary output /scratch/tsussman/standard_vector_add_hls_component/vector_add/vector_add.hlscompile_summary, at Fri Mar 27 12:52:31 2026
INFO: [v++ 82-31] Launching vitis_hls: vitis_hls -nolog -run csynth -work_dir /scratch/tsussman/standard_vector_add_hls_component/vector_add -config /scratch/tsussman/standard_vector_add_hls_component/standard_vector_add_hls_config.cfg -cmdlineconfig /scratch/tsussman/standard_vector_add_hls_component/vector_add/hls/config.cmdline
INFO: [HLS 200-10] For user 'tsussman' on host 'login04.hep.wisc.edu' (Linux_x86_64 version 6.1.166-1.el9.elrepo.x86_64) on Fri Mar 27 12:52:39 CDT 2026
INFO: [HLS 200-10] On os "AlmaLinux release 9.7 (Moss Jungle Cat)"
INFO: [HLS 200-10] In directory '/scratch/tsussman/standard_vector_add_hls_component'
INFO: [HLS 200-2005] Using work_dir /scratch/tsussman/standard_vector_add_hls_component/vector_add 
INFO: [HLS 200-1505] Using default flow_target 'vivado'
Resolution: For help on HLS 200-1505 see docs.xilinx.com/access/sources/dita/topic?Doc_Version=2024.1%20English&url=ug1448-hls-guidance&resourceid=200-1505.html
INFO: [HLS 200-1465] Applying ini 'syn.file=/scratch/tsussman/homework2/standard_vector_add.cpp' from /scratch/tsussman/standard_vector_add_hls_component/standard_vector_add_hls_config.cfg(8)
INFO: [HLS 200-10] Adding design file '/scratch/tsussman/homework2/standard_vector_add.cpp' to the project
INFO: [HLS 200-1465] Applying ini 'tb.file=/scratch/tsussman/homework2/standard_vector_add_tb.cpp' from /scratch/tsussman/standard_vector_add_hls_component/standard_vector_add_hls_config.cfg(9)
INFO: [HLS 200-10] Adding test bench file '/scratch/tsussman/homework2/standard_vector_add_tb.cpp' to the project
INFO: [HLS 200-1465] Applying ini 'syn.top=vector_add' from /scratch/tsussman/standard_vector_add_hls_component/standard_vector_add_hls_config.cfg(7)
INFO: [HLS 200-1465] Applying ini 'flow_target=vivado' from /scratch/tsussman/standard_vector_add_hls_component/standard_vector_add_hls_config.cfg(4)
INFO: [HLS 200-1505] Using flow_target 'vivado'
Resolution: For help on HLS 200-1505 see docs.xilinx.com/access/sources/dita/topic?Doc_Version=2024.1%20English&url=ug1448-hls-guidance&resourceid=200-1505.html
INFO: [HLS 200-1465] Applying ini 'part=xcvu13p-fsga2577-2-e' from /scratch/tsussman/standard_vector_add_hls_component/standard_vector_add_hls_config.cfg(1)
INFO: [HLS 200-1611] Setting target device to 'xcvu13p-fsga2577-2-e'
INFO: [HLS 200-1465] Applying ini 'clock=25ns' from /scratch/tsussman/standard_vector_add_hls_component/standard_vector_add_hls_config.cfg(10)
INFO: [SYN 201-201] Setting up clock 'default' with a period of 25ns.
INFO: [HLS 200-1465] Applying ini 'package.output.format=ip_catalog' from /scratch/tsussman/standard_vector_add_hls_component/standard_vector_add_hls_config.cfg(5)
INFO: [HLS 200-111] Finished File checks and directory preparation: CPU user time: 6.86 seconds. CPU system time: 0.95 seconds. Elapsed time: 7.46 seconds; current allocated memory: 290.395 MB.
INFO: [HLS 200-10] Analyzing design file '../homework2/standard_vector_add.cpp' ... 
INFO: [HLS 200-111] Finished Source Code Analysis and Preprocessing: CPU user time: 3.38 seconds. CPU system time: 1.08 seconds. Elapsed time: 4.48 seconds; current allocated memory: 292.012 MB.
INFO: [HLS 200-777] Using interface defaults for 'Vivado' flow target.
INFO: [HLS 200-1995] There were 20 instructions in the design after the 'Compile/Link' phase of compilation. See the Design Size Report for more details: /scratch/tsussman/standard_vector_add_hls_component/vector_add/hls/syn/report/csynth_design_size.rpt
INFO: [HLS 200-1995] There were 18 instructions in the design after the 'Unroll/Inline (step 1)' phase of compilation. See the Design Size Report for more details: /scratch/tsussman/standard_vector_add_hls_component/vector_add/hls/syn/report/csynth_design_size.rpt
INFO: [HLS 200-1995] There were 14 instructions in the design after the 'Unroll/Inline (step 2)' phase of compilation. See the Design Size Report for more details: /scratch/tsussman/standard_vector_add_hls_component/vector_add/hls/syn/report/csynth_design_size.rpt
INFO: [HLS 200-1995] There were 13 instructions in the design after the 'Unroll/Inline (step 3)' phase of compilation. See the Design Size Report for more details: /scratch/tsussman/standard_vector_add_hls_component/vector_add/hls/syn/report/csynth_design_size.rpt
INFO: [HLS 200-1995] There were 13 instructions in the design after the 'Unroll/Inline (step 4)' phase of compilation. See the Design Size Report for more details: /scratch/tsussman/standard_vector_add_hls_component/vector_add/hls/syn/report/csynth_design_size.rpt
INFO: [HLS 200-1995] There were 13 instructions in the design after the 'Array/Struct (step 1)' phase of compilation. See the Design Size Report for more details: /scratch/tsussman/standard_vector_add_hls_component/vector_add/hls/syn/report/csynth_design_size.rpt
INFO: [HLS 200-1995] There were 13 instructions in the design after the 'Array/Struct (step 2)' phase of compilation. See the Design Size Report for more details: /scratch/tsussman/standard_vector_add_hls_component/vector_add/hls/syn/report/csynth_design_size.rpt
INFO: [HLS 200-1995] There were 13 instructions in the design after the 'Array/Struct (step 3)' phase of compilation. See the Design Size Report for more details: /scratch/tsussman/standard_vector_add_hls_component/vector_add/hls/syn/report/csynth_design_size.rpt
INFO: [HLS 200-1995] There were 13 instructions in the design after the 'Array/Struct (step 4)' phase of compilation. See the Design Size Report for more details: /scratch/tsussman/standard_vector_add_hls_component/vector_add/hls/syn/report/csynth_design_size.rpt
INFO: [HLS 200-1995] There were 13 instructions in the design after the 'Array/Struct (step 5)' phase of compilation. See the Design Size Report for more details: /scratch/tsussman/standard_vector_add_hls_component/vector_add/hls/syn/report/csynth_design_size.rpt
INFO: [HLS 200-1995] There were 13 instructions in the design after the 'Performance (step 1)' phase of compilation. See the Design Size Report for more details: /scratch/tsussman/standard_vector_add_hls_component/vector_add/hls/syn/report/csynth_design_size.rpt
INFO: [HLS 200-1995] There were 13 instructions in the design after the 'Performance (step 2)' phase of compilation. See the Design Size Report for more details: /scratch/tsussman/standard_vector_add_hls_component/vector_add/hls/syn/report/csynth_design_size.rpt
INFO: [HLS 200-1995] There were 13 instructions in the design after the 'Performance (step 3)' phase of compilation. See the Design Size Report for more details: /scratch/tsussman/standard_vector_add_hls_component/vector_add/hls/syn/report/csynth_design_size.rpt
INFO: [HLS 200-1995] There were 13 instructions in the design after the 'Performance (step 4)' phase of compilation. See the Design Size Report for more details: /scratch/tsussman/standard_vector_add_hls_component/vector_add/hls/syn/report/csynth_design_size.rpt
INFO: [HLS 200-1995] There were 19 instructions in the design after the 'HW Transforms (step 1)' phase of compilation. See the Design Size Report for more details: /scratch/tsussman/standard_vector_add_hls_component/vector_add/hls/syn/report/csynth_design_size.rpt
INFO: [HLS 200-1995] There were 24 instructions in the design after the 'HW Transforms (step 2)' phase of compilation. See the Design Size Report for more details: /scratch/tsussman/standard_vector_add_hls_component/vector_add/hls/syn/report/csynth_design_size.rpt
INFO: [HLS 214-376] automatically set the pipeline for Loop< VITIS_LOOP_6_1> at ../homework2/standard_vector_add.cpp:6:21 
INFO: [HLS 200-111] Finished Compiling Optimization and Transform: CPU user time: 3.78 seconds. CPU system time: 0.75 seconds. Elapsed time: 8.89 seconds; current allocated memory: 293.680 MB.
INFO: [HLS 200-111] Finished Checking Pragmas: CPU user time: 0.01 seconds. CPU system time: 0 seconds. Elapsed time: 0 seconds; current allocated memory: 293.680 MB.
INFO: [HLS 200-10] Starting code transformations ...
INFO: [HLS 200-111] Finished Standard Transforms: CPU user time: 0.02 seconds. CPU system time: 0 seconds. Elapsed time: 0.02 seconds; current allocated memory: 293.906 MB.
INFO: [HLS 200-10] Checking synthesizability ...
INFO: [HLS 200-111] Finished Checking Synthesizability: CPU user time: 0.02 seconds. CPU system time: 0 seconds. Elapsed time: 0.03 seconds; current allocated memory: 294.727 MB.
INFO: [HLS 200-111] Finished Loop, function and other optimizations: CPU user time: 0.06 seconds. CPU system time: 0.01 seconds. Elapsed time: 0.07 seconds; current allocated memory: 317.324 MB.
INFO: [HLS 200-111] Finished Architecture Synthesis: CPU user time: 0.04 seconds. CPU system time: 0 seconds. Elapsed time: 0.06 seconds; current allocated memory: 317.324 MB.
INFO: [HLS 200-10] Starting hardware synthesis ...
INFO: [HLS 200-10] Synthesizing 'vector_add' ...
INFO: [HLS 200-10] ----------------------------------------------------------------
INFO: [HLS 200-42] -- Implementing module 'vector_add' 
INFO: [HLS 200-10] ----------------------------------------------------------------
INFO: [SCHED 204-11] Starting scheduling ...
INFO: [SCHED 204-61] Pipelining loop 'VITIS_LOOP_6_1'.
INFO: [HLS 200-1470] Pipelining result : Target II = NA, Final II = 1, Depth = 2, loop 'VITIS_LOOP_6_1'
INFO: [SCHED 204-11] Finished scheduling.
INFO: [HLS 200-111] Finished Scheduling: CPU user time: 0.08 seconds. CPU system time: 0.04 seconds. Elapsed time: 0.12 seconds; current allocated memory: 317.324 MB.
INFO: [BIND 205-100] Starting micro-architecture generation ...
INFO: [BIND 205-101] Performing variable lifetime analysis.
INFO: [BIND 205-101] Exploring resource sharing.
INFO: [BIND 205-101] Binding ...
INFO: [BIND 205-100] Finished micro-architecture generation.
INFO: [HLS 200-111] Finished Binding: CPU user time: 0.03 seconds. CPU system time: 0 seconds. Elapsed time: 0.02 seconds; current allocated memory: 317.324 MB.
INFO: [HLS 200-10] ----------------------------------------------------------------
INFO: [HLS 200-10] -- Generating RTL for module 'vector_add' 
INFO: [HLS 200-10] ----------------------------------------------------------------
INFO: [RTGEN 206-500] Setting interface mode on port 'vector_add/a' to 'ap_memory'.
INFO: [RTGEN 206-500] Setting interface mode on port 'vector_add/b' to 'ap_memory'.
INFO: [RTGEN 206-500] Setting interface mode on port 'vector_add/c' to 'ap_memory'.
INFO: [RTGEN 206-500] Setting interface mode on function 'vector_add' to 'ap_ctrl_hs'.
INFO: [HLS 200-1030] Apply Unified Pipeline Control on module 'vector_add' pipeline 'VITIS_LOOP_6_1' pipeline type 'loop pipeline'
INFO: [RTGEN 206-100] Finished creating RTL model for 'vector_add'.
INFO: [HLS 200-111] Finished Creating RTL model: CPU user time: 0.03 seconds. CPU system time: 0 seconds. Elapsed time: 0.04 seconds; current allocated memory: 317.324 MB.
INFO: [HLS 200-111] Finished Generating all RTL models: CPU user time: 0.28 seconds. CPU system time: 0.03 seconds. Elapsed time: 0.3 seconds; current allocated memory: 317.324 MB.
INFO: [HLS 200-111] Finished Updating report files: CPU user time: 0.43 seconds. CPU system time: 0.05 seconds. Elapsed time: 0.49 seconds; current allocated memory: 317.324 MB.
INFO: [VHDL 208-304] Generating VHDL RTL for vector_add.
INFO: [VLOG 209-307] Generating Verilog RTL for vector_add.
INFO: [HLS 200-790] **** Loop Constraint Status: All loop constraints were satisfied.
INFO: [HLS 200-789] **** Estimated Fmax: 438.98 MHz
INFO: [HLS 200-112] Total CPU user time: 15.03 seconds. Total CPU system time: 2.93 seconds. Total elapsed time: 22.01 seconds; peak allocated memory: 317.324 MB.
INFO: [v++ 60-791] Total elapsed time: 0h 0m 27s
