

================================================================
== Vitis HLS Report for 'bubbleSort_Pipeline_VITIS_LOOP_16_2'
================================================================
* Date:           Fri Mar 27 13:37:44 2026

* Version:        2024.1 (Build 5069499 on May 21 2024)
* Project:        bubbleSort
* Solution:       hls (Vivado IP Flow Target)
* Product family: virtexuplus
* Target device:  xcvu13p-fsga2577-2-e


================================================================
== Performance Estimates
================================================================
+ Timing: 
    * Summary: 
    +--------+----------+----------+------------+
    |  Clock |  Target  | Estimated| Uncertainty|
    +--------+----------+----------+------------+
    |ap_clk  |  25.00 ns|  2.278 ns|     6.75 ns|
    +--------+----------+----------+------------+

+ Latency: 
    * Summary: 
    +---------+---------+----------+----------+-----+-----+-----------------------------------------------+
    |  Latency (cycles) |  Latency (absolute) |  Interval |                    Pipeline                   |
    |   min   |   max   |    min   |    max   | min | max |                      Type                     |
    +---------+---------+----------+----------+-----+-----+-----------------------------------------------+
    |        4|       32|  0.100 us|  0.800 us|    3|   31|  loop auto-rewind stp(delay=0 clock cycles(s))|
    +---------+---------+----------+----------+-----+-----+-----------------------------------------------+

    + Detail: 
        * Instance: 
        N/A

        * Loop: 
        +-------------------+---------+---------+----------+-----------+-----------+--------+----------+
        |                   |  Latency (cycles) | Iteration|  Initiation Interval  |  Trip  |          |
        |     Loop Name     |   min   |   max   |  Latency |  achieved |   target  |  Count | Pipelined|
        +-------------------+---------+---------+----------+-----------+-----------+--------+----------+
        |- VITIS_LOOP_16_2  |        2|       30|         2|          2|          2|  1 ~ 15|       yes|
        +-------------------+---------+---------+----------+-----------+-----------+--------+----------+



================================================================
== Utilization Estimates
================================================================
* Summary: 
+---------------------+---------+-------+---------+---------+------+
|         Name        | BRAM_18K|  DSP  |    FF   |   LUT   | URAM |
+---------------------+---------+-------+---------+---------+------+
|DSP                  |        -|      -|        -|        -|     -|
|Expression           |        -|      -|        0|       63|     -|
|FIFO                 |        -|      -|        -|        -|     -|
|Instance             |        -|      -|        -|        -|     -|
|Memory               |        -|      -|        -|        -|     -|
|Multiplexer          |        -|      -|        0|       69|     -|
|Register             |        -|      -|       19|        -|     -|
+---------------------+---------+-------+---------+---------+------+
|Total                |        0|      0|       19|      132|     0|
+---------------------+---------+-------+---------+---------+------+
|Available SLR        |     1344|   3072|   864000|   432000|   320|
+---------------------+---------+-------+---------+---------+------+
|Utilization SLR (%)  |        0|      0|       ~0|       ~0|     0|
+---------------------+---------+-------+---------+---------+------+
|Available            |     5376|  12288|  3456000|  1728000|  1280|
+---------------------+---------+-------+---------+---------+------+
|Utilization (%)      |        0|      0|       ~0|       ~0|     0|
+---------------------+---------+-------+---------+---------+------+

+ Detail: 
    * Instance: 
    N/A

    * DSP: 
    N/A

    * Memory: 
    N/A

    * FIFO: 
    N/A

    * Expression: 
    +---------------------+----------+----+---+----+------------+------------+
    |    Variable Name    | Operation| DSP| FF| LUT| Bitwidth P0| Bitwidth P1|
    +---------------------+----------+----+---+----+------------+------------+
    |add_ln19_fu_91_p2    |         +|   0|  0|  12|           4|           1|
    |icmp_ln16_fu_85_p2   |      icmp|   0|  0|  12|           4|           4|
    |icmp_ln19_fu_107_p2  |      icmp|   0|  0|  39|          32|          32|
    +---------------------+----------+----+---+----+------------+------------+
    |Total                |          |   0|  0|  63|          40|          37|
    +---------------------+----------+----+---+----+------------+------------+

    * Multiplexer: 
    +----------------------+----+-----------+-----+-----------+
    |         Name         | LUT| Input Size| Bits| Total Bits|
    +----------------------+----+-----------+-----+-----------+
    |ap_NS_fsm             |  14|          3|    1|          3|
    |ap_done_int           |   9|          2|    1|          2|
    |ap_sig_allocacmp_j_1  |   9|          2|    4|          8|
    |arr_address0_local    |  14|          3|    4|         12|
    |arr_address1_local    |  14|          3|    4|         12|
    |j_fu_40               |   9|          2|    4|          8|
    +----------------------+----+-----------+-----+-----------+
    |Total                 |  69|         15|   18|         45|
    +----------------------+----+-----------+-----+-----------+

    * Register: 
    +--------------------+---+----+-----+-----------+
    |        Name        | FF| LUT| Bits| Const Bits|
    +--------------------+---+----+-----+-----------+
    |add_ln19_reg_127    |  4|   0|    4|          0|
    |ap_CS_fsm           |  2|   0|    2|          0|
    |ap_done_reg         |  1|   0|    1|          0|
    |arr_addr_1_reg_137  |  4|   0|    4|          0|
    |arr_addr_reg_132    |  4|   0|    4|          0|
    |j_fu_40             |  4|   0|    4|          0|
    +--------------------+---+----+-----+-----------+
    |Total               | 19|   0|   19|          0|
    +--------------------+---+----+-----+-----------+



================================================================
== Interface
================================================================
* Summary: 
+--------------+-----+-----+------------+-------------------------------------+--------------+
|   RTL Ports  | Dir | Bits|  Protocol  |            Source Object            |    C Type    |
+--------------+-----+-----+------------+-------------------------------------+--------------+
|ap_clk        |   in|    1|  ap_ctrl_hs|  bubbleSort_Pipeline_VITIS_LOOP_16_2|  return value|
|ap_rst        |   in|    1|  ap_ctrl_hs|  bubbleSort_Pipeline_VITIS_LOOP_16_2|  return value|
|ap_start      |   in|    1|  ap_ctrl_hs|  bubbleSort_Pipeline_VITIS_LOOP_16_2|  return value|
|ap_done       |  out|    1|  ap_ctrl_hs|  bubbleSort_Pipeline_VITIS_LOOP_16_2|  return value|
|ap_idle       |  out|    1|  ap_ctrl_hs|  bubbleSort_Pipeline_VITIS_LOOP_16_2|  return value|
|ap_ready      |  out|    1|  ap_ctrl_hs|  bubbleSort_Pipeline_VITIS_LOOP_16_2|  return value|
|indvars_iv6   |   in|    4|     ap_none|                          indvars_iv6|        scalar|
|arr_address0  |  out|    4|   ap_memory|                                  arr|         array|
|arr_ce0       |  out|    1|   ap_memory|                                  arr|         array|
|arr_we0       |  out|    1|   ap_memory|                                  arr|         array|
|arr_d0        |  out|   32|   ap_memory|                                  arr|         array|
|arr_q0        |   in|   32|   ap_memory|                                  arr|         array|
|arr_address1  |  out|    4|   ap_memory|                                  arr|         array|
|arr_ce1       |  out|    1|   ap_memory|                                  arr|         array|
|arr_we1       |  out|    1|   ap_memory|                                  arr|         array|
|arr_d1        |  out|   32|   ap_memory|                                  arr|         array|
|arr_q1        |   in|   32|   ap_memory|                                  arr|         array|
+--------------+-----+-----+------------+-------------------------------------+--------------+

