

================================================================
== Vitis HLS Report for 'matrix_add'
================================================================
* Date:           Tue Mar 17 11:03:18 2026

* Version:        2024.1 (Build 5069499 on May 21 2024)
* Project:        matrix_add
* Solution:       hls (Vivado IP Flow Target)
* Product family: virtexuplus
* Target device:  xcvu9p-flga2104-2-i


================================================================
== Performance Estimates
================================================================
+ Timing: 
    * Summary: 
    +--------+----------+----------+------------+
    |  Clock |  Target  | Estimated| Uncertainty|
    +--------+----------+----------+------------+
    |ap_clk  |  10.00 ns|  2.769 ns|     2.70 ns|
    +--------+----------+----------+------------+

+ Latency: 
    * Summary: 
    +---------+---------+----------+----------+-----+-----+-----------------------------------------------+
    |  Latency (cycles) |  Latency (absolute) |  Interval |                    Pipeline                   |
    |   min   |   max   |    min   |    max   | min | max |                      Type                     |
    +---------+---------+----------+----------+-----+-----+-----------------------------------------------+
    |      102|      102|  1.020 us|  1.020 us|  100|  100|  loop auto-rewind stp(delay=0 clock cycles(s))|
    +---------+---------+----------+----------+-----+-----+-----------------------------------------------+

    + Detail: 
        * Instance: 
        N/A

        * Loop: 
        +---------------------------------+---------+---------+----------+-----------+-----------+------+----------+
        |                                 |  Latency (cycles) | Iteration|  Initiation Interval  | Trip |          |
        |            Loop Name            |   min   |   max   |  Latency |  achieved |   target  | Count| Pipelined|
        +---------------------------------+---------+---------+----------+-----------+-----------+------+----------+
        |- VITIS_LOOP_6_1_VITIS_LOOP_7_2  |      100|      100|         2|          1|          1|   100|       yes|
        +---------------------------------+---------+---------+----------+-----------+-----------+------+----------+

============================================================
+ Verbose Summary: Synthesis Manager
============================================================
InlineROM: 1
ExposeGlobal: 0
============================================================
+ Verbose Summary: CDFG Model
============================================================
IsTopModel: 1
ResetActiveHigh: 1
IsCombinational: 0
IsDatapathOnly: 0
HasWiredReturn: 1
HasMFsm: 2
HasVarLatency: 1
IsPipeline: 0
IsRtlPipelined: 0
IsInstanceOverlapped: 0
IsDontTouch: 0
HasImplIP: 0
IsGatedGlobalClock: 0

+ Individual pipeline summary: 
  * Pipeline-0: initiation interval (II) = 1, depth = 2


============================================================
+ Verbose Summary: Schedule
============================================================
* Number of FSM states : 2
* Pipeline : 1
  Pipeline-0 : II = 1, D = 2, States = { 1 2 }
* Dataflow Pipeline: 0

* FSM state transitions: 
1 --> 2 
2 --> 

* FSM state operations: 

State 1 <SV = 0> <Delay = 2.76>
ST_1 : Operation 5 [1/1] (0.00ns)   --->   "%indvar_flatten1 = alloca i32 1"   --->   Operation 5 'alloca' 'indvar_flatten1' <Predicate = true> <Delay = 0.00>
ST_1 : Operation 6 [1/1] (0.00ns)   --->   "%i2 = alloca i32 1"   --->   Operation 6 'alloca' 'i2' <Predicate = true> <Delay = 0.00>
ST_1 : Operation 7 [1/1] (0.00ns)   --->   "%j3 = alloca i32 1"   --->   Operation 7 'alloca' 'j3' <Predicate = true> <Delay = 0.00>
ST_1 : Operation 8 [1/1] (0.00ns)   --->   "%spectopmodule_ln4 = spectopmodule void @_ssdm_op_SpecTopModule, void @empty_1" [../matrix_add.cpp:4]   --->   Operation 8 'spectopmodule' 'spectopmodule_ln4' <Predicate = true> <Delay = 0.00>
ST_1 : Operation 9 [1/1] (0.00ns)   --->   "%specinterface_ln0 = specinterface void @_ssdm_op_SpecInterface, i32 %A, void @empty, i32 0, i32 0, void @empty_0, i32 4294967295, i32 0, void @empty_0, void @empty_0, void @empty_0, i32 0, i32 0, i32 0, i32 0, void @empty_0, void @empty_0, i32 4294967295, i32 0, i32 0"   --->   Operation 9 'specinterface' 'specinterface_ln0' <Predicate = true> <Delay = 0.00>
ST_1 : Operation 10 [1/1] (0.00ns)   --->   "%specbitsmap_ln0 = specbitsmap void @_ssdm_op_SpecBitsMap, i32 %A"   --->   Operation 10 'specbitsmap' 'specbitsmap_ln0' <Predicate = true> <Delay = 0.00>
ST_1 : Operation 11 [1/1] (0.00ns)   --->   "%specinterface_ln0 = specinterface void @_ssdm_op_SpecInterface, i32 %B, void @empty, i32 0, i32 0, void @empty_0, i32 4294967295, i32 0, void @empty_0, void @empty_0, void @empty_0, i32 0, i32 0, i32 0, i32 0, void @empty_0, void @empty_0, i32 4294967295, i32 0, i32 0"   --->   Operation 11 'specinterface' 'specinterface_ln0' <Predicate = true> <Delay = 0.00>
ST_1 : Operation 12 [1/1] (0.00ns)   --->   "%specbitsmap_ln0 = specbitsmap void @_ssdm_op_SpecBitsMap, i32 %B"   --->   Operation 12 'specbitsmap' 'specbitsmap_ln0' <Predicate = true> <Delay = 0.00>
ST_1 : Operation 13 [1/1] (0.00ns)   --->   "%specinterface_ln0 = specinterface void @_ssdm_op_SpecInterface, i32 %C, void @empty, i32 0, i32 0, void @empty_0, i32 4294967295, i32 0, void @empty_0, void @empty_0, void @empty_0, i32 0, i32 0, i32 0, i32 0, void @empty_0, void @empty_0, i32 4294967295, i32 0, i32 0"   --->   Operation 13 'specinterface' 'specinterface_ln0' <Predicate = true> <Delay = 0.00>
ST_1 : Operation 14 [1/1] (0.00ns)   --->   "%specbitsmap_ln0 = specbitsmap void @_ssdm_op_SpecBitsMap, i32 %C"   --->   Operation 14 'specbitsmap' 'specbitsmap_ln0' <Predicate = true> <Delay = 0.00>
ST_1 : Operation 15 [1/1] (0.38ns)   --->   "%store_ln0 = store i4 0, i4 %j3"   --->   Operation 15 'store' 'store_ln0' <Predicate = true> <Delay = 0.38>
ST_1 : Operation 16 [1/1] (0.38ns)   --->   "%store_ln0 = store i4 0, i4 %i2"   --->   Operation 16 'store' 'store_ln0' <Predicate = true> <Delay = 0.38>
ST_1 : Operation 17 [1/1] (0.38ns)   --->   "%store_ln0 = store i7 0, i7 %indvar_flatten1"   --->   Operation 17 'store' 'store_ln0' <Predicate = true> <Delay = 0.38>
ST_1 : Operation 18 [1/1] (0.38ns)   --->   "%br_ln0 = br void %for.inc15"   --->   Operation 18 'br' 'br_ln0' <Predicate = true> <Delay = 0.38>
ST_1 : Operation 19 [1/1] (0.00ns)   --->   "%icmp_ln74 = phi i1 0, void %entry, i1 %icmp_ln7, void %for.inc15" [../matrix_add.cpp:7]   --->   Operation 19 'phi' 'icmp_ln74' <Predicate = true> <Delay = 0.00>
ST_1 : Operation 20 [1/1] (0.00ns)   --->   "%indvar_flatten1_load = load i7 %indvar_flatten1" [../matrix_add.cpp:6]   --->   Operation 20 'load' 'indvar_flatten1_load' <Predicate = true> <Delay = 0.00>
ST_1 : Operation 21 [1/1] (0.00ns)   --->   "%i2_load = load i4 %i2" [../matrix_add.cpp:6]   --->   Operation 21 'load' 'i2_load' <Predicate = true> <Delay = 0.00>
ST_1 : Operation 22 [1/1] (0.00ns)   --->   "%j3_load = load i4 %j3" [../matrix_add.cpp:6]   --->   Operation 22 'load' 'j3_load' <Predicate = true> <Delay = 0.00>
ST_1 : Operation 23 [1/1] (0.70ns)   --->   "%add_ln6 = add i4 %i2_load, i4 1" [../matrix_add.cpp:6]   --->   Operation 23 'add' 'add_ln6' <Predicate = true> <Delay = 0.70> <CoreInst = "Adder">   --->   Core 1 'Adder' <Latency = 0> <II = 1> <Delay = 0.70> <FuncUnit> <Opcode : 'add' 'sub'> <InPorts = 2> <OutPorts = 1>
ST_1 : Operation 24 [1/1] (0.35ns)   --->   "%select_ln6 = select i1 %icmp_ln74, i4 0, i4 %j3_load" [../matrix_add.cpp:6]   --->   Operation 24 'select' 'select_ln6' <Predicate = true> <Delay = 0.35> <CoreInst = "Sel">   --->   Core 73 'Sel' <Latency = 0> <II = 1> <Delay = 0.35> <FuncUnit> <Opcode : 'select'> <InPorts = 3> <OutPorts = 1>
ST_1 : Operation 25 [1/1] (0.35ns)   --->   "%i = select i1 %icmp_ln74, i4 %add_ln6, i4 %i2_load" [../matrix_add.cpp:6]   --->   Operation 25 'select' 'i' <Predicate = true> <Delay = 0.35> <CoreInst = "Sel">   --->   Core 73 'Sel' <Latency = 0> <II = 1> <Delay = 0.35> <FuncUnit> <Opcode : 'select'> <InPorts = 3> <OutPorts = 1>
ST_1 : Operation 26 [1/1] (0.00ns)   --->   "%tmp = bitconcatenate i7 @_ssdm_op_BitConcatenate.i7.i4.i3, i4 %i, i3 0" [../matrix_add.cpp:8]   --->   Operation 26 'bitconcatenate' 'tmp' <Predicate = true> <Delay = 0.00>
ST_1 : Operation 27 [1/1] (0.00ns)   --->   "%tmp_1 = bitconcatenate i5 @_ssdm_op_BitConcatenate.i5.i4.i1, i4 %i, i1 0" [../matrix_add.cpp:8]   --->   Operation 27 'bitconcatenate' 'tmp_1' <Predicate = true> <Delay = 0.00>
ST_1 : Operation 28 [1/1] (0.00ns)   --->   "%zext_ln7 = zext i5 %tmp_1" [../matrix_add.cpp:7]   --->   Operation 28 'zext' 'zext_ln7' <Predicate = true> <Delay = 0.00>
ST_1 : Operation 29 [1/1] (0.00ns) (grouped into TernaryAdder)   --->   "%add_ln7_1 = add i7 %tmp, i7 %zext_ln7" [../matrix_add.cpp:7]   --->   Operation 29 'add' 'add_ln7_1' <Predicate = true> <Delay = 0.00> <CoreInst = "TAddSub">   --->   Core 10 'TAddSub' <Latency = 0> <II = 1> <Delay = 0.36> <IPBlock> <Opcode : '' 'add' 'sub'> <InPorts = 3> <OutPorts = 1> <Sync> <CReg>
ST_1 : Operation 30 [1/1] (0.00ns)   --->   "%zext_ln8 = zext i4 %select_ln6" [../matrix_add.cpp:8]   --->   Operation 30 'zext' 'zext_ln8' <Predicate = true> <Delay = 0.00>
ST_1 : Operation 31 [1/1] (0.72ns) (root node of TernaryAdder)   --->   "%add_ln8_1 = add i7 %add_ln7_1, i7 %zext_ln8" [../matrix_add.cpp:8]   --->   Operation 31 'add' 'add_ln8_1' <Predicate = true> <Delay = 0.72> <CoreInst = "TAddSub">   --->   Core 10 'TAddSub' <Latency = 0> <II = 1> <Delay = 0.36> <IPBlock> <Opcode : '' 'add' 'sub'> <InPorts = 3> <OutPorts = 1> <Sync> <CReg>
ST_1 : Operation 32 [1/1] (0.00ns)   --->   "%zext_ln8_1 = zext i7 %add_ln8_1" [../matrix_add.cpp:8]   --->   Operation 32 'zext' 'zext_ln8_1' <Predicate = true> <Delay = 0.00>
ST_1 : Operation 33 [1/1] (0.00ns)   --->   "%A_addr = getelementptr i32 %A, i64 0, i64 %zext_ln8_1" [../matrix_add.cpp:8]   --->   Operation 33 'getelementptr' 'A_addr' <Predicate = true> <Delay = 0.00>
ST_1 : Operation 34 [1/1] (0.00ns)   --->   "%B_addr = getelementptr i32 %B, i64 0, i64 %zext_ln8_1" [../matrix_add.cpp:8]   --->   Operation 34 'getelementptr' 'B_addr' <Predicate = true> <Delay = 0.00>
ST_1 : Operation 35 [2/2] (0.60ns)   --->   "%A_load = load i7 %A_addr" [../matrix_add.cpp:8]   --->   Operation 35 'load' 'A_load' <Predicate = true> <Delay = 0.60> <CoreInst = "RAM">   --->   Core 82 'RAM' <Latency = 1> <II = 1> <Delay = 0.60> <Storage> <Opcode : 'load' 'store'> <Ports = 2> <Width = 32> <Depth = 100> <RAM>
ST_1 : Operation 36 [2/2] (0.60ns)   --->   "%B_load = load i7 %B_addr" [../matrix_add.cpp:8]   --->   Operation 36 'load' 'B_load' <Predicate = true> <Delay = 0.60> <CoreInst = "RAM">   --->   Core 82 'RAM' <Latency = 1> <II = 1> <Delay = 0.60> <Storage> <Opcode : 'load' 'store'> <Ports = 2> <Width = 32> <Depth = 100> <RAM>
ST_1 : Operation 37 [1/1] (0.70ns)   --->   "%j = add i4 %select_ln6, i4 1" [../matrix_add.cpp:7]   --->   Operation 37 'add' 'j' <Predicate = true> <Delay = 0.70> <CoreInst = "Adder">   --->   Core 1 'Adder' <Latency = 0> <II = 1> <Delay = 0.70> <FuncUnit> <Opcode : 'add' 'sub'> <InPorts = 2> <OutPorts = 1>
ST_1 : Operation 38 [1/1] (0.70ns)   --->   "%add_ln6_1 = add i7 %indvar_flatten1_load, i7 1" [../matrix_add.cpp:6]   --->   Operation 38 'add' 'add_ln6_1' <Predicate = true> <Delay = 0.70> <CoreInst = "Adder">   --->   Core 1 'Adder' <Latency = 0> <II = 1> <Delay = 0.70> <FuncUnit> <Opcode : 'add' 'sub'> <InPorts = 2> <OutPorts = 1>
ST_1 : Operation 39 [1/1] (0.70ns)   --->   "%icmp_ln7 = icmp_eq  i4 %j, i4 10" [../matrix_add.cpp:7]   --->   Operation 39 'icmp' 'icmp_ln7' <Predicate = true> <Delay = 0.70> <CoreInst = "Cmp">   --->   Core 9 'Cmp' <Latency = 0> <II = 1> <Delay = 0.70> <FuncUnit> <Opcode : 'seteq' 'setne' 'setle' 'setge' 'setlt' 'setgt'> <InPorts = 2> <OutPorts = 1>
ST_1 : Operation 40 [1/1] (0.70ns)   --->   "%icmp_ln6 = icmp_eq  i7 %indvar_flatten1_load, i7 99" [../matrix_add.cpp:6]   --->   Operation 40 'icmp' 'icmp_ln6' <Predicate = true> <Delay = 0.70> <CoreInst = "Cmp">   --->   Core 9 'Cmp' <Latency = 0> <II = 1> <Delay = 0.70> <FuncUnit> <Opcode : 'seteq' 'setne' 'setle' 'setge' 'setlt' 'setgt'> <InPorts = 2> <OutPorts = 1>
ST_1 : Operation 41 [1/1] (0.38ns)   --->   "%store_ln7 = store i4 %j, i4 %j3" [../matrix_add.cpp:7]   --->   Operation 41 'store' 'store_ln7' <Predicate = true> <Delay = 0.38>
ST_1 : Operation 42 [1/1] (0.38ns)   --->   "%store_ln6 = store i4 %i, i4 %i2" [../matrix_add.cpp:6]   --->   Operation 42 'store' 'store_ln6' <Predicate = true> <Delay = 0.38>
ST_1 : Operation 43 [1/1] (0.38ns)   --->   "%store_ln6 = store i7 %add_ln6_1, i7 %indvar_flatten1" [../matrix_add.cpp:6]   --->   Operation 43 'store' 'store_ln6' <Predicate = true> <Delay = 0.38>
ST_1 : Operation 44 [1/1] (0.00ns)   --->   "%br_ln6 = br i1 %icmp_ln6, void %for.inc15, void %for.end17" [../matrix_add.cpp:6]   --->   Operation 44 'br' 'br_ln6' <Predicate = true> <Delay = 0.00>

State 2 <SV = 1> <Delay = 2.08>
ST_2 : Operation 45 [1/1] (0.00ns)   --->   "%specloopname_ln0 = specloopname void @_ssdm_op_SpecLoopName, void @VITIS_LOOP_6_1_VITIS_LOOP_7_2_str"   --->   Operation 45 'specloopname' 'specloopname_ln0' <Predicate = true> <Delay = 0.00>
ST_2 : Operation 46 [1/1] (0.00ns)   --->   "%speclooptripcount_ln0 = speclooptripcount void @_ssdm_op_SpecLoopTripCount, i64 100, i64 100, i64 100"   --->   Operation 46 'speclooptripcount' 'speclooptripcount_ln0' <Predicate = true> <Delay = 0.00>
ST_2 : Operation 47 [1/1] (0.00ns)   --->   "%C_addr = getelementptr i32 %C, i64 0, i64 %zext_ln8_1" [../matrix_add.cpp:8]   --->   Operation 47 'getelementptr' 'C_addr' <Predicate = true> <Delay = 0.00>
ST_2 : Operation 48 [1/1] (0.00ns)   --->   "%specpipeline_ln7 = specpipeline void @_ssdm_op_SpecPipeline, i32 4294967295, i32 0, i32 0, i32 0, void @empty_0" [../matrix_add.cpp:7]   --->   Operation 48 'specpipeline' 'specpipeline_ln7' <Predicate = true> <Delay = 0.00>
ST_2 : Operation 49 [1/2] (0.60ns)   --->   "%A_load = load i7 %A_addr" [../matrix_add.cpp:8]   --->   Operation 49 'load' 'A_load' <Predicate = true> <Delay = 0.60> <CoreInst = "RAM">   --->   Core 82 'RAM' <Latency = 1> <II = 1> <Delay = 0.60> <Storage> <Opcode : 'load' 'store'> <Ports = 2> <Width = 32> <Depth = 100> <RAM>
ST_2 : Operation 50 [1/2] (0.60ns)   --->   "%B_load = load i7 %B_addr" [../matrix_add.cpp:8]   --->   Operation 50 'load' 'B_load' <Predicate = true> <Delay = 0.60> <CoreInst = "RAM">   --->   Core 82 'RAM' <Latency = 1> <II = 1> <Delay = 0.60> <Storage> <Opcode : 'load' 'store'> <Ports = 2> <Width = 32> <Depth = 100> <RAM>
ST_2 : Operation 51 [1/1] (0.88ns)   --->   "%add_ln8 = add i32 %B_load, i32 %A_load" [../matrix_add.cpp:8]   --->   Operation 51 'add' 'add_ln8' <Predicate = true> <Delay = 0.88> <CoreInst = "Adder">   --->   Core 1 'Adder' <Latency = 0> <II = 1> <Delay = 0.88> <FuncUnit> <Opcode : 'add' 'sub'> <InPorts = 2> <OutPorts = 1>
ST_2 : Operation 52 [1/1] (0.60ns)   --->   "%store_ln8 = store i32 %add_ln8, i7 %C_addr" [../matrix_add.cpp:8]   --->   Operation 52 'store' 'store_ln8' <Predicate = true> <Delay = 0.60> <CoreInst = "RAM">   --->   Core 82 'RAM' <Latency = 1> <II = 1> <Delay = 0.60> <Storage> <Opcode : 'load' 'store'> <Ports = 2> <Width = 32> <Depth = 100> <RAM>
ST_2 : Operation 53 [1/1] (0.38ns)   --->   "%ret_ln11 = ret" [../matrix_add.cpp:11]   --->   Operation 53 'ret' 'ret_ln11' <Predicate = (icmp_ln6)> <Delay = 0.38>


============================================================
+ Verbose Summary: Timing violations
============================================================
Target clock period: 10.000ns, clock uncertainty: 2.700ns.

 <State 1>: 2.769ns
The critical path consists of the following:
	'store' operation 0 bit ('store_ln0') of constant 0 on local variable 'i2' [15]  (0.387 ns)
	'load' operation 4 bit ('i2_load', ../matrix_add.cpp:6) on local variable 'i2' [21]  (0.000 ns)
	'add' operation 4 bit ('add_ln6', ../matrix_add.cpp:6) [23]  (0.708 ns)
	'select' operation 4 bit ('i', ../matrix_add.cpp:6) [27]  (0.351 ns)
	'add' operation 7 bit ('add_ln7_1', ../matrix_add.cpp:7) [31]  (0.000 ns)
	'add' operation 7 bit ('add_ln8_1', ../matrix_add.cpp:8) [33]  (0.723 ns)
	'getelementptr' operation 7 bit ('A_addr', ../matrix_add.cpp:8) [35]  (0.000 ns)
	'load' operation 32 bit ('A_load', ../matrix_add.cpp:8) on array 'A' [39]  (0.600 ns)

 <State 2>: 2.080ns
The critical path consists of the following:
	'load' operation 32 bit ('A_load', ../matrix_add.cpp:8) on array 'A' [39]  (0.600 ns)
	'add' operation 32 bit ('add_ln8', ../matrix_add.cpp:8) [41]  (0.880 ns)
	'store' operation 0 bit ('store_ln8', ../matrix_add.cpp:8) of variable 'add_ln8', ../matrix_add.cpp:8 on array 'C' [42]  (0.600 ns)


============================================================
+ Verbose Summary: Binding
============================================================
N/A
* FSMD analyzer results:
  - Output states:
 - Input state : 
  - Chain level:
	State 1
	State 2


============================================================
+ Verbose Summary: Datapath Resource usage 
============================================================
N/A
