

================================================================
== Vitis HLS Report for 'matrix_add'
================================================================
* Date:           Tue Mar 17 11:03:18 2026

* Version:        2024.1 (Build 5069499 on May 21 2024)
* Project:        matrix_add
* Solution:       hls (Vivado IP Flow Target)
* Product family: virtexuplus
* Target device:  xcvu9p-flga2104-2-i


================================================================
== Performance Estimates
================================================================
+ Timing: 
    * Summary: 
    +--------+----------+----------+------------+
    |  Clock |  Target  | Estimated| Uncertainty|
    +--------+----------+----------+------------+
    |ap_clk  |  10.00 ns|  2.769 ns|     2.70 ns|
    +--------+----------+----------+------------+

+ Latency: 
    * Summary: 
    +---------+---------+----------+----------+-----+-----+-----------------------------------------------+
    |  Latency (cycles) |  Latency (absolute) |  Interval |                    Pipeline                   |
    |   min   |   max   |    min   |    max   | min | max |                      Type                     |
    +---------+---------+----------+----------+-----+-----+-----------------------------------------------+
    |      102|      102|  1.020 us|  1.020 us|  100|  100|  loop auto-rewind stp(delay=0 clock cycles(s))|
    +---------+---------+----------+----------+-----+-----+-----------------------------------------------+

    + Detail: 
        * Instance: 
        N/A

        * Loop: 
        +---------------------------------+---------+---------+----------+-----------+-----------+------+----------+
        |                                 |  Latency (cycles) | Iteration|  Initiation Interval  | Trip |          |
        |            Loop Name            |   min   |   max   |  Latency |  achieved |   target  | Count| Pipelined|
        +---------------------------------+---------+---------+----------+-----------+-----------+------+----------+
        |- VITIS_LOOP_6_1_VITIS_LOOP_7_2  |      100|      100|         2|          1|          1|   100|       yes|
        +---------------------------------+---------+---------+----------+-----------+-----------+------+----------+

============================================================
+ Verbose Summary: Synthesis Manager
============================================================
InlineROM: 1
ExposeGlobal: 0
============================================================
+ Verbose Summary: CDFG Model
============================================================
IsTopModel: 1
ResetActiveHigh: 1
IsCombinational: 0
IsDatapathOnly: 0
HasWiredReturn: 1
HasMFsm: 2
HasVarLatency: 1
IsPipeline: 0
IsRtlPipelined: 0
IsInstanceOverlapped: 0
IsDontTouch: 0
HasImplIP: 0
IsGatedGlobalClock: 0

+ Individual pipeline summary: 
  * Pipeline-0: initiation interval (II) = 1, depth = 2


============================================================
+ Verbose Summary: Schedule
============================================================
* Number of FSM states : 2
* Pipeline : 1
  Pipeline-0 : II = 1, D = 2, States = { 1 2 }
* Dataflow Pipeline: 0

* FSM state transitions: 
1 --> 2 
2 --> 

* FSM state operations: 

State 1 <SV = 0> <Delay = 2.76>
ST_1 : Operation 5 [1/1] (0.00ns)   --->   "%indvar_flatten1 = alloca i32 1"   --->   Operation 5 'alloca' 'indvar_flatten1' <Predicate = true> <Delay = 0.00>
ST_1 : Operation 6 [1/1] (0.00ns)   --->   "%i2 = alloca i32 1"   --->   Operation 6 'alloca' 'i2' <Predicate = true> <Delay = 0.00>
ST_1 : Operation 7 [1/1] (0.00ns)   --->   "%j3 = alloca i32 1"   --->   Operation 7 'alloca' 'j3' <Predicate = true> <Delay = 0.00>
ST_1 : Operation 8 [1/1] (0.00ns)   --->   "%spectopmodule_ln4 = spectopmodule void @_ssdm_op_SpecTopModule, void @empty_1" [../matrix_add.cpp:4]   --->   Operation 8 'spectopmodule' 'spectopmodule_ln4' <Predicate = true> <Delay = 0.00>
ST_1 : Operation 9 [1/1] (0.00ns)   --->   "%specinterface_ln0 = specinterface void @_ssdm_op_SpecInterface, i32 %A, void @empty, i32 0, i32 0, void @empty_0, i32 4294967295, i32 0, void @empty_0, void @empty_0, void @empty_0, i32 0, i32 0, i32 0, i32 0, void @empty_0, void @empty_0, i32 4294967295, i32 0, i32 0"   --->   Operation 9 'specinterface' 'specinterface_ln0' <Predicate = true> <Delay = 0.00>
ST_1 : Operation 10 [1/1] (0.00ns)   --->   "%specbitsmap_ln0 = specbitsmap void @_ssdm_op_SpecBitsMap, i32 %A"   --->   Operation 10 'specbitsmap' 'specbitsmap_ln0' <Predicate = true> <Delay = 0.00>
ST_1 : Operation 11 [1/1] (0.00ns)   --->   "%specinterface_ln0 = specinterface void @_ssdm_op_SpecInterface, i32 %B, void @empty, i32 0, i32 0, void @empty_0, i32 4294967295, i32 0, void @empty_0, void @empty_0, void @empty_0, i32 0, i32 0, i32 0, i32 0, void @empty_0, void @empty_0, i32 4294967295, i32 0, i32 0"   --->   Operation 11 'specinterface' 'specinterface_ln0' <Predicate = true> <Delay = 0.00>
ST_1 : Operation 12 [1/1] (0.00ns)   --->   "%specbitsmap_ln0 = specbitsmap void @_ssdm_op_SpecBitsMap, i32 %B"   --->   Operation 12 'specbitsmap' 'specbitsmap_ln0' <Predicate = true> <Delay = 0.00>
ST_1 : Operation 13 [1/1] (0.00ns)   --->   "%specinterface_ln0 = specinterface void @_ssdm_op_SpecInterface, i32 %C, void @empty, i32 0, i32 0, void @empty_0, i32 4294967295, i32 0, void @empty_0, void @empty_0, void @empty_0, i32 0, i32 0, i32 0, i32 0, void @empty_0, void @empty_0, i32 4294967295, i32 0, i32 0"   --->   Operation 13 'specinterface' 'specinterface_ln0' <Predicate = true> <Delay = 0.00>
ST_1 : Operation 14 [1/1] (0.00ns)   --->   "%specbitsmap_ln0 = specbitsmap void @_ssdm_op_SpecBitsMap, i32 %C"   --->   Operation 14 'specbitsmap' 'specbitsmap_ln0' <Predicate = true> <Delay = 0.00>
ST_1 : Operation 15 [1/1] (0.38ns)   --->   "%store_ln0 = store i4 0, i4 %j3"   --->   Operation 15 'store' 'store_ln0' <Predicate = true> <Delay = 0.38>
ST_1 : Operation 16 [1/1] (0.38ns)   --->   "%store_ln0 = store i4 0, i4 %i2"   --->   Operation 16 'store' 'store_ln0' <Predicate = true> <Delay = 0.38>
ST_1 : Operation 17 [1/1] (0.38ns)   --->   "%store_ln0 = store i7 0, i7 %indvar_flatten1"   --->   Operation 17 'store' 'store_ln0' <Predicate = true> <Delay = 0.38>
ST_1 : Operation 18 [1/1] (0.38ns)   --->   "%br_ln0 = br void %for.inc15"   --->   Operation 18 'br' 'br_ln0' <Predicate = true> <Delay = 0.38>
ST_1 : Operation 19 [1/1] (0.00ns)   --->   "%icmp_ln74 = phi i1 0, void %entry, i1 %icmp_ln7, void %for.inc15" [../matrix_add.cpp:7]   --->   Operation 19 'phi' 'icmp_ln74' <Predicate = true> <Delay = 0.00>
ST_1 : Operation 20 [1/1] (0.00ns)   --->   "%indvar_flatten1_load = load i7 %indvar_flatten1" [../matrix_add.cpp:6]   --->   Operation 20 'load' 'indvar_flatten1_load' <Predicate = true> <Delay = 0.00>
ST_1 : Operation 21 [1/1] (0.00ns)   --->   "%i2_load = load i4 %i2" [../matrix_add.cpp:6]   --->   Operation 21 'load' 'i2_load' <Predicate = true> <Delay = 0.00>
ST_1 : Operation 22 [1/1] (0.00ns)   --->   "%j3_load = load i4 %j3" [../matrix_add.cpp:6]   --->   Operation 22 'load' 'j3_load' <Predicate = true> <Delay = 0.00>
ST_1 : Operation 23 [1/1] (0.70ns)   --->   "%add_ln6 = add i4 %i2_load, i4 1" [../matrix_add.cpp:6]   --->   Operation 23 'add' 'add_ln6' <Predicate = true> <Delay = 0.70> <CoreInst = "Adder">   --->   Core 1 'Adder' <Latency = 0> <II = 1> <Delay = 0.70> <FuncUnit> <Opcode : 'add' 'sub'> <InPorts = 2> <OutPorts = 1>
ST_1 : Operation 24 [1/1] (0.35ns)   --->   "%select_ln6 = select i1 %icmp_ln74, i4 0, i4 %j3_load" [../matrix_add.cpp:6]   --->   Operation 24 'select' 'select_ln6' <Predicate = true> <Delay = 0.35> <CoreInst = "Sel">   --->   Core 73 'Sel' <Latency = 0> <II = 1> <Delay = 0.35> <FuncUnit> <Opcode : 'select'> <InPorts = 3> <OutPorts = 1>
ST_1 : Operation 25 [1/1] (0.35ns)   --->   "%i = select i1 %icmp_ln74, i4 %add_ln6, i4 %i2_load" [../matrix_add.cpp:6]   --->   Operation 25 'select' 'i' <Predicate = true> <Delay = 0.35> <CoreInst = "Sel">   --->   Core 73 'Sel' <Latency = 0> <II = 1> <Delay = 0.35> <FuncUnit> <Opcode : 'select'> <InPorts = 3> <OutPorts = 1>
ST_1 : Operation 26 [1/1] (0.00ns)   --->   "%tmp = bitconcatenate i7 @_ssdm_op_BitConcatenate.i7.i4.i3, i4 %i, i3 0" [../matrix_add.cpp:8]   --->   Operation 26 'bitconcatenate' 'tmp' <Predicate = true> <Delay = 0.00>
ST_1 : Operation 27 [1/1] (0.00ns)   --->   "%tmp_1 = bitconcatenate i5 @_ssdm_op_BitConcatenate.i5.i4.i1, i4 %i, i1 0" [../matrix_add.cpp:8]   --->   Operation 27 'bitconcatenate' 'tmp_1' <Predicate = true> <Delay = 0.00>
ST_1 : Operation 28 [1/1] (0.00ns)   --->   "%zext_ln7 = zext i5 %tmp_1" [../matrix_add.cpp:7]   --->   Operation 28 'zext' 'zext_ln7' <Predicate = true> <Delay = 0.00>
ST_1 : Operation 29 [1/1] (0.00ns) (grouped into TernaryAdder)   --->   "%add_ln7_1 = add i7 %tmp, i7 %zext_ln7" [../matrix_add.cpp:7]   --->   Operation 29 'add' 'add_ln7_1' <Predicate = true> <Delay = 0.00> <CoreInst = "TAddSub">   --->   Core 10 'TAddSub' <Latency = 0> <II = 1> <Delay = 0.36> <IPBlock> <Opcode : '' 'add' 'sub'> <InPorts = 3> <OutPorts = 1> <Sync> <CReg>
ST_1 : Operation 30 [1/1] (0.00ns)   --->   "%zext_ln8 = zext i4 %select_ln6" [../matrix_add.cpp:8]   --->   Operation 30 'zext' 'zext_ln8' <Predicate = true> <Delay = 0.00>
ST_1 : Operation 31 [1/1] (0.72ns) (root node of TernaryAdder)   --->   "%add_ln8_1 = add i7 %add_ln7_1, i7 %zext_ln8" [../matrix_add.cpp:8]   --->   Operation 31 'add' 'add_ln8_1' <Predicate = true> <Delay = 0.72> <CoreInst = "TAddSub">   --->   Core 10 'TAddSub' <Latency = 0> <II = 1> <Delay = 0.36> <IPBlock> <Opcode : '' 'add' 'sub'> <InPorts = 3> <OutPorts = 1> <Sync> <CReg>
ST_1 : Operation 32 [1/1] (0.00ns)   --->   "%zext_ln8_1 = zext i7 %add_ln8_1" [../matrix_add.cpp:8]   --->   Operation 32 'zext' 'zext_ln8_1' <Predicate = true> <Delay = 0.00>
ST_1 : Operation 33 [1/1] (0.00ns)   --->   "%A_addr = getelementptr i32 %A, i64 0, i64 %zext_ln8_1" [../matrix_add.cpp:8]   --->   Operation 33 'getelementptr' 'A_addr' <Predicate = true> <Delay = 0.00>
ST_1 : Operation 34 [1/1] (0.00ns)   --->   "%B_addr = getelementptr i32 %B, i64 0, i64 %zext_ln8_1" [../matrix_add.cpp:8]   --->   Operation 34 'getelementptr' 'B_addr' <Predicate = true> <Delay = 0.00>
ST_1 : Operation 35 [2/2] (0.60ns)   --->   "%A_load = load i7 %A_addr" [../matrix_add.cpp:8]   --->   Operation 35 'load' 'A_load' <Predicate = true> <Delay = 0.60> <CoreInst = "RAM">   --->   Core 82 'RAM' <Latency = 1> <II = 1> <Delay = 0.60> <Storage> <Opcode : 'load' 'store'> <Ports = 2> <Width = 32> <Depth = 100> <RAM>
ST_1 : Operation 36 [2/2] (0.60ns)   --->   "%B_load = load i7 %B_addr" [../matrix_add.cpp:8]   --->   Operation 36 'load' 'B_load' <Predicate = true> <Delay = 0.60> <CoreInst = "RAM">   --->   Core 82 'RAM' <Latency = 1> <II = 1> <Delay = 0.60> <Storage> <Opcode : 'load' 'store'> <Ports = 2> <Width = 32> <Depth = 100> <RAM>
ST_1 : Operation 37 [1/1] (0.70ns)   --->   "%j = add i4 %select_ln6, i4 1" [../matrix_add.cpp:7]   --->   Operation 37 'add' 'j' <Predicate = true> <Delay = 0.70> <CoreInst = "Adder">   --->   Core 1 'Adder' <Latency = 0> <II = 1> <Delay = 0.70> <FuncUnit> <Opcode : 'add' 'sub'> <InPorts = 2> <OutPorts = 1>
ST_1 : Operation 38 [1/1] (0.70ns)   --->   "%add_ln6_1 = add i7 %indvar_flatten1_load, i7 1" [../matrix_add.cpp:6]   --->   Operation 38 'add' 'add_ln6_1' <Predicate = true> <Delay = 0.70> <CoreInst = "Adder">   --->   Core 1 'Adder' <Latency = 0> <II = 1> <Delay = 0.70> <FuncUnit> <Opcode : 'add' 'sub'> <InPorts = 2> <OutPorts = 1>
ST_1 : Operation 39 [1/1] (0.70ns)   --->   "%icmp_ln7 = icmp_eq  i4 %j, i4 10" [../matrix_add.cpp:7]   --->   Operation 39 'icmp' 'icmp_ln7' <Predicate = true> <Delay = 0.70> <CoreInst = "Cmp">   --->   Core 9 'Cmp' <Latency = 0> <II = 1> <Delay = 0.70> <FuncUnit> <Opcode : 'seteq' 'setne' 'setle' 'setge' 'setlt' 'setgt'> <InPorts = 2> <OutPorts = 1>
ST_1 : Operation 40 [1/1] (0.70ns)   --->   "%icmp_ln6 = icmp_eq  i7 %indvar_flatten1_load, i7 99" [../matrix_add.cpp:6]   --->   Operation 40 'icmp' 'icmp_ln6' <Predicate = true> <Delay = 0.70> <CoreInst = "Cmp">   --->   Core 9 'Cmp' <Latency = 0> <II = 1> <Delay = 0.70> <FuncUnit> <Opcode : 'seteq' 'setne' 'setle' 'setge' 'setlt' 'setgt'> <InPorts = 2> <OutPorts = 1>
ST_1 : Operation 41 [1/1] (0.38ns)   --->   "%store_ln7 = store i4 %j, i4 %j3" [../matrix_add.cpp:7]   --->   Operation 41 'store' 'store_ln7' <Predicate = true> <Delay = 0.38>
ST_1 : Operation 42 [1/1] (0.38ns)   --->   "%store_ln6 = store i4 %i, i4 %i2" [../matrix_add.cpp:6]   --->   Operation 42 'store' 'store_ln6' <Predicate = true> <Delay = 0.38>
ST_1 : Operation 43 [1/1] (0.38ns)   --->   "%store_ln6 = store i7 %add_ln6_1, i7 %indvar_flatten1" [../matrix_add.cpp:6]   --->   Operation 43 'store' 'store_ln6' <Predicate = true> <Delay = 0.38>
ST_1 : Operation 44 [1/1] (0.00ns)   --->   "%br_ln6 = br i1 %icmp_ln6, void %for.inc15, void %for.end17" [../matrix_add.cpp:6]   --->   Operation 44 'br' 'br_ln6' <Predicate = true> <Delay = 0.00>

State 2 <SV = 1> <Delay = 2.08>
ST_2 : Operation 45 [1/1] (0.00ns)   --->   "%specloopname_ln0 = specloopname void @_ssdm_op_SpecLoopName, void @VITIS_LOOP_6_1_VITIS_LOOP_7_2_str"   --->   Operation 45 'specloopname' 'specloopname_ln0' <Predicate = true> <Delay = 0.00>
ST_2 : Operation 46 [1/1] (0.00ns)   --->   "%speclooptripcount_ln0 = speclooptripcount void @_ssdm_op_SpecLoopTripCount, i64 100, i64 100, i64 100"   --->   Operation 46 'speclooptripcount' 'speclooptripcount_ln0' <Predicate = true> <Delay = 0.00>
ST_2 : Operation 47 [1/1] (0.00ns)   --->   "%C_addr = getelementptr i32 %C, i64 0, i64 %zext_ln8_1" [../matrix_add.cpp:8]   --->   Operation 47 'getelementptr' 'C_addr' <Predicate = true> <Delay = 0.00>
ST_2 : Operation 48 [1/1] (0.00ns)   --->   "%specpipeline_ln7 = specpipeline void @_ssdm_op_SpecPipeline, i32 4294967295, i32 0, i32 0, i32 0, void @empty_0" [../matrix_add.cpp:7]   --->   Operation 48 'specpipeline' 'specpipeline_ln7' <Predicate = true> <Delay = 0.00>
ST_2 : Operation 49 [1/2] (0.60ns)   --->   "%A_load = load i7 %A_addr" [../matrix_add.cpp:8]   --->   Operation 49 'load' 'A_load' <Predicate = true> <Delay = 0.60> <CoreInst = "RAM">   --->   Core 82 'RAM' <Latency = 1> <II = 1> <Delay = 0.60> <Storage> <Opcode : 'load' 'store'> <Ports = 2> <Width = 32> <Depth = 100> <RAM>
ST_2 : Operation 50 [1/2] (0.60ns)   --->   "%B_load = load i7 %B_addr" [../matrix_add.cpp:8]   --->   Operation 50 'load' 'B_load' <Predicate = true> <Delay = 0.60> <CoreInst = "RAM">   --->   Core 82 'RAM' <Latency = 1> <II = 1> <Delay = 0.60> <Storage> <Opcode : 'load' 'store'> <Ports = 2> <Width = 32> <Depth = 100> <RAM>
ST_2 : Operation 51 [1/1] (0.88ns)   --->   "%add_ln8 = add i32 %B_load, i32 %A_load" [../matrix_add.cpp:8]   --->   Operation 51 'add' 'add_ln8' <Predicate = true> <Delay = 0.88> <CoreInst = "Adder">   --->   Core 1 'Adder' <Latency = 0> <II = 1> <Delay = 0.88> <FuncUnit> <Opcode : 'add' 'sub'> <InPorts = 2> <OutPorts = 1>
ST_2 : Operation 52 [1/1] (0.60ns)   --->   "%store_ln8 = store i32 %add_ln8, i7 %C_addr" [../matrix_add.cpp:8]   --->   Operation 52 'store' 'store_ln8' <Predicate = true> <Delay = 0.60> <CoreInst = "RAM">   --->   Core 82 'RAM' <Latency = 1> <II = 1> <Delay = 0.60> <Storage> <Opcode : 'load' 'store'> <Ports = 2> <Width = 32> <Depth = 100> <RAM>
ST_2 : Operation 53 [1/1] (0.38ns)   --->   "%ret_ln11 = ret" [../matrix_add.cpp:11]   --->   Operation 53 'ret' 'ret_ln11' <Predicate = (icmp_ln6)> <Delay = 0.38>


============================================================
+ Verbose Summary: Binding
============================================================
STG Binding: 
---------------- STG Properties BEGIN ----------------
- Is combinational: 0
- Is one-state seq: 0
- Is datapath-only: 0
- Is pipelined: 0
- Is top level: 1
Port [ Return ] is wired: 1; IO mode=ap_ctrl_hs:ce=0
Port [ A]:  wired=1; compound=1; hidden=0; nouse=0; global=0; static=0; extern=0; dir=0; type=1; pingpong=0; private_global=0; MemPort=[13]; IO mode=ap_memory:ce=0
Port [ B]:  wired=1; compound=1; hidden=0; nouse=0; global=0; static=0; extern=0; dir=0; type=1; pingpong=0; private_global=0; MemPort=[13]; IO mode=ap_memory:ce=0
Port [ C]:  wired=1; compound=1; hidden=0; nouse=0; global=0; static=0; extern=0; dir=1; type=1; pingpong=0; private_global=0; MemPort=[03]; IO mode=ap_memory:ce=0
---------------- STG Properties END ------------------

---------------- Datapath Model BEGIN ----------------

<LifeTime>
<method=bitvector/>
indvar_flatten1       (alloca           ) [ 010]
i2                    (alloca           ) [ 010]
j3                    (alloca           ) [ 010]
spectopmodule_ln4     (spectopmodule    ) [ 000]
specinterface_ln0     (specinterface    ) [ 000]
specbitsmap_ln0       (specbitsmap      ) [ 000]
specinterface_ln0     (specinterface    ) [ 000]
specbitsmap_ln0       (specbitsmap      ) [ 000]
specinterface_ln0     (specinterface    ) [ 000]
specbitsmap_ln0       (specbitsmap      ) [ 000]
store_ln0             (store            ) [ 000]
store_ln0             (store            ) [ 000]
store_ln0             (store            ) [ 000]
br_ln0                (br               ) [ 000]
icmp_ln74             (phi              ) [ 010]
indvar_flatten1_load  (load             ) [ 000]
i2_load               (load             ) [ 000]
j3_load               (load             ) [ 000]
add_ln6               (add              ) [ 000]
select_ln6            (select           ) [ 000]
i                     (select           ) [ 000]
tmp                   (bitconcatenate   ) [ 000]
tmp_1                 (bitconcatenate   ) [ 000]
zext_ln7              (zext             ) [ 000]
add_ln7_1             (add              ) [ 000]
zext_ln8              (zext             ) [ 000]
add_ln8_1             (add              ) [ 000]
zext_ln8_1            (zext             ) [ 011]
A_addr                (getelementptr    ) [ 011]
B_addr                (getelementptr    ) [ 011]
j                     (add              ) [ 000]
add_ln6_1             (add              ) [ 000]
icmp_ln7              (icmp             ) [ 010]
icmp_ln6              (icmp             ) [ 011]
store_ln7             (store            ) [ 000]
store_ln6             (store            ) [ 000]
store_ln6             (store            ) [ 000]
br_ln6                (br               ) [ 010]
specloopname_ln0      (specloopname     ) [ 000]
speclooptripcount_ln0 (speclooptripcount) [ 000]
C_addr                (getelementptr    ) [ 000]
specpipeline_ln7      (specpipeline     ) [ 000]
A_load                (load             ) [ 000]
B_load                (load             ) [ 000]
add_ln8               (add              ) [ 000]
store_ln8             (store            ) [ 000]
ret_ln11              (ret              ) [ 000]
</LifeTime>

<model>

<comp_list>
<comp id="0" class="1000" name="A">
<pin_list>
<pin id="1" dir="1" index="0" bw="1" slack="0"/>
</pin_list>
<bind>
<StgValue><ssdm name="A"/><MemPortTyVec>1 3 </MemPortTyVec>
</StgValue>
</bind>
</comp>

<comp id="2" class="1000" name="B">
<pin_list>
<pin id="3" dir="1" index="0" bw="1" slack="0"/>
</pin_list>
<bind>
<StgValue><ssdm name="B"/><MemPortTyVec>1 3 </MemPortTyVec>
</StgValue>
</bind>
</comp>

<comp id="4" class="1000" name="C">
<pin_list>
<pin id="5" dir="1" index="0" bw="1" slack="0"/>
</pin_list>
<bind>
<StgValue><ssdm name="C"/><MemPortTyVec>0 3 </MemPortTyVec>
</StgValue>
</bind>
</comp>

<comp id="6" class="1001" name="const_6">
<pin_list>
<pin id="7" dir="1" index="0" bw="1" slack="0"/>
</pin_list>
<bind>
<StgValue><ssdm name=""/></StgValue>
</bind>
</comp>

<comp id="8" class="1001" name="const_8">
<pin_list>
<pin id="9" dir="1" index="0" bw="1" slack="2147483647"/>
</pin_list>
<bind>
<StgValue><ssdm name="_ssdm_op_SpecTopModule"/></StgValue>
</bind>
</comp>

<comp id="10" class="1001" name="const_10">
<pin_list>
<pin id="11" dir="1" index="0" bw="1" slack="2147483647"/>
</pin_list>
<bind>
<StgValue><ssdm name="empty_1"/></StgValue>
</bind>
</comp>

<comp id="12" class="1001" name="const_12">
<pin_list>
<pin id="13" dir="1" index="0" bw="1" slack="2147483647"/>
</pin_list>
<bind>
<StgValue><ssdm name="_ssdm_op_SpecInterface"/></StgValue>
</bind>
</comp>

<comp id="14" class="1001" name="const_14">
<pin_list>
<pin id="15" dir="1" index="0" bw="1" slack="2147483647"/>
</pin_list>
<bind>
<StgValue><ssdm name="empty"/></StgValue>
</bind>
</comp>

<comp id="16" class="1001" name="const_16">
<pin_list>
<pin id="17" dir="1" index="0" bw="1" slack="2147483647"/>
</pin_list>
<bind>
<StgValue><ssdm name=""/></StgValue>
</bind>
</comp>

<comp id="18" class="1001" name="const_18">
<pin_list>
<pin id="19" dir="1" index="0" bw="1" slack="2147483647"/>
</pin_list>
<bind>
<StgValue><ssdm name="empty_0"/></StgValue>
</bind>
</comp>

<comp id="20" class="1001" name="const_20">
<pin_list>
<pin id="21" dir="1" index="0" bw="1" slack="2147483647"/>
</pin_list>
<bind>
<StgValue><ssdm name=""/></StgValue>
</bind>
</comp>

<comp id="22" class="1001" name="const_22">
<pin_list>
<pin id="23" dir="1" index="0" bw="1" slack="2147483647"/>
</pin_list>
<bind>
<StgValue><ssdm name="_ssdm_op_SpecBitsMap"/></StgValue>
</bind>
</comp>

<comp id="24" class="1001" name="const_24">
<pin_list>
<pin id="25" dir="1" index="0" bw="1" slack="0"/>
</pin_list>
<bind>
<StgValue><ssdm name=""/></StgValue>
</bind>
</comp>

<comp id="26" class="1001" name="const_26">
<pin_list>
<pin id="27" dir="1" index="0" bw="1" slack="0"/>
</pin_list>
<bind>
<StgValue><ssdm name=""/></StgValue>
</bind>
</comp>

<comp id="28" class="1001" name="const_28">
<pin_list>
<pin id="29" dir="1" index="0" bw="1" slack="0"/>
</pin_list>
<bind>
<StgValue><ssdm name=""/></StgValue>
</bind>
</comp>

<comp id="30" class="1001" name="const_30">
<pin_list>
<pin id="31" dir="1" index="0" bw="1" slack="0"/>
</pin_list>
<bind>
<StgValue><ssdm name=""/></StgValue>
</bind>
</comp>

<comp id="32" class="1001" name="const_32">
<pin_list>
<pin id="33" dir="1" index="0" bw="1" slack="0"/>
</pin_list>
<bind>
<StgValue><ssdm name="_ssdm_op_BitConcatenate.i7.i4.i3"/></StgValue>
</bind>
</comp>

<comp id="34" class="1001" name="const_34">
<pin_list>
<pin id="35" dir="1" index="0" bw="1" slack="0"/>
</pin_list>
<bind>
<StgValue><ssdm name=""/></StgValue>
</bind>
</comp>

<comp id="36" class="1001" name="const_36">
<pin_list>
<pin id="37" dir="1" index="0" bw="1" slack="0"/>
</pin_list>
<bind>
<StgValue><ssdm name="_ssdm_op_BitConcatenate.i5.i4.i1"/></StgValue>
</bind>
</comp>

<comp id="38" class="1001" name="const_38">
<pin_list>
<pin id="39" dir="1" index="0" bw="1" slack="0"/>
</pin_list>
<bind>
<StgValue><ssdm name=""/></StgValue>
</bind>
</comp>

<comp id="40" class="1001" name="const_40">
<pin_list>
<pin id="41" dir="1" index="0" bw="1" slack="0"/>
</pin_list>
<bind>
<StgValue><ssdm name=""/></StgValue>
</bind>
</comp>

<comp id="42" class="1001" name="const_42">
<pin_list>
<pin id="43" dir="1" index="0" bw="1" slack="0"/>
</pin_list>
<bind>
<StgValue><ssdm name=""/></StgValue>
</bind>
</comp>

<comp id="44" class="1001" name="const_44">
<pin_list>
<pin id="45" dir="1" index="0" bw="1" slack="0"/>
</pin_list>
<bind>
<StgValue><ssdm name=""/></StgValue>
</bind>
</comp>

<comp id="46" class="1001" name="const_46">
<pin_list>
<pin id="47" dir="1" index="0" bw="1" slack="2147483647"/>
</pin_list>
<bind>
<StgValue><ssdm name="_ssdm_op_SpecLoopName"/></StgValue>
</bind>
</comp>

<comp id="48" class="1001" name="const_48">
<pin_list>
<pin id="49" dir="1" index="0" bw="1" slack="2147483647"/>
</pin_list>
<bind>
<StgValue><ssdm name="VITIS_LOOP_6_1_VITIS_LOOP_7_2_str"/></StgValue>
</bind>
</comp>

<comp id="50" class="1001" name="const_50">
<pin_list>
<pin id="51" dir="1" index="0" bw="1" slack="2147483647"/>
</pin_list>
<bind>
<StgValue><ssdm name="_ssdm_op_SpecLoopTripCount"/></StgValue>
</bind>
</comp>

<comp id="52" class="1001" name="const_52">
<pin_list>
<pin id="53" dir="1" index="0" bw="1" slack="2147483647"/>
</pin_list>
<bind>
<StgValue><ssdm name=""/></StgValue>
</bind>
</comp>

<comp id="54" class="1001" name="const_54">
<pin_list>
<pin id="55" dir="1" index="0" bw="1" slack="2147483647"/>
</pin_list>
<bind>
<StgValue><ssdm name="_ssdm_op_SpecPipeline"/></StgValue>
</bind>
</comp>

<comp id="56" class="1004" name="indvar_flatten1_fu_56">
<pin_list>
<pin id="57" dir="0" index="0" bw="1" slack="0"/>
<pin id="58" dir="1" index="1" bw="7" slack="0"/>
</pin_list>
<bind>
<opcode="alloca(26) " fcode="alloca"/>
<opset="indvar_flatten1/1 "/>
</bind>
</comp>

<comp id="60" class="1004" name="i2_fu_60">
<pin_list>
<pin id="61" dir="0" index="0" bw="1" slack="0"/>
<pin id="62" dir="1" index="1" bw="4" slack="0"/>
</pin_list>
<bind>
<opcode="alloca(26) " fcode="alloca"/>
<opset="i2/1 "/>
</bind>
</comp>

<comp id="64" class="1004" name="j3_fu_64">
<pin_list>
<pin id="65" dir="0" index="0" bw="1" slack="0"/>
<pin id="66" dir="1" index="1" bw="4" slack="0"/>
</pin_list>
<bind>
<opcode="alloca(26) " fcode="alloca"/>
<opset="j3/1 "/>
</bind>
</comp>

<comp id="68" class="1004" name="A_addr_gep_fu_68">
<pin_list>
<pin id="69" dir="0" index="0" bw="32" slack="0"/>
<pin id="70" dir="0" index="1" bw="1" slack="0"/>
<pin id="71" dir="0" index="2" bw="7" slack="0"/>
<pin id="72" dir="1" index="3" bw="7" slack="0"/>
</pin_list>
<bind>
<opcode="getelementptr(29) " fcode="getelementptr"/>
<opset="A_addr/1 "/>
</bind>
</comp>

<comp id="75" class="1004" name="B_addr_gep_fu_75">
<pin_list>
<pin id="76" dir="0" index="0" bw="32" slack="0"/>
<pin id="77" dir="0" index="1" bw="1" slack="0"/>
<pin id="78" dir="0" index="2" bw="7" slack="0"/>
<pin id="79" dir="1" index="3" bw="7" slack="0"/>
</pin_list>
<bind>
<opcode="getelementptr(29) " fcode="getelementptr"/>
<opset="B_addr/1 "/>
</bind>
</comp>

<comp id="82" class="1004" name="grp_access_fu_82">
<pin_list>
<pin id="83" dir="0" index="0" bw="7" slack="0"/>
<pin id="84" dir="0" index="1" bw="32" slack="2147483647"/>
<pin id="85" dir="0" index="2" bw="0" slack="2147483647"/>
<pin id="86" dir="1" index="3" bw="32" slack="0"/>
</pin_list>
<bind>
<opcode="load(27) " fcode="load"/>
<opset="A_load/1 "/>
</bind>
</comp>

<comp id="88" class="1004" name="grp_access_fu_88">
<pin_list>
<pin id="89" dir="0" index="0" bw="7" slack="0"/>
<pin id="90" dir="0" index="1" bw="32" slack="2147483647"/>
<pin id="91" dir="0" index="2" bw="0" slack="2147483647"/>
<pin id="92" dir="1" index="3" bw="32" slack="0"/>
</pin_list>
<bind>
<opcode="load(27) " fcode="load"/>
<opset="B_load/1 "/>
</bind>
</comp>

<comp id="94" class="1004" name="C_addr_gep_fu_94">
<pin_list>
<pin id="95" dir="0" index="0" bw="32" slack="0"/>
<pin id="96" dir="0" index="1" bw="1" slack="0"/>
<pin id="97" dir="0" index="2" bw="7" slack="1"/>
<pin id="98" dir="1" index="3" bw="7" slack="0"/>
</pin_list>
<bind>
<opcode="getelementptr(29) " fcode="getelementptr"/>
<opset="C_addr/2 "/>
</bind>
</comp>

<comp id="101" class="1004" name="store_ln8_access_fu_101">
<pin_list>
<pin id="102" dir="0" index="0" bw="7" slack="0"/>
<pin id="103" dir="0" index="1" bw="32" slack="0"/>
<pin id="104" dir="0" index="2" bw="0" slack="2147483647"/>
<pin id="105" dir="1" index="3" bw="32" slack="2147483647"/>
</pin_list>
<bind>
<opcode="store(28) " fcode="store"/>
<opset="store_ln8/2 "/>
</bind>
</comp>

<comp id="107" class="1005" name="icmp_ln74_reg_107">
<pin_list>
<pin id="108" dir="0" index="0" bw="1" slack="2147483647"/>
<pin id="109" dir="1" index="1" bw="1" slack="2147483647"/>
</pin_list>
<bind>
<opset="icmp_ln74 (phireg) "/>
</bind>
</comp>

<comp id="110" class="1004" name="icmp_ln74_phi_fu_110">
<pin_list>
<pin id="111" dir="0" index="0" bw="1" slack="0"/>
<pin id="112" dir="0" index="1" bw="0" slack="2147483647"/>
<pin id="113" dir="0" index="2" bw="1" slack="0"/>
<pin id="114" dir="0" index="3" bw="0" slack="2147483647"/>
<pin id="115" dir="1" index="4" bw="1" slack="0"/>
</pin_list>
<bind>
<opcode="phi(47) " fcode="phi"/>
<opset="icmp_ln74/1 "/>
</bind>
</comp>

<comp id="117" class="1004" name="store_ln0_store_fu_117">
<pin_list>
<pin id="118" dir="0" index="0" bw="1" slack="0"/>
<pin id="119" dir="0" index="1" bw="4" slack="0"/>
<pin id="120" dir="1" index="2" bw="0" slack="2147483647"/>
</pin_list>
<bind>
<opcode="store(28) " fcode="store"/>
<opset="store_ln0/1 "/>
</bind>
</comp>

<comp id="122" class="1004" name="store_ln0_store_fu_122">
<pin_list>
<pin id="123" dir="0" index="0" bw="1" slack="0"/>
<pin id="124" dir="0" index="1" bw="4" slack="0"/>
<pin id="125" dir="1" index="2" bw="0" slack="2147483647"/>
</pin_list>
<bind>
<opcode="store(28) " fcode="store"/>
<opset="store_ln0/1 "/>
</bind>
</comp>

<comp id="127" class="1004" name="store_ln0_store_fu_127">
<pin_list>
<pin id="128" dir="0" index="0" bw="1" slack="0"/>
<pin id="129" dir="0" index="1" bw="7" slack="0"/>
<pin id="130" dir="1" index="2" bw="0" slack="2147483647"/>
</pin_list>
<bind>
<opcode="store(28) " fcode="store"/>
<opset="store_ln0/1 "/>
</bind>
</comp>

<comp id="132" class="1004" name="indvar_flatten1_load_load_fu_132">
<pin_list>
<pin id="133" dir="0" index="0" bw="7" slack="0"/>
<pin id="134" dir="1" index="1" bw="7" slack="0"/>
</pin_list>
<bind>
<opcode="load(27) " fcode="load"/>
<opset="indvar_flatten1_load/1 "/>
</bind>
</comp>

<comp id="135" class="1004" name="i2_load_load_fu_135">
<pin_list>
<pin id="136" dir="0" index="0" bw="4" slack="0"/>
<pin id="137" dir="1" index="1" bw="4" slack="0"/>
</pin_list>
<bind>
<opcode="load(27) " fcode="load"/>
<opset="i2_load/1 "/>
</bind>
</comp>

<comp id="138" class="1004" name="j3_load_load_fu_138">
<pin_list>
<pin id="139" dir="0" index="0" bw="4" slack="0"/>
<pin id="140" dir="1" index="1" bw="4" slack="0"/>
</pin_list>
<bind>
<opcode="load(27) " fcode="load"/>
<opset="j3_load/1 "/>
</bind>
</comp>

<comp id="141" class="1004" name="add_ln6_fu_141">
<pin_list>
<pin id="142" dir="0" index="0" bw="4" slack="0"/>
<pin id="143" dir="0" index="1" bw="1" slack="0"/>
<pin id="144" dir="1" index="2" bw="4" slack="0"/>
</pin_list>
<bind>
<opcode="add(8) " fcode="add"/>
<opset="add_ln6/1 "/>
</bind>
</comp>

<comp id="147" class="1004" name="select_ln6_fu_147">
<pin_list>
<pin id="148" dir="0" index="0" bw="1" slack="0"/>
<pin id="149" dir="0" index="1" bw="1" slack="0"/>
<pin id="150" dir="0" index="2" bw="4" slack="0"/>
<pin id="151" dir="1" index="3" bw="4" slack="0"/>
</pin_list>
<bind>
<opcode="select(49) " fcode="select"/>
<opset="select_ln6/1 "/>
</bind>
</comp>

<comp id="155" class="1004" name="i_fu_155">
<pin_list>
<pin id="156" dir="0" index="0" bw="1" slack="0"/>
<pin id="157" dir="0" index="1" bw="4" slack="0"/>
<pin id="158" dir="0" index="2" bw="4" slack="0"/>
<pin id="159" dir="1" index="3" bw="4" slack="0"/>
</pin_list>
<bind>
<opcode="select(49) " fcode="select"/>
<opset="i/1 "/>
</bind>
</comp>

<comp id="163" class="1004" name="tmp_fu_163">
<pin_list>
<pin id="164" dir="0" index="0" bw="7" slack="0"/>
<pin id="165" dir="0" index="1" bw="4" slack="0"/>
<pin id="166" dir="0" index="2" bw="1" slack="0"/>
<pin id="167" dir="1" index="3" bw="7" slack="0"/>
</pin_list>
<bind>
<opcode="bitconcatenate(1004) " fcode="bitconcatenate"/>
<opset="tmp/1 "/>
</bind>
</comp>

<comp id="171" class="1004" name="tmp_1_fu_171">
<pin_list>
<pin id="172" dir="0" index="0" bw="5" slack="0"/>
<pin id="173" dir="0" index="1" bw="4" slack="0"/>
<pin id="174" dir="0" index="2" bw="1" slack="0"/>
<pin id="175" dir="1" index="3" bw="5" slack="0"/>
</pin_list>
<bind>
<opcode="bitconcatenate(1004) " fcode="bitconcatenate"/>
<opset="tmp_1/1 "/>
</bind>
</comp>

<comp id="179" class="1004" name="zext_ln7_fu_179">
<pin_list>
<pin id="180" dir="0" index="0" bw="5" slack="0"/>
<pin id="181" dir="1" index="1" bw="7" slack="0"/>
</pin_list>
<bind>
<opcode="zext(34) " fcode="zext"/>
<opset="zext_ln7/1 "/>
</bind>
</comp>

<comp id="183" class="1004" name="add_ln7_1_fu_183">
<pin_list>
<pin id="184" dir="0" index="0" bw="7" slack="0"/>
<pin id="185" dir="0" index="1" bw="5" slack="0"/>
<pin id="186" dir="1" index="2" bw="7" slack="0"/>
</pin_list>
<bind>
<opcode="add(8) " fcode="add"/>
<opset="add_ln7_1/1 "/>
</bind>
</comp>

<comp id="189" class="1004" name="zext_ln8_fu_189">
<pin_list>
<pin id="190" dir="0" index="0" bw="4" slack="0"/>
<pin id="191" dir="1" index="1" bw="7" slack="0"/>
</pin_list>
<bind>
<opcode="zext(34) " fcode="zext"/>
<opset="zext_ln8/1 "/>
</bind>
</comp>

<comp id="193" class="1004" name="add_ln8_1_fu_193">
<pin_list>
<pin id="194" dir="0" index="0" bw="7" slack="0"/>
<pin id="195" dir="0" index="1" bw="4" slack="0"/>
<pin id="196" dir="1" index="2" bw="7" slack="0"/>
</pin_list>
<bind>
<opcode="add(8) " fcode="add"/>
<opset="add_ln8_1/1 "/>
</bind>
</comp>

<comp id="199" class="1004" name="zext_ln8_1_fu_199">
<pin_list>
<pin id="200" dir="0" index="0" bw="7" slack="0"/>
<pin id="201" dir="1" index="1" bw="64" slack="0"/>
</pin_list>
<bind>
<opcode="zext(34) " fcode="zext"/>
<opset="zext_ln8_1/1 "/>
</bind>
</comp>

<comp id="205" class="1004" name="j_fu_205">
<pin_list>
<pin id="206" dir="0" index="0" bw="4" slack="0"/>
<pin id="207" dir="0" index="1" bw="1" slack="0"/>
<pin id="208" dir="1" index="2" bw="4" slack="0"/>
</pin_list>
<bind>
<opcode="add(8) " fcode="add"/>
<opset="j/1 "/>
</bind>
</comp>

<comp id="211" class="1004" name="add_ln6_1_fu_211">
<pin_list>
<pin id="212" dir="0" index="0" bw="7" slack="0"/>
<pin id="213" dir="0" index="1" bw="1" slack="0"/>
<pin id="214" dir="1" index="2" bw="7" slack="0"/>
</pin_list>
<bind>
<opcode="add(8) " fcode="add"/>
<opset="add_ln6_1/1 "/>
</bind>
</comp>

<comp id="217" class="1004" name="icmp_ln7_fu_217">
<pin_list>
<pin id="218" dir="0" index="0" bw="4" slack="0"/>
<pin id="219" dir="0" index="1" bw="4" slack="0"/>
<pin id="220" dir="1" index="2" bw="1" slack="0"/>
</pin_list>
<bind>
<opcode="icmp(45) " fcode="icmp"/>
<opset="icmp_ln7/1 "/>
</bind>
</comp>

<comp id="223" class="1004" name="icmp_ln6_fu_223">
<pin_list>
<pin id="224" dir="0" index="0" bw="7" slack="0"/>
<pin id="225" dir="0" index="1" bw="6" slack="0"/>
<pin id="226" dir="1" index="2" bw="1" slack="1"/>
</pin_list>
<bind>
<opcode="icmp(45) " fcode="icmp"/>
<opset="icmp_ln6/1 "/>
</bind>
</comp>

<comp id="229" class="1004" name="store_ln7_store_fu_229">
<pin_list>
<pin id="230" dir="0" index="0" bw="4" slack="0"/>
<pin id="231" dir="0" index="1" bw="4" slack="0"/>
<pin id="232" dir="1" index="2" bw="0" slack="2147483647"/>
</pin_list>
<bind>
<opcode="store(28) " fcode="store"/>
<opset="store_ln7/1 "/>
</bind>
</comp>

<comp id="234" class="1004" name="store_ln6_store_fu_234">
<pin_list>
<pin id="235" dir="0" index="0" bw="4" slack="0"/>
<pin id="236" dir="0" index="1" bw="4" slack="0"/>
<pin id="237" dir="1" index="2" bw="0" slack="2147483647"/>
</pin_list>
<bind>
<opcode="store(28) " fcode="store"/>
<opset="store_ln6/1 "/>
</bind>
</comp>

<comp id="239" class="1004" name="store_ln6_store_fu_239">
<pin_list>
<pin id="240" dir="0" index="0" bw="7" slack="0"/>
<pin id="241" dir="0" index="1" bw="7" slack="0"/>
<pin id="242" dir="1" index="2" bw="0" slack="2147483647"/>
</pin_list>
<bind>
<opcode="store(28) " fcode="store"/>
<opset="store_ln6/1 "/>
</bind>
</comp>

<comp id="244" class="1004" name="add_ln8_fu_244">
<pin_list>
<pin id="245" dir="0" index="0" bw="32" slack="0"/>
<pin id="246" dir="0" index="1" bw="32" slack="0"/>
<pin id="247" dir="1" index="2" bw="32" slack="0"/>
</pin_list>
<bind>
<opcode="add(8) " fcode="add"/>
<opset="add_ln8/2 "/>
</bind>
</comp>

<comp id="251" class="1005" name="indvar_flatten1_reg_251">
<pin_list>
<pin id="252" dir="0" index="0" bw="7" slack="0"/>
<pin id="253" dir="1" index="1" bw="7" slack="0"/>
</pin_list>
<bind>
<opset="indvar_flatten1 "/>
</bind>
</comp>

<comp id="258" class="1005" name="i2_reg_258">
<pin_list>
<pin id="259" dir="0" index="0" bw="4" slack="0"/>
<pin id="260" dir="1" index="1" bw="4" slack="0"/>
</pin_list>
<bind>
<opset="i2 "/>
</bind>
</comp>

<comp id="265" class="1005" name="j3_reg_265">
<pin_list>
<pin id="266" dir="0" index="0" bw="4" slack="0"/>
<pin id="267" dir="1" index="1" bw="4" slack="0"/>
</pin_list>
<bind>
<opset="j3 "/>
</bind>
</comp>

<comp id="272" class="1005" name="zext_ln8_1_reg_272">
<pin_list>
<pin id="273" dir="0" index="0" bw="64" slack="1"/>
<pin id="274" dir="1" index="1" bw="64" slack="1"/>
</pin_list>
<bind>
<opset="zext_ln8_1 "/>
</bind>
</comp>

<comp id="277" class="1005" name="A_addr_reg_277">
<pin_list>
<pin id="278" dir="0" index="0" bw="7" slack="1"/>
<pin id="279" dir="1" index="1" bw="7" slack="1"/>
</pin_list>
<bind>
<opset="A_addr "/>
</bind>
</comp>

<comp id="282" class="1005" name="B_addr_reg_282">
<pin_list>
<pin id="283" dir="0" index="0" bw="7" slack="1"/>
<pin id="284" dir="1" index="1" bw="7" slack="1"/>
</pin_list>
<bind>
<opset="B_addr "/>
</bind>
</comp>

<comp id="287" class="1005" name="icmp_ln7_reg_287">
<pin_list>
<pin id="288" dir="0" index="0" bw="1" slack="0"/>
<pin id="289" dir="1" index="1" bw="1" slack="0"/>
</pin_list>
<bind>
<opset="icmp_ln7 "/>
</bind>
</comp>

<comp id="292" class="1005" name="icmp_ln6_reg_292">
<pin_list>
<pin id="293" dir="0" index="0" bw="1" slack="1"/>
<pin id="294" dir="1" index="1" bw="1" slack="2147483647"/>
</pin_list>
<bind>
<opset="icmp_ln6 "/>
</bind>
</comp>

</comp_list>

<net_list>
<net id="59"><net_src comp="6" pin="0"/><net_sink comp="56" pin=0"/></net>

<net id="63"><net_src comp="6" pin="0"/><net_sink comp="60" pin=0"/></net>

<net id="67"><net_src comp="6" pin="0"/><net_sink comp="64" pin=0"/></net>

<net id="73"><net_src comp="0" pin="0"/><net_sink comp="68" pin=0"/></net>

<net id="74"><net_src comp="38" pin="0"/><net_sink comp="68" pin=1"/></net>

<net id="80"><net_src comp="2" pin="0"/><net_sink comp="75" pin=0"/></net>

<net id="81"><net_src comp="38" pin="0"/><net_sink comp="75" pin=1"/></net>

<net id="87"><net_src comp="68" pin="3"/><net_sink comp="82" pin=0"/></net>

<net id="93"><net_src comp="75" pin="3"/><net_sink comp="88" pin=0"/></net>

<net id="99"><net_src comp="4" pin="0"/><net_sink comp="94" pin=0"/></net>

<net id="100"><net_src comp="38" pin="0"/><net_sink comp="94" pin=1"/></net>

<net id="106"><net_src comp="94" pin="3"/><net_sink comp="101" pin=0"/></net>

<net id="116"><net_src comp="28" pin="0"/><net_sink comp="110" pin=0"/></net>

<net id="121"><net_src comp="24" pin="0"/><net_sink comp="117" pin=0"/></net>

<net id="126"><net_src comp="24" pin="0"/><net_sink comp="122" pin=0"/></net>

<net id="131"><net_src comp="26" pin="0"/><net_sink comp="127" pin=0"/></net>

<net id="145"><net_src comp="135" pin="1"/><net_sink comp="141" pin=0"/></net>

<net id="146"><net_src comp="30" pin="0"/><net_sink comp="141" pin=1"/></net>

<net id="152"><net_src comp="110" pin="4"/><net_sink comp="147" pin=0"/></net>

<net id="153"><net_src comp="24" pin="0"/><net_sink comp="147" pin=1"/></net>

<net id="154"><net_src comp="138" pin="1"/><net_sink comp="147" pin=2"/></net>

<net id="160"><net_src comp="110" pin="4"/><net_sink comp="155" pin=0"/></net>

<net id="161"><net_src comp="141" pin="2"/><net_sink comp="155" pin=1"/></net>

<net id="162"><net_src comp="135" pin="1"/><net_sink comp="155" pin=2"/></net>

<net id="168"><net_src comp="32" pin="0"/><net_sink comp="163" pin=0"/></net>

<net id="169"><net_src comp="155" pin="3"/><net_sink comp="163" pin=1"/></net>

<net id="170"><net_src comp="34" pin="0"/><net_sink comp="163" pin=2"/></net>

<net id="176"><net_src comp="36" pin="0"/><net_sink comp="171" pin=0"/></net>

<net id="177"><net_src comp="155" pin="3"/><net_sink comp="171" pin=1"/></net>

<net id="178"><net_src comp="28" pin="0"/><net_sink comp="171" pin=2"/></net>

<net id="182"><net_src comp="171" pin="3"/><net_sink comp="179" pin=0"/></net>

<net id="187"><net_src comp="163" pin="3"/><net_sink comp="183" pin=0"/></net>

<net id="188"><net_src comp="179" pin="1"/><net_sink comp="183" pin=1"/></net>

<net id="192"><net_src comp="147" pin="3"/><net_sink comp="189" pin=0"/></net>

<net id="197"><net_src comp="183" pin="2"/><net_sink comp="193" pin=0"/></net>

<net id="198"><net_src comp="189" pin="1"/><net_sink comp="193" pin=1"/></net>

<net id="202"><net_src comp="193" pin="2"/><net_sink comp="199" pin=0"/></net>

<net id="203"><net_src comp="199" pin="1"/><net_sink comp="68" pin=2"/></net>

<net id="204"><net_src comp="199" pin="1"/><net_sink comp="75" pin=2"/></net>

<net id="209"><net_src comp="147" pin="3"/><net_sink comp="205" pin=0"/></net>

<net id="210"><net_src comp="30" pin="0"/><net_sink comp="205" pin=1"/></net>

<net id="215"><net_src comp="132" pin="1"/><net_sink comp="211" pin=0"/></net>

<net id="216"><net_src comp="40" pin="0"/><net_sink comp="211" pin=1"/></net>

<net id="221"><net_src comp="205" pin="2"/><net_sink comp="217" pin=0"/></net>

<net id="222"><net_src comp="42" pin="0"/><net_sink comp="217" pin=1"/></net>

<net id="227"><net_src comp="132" pin="1"/><net_sink comp="223" pin=0"/></net>

<net id="228"><net_src comp="44" pin="0"/><net_sink comp="223" pin=1"/></net>

<net id="233"><net_src comp="205" pin="2"/><net_sink comp="229" pin=0"/></net>

<net id="238"><net_src comp="155" pin="3"/><net_sink comp="234" pin=0"/></net>

<net id="243"><net_src comp="211" pin="2"/><net_sink comp="239" pin=0"/></net>

<net id="248"><net_src comp="88" pin="3"/><net_sink comp="244" pin=0"/></net>

<net id="249"><net_src comp="82" pin="3"/><net_sink comp="244" pin=1"/></net>

<net id="250"><net_src comp="244" pin="2"/><net_sink comp="101" pin=1"/></net>

<net id="254"><net_src comp="56" pin="1"/><net_sink comp="251" pin=0"/></net>

<net id="255"><net_src comp="251" pin="1"/><net_sink comp="127" pin=1"/></net>

<net id="256"><net_src comp="251" pin="1"/><net_sink comp="132" pin=0"/></net>

<net id="257"><net_src comp="251" pin="1"/><net_sink comp="239" pin=1"/></net>

<net id="261"><net_src comp="60" pin="1"/><net_sink comp="258" pin=0"/></net>

<net id="262"><net_src comp="258" pin="1"/><net_sink comp="122" pin=1"/></net>

<net id="263"><net_src comp="258" pin="1"/><net_sink comp="135" pin=0"/></net>

<net id="264"><net_src comp="258" pin="1"/><net_sink comp="234" pin=1"/></net>

<net id="268"><net_src comp="64" pin="1"/><net_sink comp="265" pin=0"/></net>

<net id="269"><net_src comp="265" pin="1"/><net_sink comp="117" pin=1"/></net>

<net id="270"><net_src comp="265" pin="1"/><net_sink comp="138" pin=0"/></net>

<net id="271"><net_src comp="265" pin="1"/><net_sink comp="229" pin=1"/></net>

<net id="275"><net_src comp="199" pin="1"/><net_sink comp="272" pin=0"/></net>

<net id="276"><net_src comp="272" pin="1"/><net_sink comp="94" pin=2"/></net>

<net id="280"><net_src comp="68" pin="3"/><net_sink comp="277" pin=0"/></net>

<net id="281"><net_src comp="277" pin="1"/><net_sink comp="82" pin=0"/></net>

<net id="285"><net_src comp="75" pin="3"/><net_sink comp="282" pin=0"/></net>

<net id="286"><net_src comp="282" pin="1"/><net_sink comp="88" pin=0"/></net>

<net id="290"><net_src comp="217" pin="2"/><net_sink comp="287" pin=0"/></net>

<net id="291"><net_src comp="287" pin="1"/><net_sink comp="110" pin=2"/></net>

<net id="295"><net_src comp="223" pin="2"/><net_sink comp="292" pin=0"/></net>

</net_list>

</model> 
---------------- Datapath Model END ------------------

* FSMD analyzer results:
  - Output states:
	Port: C | {2 }
 - Input state : 
	Port: matrix_add : A | {1 2 }
	Port: matrix_add : B | {1 2 }
  - Chain level:
	State 1
		store_ln0 : 1
		store_ln0 : 1
		store_ln0 : 1
		icmp_ln74 : 1
		indvar_flatten1_load : 1
		i2_load : 1
		j3_load : 1
		add_ln6 : 2
		select_ln6 : 2
		i : 3
		tmp : 4
		tmp_1 : 4
		zext_ln7 : 5
		add_ln7_1 : 6
		zext_ln8 : 3
		add_ln8_1 : 7
		zext_ln8_1 : 8
		A_addr : 9
		B_addr : 9
		A_load : 10
		B_load : 10
		j : 3
		add_ln6_1 : 2
		icmp_ln7 : 4
		icmp_ln6 : 2
		store_ln7 : 4
		store_ln6 : 4
		store_ln6 : 3
		br_ln6 : 3
	State 2
		add_ln8 : 1
		store_ln8 : 2


============================================================
+ Verbose Summary: Datapath Resource usage 
============================================================

* Functional unit list:
|----------|-------------------|---------|---------|
| Operation|  Functional Unit  |    FF   |   LUT   |
|----------|-------------------|---------|---------|
|          |   add_ln6_fu_141  |    0    |    12   |
|          |  add_ln7_1_fu_183 |    0    |    16   |
|    add   |  add_ln8_1_fu_193 |    0    |    16   |
|          |      j_fu_205     |    0    |    12   |
|          |  add_ln6_1_fu_211 |    0    |    14   |
|          |   add_ln8_fu_244  |    0    |    39   |
|----------|-------------------|---------|---------|
|   icmp   |  icmp_ln7_fu_217  |    0    |    12   |
|          |  icmp_ln6_fu_223  |    0    |    14   |
|----------|-------------------|---------|---------|
|  select  | select_ln6_fu_147 |    0    |    4    |
|          |      i_fu_155     |    0    |    4    |
|----------|-------------------|---------|---------|
|bitconcatenate|     tmp_fu_163    |    0    |    0    |
|          |    tmp_1_fu_171   |    0    |    0    |
|----------|-------------------|---------|---------|
|          |  zext_ln7_fu_179  |    0    |    0    |
|   zext   |  zext_ln8_fu_189  |    0    |    0    |
|          | zext_ln8_1_fu_199 |    0    |    0    |
|----------|-------------------|---------|---------|
|   Total  |                   |    0    |   143   |
|----------|-------------------|---------|---------|

Memories:
N/A

* Register list:
+-----------------------+--------+
|                       |   FF   |
+-----------------------+--------+
|     A_addr_reg_277    |    7   |
|     B_addr_reg_282    |    7   |
|       i2_reg_258      |    4   |
|    icmp_ln6_reg_292   |    1   |
|   icmp_ln74_reg_107   |    1   |
|    icmp_ln7_reg_287   |    1   |
|indvar_flatten1_reg_251|    7   |
|       j3_reg_265      |    4   |
|   zext_ln8_1_reg_272  |   64   |
+-----------------------+--------+
|         Total         |   96   |
+-----------------------+--------+

* Multiplexer (MUX) list: 
|------------------|------|------|------|--------||---------||---------||---------|
|       Comp       |  Pin | Size |  BW  | S x BW ||  Delay  ||    FF   ||   LUT   |
|------------------|------|------|------|--------||---------||---------||---------|
| grp_access_fu_82 |  p0  |   2  |   7  |   14   ||    0    ||    9    |
| grp_access_fu_88 |  p0  |   2  |   7  |   14   ||    0    ||    9    |
|------------------|------|------|------|--------||---------||---------||---------|
|       Total      |      |      |      |   28   ||  0.774  ||    0    ||    18   |
|------------------|------|------|------|--------||---------||---------||---------|



* Summary:
+-----------+--------+--------+--------+
|           |  Delay |   FF   |   LUT  |
+-----------+--------+--------+--------+
|  Function |    -   |    0   |   143  |
|   Memory  |    -   |    -   |    -   |
|Multiplexer|    0   |    0   |   18   |
|  Register |    -   |   96   |    -   |
+-----------+--------+--------+--------+
|   Total   |    0   |   96   |   161  |
+-----------+--------+--------+--------+
